[6.180s] Invoking command in '/home/theomagnor/DuoArm/src/arm': PYTHONPATH=/home/theomagnor/DuoArm/build/arm/prefix_override:/home/theomagnor/DuoArm/install/arm/lib/python3.10/site-packages:${PYTHONPATH} /usr/bin/python3 -W ignore:setup.py install is deprecated setup.py egg_info --egg-base ../../build/arm build --build-base /home/theomagnor/DuoArm/build/arm/build install --record /home/theomagnor/DuoArm/build/arm/install.log --single-version-externally-managed install_data
[7.629s] running egg_info
[7.636s] writing ../../build/arm/arm.egg-info/PKG-INFO
[7.640s] writing dependency_links to ../../build/arm/arm.egg-info/dependency_links.txt
[7.643s] writing entry points to ../../build/arm/arm.egg-info/entry_points.txt
[7.654s] writing requirements to ../../build/arm/arm.egg-info/requires.txt
[7.657s] writing top-level names to ../../build/arm/arm.egg-info/top_level.txt
[7.679s] reading manifest file '../../build/arm/arm.egg-info/SOURCES.txt'
[7.683s] adding license file 'LICENSE'
[7.695s] writing manifest file '../../build/arm/arm.egg-info/SOURCES.txt'
[7.700s] running build
[7.707s] running build_py
[7.711s] running install
[7.718s] running install_lib
[7.728s] running install_data
[7.731s] running install_egg_info
[7.738s] removing '/home/theomagnor/DuoArm/install/arm/lib/python3.10/site-packages/arm-0.0.0-py3.10.egg-info' (and everything under it)
[7.741s] Copying ../../build/arm/arm.egg-info to /home/theomagnor/DuoArm/install/arm/lib/python3.10/site-packages/arm-0.0.0-py3.10.egg-info
[7.744s] running install_scripts
[7.844s] writing list of installed files to '/home/theomagnor/DuoArm/build/arm/install.log'
[8.123s] Invoked command in '/home/theomagnor/DuoArm/src/arm' returned '0': PYTHONPATH=/home/theomagnor/DuoArm/build/arm/prefix_override:/home/theomagnor/DuoArm/install/arm/lib/python3.10/site-packages:${PYTHONPATH} /usr/bin/python3 -W ignore:setup.py install is deprecated setup.py egg_info --egg-base ../../build/arm build --build-base /home/theomagnor/DuoArm/build/arm/build install --record /home/theomagnor/DuoArm/build/arm/install.log --single-version-externally-managed install_data
