[6.116s] Invoking command in '/home/theomagnor/DuoArm/src/controll_center': PYTHONPATH=/home/theomagnor/DuoArm/build/controll_center/prefix_override:/home/theomagnor/DuoArm/install/controll_center/lib/python3.10/site-packages:${PYTHONPATH} /usr/bin/python3 -W ignore:setup.py install is deprecated setup.py egg_info --egg-base ../../build/controll_center build --build-base /home/theomagnor/DuoArm/build/controll_center/build install --record /home/theomagnor/DuoArm/build/controll_center/install.log --single-version-externally-managed install_data
[7.568s] running egg_info
[7.571s] writing ../../build/controll_center/controll_center.egg-info/PKG-INFO
[7.573s] writing dependency_links to ../../build/controll_center/controll_center.egg-info/dependency_links.txt
[7.579s] writing entry points to ../../build/controll_center/controll_center.egg-info/entry_points.txt
[7.579s] writing requirements to ../../build/controll_center/controll_center.egg-info/requires.txt
[7.587s] writing top-level names to ../../build/controll_center/controll_center.egg-info/top_level.txt
[7.610s] reading manifest file '../../build/controll_center/controll_center.egg-info/SOURCES.txt'
[7.613s] adding license file 'LICENSE'
[7.623s] writing manifest file '../../build/controll_center/controll_center.egg-info/SOURCES.txt'
[7.627s] running build
[7.630s] running build_py
[7.634s] running install
[7.638s] running install_lib
[7.649s] running install_data
[7.653s] running install_egg_info
[7.684s] removing '/home/theomagnor/DuoArm/install/controll_center/lib/python3.10/site-packages/controll_center-0.0.0-py3.10.egg-info' (and everything under it)
[7.687s] Copying ../../build/controll_center/controll_center.egg-info to /home/theomagnor/DuoArm/install/controll_center/lib/python3.10/site-packages/controll_center-0.0.0-py3.10.egg-info
[7.697s] running install_scripts
[7.790s] Installing command_executor script to /home/theomagnor/DuoArm/install/controll_center/lib/controll_center
[7.795s] Installing command_window script to /home/theomagnor/DuoArm/install/controll_center/lib/controll_center
[7.801s] writing list of installed files to '/home/theomagnor/DuoArm/build/controll_center/install.log'
[8.001s] Invoked command in '/home/theomagnor/DuoArm/src/controll_center' returned '0': PYTHONPATH=/home/theomagnor/DuoArm/build/controll_center/prefix_override:/home/theomagnor/DuoArm/install/controll_center/lib/python3.10/site-packages:${PYTHONPATH} /usr/bin/python3 -W ignore:setup.py install is deprecated setup.py egg_info --egg-base ../../build/controll_center build --build-base /home/theomagnor/DuoArm/build/controll_center/build install --record /home/theomagnor/DuoArm/build/controll_center/install.log --single-version-externally-managed install_data
