[0.624s] Invoking command in '/home/theo/DuoArm/src/controll_center': PYTHONPATH=/home/theo/DuoArm/build/controll_center/prefix_override:/home/theo/DuoArm/install/controll_center/lib/python3.10/site-packages:${PYTHONPATH} /usr/bin/python3 -W ignore:setup.py install is deprecated setup.py egg_info --egg-base ../../build/controll_center build --build-base /home/theo/DuoArm/build/controll_center/build install --record /home/theo/DuoArm/build/controll_center/install.log --single-version-externally-managed install_data
[0.748s] running egg_info
[0.748s] writing ../../build/controll_center/controll_center.egg-info/PKG-INFO
[0.749s] writing dependency_links to ../../build/controll_center/controll_center.egg-info/dependency_links.txt
[0.749s] writing entry points to ../../build/controll_center/controll_center.egg-info/entry_points.txt
[0.749s] writing requirements to ../../build/controll_center/controll_center.egg-info/requires.txt
[0.749s] writing top-level names to ../../build/controll_center/controll_center.egg-info/top_level.txt
[0.750s] reading manifest file '../../build/controll_center/controll_center.egg-info/SOURCES.txt'
[0.750s] adding license file 'LICENSE'
[0.750s] writing manifest file '../../build/controll_center/controll_center.egg-info/SOURCES.txt'
[0.750s] running build
[0.750s] running build_py
[0.751s] running install
[0.751s] running install_lib
[0.751s] running install_data
[0.751s] copying resource/controll_center -> /home/theo/DuoArm/install/controll_center/share/ament_index/resource_index/packages
[0.752s] copying package.xml -> /home/theo/DuoArm/install/controll_center/share/controll_center
[0.752s] creating /home/theo/DuoArm/install/controll_center/share/controll_center/launch
[0.752s] copying launch/controll_center_launch.py -> /home/theo/DuoArm/install/controll_center/share/controll_center/launch
[0.752s] running install_egg_info
[0.753s] Copying ../../build/controll_center/controll_center.egg-info to /home/theo/DuoArm/install/controll_center/lib/python3.10/site-packages/controll_center-0.0.0-py3.10.egg-info
[0.753s] running install_scripts
[0.767s] Installing command_executor script to /home/theo/DuoArm/install/controll_center/lib/controll_center
[0.767s] Installing command_window script to /home/theo/DuoArm/install/controll_center/lib/controll_center
[0.768s] writing list of installed files to '/home/theo/DuoArm/build/controll_center/install.log'
[0.782s] Invoked command in '/home/theo/DuoArm/src/controll_center' returned '0': PYTHONPATH=/home/theo/DuoArm/build/controll_center/prefix_override:/home/theo/DuoArm/install/controll_center/lib/python3.10/site-packages:${PYTHONPATH} /usr/bin/python3 -W ignore:setup.py install is deprecated setup.py egg_info --egg-base ../../build/controll_center build --build-base /home/theo/DuoArm/build/controll_center/build install --record /home/theo/DuoArm/build/controll_center/install.log --single-version-externally-managed install_data
