[0.048s] Invoking command in '/home/theomagnor/DuoArm/build/arm': CMAKE_PREFIX_PATH=${CMAKE_PREFIX_PATH}:/opt/ros/humble /usr/bin/cmake --build /home/theomagnor/DuoArm/build/arm -- -j4 -l4
[0.215s] Invoked command in '/home/theomagnor/DuoArm/build/arm' returned '0': CMAKE_PREFIX_PATH=${CMAKE_PREFIX_PATH}:/opt/ros/humble /usr/bin/cmake --build /home/theomagnor/DuoArm/build/arm -- -j4 -l4
[0.359s] Invoking command in '/home/theomagnor/DuoArm/build/arm': CMAKE_PREFIX_PATH=${CMAKE_PREFIX_PATH}:/opt/ros/humble /usr/bin/cmake --install /home/theomagnor/DuoArm/build/arm
[0.386s] -- Install configuration: ""
[0.387s] -- Up-to-date: /home/theomagnor/DuoArm/install/arm/share/arm//launch
[0.387s] -- Up-to-date: /home/theomagnor/DuoArm/install/arm/share/arm//launch/arm.launch.py
[0.388s] -- Up-to-date: /home/theomagnor/DuoArm/install/arm/share/arm//urdf
[0.388s] -- Up-to-date: /home/theomagnor/DuoArm/install/arm/share/arm//urdf/duoArm2.urdf
[0.389s] -- Up-to-date: /home/theomagnor/DuoArm/install/arm/share/arm//urdf/lta-passivarm.part
[0.389s] -- Up-to-date: /home/theomagnor/DuoArm/install/arm/share/arm//urdf/robot.urdf
[0.390s] -- Up-to-date: /home/theomagnor/DuoArm/install/arm/share/arm//urdf/activearm.part
[0.390s] -- Up-to-date: /home/theomagnor/DuoArm/install/arm/share/arm//urdf/lta-tooladaptertest.part
[0.391s] -- Up-to-date: /home/theomagnor/DuoArm/install/arm/share/arm//urdf/tooltest.part
[0.391s] -- Up-to-date: /home/theomagnor/DuoArm/install/arm/share/arm//urdf/lta-body.part
[0.391s] -- Up-to-date: /home/theomagnor/DuoArm/install/arm/share/arm//meshes
[0.392s] -- Up-to-date: /home/theomagnor/DuoArm/install/arm/share/arm//meshes/activearm.stl
[0.392s] -- Up-to-date: /home/theomagnor/DuoArm/install/arm/share/arm//meshes/lta-body.stl
[0.393s] -- Up-to-date: /home/theomagnor/DuoArm/install/arm/share/arm//meshes/tooltest.stl
[0.393s] -- Up-to-date: /home/theomagnor/DuoArm/install/arm/share/arm//meshes/lta-tooladaptertest.stl
[0.394s] -- Up-to-date: /home/theomagnor/DuoArm/install/arm/share/arm//meshes/lta-passivarm.stl
[0.394s] -- Up-to-date: /home/theomagnor/DuoArm/install/arm/share/ament_index/resource_index/package_run_dependencies/arm
[0.394s] -- Up-to-date: /home/theomagnor/DuoArm/install/arm/share/ament_index/resource_index/parent_prefix_path/arm
[0.395s] -- Up-to-date: /home/theomagnor/DuoArm/install/arm/share/arm/environment/ament_prefix_path.sh
[0.395s] -- Up-to-date: /home/theomagnor/DuoArm/install/arm/share/arm/environment/ament_prefix_path.dsv
[0.396s] -- Up-to-date: /home/theomagnor/DuoArm/install/arm/share/arm/environment/path.sh
[0.396s] -- Up-to-date: /home/theomagnor/DuoArm/install/arm/share/arm/environment/path.dsv
[0.397s] -- Up-to-date: /home/theomagnor/DuoArm/install/arm/share/arm/local_setup.bash
[0.397s] -- Up-to-date: /home/theomagnor/DuoArm/install/arm/share/arm/local_setup.sh
[0.398s] -- Up-to-date: /home/theomagnor/DuoArm/install/arm/share/arm/local_setup.zsh
[0.398s] -- Up-to-date: /home/theomagnor/DuoArm/install/arm/share/arm/local_setup.dsv
[0.400s] -- Installing: /home/theomagnor/DuoArm/install/arm/share/arm/package.dsv
[0.400s] -- Up-to-date: /home/theomagnor/DuoArm/install/arm/share/ament_index/resource_index/packages/arm
[0.402s] -- Up-to-date: /home/theomagnor/DuoArm/install/arm/share/arm/cmake/armConfig.cmake
[0.403s] -- Up-to-date: /home/theomagnor/DuoArm/install/arm/share/arm/cmake/armConfig-version.cmake
[0.404s] -- Up-to-date: /home/theomagnor/DuoArm/install/arm/share/arm/package.xml
[0.405s] Invoked command in '/home/theomagnor/DuoArm/build/arm' returned '0': CMAKE_PREFIX_PATH=${CMAKE_PREFIX_PATH}:/opt/ros/humble /usr/bin/cmake --install /home/theomagnor/DuoArm/build/arm
