[0.630s] Invoking command in '/home/theo/DuoArm/src/path_planning': PYTHONPATH=/home/theo/DuoArm/build/path_planning/prefix_override:/home/theo/DuoArm/install/path_planning/lib/python3.10/site-packages:${PYTHONPATH} /usr/bin/python3 -W ignore:setup.py install is deprecated setup.py egg_info --egg-base ../../build/path_planning build --build-base /home/theo/DuoArm/build/path_planning/build install --record /home/theo/DuoArm/build/path_planning/install.log --single-version-externally-managed install_data
[0.748s] running egg_info
[0.748s] writing ../../build/path_planning/path_planning.egg-info/PKG-INFO
[0.748s] writing dependency_links to ../../build/path_planning/path_planning.egg-info/dependency_links.txt
[0.748s] writing entry points to ../../build/path_planning/path_planning.egg-info/entry_points.txt
[0.749s] writing requirements to ../../build/path_planning/path_planning.egg-info/requires.txt
[0.749s] writing top-level names to ../../build/path_planning/path_planning.egg-info/top_level.txt
[0.750s] reading manifest file '../../build/path_planning/path_planning.egg-info/SOURCES.txt'
[0.750s] adding license file 'LICENSE'
[0.751s] writing manifest file '../../build/path_planning/path_planning.egg-info/SOURCES.txt'
[0.751s] running build
[0.751s] running build_py
[0.751s] running install
[0.752s] running install_lib
[0.752s] running install_data
[0.752s] creating /home/theo/DuoArm/install/path_planning/share/path_planning/launch
[0.753s] copying launch/path_planning_launch.py -> /home/theo/DuoArm/install/path_planning/share/path_planning/launch
[0.753s] running install_egg_info
[0.753s] removing '/home/theo/DuoArm/install/path_planning/lib/python3.10/site-packages/path_planning-0.0.0-py3.10.egg-info' (and everything under it)
[0.754s] Copying ../../build/path_planning/path_planning.egg-info to /home/theo/DuoArm/install/path_planning/lib/python3.10/site-packages/path_planning-0.0.0-py3.10.egg-info
[0.755s] running install_scripts
[0.767s] Installing path_planner script to /home/theo/DuoArm/install/path_planning/lib/path_planning
[0.767s] writing list of installed files to '/home/theo/DuoArm/build/path_planning/install.log'
[0.784s] Invoked command in '/home/theo/DuoArm/src/path_planning' returned '0': PYTHONPATH=/home/theo/DuoArm/build/path_planning/prefix_override:/home/theo/DuoArm/install/path_planning/lib/python3.10/site-packages:${PYTHONPATH} /usr/bin/python3 -W ignore:setup.py install is deprecated setup.py egg_info --egg-base ../../build/path_planning build --build-base /home/theo/DuoArm/build/path_planning/build install --record /home/theo/DuoArm/build/path_planning/install.log --single-version-externally-managed install_data
