[0.649s] Invoking command in '/home/theo/DuoArm/src/arm': PYTHONPATH=/home/theo/DuoArm/build/arm/prefix_override:/home/theo/DuoArm/install/arm/lib/python3.10/site-packages:${PYTHONPATH} /usr/bin/python3 -W ignore:setup.py install is deprecated setup.py egg_info --egg-base ../../build/arm build --build-base /home/theo/DuoArm/build/arm/build install --record /home/theo/DuoArm/build/arm/install.log --single-version-externally-managed install_data
[0.766s] running egg_info
[0.766s] creating ../../build/arm/arm.egg-info
[0.766s] writing ../../build/arm/arm.egg-info/PKG-INFO
[0.767s] writing dependency_links to ../../build/arm/arm.egg-info/dependency_links.txt
[0.767s] writing entry points to ../../build/arm/arm.egg-info/entry_points.txt
[0.767s] writing requirements to ../../build/arm/arm.egg-info/requires.txt
[0.767s] writing top-level names to ../../build/arm/arm.egg-info/top_level.txt
[0.767s] writing manifest file '../../build/arm/arm.egg-info/SOURCES.txt'
[0.768s] reading manifest file '../../build/arm/arm.egg-info/SOURCES.txt'
[0.768s] adding license file 'LICENSE'
[0.769s] writing manifest file '../../build/arm/arm.egg-info/SOURCES.txt'
[0.769s] running build
[0.769s] running build_py
[0.769s] creating /home/theo/DuoArm/build/arm/build
[0.769s] creating /home/theo/DuoArm/build/arm/build/lib
[0.769s] creating /home/theo/DuoArm/build/arm/build/lib/arm
[0.769s] copying arm/__init__.py -> /home/theo/DuoArm/build/arm/build/lib/arm
[0.770s] running install
[0.770s] running install_lib
[0.770s] creating /home/theo/DuoArm/install/arm/lib/python3.10/site-packages/arm
[0.770s] copying /home/theo/DuoArm/build/arm/build/lib/arm/__init__.py -> /home/theo/DuoArm/install/arm/lib/python3.10/site-packages/arm
[0.770s] byte-compiling /home/theo/DuoArm/install/arm/lib/python3.10/site-packages/arm/__init__.py to __init__.cpython-310.pyc
[0.771s] running install_data
[0.771s] copying resource/arm -> /home/theo/DuoArm/install/arm/share/ament_index/resource_index/packages
[0.771s] copying package.xml -> /home/theo/DuoArm/install/arm/share/arm
[0.771s] running install_egg_info
[0.771s] Copying ../../build/arm/arm.egg-info to /home/theo/DuoArm/install/arm/lib/python3.10/site-packages/arm-0.0.0-py3.10.egg-info
[0.772s] running install_scripts
[0.785s] writing list of installed files to '/home/theo/DuoArm/build/arm/install.log'
[0.813s] Invoked command in '/home/theo/DuoArm/src/arm' returned '0': PYTHONPATH=/home/theo/DuoArm/build/arm/prefix_override:/home/theo/DuoArm/install/arm/lib/python3.10/site-packages:${PYTHONPATH} /usr/bin/python3 -W ignore:setup.py install is deprecated setup.py egg_info --egg-base ../../build/arm build --build-base /home/theo/DuoArm/build/arm/build install --record /home/theo/DuoArm/build/arm/install.log --single-version-externally-managed install_data
