[0.609s] Invoking command in '/home/theo/DuoArm/src/path_planning': PYTHONPATH=/home/theo/DuoArm/build/path_planning/prefix_override:/home/theo/DuoArm/install/path_planning/lib/python3.10/site-packages:${PYTHONPATH} /usr/bin/python3 -W ignore:setup.py install is deprecated setup.py egg_info --egg-base ../../build/path_planning build --build-base /home/theo/DuoArm/build/path_planning/build install --record /home/theo/DuoArm/build/path_planning/install.log --single-version-externally-managed install_data
[0.728s] running egg_info
[0.728s] creating ../../build/path_planning/path_planning.egg-info
[0.729s] writing ../../build/path_planning/path_planning.egg-info/PKG-INFO
[0.729s] writing dependency_links to ../../build/path_planning/path_planning.egg-info/dependency_links.txt
[0.729s] writing entry points to ../../build/path_planning/path_planning.egg-info/entry_points.txt
[0.729s] writing requirements to ../../build/path_planning/path_planning.egg-info/requires.txt
[0.729s] writing top-level names to ../../build/path_planning/path_planning.egg-info/top_level.txt
[0.729s] writing manifest file '../../build/path_planning/path_planning.egg-info/SOURCES.txt'
[0.732s] reading manifest file '../../build/path_planning/path_planning.egg-info/SOURCES.txt'
[0.732s] adding license file 'LICENSE'
[0.733s] writing manifest file '../../build/path_planning/path_planning.egg-info/SOURCES.txt'
[0.733s] running build
[0.733s] running build_py
[0.734s] creating /home/theo/DuoArm/build/path_planning/build
[0.734s] creating /home/theo/DuoArm/build/path_planning/build/lib
[0.734s] creating /home/theo/DuoArm/build/path_planning/build/lib/path_planning
[0.735s] copying path_planning/__init__.py -> /home/theo/DuoArm/build/path_planning/build/lib/path_planning
[0.735s] copying path_planning/path.py -> /home/theo/DuoArm/build/path_planning/build/lib/path_planning
[0.735s] running install
[0.735s] running install_lib
[0.735s] running install_data
[0.735s] running install_egg_info
[0.736s] removing '/home/theo/DuoArm/install/path_planning/lib/python3.10/site-packages/path_planning-0.0.0-py3.10.egg-info' (and everything under it)
[0.736s] Copying ../../build/path_planning/path_planning.egg-info to /home/theo/DuoArm/install/path_planning/lib/python3.10/site-packages/path_planning-0.0.0-py3.10.egg-info
[0.736s] running install_scripts
[0.754s] Installing command_listener script to /home/theo/DuoArm/install/path_planning/lib/path_planning
[0.755s] writing list of installed files to '/home/theo/DuoArm/build/path_planning/install.log'
[0.780s] Invoked command in '/home/theo/DuoArm/src/path_planning' returned '0': PYTHONPATH=/home/theo/DuoArm/build/path_planning/prefix_override:/home/theo/DuoArm/install/path_planning/lib/python3.10/site-packages:${PYTHONPATH} /usr/bin/python3 -W ignore:setup.py install is deprecated setup.py egg_info --egg-base ../../build/path_planning build --build-base /home/theo/DuoArm/build/path_planning/build install --record /home/theo/DuoArm/build/path_planning/install.log --single-version-externally-managed install_data
