[1.082s] DEBUG:colcon:Command line arguments: ['/usr/bin/colcon', 'build']
[1.082s] DEBUG:colcon:Parsed command line arguments: Namespace(log_base=None, log_level=None, verb_name='build', build_base='build', install_base='install', merge_install=False, symlink_install=False, test_result_base=None, continue_on_error=False, executor='parallel', parallel_workers=20, event_handlers=None, ignore_user_meta=False, metas=['./colcon.meta'], base_paths=['.'], packages_ignore=None, packages_ignore_regex=None, paths=None, packages_up_to=None, packages_up_to_regex=None, packages_above=None, packages_above_and_dependencies=None, packages_above_depth=None, packages_select_by_dep=None, packages_skip_by_dep=None, packages_skip_up_to=None, packages_select_build_failed=False, packages_skip_build_finished=False, packages_select_test_failures=False, packages_skip_test_passed=False, packages_select=None, packages_skip=None, packages_select_regex=None, packages_skip_regex=None, packages_start=None, packages_end=None, allow_overriding=[], cmake_args=None, cmake_target=None, cmake_target_skip_unavailable=False, cmake_clean_cache=False, cmake_clean_first=False, cmake_force_configure=False, ament_cmake_args=None, catkin_cmake_args=None, catkin_skip_building_tests=False, mixin_files=None, mixin=None, verb_parser=<colcon_mixin.mixin.mixin_argument.MixinArgumentDecorator object at 0x7f4e4367d600>, verb_extension=<colcon_core.verb.build.BuildVerb object at 0x7f4e437f2fe0>, main=<bound method BuildVerb.main of <colcon_core.verb.build.BuildVerb object at 0x7f4e437f2fe0>>, mixin_verb=('build',))
[1.159s] Level 1:colcon.colcon_core.package_discovery:discover_packages(colcon_meta) check parameters
[1.159s] Level 1:colcon.colcon_core.package_discovery:discover_packages(recursive) check parameters
[1.159s] Level 1:colcon.colcon_core.package_discovery:discover_packages(ignore) check parameters
[1.159s] Level 1:colcon.colcon_core.package_discovery:discover_packages(path) check parameters
[1.159s] Level 1:colcon.colcon_core.package_discovery:discover_packages(colcon_meta) discover
[1.159s] Level 1:colcon.colcon_core.package_discovery:discover_packages(recursive) discover
[1.159s] INFO:colcon.colcon_core.package_discovery:Crawling recursively for packages in '/home/theo/DuoArm'
[1.160s] Level 1:colcon.colcon_core.package_identification:_identify(.) by extensions ['ignore', 'ignore_ament_install']
[1.160s] Level 1:colcon.colcon_core.package_identification:_identify(.) by extension 'ignore'
[1.160s] Level 1:colcon.colcon_core.package_identification:_identify(.) by extension 'ignore_ament_install'
[1.160s] Level 1:colcon.colcon_core.package_identification:_identify(.) by extensions ['colcon_pkg']
[1.160s] Level 1:colcon.colcon_core.package_identification:_identify(.) by extension 'colcon_pkg'
[1.160s] Level 1:colcon.colcon_core.package_identification:_identify(.) by extensions ['colcon_meta']
[1.160s] Level 1:colcon.colcon_core.package_identification:_identify(.) by extension 'colcon_meta'
[1.160s] Level 1:colcon.colcon_core.package_identification:_identify(.) by extensions ['ros']
[1.160s] Level 1:colcon.colcon_core.package_identification:_identify(.) by extension 'ros'
[1.167s] Level 1:colcon.colcon_core.package_identification:_identify(.) by extensions ['cmake', 'python']
[1.167s] Level 1:colcon.colcon_core.package_identification:_identify(.) by extension 'cmake'
[1.167s] Level 1:colcon.colcon_core.package_identification:_identify(.) by extension 'python'
[1.167s] Level 1:colcon.colcon_core.package_identification:_identify(.) by extensions ['python_setup_py']
[1.167s] Level 1:colcon.colcon_core.package_identification:_identify(.) by extension 'python_setup_py'
[1.167s] Level 1:colcon.colcon_core.package_identification:_identify(build) by extensions ['ignore', 'ignore_ament_install']
[1.167s] Level 1:colcon.colcon_core.package_identification:_identify(build) by extension 'ignore'
[1.167s] Level 1:colcon.colcon_core.package_identification:_identify(build) ignored
[1.167s] Level 1:colcon.colcon_core.package_identification:_identify(install) by extensions ['ignore', 'ignore_ament_install']
[1.167s] Level 1:colcon.colcon_core.package_identification:_identify(install) by extension 'ignore'
[1.167s] Level 1:colcon.colcon_core.package_identification:_identify(install) ignored
[1.167s] Level 1:colcon.colcon_core.package_identification:_identify(log) by extensions ['ignore', 'ignore_ament_install']
[1.167s] Level 1:colcon.colcon_core.package_identification:_identify(log) by extension 'ignore'
[1.167s] Level 1:colcon.colcon_core.package_identification:_identify(log) ignored
[1.167s] Level 1:colcon.colcon_core.package_identification:_identify(src) by extensions ['ignore', 'ignore_ament_install']
[1.167s] Level 1:colcon.colcon_core.package_identification:_identify(src) by extension 'ignore'
[1.167s] Level 1:colcon.colcon_core.package_identification:_identify(src) by extension 'ignore_ament_install'
[1.167s] Level 1:colcon.colcon_core.package_identification:_identify(src) by extensions ['colcon_pkg']
[1.168s] Level 1:colcon.colcon_core.package_identification:_identify(src) by extension 'colcon_pkg'
[1.168s] Level 1:colcon.colcon_core.package_identification:_identify(src) by extensions ['colcon_meta']
[1.168s] Level 1:colcon.colcon_core.package_identification:_identify(src) by extension 'colcon_meta'
[1.168s] Level 1:colcon.colcon_core.package_identification:_identify(src) by extensions ['ros']
[1.168s] Level 1:colcon.colcon_core.package_identification:_identify(src) by extension 'ros'
[1.168s] Level 1:colcon.colcon_core.package_identification:_identify(src) by extensions ['cmake', 'python']
[1.168s] Level 1:colcon.colcon_core.package_identification:_identify(src) by extension 'cmake'
[1.168s] Level 1:colcon.colcon_core.package_identification:_identify(src) by extension 'python'
[1.168s] Level 1:colcon.colcon_core.package_identification:_identify(src) by extensions ['python_setup_py']
[1.168s] Level 1:colcon.colcon_core.package_identification:_identify(src) by extension 'python_setup_py'
[1.168s] Level 1:colcon.colcon_core.package_identification:_identify(src/arm) by extensions ['ignore', 'ignore_ament_install']
[1.168s] Level 1:colcon.colcon_core.package_identification:_identify(src/arm) by extension 'ignore'
[1.168s] Level 1:colcon.colcon_core.package_identification:_identify(src/arm) by extension 'ignore_ament_install'
[1.168s] Level 1:colcon.colcon_core.package_identification:_identify(src/arm) by extensions ['colcon_pkg']
[1.168s] Level 1:colcon.colcon_core.package_identification:_identify(src/arm) by extension 'colcon_pkg'
[1.168s] Level 1:colcon.colcon_core.package_identification:_identify(src/arm) by extensions ['colcon_meta']
[1.168s] Level 1:colcon.colcon_core.package_identification:_identify(src/arm) by extension 'colcon_meta'
[1.168s] Level 1:colcon.colcon_core.package_identification:_identify(src/arm) by extensions ['ros']
[1.168s] Level 1:colcon.colcon_core.package_identification:_identify(src/arm) by extension 'ros'
[1.169s] DEBUG:colcon.colcon_core.package_identification:Package 'src/arm' with type 'ros.ament_python' and name 'arm'
[1.169s] Level 1:colcon.colcon_core.package_identification:_identify(src/command_center) by extensions ['ignore', 'ignore_ament_install']
[1.169s] Level 1:colcon.colcon_core.package_identification:_identify(src/command_center) by extension 'ignore'
[1.169s] Level 1:colcon.colcon_core.package_identification:_identify(src/command_center) by extension 'ignore_ament_install'
[1.169s] Level 1:colcon.colcon_core.package_identification:_identify(src/command_center) by extensions ['colcon_pkg']
[1.169s] Level 1:colcon.colcon_core.package_identification:_identify(src/command_center) by extension 'colcon_pkg'
[1.170s] Level 1:colcon.colcon_core.package_identification:_identify(src/command_center) by extensions ['colcon_meta']
[1.170s] Level 1:colcon.colcon_core.package_identification:_identify(src/command_center) by extension 'colcon_meta'
[1.170s] Level 1:colcon.colcon_core.package_identification:_identify(src/command_center) by extensions ['ros']
[1.170s] Level 1:colcon.colcon_core.package_identification:_identify(src/command_center) by extension 'ros'
[1.170s] DEBUG:colcon.colcon_core.package_identification:Package 'src/command_center' with type 'ros.ament_python' and name 'command_center'
[1.170s] Level 1:colcon.colcon_core.package_identification:_identify(src/path_planning) by extensions ['ignore', 'ignore_ament_install']
[1.170s] Level 1:colcon.colcon_core.package_identification:_identify(src/path_planning) by extension 'ignore'
[1.170s] Level 1:colcon.colcon_core.package_identification:_identify(src/path_planning) by extension 'ignore_ament_install'
[1.170s] Level 1:colcon.colcon_core.package_identification:_identify(src/path_planning) by extensions ['colcon_pkg']
[1.170s] Level 1:colcon.colcon_core.package_identification:_identify(src/path_planning) by extension 'colcon_pkg'
[1.170s] Level 1:colcon.colcon_core.package_identification:_identify(src/path_planning) by extensions ['colcon_meta']
[1.170s] Level 1:colcon.colcon_core.package_identification:_identify(src/path_planning) by extension 'colcon_meta'
[1.170s] Level 1:colcon.colcon_core.package_identification:_identify(src/path_planning) by extensions ['ros']
[1.170s] Level 1:colcon.colcon_core.package_identification:_identify(src/path_planning) by extension 'ros'
[1.170s] DEBUG:colcon.colcon_core.package_identification:Package 'src/path_planning' with type 'ros.ament_python' and name 'path_planning'
[1.170s] Level 1:colcon.colcon_core.package_discovery:discover_packages(recursive) using defaults
[1.171s] Level 1:colcon.colcon_core.package_discovery:discover_packages(ignore) discover
[1.171s] Level 1:colcon.colcon_core.package_discovery:discover_packages(ignore) using defaults
[1.171s] Level 1:colcon.colcon_core.package_discovery:discover_packages(path) discover
[1.171s] Level 1:colcon.colcon_core.package_discovery:discover_packages(path) using defaults
[1.182s] Level 1:colcon.colcon_core.package_discovery:discover_packages(prefix_path) check parameters
[1.182s] Level 1:colcon.colcon_core.package_discovery:discover_packages(prefix_path) discover
[1.183s] DEBUG:colcon.colcon_installed_package_information.package_discovery:Found 3 installed packages in /home/theo/DuoArm/install
[1.184s] DEBUG:colcon.colcon_installed_package_information.package_discovery:Found 322 installed packages in /opt/ros/humble
[1.190s] Level 1:colcon.colcon_core.package_discovery:discover_packages(prefix_path) using defaults
[1.212s] Level 5:colcon.colcon_core.verb:set package 'arm' build argument 'cmake_args' from command line to 'None'
[1.212s] Level 5:colcon.colcon_core.verb:set package 'arm' build argument 'cmake_target' from command line to 'None'
[1.212s] Level 5:colcon.colcon_core.verb:set package 'arm' build argument 'cmake_target_skip_unavailable' from command line to 'False'
[1.212s] Level 5:colcon.colcon_core.verb:set package 'arm' build argument 'cmake_clean_cache' from command line to 'False'
[1.212s] Level 5:colcon.colcon_core.verb:set package 'arm' build argument 'cmake_clean_first' from command line to 'False'
[1.212s] Level 5:colcon.colcon_core.verb:set package 'arm' build argument 'cmake_force_configure' from command line to 'False'
[1.212s] Level 5:colcon.colcon_core.verb:set package 'arm' build argument 'ament_cmake_args' from command line to 'None'
[1.212s] Level 5:colcon.colcon_core.verb:set package 'arm' build argument 'catkin_cmake_args' from command line to 'None'
[1.212s] Level 5:colcon.colcon_core.verb:set package 'arm' build argument 'catkin_skip_building_tests' from command line to 'False'
[1.212s] DEBUG:colcon.colcon_core.verb:Building package 'arm' with the following arguments: {'ament_cmake_args': None, 'build_base': '/home/theo/DuoArm/build/arm', 'catkin_cmake_args': None, 'catkin_skip_building_tests': False, 'cmake_args': None, 'cmake_clean_cache': False, 'cmake_clean_first': False, 'cmake_force_configure': False, 'cmake_target': None, 'cmake_target_skip_unavailable': False, 'install_base': '/home/theo/DuoArm/install/arm', 'merge_install': False, 'path': '/home/theo/DuoArm/src/arm', 'symlink_install': False, 'test_result_base': None}
[1.212s] Level 5:colcon.colcon_core.verb:set package 'command_center' build argument 'cmake_args' from command line to 'None'
[1.212s] Level 5:colcon.colcon_core.verb:set package 'command_center' build argument 'cmake_target' from command line to 'None'
[1.212s] Level 5:colcon.colcon_core.verb:set package 'command_center' build argument 'cmake_target_skip_unavailable' from command line to 'False'
[1.212s] Level 5:colcon.colcon_core.verb:set package 'command_center' build argument 'cmake_clean_cache' from command line to 'False'
[1.212s] Level 5:colcon.colcon_core.verb:set package 'command_center' build argument 'cmake_clean_first' from command line to 'False'
[1.212s] Level 5:colcon.colcon_core.verb:set package 'command_center' build argument 'cmake_force_configure' from command line to 'False'
[1.212s] Level 5:colcon.colcon_core.verb:set package 'command_center' build argument 'ament_cmake_args' from command line to 'None'
[1.212s] Level 5:colcon.colcon_core.verb:set package 'command_center' build argument 'catkin_cmake_args' from command line to 'None'
[1.212s] Level 5:colcon.colcon_core.verb:set package 'command_center' build argument 'catkin_skip_building_tests' from command line to 'False'
[1.212s] DEBUG:colcon.colcon_core.verb:Building package 'command_center' with the following arguments: {'ament_cmake_args': None, 'build_base': '/home/theo/DuoArm/build/command_center', 'catkin_cmake_args': None, 'catkin_skip_building_tests': False, 'cmake_args': None, 'cmake_clean_cache': False, 'cmake_clean_first': False, 'cmake_force_configure': False, 'cmake_target': None, 'cmake_target_skip_unavailable': False, 'install_base': '/home/theo/DuoArm/install/command_center', 'merge_install': False, 'path': '/home/theo/DuoArm/src/command_center', 'symlink_install': False, 'test_result_base': None}
[1.212s] Level 5:colcon.colcon_core.verb:set package 'path_planning' build argument 'cmake_args' from command line to 'None'
[1.212s] Level 5:colcon.colcon_core.verb:set package 'path_planning' build argument 'cmake_target' from command line to 'None'
[1.212s] Level 5:colcon.colcon_core.verb:set package 'path_planning' build argument 'cmake_target_skip_unavailable' from command line to 'False'
[1.212s] Level 5:colcon.colcon_core.verb:set package 'path_planning' build argument 'cmake_clean_cache' from command line to 'False'
[1.212s] Level 5:colcon.colcon_core.verb:set package 'path_planning' build argument 'cmake_clean_first' from command line to 'False'
[1.212s] Level 5:colcon.colcon_core.verb:set package 'path_planning' build argument 'cmake_force_configure' from command line to 'False'
[1.212s] Level 5:colcon.colcon_core.verb:set package 'path_planning' build argument 'ament_cmake_args' from command line to 'None'
[1.212s] Level 5:colcon.colcon_core.verb:set package 'path_planning' build argument 'catkin_cmake_args' from command line to 'None'
[1.212s] Level 5:colcon.colcon_core.verb:set package 'path_planning' build argument 'catkin_skip_building_tests' from command line to 'False'
[1.213s] DEBUG:colcon.colcon_core.verb:Building package 'path_planning' with the following arguments: {'ament_cmake_args': None, 'build_base': '/home/theo/DuoArm/build/path_planning', 'catkin_cmake_args': None, 'catkin_skip_building_tests': False, 'cmake_args': None, 'cmake_clean_cache': False, 'cmake_clean_first': False, 'cmake_force_configure': False, 'cmake_target': None, 'cmake_target_skip_unavailable': False, 'install_base': '/home/theo/DuoArm/install/path_planning', 'merge_install': False, 'path': '/home/theo/DuoArm/src/path_planning', 'symlink_install': False, 'test_result_base': None}
[1.213s] INFO:colcon.colcon_core.executor:Executing jobs using 'parallel' executor
[1.213s] DEBUG:colcon.colcon_parallel_executor.executor.parallel:run_until_complete
[1.213s] INFO:colcon.colcon_ros.task.ament_python.build:Building ROS package in '/home/theo/DuoArm/src/arm' with build type 'ament_python'
[1.214s] Level 1:colcon.colcon_core.shell:create_environment_hook('arm', 'ament_prefix_path')
[1.215s] INFO:colcon.colcon_core.plugin_system:Skipping extension 'colcon_core.shell.bat': Not used on non-Windows systems
[1.215s] INFO:colcon.colcon_core.shell:Creating environment hook '/home/theo/DuoArm/install/arm/share/arm/hook/ament_prefix_path.ps1'
[1.216s] INFO:colcon.colcon_core.shell:Creating environment descriptor '/home/theo/DuoArm/install/arm/share/arm/hook/ament_prefix_path.dsv'
[1.216s] INFO:colcon.colcon_core.shell:Creating environment hook '/home/theo/DuoArm/install/arm/share/arm/hook/ament_prefix_path.sh'
[1.216s] INFO:colcon.colcon_core.shell:Skip shell extension 'powershell' for command environment: Not usable outside of PowerShell
[1.216s] DEBUG:colcon.colcon_core.shell:Skip shell extension 'dsv' for command environment
[1.218s] INFO:colcon.colcon_ros.task.ament_python.build:Building ROS package in '/home/theo/DuoArm/src/command_center' with build type 'ament_python'
[1.218s] Level 1:colcon.colcon_core.shell:create_environment_hook('command_center', 'ament_prefix_path')
[1.219s] INFO:colcon.colcon_core.shell:Creating environment hook '/home/theo/DuoArm/install/command_center/share/command_center/hook/ament_prefix_path.ps1'
[1.219s] INFO:colcon.colcon_core.shell:Creating environment descriptor '/home/theo/DuoArm/install/command_center/share/command_center/hook/ament_prefix_path.dsv'
[1.219s] INFO:colcon.colcon_core.shell:Creating environment hook '/home/theo/DuoArm/install/command_center/share/command_center/hook/ament_prefix_path.sh'
[1.219s] INFO:colcon.colcon_core.shell:Skip shell extension 'powershell' for command environment: Not usable outside of PowerShell
[1.219s] DEBUG:colcon.colcon_core.shell:Skip shell extension 'dsv' for command environment
[1.221s] INFO:colcon.colcon_ros.task.ament_python.build:Building ROS package in '/home/theo/DuoArm/src/path_planning' with build type 'ament_python'
[1.221s] Level 1:colcon.colcon_core.shell:create_environment_hook('path_planning', 'ament_prefix_path')
[1.221s] INFO:colcon.colcon_core.shell:Creating environment hook '/home/theo/DuoArm/install/path_planning/share/path_planning/hook/ament_prefix_path.ps1'
[1.221s] INFO:colcon.colcon_core.shell:Creating environment descriptor '/home/theo/DuoArm/install/path_planning/share/path_planning/hook/ament_prefix_path.dsv'
[1.222s] INFO:colcon.colcon_core.shell:Creating environment hook '/home/theo/DuoArm/install/path_planning/share/path_planning/hook/ament_prefix_path.sh'
[1.222s] INFO:colcon.colcon_core.shell:Skip shell extension 'powershell' for command environment: Not usable outside of PowerShell
[1.222s] DEBUG:colcon.colcon_core.shell:Skip shell extension 'dsv' for command environment
[1.354s] INFO:colcon.colcon_core.task.python.build:Building Python package in '/home/theo/DuoArm/src/arm'
[1.354s] INFO:colcon.colcon_core.shell:Skip shell extension 'powershell' for command environment: Not usable outside of PowerShell
[1.354s] DEBUG:colcon.colcon_core.shell:Skip shell extension 'dsv' for command environment
[1.481s] INFO:colcon.colcon_core.task.python.build:Building Python package in '/home/theo/DuoArm/src/command_center'
[1.482s] INFO:colcon.colcon_core.shell:Skip shell extension 'powershell' for command environment: Not usable outside of PowerShell
[1.482s] DEBUG:colcon.colcon_core.shell:Skip shell extension 'dsv' for command environment
[1.608s] INFO:colcon.colcon_core.task.python.build:Building Python package in '/home/theo/DuoArm/src/path_planning'
[1.609s] INFO:colcon.colcon_core.shell:Skip shell extension 'powershell' for command environment: Not usable outside of PowerShell
[1.609s] DEBUG:colcon.colcon_core.shell:Skip shell extension 'dsv' for command environment
[1.810s] DEBUG:colcon.colcon_core.event_handler.log_command:Invoking command in '/home/theo/DuoArm/src/path_planning': PYTHONPATH=/home/theo/DuoArm/build/path_planning/prefix_override:/home/theo/DuoArm/install/path_planning/lib/python3.10/site-packages:${PYTHONPATH} /usr/bin/python3 -W ignore:setup.py install is deprecated setup.py egg_info --egg-base ../../build/path_planning build --build-base /home/theo/DuoArm/build/path_planning/build install --record /home/theo/DuoArm/build/path_planning/install.log --single-version-externally-managed install_data
[1.814s] DEBUG:colcon.colcon_core.event_handler.log_command:Invoking command in '/home/theo/DuoArm/src/arm': PYTHONPATH=/home/theo/DuoArm/build/arm/prefix_override:/home/theo/DuoArm/install/arm/lib/python3.10/site-packages:${PYTHONPATH} /usr/bin/python3 -W ignore:setup.py install is deprecated setup.py egg_info --egg-base ../../build/arm build --build-base /home/theo/DuoArm/build/arm/build install --record /home/theo/DuoArm/build/arm/install.log --single-version-externally-managed install_data
[1.816s] DEBUG:colcon.colcon_core.event_handler.log_command:Invoking command in '/home/theo/DuoArm/src/command_center': PYTHONPATH=/home/theo/DuoArm/build/command_center/prefix_override:/home/theo/DuoArm/install/command_center/lib/python3.10/site-packages:${PYTHONPATH} /usr/bin/python3 -W ignore:setup.py install is deprecated setup.py egg_info --egg-base ../../build/command_center build --build-base /home/theo/DuoArm/build/command_center/build install --record /home/theo/DuoArm/build/command_center/install.log --single-version-externally-managed install_data
[1.966s] DEBUG:colcon.colcon_core.event_handler.log_command:Invoked command in '/home/theo/DuoArm/src/arm' returned '0': PYTHONPATH=/home/theo/DuoArm/build/arm/prefix_override:/home/theo/DuoArm/install/arm/lib/python3.10/site-packages:${PYTHONPATH} /usr/bin/python3 -W ignore:setup.py install is deprecated setup.py egg_info --egg-base ../../build/arm build --build-base /home/theo/DuoArm/build/arm/build install --record /home/theo/DuoArm/build/arm/install.log --single-version-externally-managed install_data
[1.967s] Level 1:colcon.colcon_core.environment:checking '/home/theo/DuoArm/install/arm' for CMake module files
[1.968s] Level 1:colcon.colcon_core.environment:checking '/home/theo/DuoArm/install/arm' for CMake config files
[1.968s] Level 1:colcon.colcon_core.shell:create_environment_hook('arm', 'cmake_prefix_path')
[1.968s] INFO:colcon.colcon_core.shell:Creating environment hook '/home/theo/DuoArm/install/arm/share/arm/hook/cmake_prefix_path.ps1'
[1.968s] INFO:colcon.colcon_core.shell:Creating environment descriptor '/home/theo/DuoArm/install/arm/share/arm/hook/cmake_prefix_path.dsv'
[1.969s] INFO:colcon.colcon_core.shell:Creating environment hook '/home/theo/DuoArm/install/arm/share/arm/hook/cmake_prefix_path.sh'
[1.969s] Level 1:colcon.colcon_core.environment:checking '/home/theo/DuoArm/install/arm/lib'
[1.969s] Level 1:colcon.colcon_core.environment:checking '/home/theo/DuoArm/install/arm/bin'
[1.969s] Level 1:colcon.colcon_core.environment:checking '/home/theo/DuoArm/install/arm/lib/pkgconfig/arm.pc'
[1.969s] Level 1:colcon.colcon_core.environment:checking '/home/theo/DuoArm/install/arm/lib/python3.10/site-packages'
[1.969s] Level 1:colcon.colcon_core.shell:create_environment_hook('arm', 'pythonpath')
[1.970s] INFO:colcon.colcon_core.shell:Creating environment hook '/home/theo/DuoArm/install/arm/share/arm/hook/pythonpath.ps1'
[1.970s] INFO:colcon.colcon_core.shell:Creating environment descriptor '/home/theo/DuoArm/install/arm/share/arm/hook/pythonpath.dsv'
[1.970s] INFO:colcon.colcon_core.shell:Creating environment hook '/home/theo/DuoArm/install/arm/share/arm/hook/pythonpath.sh'
[1.970s] Level 1:colcon.colcon_core.environment:checking '/home/theo/DuoArm/install/arm/bin'
[1.970s] Level 1:colcon.colcon_core.environment:create_environment_scripts_only(arm)
[1.971s] INFO:colcon.colcon_core.shell:Creating package script '/home/theo/DuoArm/install/arm/share/arm/package.ps1'
[1.971s] INFO:colcon.colcon_core.shell:Creating package descriptor '/home/theo/DuoArm/install/arm/share/arm/package.dsv'
[1.971s] INFO:colcon.colcon_core.shell:Creating package script '/home/theo/DuoArm/install/arm/share/arm/package.sh'
[1.972s] INFO:colcon.colcon_core.shell:Creating package script '/home/theo/DuoArm/install/arm/share/arm/package.bash'
[1.972s] INFO:colcon.colcon_core.shell:Creating package script '/home/theo/DuoArm/install/arm/share/arm/package.zsh'
[1.973s] Level 1:colcon.colcon_core.environment:create_file_with_runtime_dependencies(/home/theo/DuoArm/install/arm/share/colcon-core/packages/arm)
[1.973s] Level 1:colcon.colcon_core.environment:checking '/home/theo/DuoArm/install/command_center' for CMake module files
[1.974s] Level 1:colcon.colcon_core.environment:checking '/home/theo/DuoArm/install/command_center' for CMake config files
[1.974s] DEBUG:colcon.colcon_core.event_handler.log_command:Invoked command in '/home/theo/DuoArm/src/command_center' returned '0': PYTHONPATH=/home/theo/DuoArm/build/command_center/prefix_override:/home/theo/DuoArm/install/command_center/lib/python3.10/site-packages:${PYTHONPATH} /usr/bin/python3 -W ignore:setup.py install is deprecated setup.py egg_info --egg-base ../../build/command_center build --build-base /home/theo/DuoArm/build/command_center/build install --record /home/theo/DuoArm/build/command_center/install.log --single-version-externally-managed install_data
[1.974s] Level 1:colcon.colcon_core.shell:create_environment_hook('command_center', 'cmake_prefix_path')
[1.975s] INFO:colcon.colcon_core.shell:Creating environment hook '/home/theo/DuoArm/install/command_center/share/command_center/hook/cmake_prefix_path.ps1'
[1.975s] INFO:colcon.colcon_core.shell:Creating environment descriptor '/home/theo/DuoArm/install/command_center/share/command_center/hook/cmake_prefix_path.dsv'
[1.975s] INFO:colcon.colcon_core.shell:Creating environment hook '/home/theo/DuoArm/install/command_center/share/command_center/hook/cmake_prefix_path.sh'
[1.975s] Level 1:colcon.colcon_core.environment:checking '/home/theo/DuoArm/install/command_center/lib'
[1.975s] Level 1:colcon.colcon_core.environment:checking '/home/theo/DuoArm/install/command_center/bin'
[1.975s] Level 1:colcon.colcon_core.environment:checking '/home/theo/DuoArm/install/command_center/lib/pkgconfig/command_center.pc'
[1.976s] Level 1:colcon.colcon_core.environment:checking '/home/theo/DuoArm/install/command_center/lib/python3.10/site-packages'
[1.976s] Level 1:colcon.colcon_core.shell:create_environment_hook('command_center', 'pythonpath')
[1.976s] INFO:colcon.colcon_core.shell:Creating environment hook '/home/theo/DuoArm/install/command_center/share/command_center/hook/pythonpath.ps1'
[1.976s] INFO:colcon.colcon_core.shell:Creating environment descriptor '/home/theo/DuoArm/install/command_center/share/command_center/hook/pythonpath.dsv'
[1.976s] INFO:colcon.colcon_core.shell:Creating environment hook '/home/theo/DuoArm/install/command_center/share/command_center/hook/pythonpath.sh'
[1.976s] Level 1:colcon.colcon_core.environment:checking '/home/theo/DuoArm/install/command_center/bin'
[1.977s] Level 1:colcon.colcon_core.environment:create_environment_scripts_only(command_center)
[1.977s] INFO:colcon.colcon_core.shell:Creating package script '/home/theo/DuoArm/install/command_center/share/command_center/package.ps1'
[1.977s] INFO:colcon.colcon_core.shell:Creating package descriptor '/home/theo/DuoArm/install/command_center/share/command_center/package.dsv'
[1.977s] INFO:colcon.colcon_core.shell:Creating package script '/home/theo/DuoArm/install/command_center/share/command_center/package.sh'
[1.977s] INFO:colcon.colcon_core.shell:Creating package script '/home/theo/DuoArm/install/command_center/share/command_center/package.bash'
[1.978s] INFO:colcon.colcon_core.shell:Creating package script '/home/theo/DuoArm/install/command_center/share/command_center/package.zsh'
[1.978s] Level 1:colcon.colcon_core.environment:create_file_with_runtime_dependencies(/home/theo/DuoArm/install/command_center/share/colcon-core/packages/command_center)
[1.979s] Level 1:colcon.colcon_core.environment:checking '/home/theo/DuoArm/install/path_planning' for CMake module files
[1.979s] DEBUG:colcon.colcon_core.event_handler.log_command:Invoked command in '/home/theo/DuoArm/src/path_planning' returned '0': PYTHONPATH=/home/theo/DuoArm/build/path_planning/prefix_override:/home/theo/DuoArm/install/path_planning/lib/python3.10/site-packages:${PYTHONPATH} /usr/bin/python3 -W ignore:setup.py install is deprecated setup.py egg_info --egg-base ../../build/path_planning build --build-base /home/theo/DuoArm/build/path_planning/build install --record /home/theo/DuoArm/build/path_planning/install.log --single-version-externally-managed install_data
[1.980s] Level 1:colcon.colcon_core.environment:checking '/home/theo/DuoArm/install/path_planning' for CMake config files
[1.980s] Level 1:colcon.colcon_core.shell:create_environment_hook('path_planning', 'cmake_prefix_path')
[1.980s] INFO:colcon.colcon_core.shell:Creating environment hook '/home/theo/DuoArm/install/path_planning/share/path_planning/hook/cmake_prefix_path.ps1'
[1.980s] INFO:colcon.colcon_core.shell:Creating environment descriptor '/home/theo/DuoArm/install/path_planning/share/path_planning/hook/cmake_prefix_path.dsv'
[1.981s] INFO:colcon.colcon_core.shell:Creating environment hook '/home/theo/DuoArm/install/path_planning/share/path_planning/hook/cmake_prefix_path.sh'
[1.981s] Level 1:colcon.colcon_core.environment:checking '/home/theo/DuoArm/install/path_planning/lib'
[1.981s] Level 1:colcon.colcon_core.environment:checking '/home/theo/DuoArm/install/path_planning/bin'
[1.981s] Level 1:colcon.colcon_core.environment:checking '/home/theo/DuoArm/install/path_planning/lib/pkgconfig/path_planning.pc'
[1.981s] Level 1:colcon.colcon_core.environment:checking '/home/theo/DuoArm/install/path_planning/lib/python3.10/site-packages'
[1.981s] Level 1:colcon.colcon_core.shell:create_environment_hook('path_planning', 'pythonpath')
[1.981s] INFO:colcon.colcon_core.shell:Creating environment hook '/home/theo/DuoArm/install/path_planning/share/path_planning/hook/pythonpath.ps1'
[1.982s] INFO:colcon.colcon_core.shell:Creating environment descriptor '/home/theo/DuoArm/install/path_planning/share/path_planning/hook/pythonpath.dsv'
[1.982s] INFO:colcon.colcon_core.shell:Creating environment hook '/home/theo/DuoArm/install/path_planning/share/path_planning/hook/pythonpath.sh'
[1.982s] Level 1:colcon.colcon_core.environment:checking '/home/theo/DuoArm/install/path_planning/bin'
[1.982s] Level 1:colcon.colcon_core.environment:create_environment_scripts_only(path_planning)
[1.982s] INFO:colcon.colcon_core.shell:Creating package script '/home/theo/DuoArm/install/path_planning/share/path_planning/package.ps1'
[1.983s] INFO:colcon.colcon_core.shell:Creating package descriptor '/home/theo/DuoArm/install/path_planning/share/path_planning/package.dsv'
[1.983s] INFO:colcon.colcon_core.shell:Creating package script '/home/theo/DuoArm/install/path_planning/share/path_planning/package.sh'
[1.983s] INFO:colcon.colcon_core.shell:Creating package script '/home/theo/DuoArm/install/path_planning/share/path_planning/package.bash'
[1.983s] INFO:colcon.colcon_core.shell:Creating package script '/home/theo/DuoArm/install/path_planning/share/path_planning/package.zsh'
[1.984s] Level 1:colcon.colcon_core.environment:create_file_with_runtime_dependencies(/home/theo/DuoArm/install/path_planning/share/colcon-core/packages/path_planning)
[1.984s] DEBUG:colcon.colcon_parallel_executor.executor.parallel:closing loop
[1.984s] DEBUG:colcon.colcon_parallel_executor.executor.parallel:loop closed
[1.984s] DEBUG:colcon.colcon_parallel_executor.executor.parallel:run_until_complete finished with '0'
[1.985s] DEBUG:colcon.colcon_core.event_reactor:joining thread
[2.018s] INFO:colcon.colcon_core.plugin_system:Skipping extension 'colcon_notification.desktop_notification.notify_send': Could not find 'notify-send'
[2.018s] INFO:colcon.colcon_core.plugin_system:Skipping extension 'colcon_notification.desktop_notification.terminal_notifier': Not used on non-Darwin systems
[2.018s] INFO:colcon.colcon_core.plugin_system:Skipping extension 'colcon_notification.desktop_notification.win32': Not used on non-Windows systems
[2.018s] INFO:colcon.colcon_notification.desktop_notification:Sending desktop notification using 'notify2'
[2.018s] DEBUG:colcon.colcon_notification.desktop_notification.notify2:Failed to initialize notify2: org.freedesktop.DBus.Error.FileNotFound: Failed to connect to socket /run/user/1000/bus: No such file or directory
[2.018s] DEBUG:colcon.colcon_core.event_reactor:joined thread
[2.019s] INFO:colcon.colcon_core.shell:Creating prefix script '/home/theo/DuoArm/install/local_setup.ps1'
[2.020s] INFO:colcon.colcon_core.shell:Creating prefix util module '/home/theo/DuoArm/install/_local_setup_util_ps1.py'
[2.021s] INFO:colcon.colcon_core.shell:Creating prefix chain script '/home/theo/DuoArm/install/setup.ps1'
[2.023s] INFO:colcon.colcon_core.shell:Creating prefix script '/home/theo/DuoArm/install/local_setup.sh'
[2.023s] INFO:colcon.colcon_core.shell:Creating prefix util module '/home/theo/DuoArm/install/_local_setup_util_sh.py'
[2.024s] INFO:colcon.colcon_core.shell:Creating prefix chain script '/home/theo/DuoArm/install/setup.sh'
[2.024s] INFO:colcon.colcon_core.shell:Creating prefix script '/home/theo/DuoArm/install/local_setup.bash'
[2.025s] INFO:colcon.colcon_core.shell:Creating prefix chain script '/home/theo/DuoArm/install/setup.bash'
[2.025s] INFO:colcon.colcon_core.shell:Creating prefix script '/home/theo/DuoArm/install/local_setup.zsh'
[2.025s] INFO:colcon.colcon_core.shell:Creating prefix chain script '/home/theo/DuoArm/install/setup.zsh'
