[0.061s] Invoking command in '/home/theomagnor/DuoArm/build/arm': /usr/bin/cmake --build /home/theomagnor/DuoArm/build/arm -- -j4 -l4
[0.449s] Invoked command in '/home/theomagnor/DuoArm/build/arm' returned '0': /usr/bin/cmake --build /home/theomagnor/DuoArm/build/arm -- -j4 -l4
[0.674s] Invoking command in '/home/theomagnor/DuoArm/build/arm': /usr/bin/cmake --install /home/theomagnor/DuoArm/build/arm
[0.721s] -- Install configuration: ""
[0.723s] -- Up-to-date: /home/theomagnor/DuoArm/install/arm/share/arm//launch
[0.723s] -- Up-to-date: /home/theomagnor/DuoArm/install/arm/share/arm//launch/arm.launch.py
[0.725s] -- Up-to-date: /home/theomagnor/DuoArm/install/arm/share/arm//urdf
[0.728s] -- Up-to-date: /home/theomagnor/DuoArm/install/arm/share/arm//urdf/duoArm2.urdf
[0.729s] -- Up-to-date: /home/theomagnor/DuoArm/install/arm/share/arm//urdf/lta-passivarm.part
[0.730s] -- Up-to-date: /home/theomagnor/DuoArm/install/arm/share/arm//urdf/robot.urdf
[0.730s] -- Up-to-date: /home/theomagnor/DuoArm/install/arm/share/arm//urdf/activearm.part
[0.730s] -- Up-to-date: /home/theomagnor/DuoArm/install/arm/share/arm//urdf/lta-tooladaptertest.part
[0.731s] -- Up-to-date: /home/theomagnor/DuoArm/install/arm/share/arm//urdf/tooltest.part
[0.731s] -- Up-to-date: /home/theomagnor/DuoArm/install/arm/share/arm//urdf/lta-body.part
[0.738s] -- Up-to-date: /home/theomagnor/DuoArm/install/arm/share/arm//meshes
[0.738s] -- Up-to-date: /home/theomagnor/DuoArm/install/arm/share/arm//meshes/activearm.stl
[0.739s] -- Up-to-date: /home/theomagnor/DuoArm/install/arm/share/arm//meshes/lta-body.stl
[0.739s] -- Up-to-date: /home/theomagnor/DuoArm/install/arm/share/arm//meshes/tooltest.stl
[0.745s] -- Up-to-date: /home/theomagnor/DuoArm/install/arm/share/arm//meshes/lta-tooladaptertest.stl
[0.745s] -- Up-to-date: /home/theomagnor/DuoArm/install/arm/share/arm//meshes/lta-passivarm.stl
[0.747s] -- Up-to-date: /home/theomagnor/DuoArm/install/arm/share/ament_index/resource_index/package_run_dependencies/arm
[0.749s] -- Up-to-date: /home/theomagnor/DuoArm/install/arm/share/ament_index/resource_index/parent_prefix_path/arm
[0.749s] -- Up-to-date: /home/theomagnor/DuoArm/install/arm/share/arm/environment/ament_prefix_path.sh
[0.750s] -- Up-to-date: /home/theomagnor/DuoArm/install/arm/share/arm/environment/ament_prefix_path.dsv
[0.750s] -- Up-to-date: /home/theomagnor/DuoArm/install/arm/share/arm/environment/path.sh
[0.751s] -- Up-to-date: /home/theomagnor/DuoArm/install/arm/share/arm/environment/path.dsv
[0.761s] -- Up-to-date: /home/theomagnor/DuoArm/install/arm/share/arm/local_setup.bash
[0.762s] -- Up-to-date: /home/theomagnor/DuoArm/install/arm/share/arm/local_setup.sh
[0.763s] -- Up-to-date: /home/theomagnor/DuoArm/install/arm/share/arm/local_setup.zsh
[0.763s] -- Up-to-date: /home/theomagnor/DuoArm/install/arm/share/arm/local_setup.dsv
[0.764s] -- Installing: /home/theomagnor/DuoArm/install/arm/share/arm/package.dsv
[0.765s] -- Up-to-date: /home/theomagnor/DuoArm/install/arm/share/ament_index/resource_index/packages/arm
[0.765s] -- Up-to-date: /home/theomagnor/DuoArm/install/arm/share/arm/cmake/armConfig.cmake
[0.766s] -- Up-to-date: /home/theomagnor/DuoArm/install/arm/share/arm/cmake/armConfig-version.cmake
[0.767s] -- Up-to-date: /home/theomagnor/DuoArm/install/arm/share/arm/package.xml
[0.782s] Invoked command in '/home/theomagnor/DuoArm/build/arm' returned '0': /usr/bin/cmake --install /home/theomagnor/DuoArm/build/arm
