[0.015s] Invoking command in '/home/theo/DuoArm/build/command_center': CMAKE_PREFIX_PATH=${CMAKE_PREFIX_PATH}:/opt/ros/humble /usr/bin/cmake --build /home/theo/DuoArm/build/command_center -- -j20 -l20
[0.023s] -- Found ament_cmake: 1.3.8 (/opt/ros/humble/share/ament_cmake/cmake)
[0.095s] -- Found ament_lint_auto: 0.12.10 (/opt/ros/humble/share/ament_lint_auto/cmake)
[0.135s] -- Added test 'flake8' to check Python code syntax and style conventions
[0.135s] -- Added test 'lint_cmake' to check CMake code style
[0.135s] -- Added test 'pep257' to check Python code against some of the docstring style conventions in PEP 257
[0.136s] -- Added test 'xmllint' to check XML markup files
[0.136s] -- Configuring done
[0.137s] -- Generating done
[0.138s] -- Build files have been written to: /home/theo/DuoArm/build/command_center
[0.150s] Invoked command in '/home/theo/DuoArm/build/command_center' returned '0': CMAKE_PREFIX_PATH=${CMAKE_PREFIX_PATH}:/opt/ros/humble /usr/bin/cmake --build /home/theo/DuoArm/build/command_center -- -j20 -l20
[0.160s] Invoking command in '/home/theo/DuoArm/build/command_center': CMAKE_PREFIX_PATH=${CMAKE_PREFIX_PATH}:/opt/ros/humble /usr/bin/cmake --install /home/theo/DuoArm/build/command_center
[0.164s] -- Install configuration: ""
[0.164s] [31mCMake Error at cmake_install.cmake:46 (file):
[0.164s]   file INSTALL cannot find
[0.164s]   "/home/theo/DuoArm/src/command_center/command_center": No such file or
[0.164s]   directory.
[0.164s] 
[0.164s] [0m
[0.165s] Invoked command in '/home/theo/DuoArm/build/command_center' returned '1': CMAKE_PREFIX_PATH=${CMAKE_PREFIX_PATH}:/opt/ros/humble /usr/bin/cmake --install /home/theo/DuoArm/build/command_center
