[5.249s] Invoking command in '/home/theomagnor/DuoArm/src/arm': PYTHONPATH=/home/theomagnor/DuoArm/build/arm/prefix_override:/home/theomagnor/DuoArm/install/arm/lib/python3.10/site-packages: /usr/bin/python3 -W ignore:setup.py install is deprecated setup.py egg_info --egg-base ../../build/arm build --build-base /home/theomagnor/DuoArm/build/arm/build install --record /home/theomagnor/DuoArm/build/arm/install.log --single-version-externally-managed install_data
[6.356s] running egg_info
[6.360s] writing ../../build/arm/arm.egg-info/PKG-INFO
[6.364s] writing dependency_links to ../../build/arm/arm.egg-info/dependency_links.txt
[6.367s] writing entry points to ../../build/arm/arm.egg-info/entry_points.txt
[6.369s] writing requirements to ../../build/arm/arm.egg-info/requires.txt
[6.384s] writing top-level names to ../../build/arm/arm.egg-info/top_level.txt
[6.396s] reading manifest file '../../build/arm/arm.egg-info/SOURCES.txt'
[6.397s] adding license file 'LICENSE'
[6.409s] writing manifest file '../../build/arm/arm.egg-info/SOURCES.txt'
[6.409s] running build
[6.410s] running build_py
[6.410s] running install
[6.412s] running install_lib
[6.418s] running install_data
[6.418s] copying resource/arm -> /home/theomagnor/DuoArm/install/arm/share/ament_index/resource_index/packages
[6.420s] running install_egg_info
[6.427s] removing '/home/theomagnor/DuoArm/install/arm/lib/python3.10/site-packages/arm-0.0.0-py3.10.egg-info' (and everything under it)
[6.429s] Copying ../../build/arm/arm.egg-info to /home/theomagnor/DuoArm/install/arm/lib/python3.10/site-packages/arm-0.0.0-py3.10.egg-info
[6.438s] running install_scripts
[6.572s] writing list of installed files to '/home/theomagnor/DuoArm/build/arm/install.log'
[6.851s] Invoked command in '/home/theomagnor/DuoArm/src/arm' returned '0': PYTHONPATH=/home/theomagnor/DuoArm/build/arm/prefix_override:/home/theomagnor/DuoArm/install/arm/lib/python3.10/site-packages: /usr/bin/python3 -W ignore:setup.py install is deprecated setup.py egg_info --egg-base ../../build/arm build --build-base /home/theomagnor/DuoArm/build/arm/build install --record /home/theomagnor/DuoArm/build/arm/install.log --single-version-externally-managed install_data
