[6.165s] Invoking command in '/home/theomagnor/DuoArm/src/arm': PYTHONPATH=/home/theomagnor/DuoArm/build/arm/prefix_override:/home/theomagnor/DuoArm/install/arm/lib/python3.10/site-packages:${PYTHONPATH} /usr/bin/python3 -W ignore:setup.py install is deprecated setup.py egg_info --egg-base ../../build/arm build --build-base /home/theomagnor/DuoArm/build/arm/build install --record /home/theomagnor/DuoArm/build/arm/install.log --single-version-externally-managed install_data
[7.675s] running egg_info
[7.679s] writing ../../build/arm/arm.egg-info/PKG-INFO
[7.680s] writing dependency_links to ../../build/arm/arm.egg-info/dependency_links.txt
[7.682s] writing entry points to ../../build/arm/arm.egg-info/entry_points.txt
[7.683s] writing requirements to ../../build/arm/arm.egg-info/requires.txt
[7.685s] writing top-level names to ../../build/arm/arm.egg-info/top_level.txt
[7.695s] reading manifest file '../../build/arm/arm.egg-info/SOURCES.txt'
[7.696s] adding license file 'LICENSE'
[7.699s] writing manifest file '../../build/arm/arm.egg-info/SOURCES.txt'
[7.701s] running build
[7.701s] running build_py
[7.707s] running install
[7.708s] running install_lib
[7.714s] running install_data
[7.718s] running install_egg_info
[7.735s] removing '/home/theomagnor/DuoArm/install/arm/lib/python3.10/site-packages/arm-0.0.0-py3.10.egg-info' (and everything under it)
[7.742s] Copying ../../build/arm/arm.egg-info to /home/theomagnor/DuoArm/install/arm/lib/python3.10/site-packages/arm-0.0.0-py3.10.egg-info
[7.743s] running install_scripts
[7.920s] writing list of installed files to '/home/theomagnor/DuoArm/build/arm/install.log'
[8.190s] Invoked command in '/home/theomagnor/DuoArm/src/arm' returned '0': PYTHONPATH=/home/theomagnor/DuoArm/build/arm/prefix_override:/home/theomagnor/DuoArm/install/arm/lib/python3.10/site-packages:${PYTHONPATH} /usr/bin/python3 -W ignore:setup.py install is deprecated setup.py egg_info --egg-base ../../build/arm build --build-base /home/theomagnor/DuoArm/build/arm/build install --record /home/theomagnor/DuoArm/build/arm/install.log --single-version-externally-managed install_data
