<<<<<<< HEAD
/home/theomagnor/DuoArm/install/arm/lib/python3.10/site-packages/arm/__init__.py
/home/theomagnor/DuoArm/install/arm/lib/python3.10/site-packages/arm/__pycache__/__init__.cpython-310.pyc
/home/theomagnor/DuoArm/install/arm/share/ament_index/resource_index/packages/arm
/home/theomagnor/DuoArm/install/arm/share/arm/package.xml
/home/theomagnor/DuoArm/install/arm/share/arm/launch/arm_launch.py
/home/theomagnor/DuoArm/install/arm/lib/python3.10/site-packages/arm-0.0.0-py3.10.egg-info/dependency_links.txt
/home/theomagnor/DuoArm/install/arm/lib/python3.10/site-packages/arm-0.0.0-py3.10.egg-info/top_level.txt
/home/theomagnor/DuoArm/install/arm/lib/python3.10/site-packages/arm-0.0.0-py3.10.egg-info/requires.txt
/home/theomagnor/DuoArm/install/arm/lib/python3.10/site-packages/arm-0.0.0-py3.10.egg-info/entry_points.txt
/home/theomagnor/DuoArm/install/arm/lib/python3.10/site-packages/arm-0.0.0-py3.10.egg-info/SOURCES.txt
/home/theomagnor/DuoArm/install/arm/lib/python3.10/site-packages/arm-0.0.0-py3.10.egg-info/zip-safe
/home/theomagnor/DuoArm/install/arm/lib/python3.10/site-packages/arm-0.0.0-py3.10.egg-info/PKG-INFO
=======
/home/asklindbraten/DuoArm/install/arm/lib/python3.10/site-packages/arm/__init__.py
/home/asklindbraten/DuoArm/install/arm/lib/python3.10/site-packages/arm/__pycache__/__init__.cpython-310.pyc
/home/asklindbraten/DuoArm/install/arm/share/ament_index/resource_index/packages/arm
/home/asklindbraten/DuoArm/install/arm/share/arm/package.xml
/home/asklindbraten/DuoArm/install/arm/share/arm/launch/arm_launch.py
/home/asklindbraten/DuoArm/install/arm/lib/python3.10/site-packages/arm-0.0.0-py3.10.egg-info/dependency_links.txt
/home/asklindbraten/DuoArm/install/arm/lib/python3.10/site-packages/arm-0.0.0-py3.10.egg-info/top_level.txt
/home/asklindbraten/DuoArm/install/arm/lib/python3.10/site-packages/arm-0.0.0-py3.10.egg-info/requires.txt
/home/asklindbraten/DuoArm/install/arm/lib/python3.10/site-packages/arm-0.0.0-py3.10.egg-info/entry_points.txt
/home/asklindbraten/DuoArm/install/arm/lib/python3.10/site-packages/arm-0.0.0-py3.10.egg-info/SOURCES.txt
/home/asklindbraten/DuoArm/install/arm/lib/python3.10/site-packages/arm-0.0.0-py3.10.egg-info/zip-safe
/home/asklindbraten/DuoArm/install/arm/lib/python3.10/site-packages/arm-0.0.0-py3.10.egg-info/PKG-INFO
>>>>>>> development
