[0.879s] Invoking command in '/home/theo/DuoArm/src/arm': PYTHONPATH=/home/theo/DuoArm/build/arm/prefix_override:/home/theo/DuoArm/install/arm/lib/python3.10/site-packages:${PYTHONPATH} /usr/bin/python3 -W ignore:setup.py install is deprecated setup.py egg_info --egg-base ../../build/arm build --build-base /home/theo/DuoArm/build/arm/build install --record /home/theo/DuoArm/build/arm/install.log --single-version-externally-managed install_data
[0.999s] running egg_info
[0.999s] writing ../../build/arm/arm.egg-info/PKG-INFO
[0.999s] writing dependency_links to ../../build/arm/arm.egg-info/dependency_links.txt
[1.000s] writing entry points to ../../build/arm/arm.egg-info/entry_points.txt
[1.000s] writing requirements to ../../build/arm/arm.egg-info/requires.txt
[1.000s] writing top-level names to ../../build/arm/arm.egg-info/top_level.txt
[1.001s] reading manifest file '../../build/arm/arm.egg-info/SOURCES.txt'
[1.001s] adding license file 'LICENSE'
[1.001s] writing manifest file '../../build/arm/arm.egg-info/SOURCES.txt'
[1.002s] running build
[1.002s] running build_py
[1.002s] running install
[1.002s] running install_lib
[1.002s] running install_data
[1.003s] running install_egg_info
[1.004s] removing '/home/theo/DuoArm/install/arm/lib/python3.10/site-packages/arm-0.0.0-py3.10.egg-info' (and everything under it)
[1.004s] Copying ../../build/arm/arm.egg-info to /home/theo/DuoArm/install/arm/lib/python3.10/site-packages/arm-0.0.0-py3.10.egg-info
[1.005s] running install_scripts
[1.018s] writing list of installed files to '/home/theo/DuoArm/build/arm/install.log'
[1.052s] Invoked command in '/home/theo/DuoArm/src/arm' returned '0': PYTHONPATH=/home/theo/DuoArm/build/arm/prefix_override:/home/theo/DuoArm/install/arm/lib/python3.10/site-packages:${PYTHONPATH} /usr/bin/python3 -W ignore:setup.py install is deprecated setup.py egg_info --egg-base ../../build/arm build --build-base /home/theo/DuoArm/build/arm/build install --record /home/theo/DuoArm/build/arm/install.log --single-version-externally-managed install_data
