[0.792s] Invoking command in '/home/theo/DuoArm/src/path_planning': PYTHONPATH=/home/theo/DuoArm/build/path_planning/prefix_override:/home/theo/DuoArm/install/path_planning/lib/python3.10/site-packages:${PYTHONPATH} /usr/bin/python3 -W ignore:setup.py install is deprecated setup.py egg_info --egg-base ../../build/path_planning build --build-base /home/theo/DuoArm/build/path_planning/build install --record /home/theo/DuoArm/build/path_planning/install.log --single-version-externally-managed install_data
[0.948s] running egg_info
[0.949s] writing ../../build/path_planning/path_planning.egg-info/PKG-INFO
[0.949s] writing dependency_links to ../../build/path_planning/path_planning.egg-info/dependency_links.txt
[0.950s] writing entry points to ../../build/path_planning/path_planning.egg-info/entry_points.txt
[0.950s] writing requirements to ../../build/path_planning/path_planning.egg-info/requires.txt
[0.950s] writing top-level names to ../../build/path_planning/path_planning.egg-info/top_level.txt
[0.952s] reading manifest file '../../build/path_planning/path_planning.egg-info/SOURCES.txt'
[0.953s] adding license file 'LICENSE'
[0.954s] writing manifest file '../../build/path_planning/path_planning.egg-info/SOURCES.txt'
[0.954s] running build
[0.954s] running build_py
[0.955s] copying path_planning/auto_mapper.py -> /home/theo/DuoArm/build/path_planning/build/lib/path_planning
[0.956s] running install
[0.956s] running install_lib
[0.956s] copying /home/theo/DuoArm/build/path_planning/build/lib/path_planning/auto_mapper.py -> /home/theo/DuoArm/install/path_planning/lib/python3.10/site-packages/path_planning
[0.957s] byte-compiling /home/theo/DuoArm/install/path_planning/lib/python3.10/site-packages/path_planning/auto_mapper.py to auto_mapper.cpython-310.pyc
[0.959s] running install_data
[0.959s] running install_egg_info
[0.961s] removing '/home/theo/DuoArm/install/path_planning/lib/python3.10/site-packages/path_planning-0.0.0-py3.10.egg-info' (and everything under it)
[0.961s] Copying ../../build/path_planning/path_planning.egg-info to /home/theo/DuoArm/install/path_planning/lib/python3.10/site-packages/path_planning-0.0.0-py3.10.egg-info
[0.962s] running install_scripts
[0.982s] Installing auto_mapper script to /home/theo/DuoArm/install/path_planning/lib/path_planning
[0.982s] writing list of installed files to '/home/theo/DuoArm/build/path_planning/install.log'
[1.012s] Invoked command in '/home/theo/DuoArm/src/path_planning' returned '0': PYTHONPATH=/home/theo/DuoArm/build/path_planning/prefix_override:/home/theo/DuoArm/install/path_planning/lib/python3.10/site-packages:${PYTHONPATH} /usr/bin/python3 -W ignore:setup.py install is deprecated setup.py egg_info --egg-base ../../build/path_planning build --build-base /home/theo/DuoArm/build/path_planning/build install --record /home/theo/DuoArm/build/path_planning/install.log --single-version-externally-managed install_data
