[1.027s] Invoking command in '/home/theo/DuoArm/src/controll_center': PYTHONPATH=/home/theo/DuoArm/build/controll_center/prefix_override:/home/theo/DuoArm/install/controll_center/lib/python3.10/site-packages:${PYTHONPATH} /usr/bin/python3 -W ignore:setup.py install is deprecated setup.py egg_info --egg-base ../../build/controll_center build --build-base /home/theo/DuoArm/build/controll_center/build install --record /home/theo/DuoArm/build/controll_center/install.log --single-version-externally-managed install_data
[1.224s] running egg_info
[1.225s] writing ../../build/controll_center/controll_center.egg-info/PKG-INFO
[1.225s] writing dependency_links to ../../build/controll_center/controll_center.egg-info/dependency_links.txt
[1.225s] writing entry points to ../../build/controll_center/controll_center.egg-info/entry_points.txt
[1.225s] writing requirements to ../../build/controll_center/controll_center.egg-info/requires.txt
[1.225s] writing top-level names to ../../build/controll_center/controll_center.egg-info/top_level.txt
[1.227s] reading manifest file '../../build/controll_center/controll_center.egg-info/SOURCES.txt'
[1.227s] adding license file 'LICENSE'
[1.228s] writing manifest file '../../build/controll_center/controll_center.egg-info/SOURCES.txt'
[1.228s] running build
[1.228s] running build_py
[1.229s] running install
[1.229s] running install_lib
[1.230s] running install_data
[1.230s] running install_egg_info
[1.232s] removing '/home/theo/DuoArm/install/controll_center/lib/python3.10/site-packages/controll_center-0.0.0-py3.10.egg-info' (and everything under it)
[1.232s] Copying ../../build/controll_center/controll_center.egg-info to /home/theo/DuoArm/install/controll_center/lib/python3.10/site-packages/controll_center-0.0.0-py3.10.egg-info
[1.234s] running install_scripts
[1.251s] Installing action_controller script to /home/theo/DuoArm/install/controll_center/lib/controll_center
[1.251s] Installing command_executor script to /home/theo/DuoArm/install/controll_center/lib/controll_center
[1.251s] Installing command_window script to /home/theo/DuoArm/install/controll_center/lib/controll_center
[1.252s] Installing display script to /home/theo/DuoArm/install/controll_center/lib/controll_center
[1.252s] Installing joystick_controller script to /home/theo/DuoArm/install/controll_center/lib/controll_center
[1.253s] writing list of installed files to '/home/theo/DuoArm/build/controll_center/install.log'
[1.282s] Invoked command in '/home/theo/DuoArm/src/controll_center' returned '0': PYTHONPATH=/home/theo/DuoArm/build/controll_center/prefix_override:/home/theo/DuoArm/install/controll_center/lib/python3.10/site-packages:${PYTHONPATH} /usr/bin/python3 -W ignore:setup.py install is deprecated setup.py egg_info --egg-base ../../build/controll_center build --build-base /home/theo/DuoArm/build/controll_center/build install --record /home/theo/DuoArm/build/controll_center/install.log --single-version-externally-managed install_data
