[0.748s] Invoking command in '/home/theo/DuoArm/src/controll_center': PYTHONPATH=/home/theo/DuoArm/build/controll_center/prefix_override:/home/theo/DuoArm/install/controll_center/lib/python3.10/site-packages:${PYTHONPATH} /usr/bin/python3 -W ignore:setup.py install is deprecated setup.py egg_info --egg-base ../../build/controll_center build --build-base /home/theo/DuoArm/build/controll_center/build install --record /home/theo/DuoArm/build/controll_center/install.log --single-version-externally-managed install_data
[0.860s] running egg_info
[0.860s] writing ../../build/controll_center/controll_center.egg-info/PKG-INFO
[0.860s] writing dependency_links to ../../build/controll_center/controll_center.egg-info/dependency_links.txt
[0.860s] writing entry points to ../../build/controll_center/controll_center.egg-info/entry_points.txt
[0.860s] writing requirements to ../../build/controll_center/controll_center.egg-info/requires.txt
[0.861s] writing top-level names to ../../build/controll_center/controll_center.egg-info/top_level.txt
[0.861s] reading manifest file '../../build/controll_center/controll_center.egg-info/SOURCES.txt'
[0.861s] adding license file 'LICENSE'
[0.862s] writing manifest file '../../build/controll_center/controll_center.egg-info/SOURCES.txt'
[0.862s] running build
[0.862s] running build_py
[0.862s] copying controll_center/display.py -> /home/theo/DuoArm/build/controll_center/build/lib/controll_center
[0.863s] running install
[0.863s] running install_lib
[0.863s] copying /home/theo/DuoArm/build/controll_center/build/lib/controll_center/display.py -> /home/theo/DuoArm/install/controll_center/lib/python3.10/site-packages/controll_center
[0.863s] byte-compiling /home/theo/DuoArm/install/controll_center/lib/python3.10/site-packages/controll_center/display.py to display.cpython-310.pyc
[0.863s] running install_data
[0.864s] running install_egg_info
[0.865s] removing '/home/theo/DuoArm/install/controll_center/lib/python3.10/site-packages/controll_center-0.0.0-py3.10.egg-info' (and everything under it)
[0.865s] Copying ../../build/controll_center/controll_center.egg-info to /home/theo/DuoArm/install/controll_center/lib/python3.10/site-packages/controll_center-0.0.0-py3.10.egg-info
[0.865s] running install_scripts
[0.877s] Installing command_executor script to /home/theo/DuoArm/install/controll_center/lib/controll_center
[0.877s] Installing command_window script to /home/theo/DuoArm/install/controll_center/lib/controll_center
[0.877s] Installing display script to /home/theo/DuoArm/install/controll_center/lib/controll_center
[0.877s] writing list of installed files to '/home/theo/DuoArm/build/controll_center/install.log'
[0.905s] Invoked command in '/home/theo/DuoArm/src/controll_center' returned '0': PYTHONPATH=/home/theo/DuoArm/build/controll_center/prefix_override:/home/theo/DuoArm/install/controll_center/lib/python3.10/site-packages:${PYTHONPATH} /usr/bin/python3 -W ignore:setup.py install is deprecated setup.py egg_info --egg-base ../../build/controll_center build --build-base /home/theo/DuoArm/build/controll_center/build install --record /home/theo/DuoArm/build/controll_center/install.log --single-version-externally-managed install_data
