[0.600s] Invoking command in '/home/theo/DuoArm/src/arm': PYTHONPATH=/home/theo/DuoArm/build/arm/prefix_override:/home/theo/DuoArm/install/arm/lib/python3.10/site-packages:${PYTHONPATH} /usr/bin/python3 -W ignore:setup.py install is deprecated setup.py egg_info --egg-base ../../build/arm build --build-base /home/theo/DuoArm/build/arm/build install --record /home/theo/DuoArm/build/arm/install.log --single-version-externally-managed install_data
[0.716s] running egg_info
[0.716s] writing ../../build/arm/arm.egg-info/PKG-INFO
[0.717s] writing dependency_links to ../../build/arm/arm.egg-info/dependency_links.txt
[0.718s] writing entry points to ../../build/arm/arm.egg-info/entry_points.txt
[0.718s] writing requirements to ../../build/arm/arm.egg-info/requires.txt
[0.718s] writing top-level names to ../../build/arm/arm.egg-info/top_level.txt
[0.718s] reading manifest file '../../build/arm/arm.egg-info/SOURCES.txt'
[0.719s] adding license file 'LICENSE'
[0.719s] writing manifest file '../../build/arm/arm.egg-info/SOURCES.txt'
[0.719s] running build
[0.720s] running build_py
[0.720s] running install
[0.720s] running install_lib
[0.721s] running install_data
[0.721s] running install_egg_info
[0.722s] removing '/home/theo/DuoArm/install/arm/lib/python3.10/site-packages/arm-0.0.0-py3.10.egg-info' (and everything under it)
[0.722s] Copying ../../build/arm/arm.egg-info to /home/theo/DuoArm/install/arm/lib/python3.10/site-packages/arm-0.0.0-py3.10.egg-info
[0.722s] running install_scripts
[0.735s] writing list of installed files to '/home/theo/DuoArm/build/arm/install.log'
[0.752s] Invoked command in '/home/theo/DuoArm/src/arm' returned '0': PYTHONPATH=/home/theo/DuoArm/build/arm/prefix_override:/home/theo/DuoArm/install/arm/lib/python3.10/site-packages:${PYTHONPATH} /usr/bin/python3 -W ignore:setup.py install is deprecated setup.py egg_info --egg-base ../../build/arm build --build-base /home/theo/DuoArm/build/arm/build install --record /home/theo/DuoArm/build/arm/install.log --single-version-externally-managed install_data
