[0.060s] Invoking command in '/home/theomagnor/DuoArm/build/arm': CMAKE_PREFIX_PATH=/opt/ros/humble /usr/bin/cmake /home/theomagnor/DuoArm/src/arm -DCMAKE_INSTALL_PREFIX=/home/theomagnor/DuoArm/install/arm
[0.923s] -- The C compiler identification is GNU 11.4.0
[1.615s] -- The CXX compiler identification is GNU 11.4.0
[1.666s] -- Detecting C compiler ABI info
[2.031s] -- Detecting C compiler ABI info - done
[2.057s] -- Check for working C compiler: /usr/bin/cc - skipped
[2.059s] -- Detecting C compile features
[2.062s] -- Detecting C compile features - done
[2.076s] -- Detecting CXX compiler ABI info
[2.442s] -- Detecting CXX compiler ABI info - done
[2.470s] -- Check for working CXX compiler: /usr/bin/c++ - skipped
[2.471s] -- Detecting CXX compile features
[2.472s] -- Detecting CXX compile features - done
[2.503s] -- Found ament_cmake: 1.3.8 (/opt/ros/humble/share/ament_cmake/cmake)
[3.240s] -- Found Python3: /usr/bin/python3 (found version "3.10.12") found components: Interpreter 
[3.841s] -- Found ament_lint_auto: 0.12.10 (/opt/ros/humble/share/ament_lint_auto/cmake)
[4.294s] -- Added test 'flake8' to check Python code syntax and style conventions
[4.300s] -- Added test 'lint_cmake' to check CMake code style
[4.304s] -- Added test 'pep257' to check Python code against some of the docstring style conventions in PEP 257
[4.320s] -- Added test 'xmllint' to check XML markup files
[4.335s] -- Configuring done
[4.356s] -- Generating done
[4.361s] -- Build files have been written to: /home/theomagnor/DuoArm/build/arm
[4.377s] Invoked command in '/home/theomagnor/DuoArm/build/arm' returned '0': CMAKE_PREFIX_PATH=/opt/ros/humble /usr/bin/cmake /home/theomagnor/DuoArm/src/arm -DCMAKE_INSTALL_PREFIX=/home/theomagnor/DuoArm/install/arm
[4.389s] Invoking command in '/home/theomagnor/DuoArm/build/arm': CMAKE_PREFIX_PATH=/opt/ros/humble /usr/bin/cmake --build /home/theomagnor/DuoArm/build/arm -- -j4 -l4
[4.548s] Invoked command in '/home/theomagnor/DuoArm/build/arm' returned '0': CMAKE_PREFIX_PATH=/opt/ros/humble /usr/bin/cmake --build /home/theomagnor/DuoArm/build/arm -- -j4 -l4
[4.694s] Invoking command in '/home/theomagnor/DuoArm/build/arm': CMAKE_PREFIX_PATH=/opt/ros/humble /usr/bin/cmake --install /home/theomagnor/DuoArm/build/arm
[4.722s] -- Install configuration: ""
[4.723s] [31mCMake Error at cmake_install.cmake:46 (file):
[4.723s]   file INSTALL cannot find "/home/theomagnor/DuoArm/src/arm/launch": No such
[4.724s]   file or directory.
[4.724s] 
[4.724s] [0m
[4.727s] Invoked command in '/home/theomagnor/DuoArm/build/arm' returned '1': CMAKE_PREFIX_PATH=/opt/ros/humble /usr/bin/cmake --install /home/theomagnor/DuoArm/build/arm
