[1.194s] Invoking command in '/home/theo/DuoArm/src/arm': PYTHONPATH=/home/theo/DuoArm/build/arm/prefix_override:/home/theo/DuoArm/install/arm/lib/python3.10/site-packages:${PYTHONPATH} /usr/bin/python3 -W ignore:setup.py install is deprecated setup.py egg_info --egg-base ../../build/arm build --build-base /home/theo/DuoArm/build/arm/build install --record /home/theo/DuoArm/build/arm/install.log --single-version-externally-managed install_data
[1.424s] running egg_info
[1.426s] writing ../../build/arm/arm.egg-info/PKG-INFO
[1.427s] writing dependency_links to ../../build/arm/arm.egg-info/dependency_links.txt
[1.428s] writing entry points to ../../build/arm/arm.egg-info/entry_points.txt
[1.428s] writing requirements to ../../build/arm/arm.egg-info/requires.txt
[1.428s] writing top-level names to ../../build/arm/arm.egg-info/top_level.txt
[1.430s] reading manifest file '../../build/arm/arm.egg-info/SOURCES.txt'
[1.430s] adding license file 'LICENSE'
[1.430s] writing manifest file '../../build/arm/arm.egg-info/SOURCES.txt'
[1.431s] running build
[1.431s] running build_py
[1.431s] running install
[1.431s] running install_lib
[1.432s] running install_data
[1.432s] running install_egg_info
[1.433s] removing '/home/theo/DuoArm/install/arm/lib/python3.10/site-packages/arm-0.0.0-py3.10.egg-info' (and everything under it)
[1.433s] Copying ../../build/arm/arm.egg-info to /home/theo/DuoArm/install/arm/lib/python3.10/site-packages/arm-0.0.0-py3.10.egg-info
[1.435s] running install_scripts
[1.461s] writing list of installed files to '/home/theo/DuoArm/build/arm/install.log'
[1.487s] Invoked command in '/home/theo/DuoArm/src/arm' returned '0': PYTHONPATH=/home/theo/DuoArm/build/arm/prefix_override:/home/theo/DuoArm/install/arm/lib/python3.10/site-packages:${PYTHONPATH} /usr/bin/python3 -W ignore:setup.py install is deprecated setup.py egg_info --egg-base ../../build/arm build --build-base /home/theo/DuoArm/build/arm/build install --record /home/theo/DuoArm/build/arm/install.log --single-version-externally-managed install_data
