[0.607s] Invoking command in '/home/theo/DuoArm/src/path_planning': PYTHONPATH=/home/theo/DuoArm/build/path_planning/prefix_override:/home/theo/DuoArm/install/path_planning/lib/python3.10/site-packages:${PYTHONPATH} /usr/bin/python3 -W ignore:setup.py install is deprecated setup.py egg_info --egg-base ../../build/path_planning build --build-base /home/theo/DuoArm/build/path_planning/build install --record /home/theo/DuoArm/build/path_planning/install.log --single-version-externally-managed install_data
[0.725s] running egg_info
[0.726s] writing ../../build/path_planning/path_planning.egg-info/PKG-INFO
[0.726s] writing dependency_links to ../../build/path_planning/path_planning.egg-info/dependency_links.txt
[0.727s] writing entry points to ../../build/path_planning/path_planning.egg-info/entry_points.txt
[0.727s] writing requirements to ../../build/path_planning/path_planning.egg-info/requires.txt
[0.727s] writing top-level names to ../../build/path_planning/path_planning.egg-info/top_level.txt
[0.729s] reading manifest file '../../build/path_planning/path_planning.egg-info/SOURCES.txt'
[0.729s] adding license file 'LICENSE'
[0.729s] writing manifest file '../../build/path_planning/path_planning.egg-info/SOURCES.txt'
[0.729s] running build
[0.729s] running build_py
[0.729s] running install
[0.729s] running install_lib
[0.730s] running install_data
[0.730s] running install_egg_info
[0.731s] removing '/home/theo/DuoArm/install/path_planning/lib/python3.10/site-packages/path_planning-0.0.0-py3.10.egg-info' (and everything under it)
[0.731s] Copying ../../build/path_planning/path_planning.egg-info to /home/theo/DuoArm/install/path_planning/lib/python3.10/site-packages/path_planning-0.0.0-py3.10.egg-info
[0.732s] running install_scripts
[0.744s] Installing path_planner script to /home/theo/DuoArm/install/path_planning/lib/path_planning
[0.744s] writing list of installed files to '/home/theo/DuoArm/build/path_planning/install.log'
[0.773s] Invoked command in '/home/theo/DuoArm/src/path_planning' returned '0': PYTHONPATH=/home/theo/DuoArm/build/path_planning/prefix_override:/home/theo/DuoArm/install/path_planning/lib/python3.10/site-packages:${PYTHONPATH} /usr/bin/python3 -W ignore:setup.py install is deprecated setup.py egg_info --egg-base ../../build/path_planning build --build-base /home/theo/DuoArm/build/path_planning/build install --record /home/theo/DuoArm/build/path_planning/install.log --single-version-externally-managed install_data
