running egg_info
writing ../../build/path_planning/path_planning.egg-info/PKG-INFO
writing dependency_links to ../../build/path_planning/path_planning.egg-info/dependency_links.txt
writing entry points to ../../build/path_planning/path_planning.egg-info/entry_points.txt
writing requirements to ../../build/path_planning/path_planning.egg-info/requires.txt
writing top-level names to ../../build/path_planning/path_planning.egg-info/top_level.txt
reading manifest file '../../build/path_planning/path_planning.egg-info/SOURCES.txt'
adding license file 'LICENSE'
writing manifest file '../../build/path_planning/path_planning.egg-info/SOURCES.txt'
running build
running build_py
running install
running install_lib
running install_data
running install_egg_info
removing '/home/theo/DuoArm/install/path_planning/lib/python3.10/site-packages/path_planning-0.0.0-py3.10.egg-info' (and everything under it)
Copying ../../build/path_planning/path_planning.egg-info to /home/theo/DuoArm/install/path_planning/lib/python3.10/site-packages/path_planning-0.0.0-py3.10.egg-info
running install_scripts
Installing command_listener script to /home/theo/DuoArm/install/path_planning/lib/path_planning
writing list of installed files to '/home/theo/DuoArm/build/path_planning/install.log'
