[6.130s] Invoking command in '/home/theomagnor/DuoArm/src/path_planning': PYTHONPATH=/home/theomagnor/DuoArm/build/path_planning/prefix_override:/home/theomagnor/DuoArm/install/path_planning/lib/python3.10/site-packages:${PYTHONPATH} /usr/bin/python3 -W ignore:setup.py install is deprecated setup.py egg_info --egg-base ../../build/path_planning build --build-base /home/theomagnor/DuoArm/build/path_planning/build install --record /home/theomagnor/DuoArm/build/path_planning/install.log --single-version-externally-managed install_data
[7.680s] running egg_info
[7.683s] writing ../../build/path_planning/path_planning.egg-info/PKG-INFO
[7.686s] writing dependency_links to ../../build/path_planning/path_planning.egg-info/dependency_links.txt
[7.690s] writing entry points to ../../build/path_planning/path_planning.egg-info/entry_points.txt
[7.693s] writing requirements to ../../build/path_planning/path_planning.egg-info/requires.txt
[7.696s] writing top-level names to ../../build/path_planning/path_planning.egg-info/top_level.txt
[7.699s] reading manifest file '../../build/path_planning/path_planning.egg-info/SOURCES.txt'
[7.701s] adding license file 'LICENSE'
[7.704s] writing manifest file '../../build/path_planning/path_planning.egg-info/SOURCES.txt'
[7.708s] running build
[7.711s] running build_py
[7.714s] running install
[7.719s] running install_lib
[7.731s] running install_data
[7.740s] running install_egg_info
[7.745s] removing '/home/theomagnor/DuoArm/install/path_planning/lib/python3.10/site-packages/path_planning-0.0.0-py3.10.egg-info' (and everything under it)
[7.751s] Copying ../../build/path_planning/path_planning.egg-info to /home/theomagnor/DuoArm/install/path_planning/lib/python3.10/site-packages/path_planning-0.0.0-py3.10.egg-info
[7.756s] running install_scripts
[7.895s] Installing auto_mapper script to /home/theomagnor/DuoArm/install/path_planning/lib/path_planning
[7.903s] writing list of installed files to '/home/theomagnor/DuoArm/build/path_planning/install.log'
[8.097s] Invoked command in '/home/theomagnor/DuoArm/src/path_planning' returned '0': PYTHONPATH=/home/theomagnor/DuoArm/build/path_planning/prefix_override:/home/theomagnor/DuoArm/install/path_planning/lib/python3.10/site-packages:${PYTHONPATH} /usr/bin/python3 -W ignore:setup.py install is deprecated setup.py egg_info --egg-base ../../build/path_planning build --build-base /home/theomagnor/DuoArm/build/path_planning/build install --record /home/theomagnor/DuoArm/build/path_planning/install.log --single-version-externally-managed install_data
