[0.047s] Invoking command in '/home/theomagnor/DuoArm/build/arm': /usr/bin/cmake --build /home/theomagnor/DuoArm/build/arm -- -j4 -l4
[0.180s] Invoked command in '/home/theomagnor/DuoArm/build/arm' returned '0': /usr/bin/cmake --build /home/theomagnor/DuoArm/build/arm -- -j4 -l4
[0.309s] Invoking command in '/home/theomagnor/DuoArm/build/arm': /usr/bin/cmake --install /home/theomagnor/DuoArm/build/arm
[0.338s] -- Install configuration: ""
[0.339s] -- Up-to-date: /home/theomagnor/DuoArm/install/arm/share/arm//launch
[0.339s] -- Up-to-date: /home/theomagnor/DuoArm/install/arm/share/arm//launch/arm.launch.py
[0.340s] -- Up-to-date: /home/theomagnor/DuoArm/install/arm/share/arm//urdf
[0.340s] -- Up-to-date: /home/theomagnor/DuoArm/install/arm/share/arm//urdf/duoArm2.urdf
[0.341s] -- Up-to-date: /home/theomagnor/DuoArm/install/arm/share/arm//urdf/lta-passivarm.part
[0.341s] -- Up-to-date: /home/theomagnor/DuoArm/install/arm/share/arm//urdf/robot.urdf
[0.341s] -- Up-to-date: /home/theomagnor/DuoArm/install/arm/share/arm//urdf/activearm.part
[0.342s] -- Up-to-date: /home/theomagnor/DuoArm/install/arm/share/arm//urdf/lta-tooladaptertest.part
[0.342s] -- Up-to-date: /home/theomagnor/DuoArm/install/arm/share/arm//urdf/tooltest.part
[0.343s] -- Up-to-date: /home/theomagnor/DuoArm/install/arm/share/arm//urdf/lta-body.part
[0.343s] -- Up-to-date: /home/theomagnor/DuoArm/install/arm/share/arm//meshes
[0.343s] -- Up-to-date: /home/theomagnor/DuoArm/install/arm/share/arm//meshes/activearm.stl
[0.350s] -- Up-to-date: /home/theomagnor/DuoArm/install/arm/share/arm//meshes/lta-body.stl
[0.351s] -- Up-to-date: /home/theomagnor/DuoArm/install/arm/share/arm//meshes/tooltest.stl
[0.351s] -- Up-to-date: /home/theomagnor/DuoArm/install/arm/share/arm//meshes/lta-tooladaptertest.stl
[0.352s] -- Up-to-date: /home/theomagnor/DuoArm/install/arm/share/arm//meshes/lta-passivarm.stl
[0.358s] -- Up-to-date: /home/theomagnor/DuoArm/install/arm/share/ament_index/resource_index/package_run_dependencies/arm
[0.358s] -- Up-to-date: /home/theomagnor/DuoArm/install/arm/share/ament_index/resource_index/parent_prefix_path/arm
[0.359s] -- Up-to-date: /home/theomagnor/DuoArm/install/arm/share/arm/environment/ament_prefix_path.sh
[0.360s] -- Up-to-date: /home/theomagnor/DuoArm/install/arm/share/arm/environment/ament_prefix_path.dsv
[0.361s] -- Up-to-date: /home/theomagnor/DuoArm/install/arm/share/arm/environment/path.sh
[0.361s] -- Up-to-date: /home/theomagnor/DuoArm/install/arm/share/arm/environment/path.dsv
[0.362s] -- Up-to-date: /home/theomagnor/DuoArm/install/arm/share/arm/local_setup.bash
[0.363s] -- Up-to-date: /home/theomagnor/DuoArm/install/arm/share/arm/local_setup.sh
[0.368s] -- Up-to-date: /home/theomagnor/DuoArm/install/arm/share/arm/local_setup.zsh
[0.370s] -- Up-to-date: /home/theomagnor/DuoArm/install/arm/share/arm/local_setup.dsv
[0.371s] -- Installing: /home/theomagnor/DuoArm/install/arm/share/arm/package.dsv
[0.371s] -- Up-to-date: /home/theomagnor/DuoArm/install/arm/share/ament_index/resource_index/packages/arm
[0.373s] -- Up-to-date: /home/theomagnor/DuoArm/install/arm/share/arm/cmake/armConfig.cmake
[0.373s] -- Up-to-date: /home/theomagnor/DuoArm/install/arm/share/arm/cmake/armConfig-version.cmake
[0.377s] -- Up-to-date: /home/theomagnor/DuoArm/install/arm/share/arm/package.xml
[0.377s] Invoked command in '/home/theomagnor/DuoArm/build/arm' returned '0': /usr/bin/cmake --install /home/theomagnor/DuoArm/build/arm
