[5.222s] Invoking command in '/home/theomagnor/DuoArm/src/controll_center': PYTHONPATH=/home/theomagnor/DuoArm/build/controll_center/prefix_override:/home/theomagnor/DuoArm/install/controll_center/lib/python3.10/site-packages: /usr/bin/python3 -W ignore:setup.py install is deprecated setup.py egg_info --egg-base ../../build/controll_center build --build-base /home/theomagnor/DuoArm/build/controll_center/build install --record /home/theomagnor/DuoArm/build/controll_center/install.log --single-version-externally-managed install_data
[6.446s] running egg_info
[6.449s] writing ../../build/controll_center/controll_center.egg-info/PKG-INFO
[6.451s] writing dependency_links to ../../build/controll_center/controll_center.egg-info/dependency_links.txt
[6.452s] writing entry points to ../../build/controll_center/controll_center.egg-info/entry_points.txt
[6.453s] writing requirements to ../../build/controll_center/controll_center.egg-info/requires.txt
[6.454s] writing top-level names to ../../build/controll_center/controll_center.egg-info/top_level.txt
[6.463s] reading manifest file '../../build/controll_center/controll_center.egg-info/SOURCES.txt'
[6.466s] adding license file 'LICENSE'
[6.471s] writing manifest file '../../build/controll_center/controll_center.egg-info/SOURCES.txt'
[6.472s] running build
[6.473s] running build_py
[6.479s] running install
[6.484s] running install_lib
[6.492s] running install_data
[6.496s] running install_egg_info
[6.509s] removing '/home/theomagnor/DuoArm/install/controll_center/lib/python3.10/site-packages/controll_center-0.0.0-py3.10.egg-info' (and everything under it)
[6.514s] Copying ../../build/controll_center/controll_center.egg-info to /home/theomagnor/DuoArm/install/controll_center/lib/python3.10/site-packages/controll_center-0.0.0-py3.10.egg-info
[6.528s] running install_scripts
[6.701s] Installing command_executor script to /home/theomagnor/DuoArm/install/controll_center/lib/controll_center
[6.708s] Installing command_window script to /home/theomagnor/DuoArm/install/controll_center/lib/controll_center
[6.713s] writing list of installed files to '/home/theomagnor/DuoArm/build/controll_center/install.log'
[6.861s] Invoked command in '/home/theomagnor/DuoArm/src/controll_center' returned '0': PYTHONPATH=/home/theomagnor/DuoArm/build/controll_center/prefix_override:/home/theomagnor/DuoArm/install/controll_center/lib/python3.10/site-packages: /usr/bin/python3 -W ignore:setup.py install is deprecated setup.py egg_info --egg-base ../../build/controll_center build --build-base /home/theomagnor/DuoArm/build/controll_center/build install --record /home/theomagnor/DuoArm/build/controll_center/install.log --single-version-externally-managed install_data
