[1.178s] Invoking command in '/home/theo/DuoArm/src/controll_center': PYTHONPATH=/home/theo/DuoArm/build/controll_center/prefix_override:/home/theo/DuoArm/install/controll_center/lib/python3.10/site-packages:${PYTHONPATH} /usr/bin/python3 -W ignore:setup.py install is deprecated setup.py egg_info --egg-base ../../build/controll_center build --build-base /home/theo/DuoArm/build/controll_center/build install --record /home/theo/DuoArm/build/controll_center/install.log --single-version-externally-managed install_data
[1.415s] running egg_info
[1.416s] writing ../../build/controll_center/controll_center.egg-info/PKG-INFO
[1.417s] writing dependency_links to ../../build/controll_center/controll_center.egg-info/dependency_links.txt
[1.417s] writing entry points to ../../build/controll_center/controll_center.egg-info/entry_points.txt
[1.417s] writing requirements to ../../build/controll_center/controll_center.egg-info/requires.txt
[1.417s] writing top-level names to ../../build/controll_center/controll_center.egg-info/top_level.txt
[1.418s] reading manifest file '../../build/controll_center/controll_center.egg-info/SOURCES.txt'
[1.419s] adding license file 'LICENSE'
[1.420s] writing manifest file '../../build/controll_center/controll_center.egg-info/SOURCES.txt'
[1.421s] running build
[1.421s] running build_py
[1.423s] running install
[1.424s] running install_lib
[1.426s] running install_data
[1.427s] running install_egg_info
[1.429s] removing '/home/theo/DuoArm/install/controll_center/lib/python3.10/site-packages/controll_center-0.0.0-py3.10.egg-info' (and everything under it)
[1.429s] Copying ../../build/controll_center/controll_center.egg-info to /home/theo/DuoArm/install/controll_center/lib/python3.10/site-packages/controll_center-0.0.0-py3.10.egg-info
[1.430s] running install_scripts
[1.455s] Installing command_executor script to /home/theo/DuoArm/install/controll_center/lib/controll_center
[1.456s] Installing command_window script to /home/theo/DuoArm/install/controll_center/lib/controll_center
[1.456s] writing list of installed files to '/home/theo/DuoArm/build/controll_center/install.log'
[1.487s] Invoked command in '/home/theo/DuoArm/src/controll_center' returned '0': PYTHONPATH=/home/theo/DuoArm/build/controll_center/prefix_override:/home/theo/DuoArm/install/controll_center/lib/python3.10/site-packages:${PYTHONPATH} /usr/bin/python3 -W ignore:setup.py install is deprecated setup.py egg_info --egg-base ../../build/controll_center build --build-base /home/theo/DuoArm/build/controll_center/build install --record /home/theo/DuoArm/build/controll_center/install.log --single-version-externally-managed install_data
