[0.792s] Invoking command in '/home/theo/DuoArm/src/path_planning': PYTHONPATH=/home/theo/DuoArm/build/path_planning/prefix_override:/home/theo/DuoArm/install/path_planning/lib/python3.10/site-packages:${PYTHONPATH} /usr/bin/python3 -W ignore:setup.py install is deprecated setup.py egg_info --egg-base ../../build/path_planning build --build-base /home/theo/DuoArm/build/path_planning/build install --record /home/theo/DuoArm/build/path_planning/install.log --single-version-externally-managed install_data
[0.964s] running egg_info
[0.966s] writing ../../build/path_planning/path_planning.egg-info/PKG-INFO
[0.967s] writing dependency_links to ../../build/path_planning/path_planning.egg-info/dependency_links.txt
[0.967s] writing entry points to ../../build/path_planning/path_planning.egg-info/entry_points.txt
[0.967s] writing requirements to ../../build/path_planning/path_planning.egg-info/requires.txt
[0.967s] writing top-level names to ../../build/path_planning/path_planning.egg-info/top_level.txt
[0.969s] reading manifest file '../../build/path_planning/path_planning.egg-info/SOURCES.txt'
[0.970s] adding license file 'LICENSE'
[0.971s] writing manifest file '../../build/path_planning/path_planning.egg-info/SOURCES.txt'
[0.971s] running build
[0.972s] running build_py
[0.972s] copying path_planning/auto_mapper.py -> /home/theo/DuoArm/build/path_planning/build/lib/path_planning
[0.973s] running install
[0.973s] running install_lib
[0.973s] copying /home/theo/DuoArm/build/path_planning/build/lib/path_planning/auto_mapper.py -> /home/theo/DuoArm/install/path_planning/lib/python3.10/site-packages/path_planning
[0.974s] byte-compiling /home/theo/DuoArm/install/path_planning/lib/python3.10/site-packages/path_planning/auto_mapper.py to auto_mapper.cpython-310.pyc
[0.976s] running install_data
[0.976s] running install_egg_info
[0.977s] removing '/home/theo/DuoArm/install/path_planning/lib/python3.10/site-packages/path_planning-0.0.0-py3.10.egg-info' (and everything under it)
[0.978s] Copying ../../build/path_planning/path_planning.egg-info to /home/theo/DuoArm/install/path_planning/lib/python3.10/site-packages/path_planning-0.0.0-py3.10.egg-info
[0.978s] running install_scripts
[0.993s] Installing auto_mapper script to /home/theo/DuoArm/install/path_planning/lib/path_planning
[0.994s] writing list of installed files to '/home/theo/DuoArm/build/path_planning/install.log'
[1.018s] Invoked command in '/home/theo/DuoArm/src/path_planning' returned '0': PYTHONPATH=/home/theo/DuoArm/build/path_planning/prefix_override:/home/theo/DuoArm/install/path_planning/lib/python3.10/site-packages:${PYTHONPATH} /usr/bin/python3 -W ignore:setup.py install is deprecated setup.py egg_info --egg-base ../../build/path_planning build --build-base /home/theo/DuoArm/build/path_planning/build install --record /home/theo/DuoArm/build/path_planning/install.log --single-version-externally-managed install_data
