/home/asklindbraten/DuoArm/install/path_planning/lib/python3.10/site-packages/path_planning/auto_mapper.py
/home/asklindbraten/DuoArm/install/path_planning/lib/python3.10/site-packages/path_planning/motor_controller_OLD.py
/home/asklindbraten/DuoArm/install/path_planning/lib/python3.10/site-packages/path_planning/equation.py
/home/asklindbraten/DuoArm/install/path_planning/lib/python3.10/site-packages/path_planning/path_planner.py
/home/asklindbraten/DuoArm/install/path_planning/lib/python3.10/site-packages/path_planning/__init__.py
/home/asklindbraten/DuoArm/install/path_planning/lib/python3.10/site-packages/path_planning/eq_testing.py
/home/asklindbraten/DuoArm/install/path_planning/lib/python3.10/site-packages/path_planning/__pycache__/auto_mapper.cpython-310.pyc
/home/asklindbraten/DuoArm/install/path_planning/lib/python3.10/site-packages/path_planning/__pycache__/motor_controller_OLD.cpython-310.pyc
/home/asklindbraten/DuoArm/install/path_planning/lib/python3.10/site-packages/path_planning/__pycache__/equation.cpython-310.pyc
/home/asklindbraten/DuoArm/install/path_planning/lib/python3.10/site-packages/path_planning/__pycache__/path_planner.cpython-310.pyc
/home/asklindbraten/DuoArm/install/path_planning/lib/python3.10/site-packages/path_planning/__pycache__/__init__.cpython-310.pyc
/home/asklindbraten/DuoArm/install/path_planning/lib/python3.10/site-packages/path_planning/__pycache__/eq_testing.cpython-310.pyc
/home/asklindbraten/DuoArm/install/path_planning/share/ament_index/resource_index/packages/path_planning
/home/asklindbraten/DuoArm/install/path_planning/share/path_planning/package.xml
/home/asklindbraten/DuoArm/install/path_planning/share/path_planning/launch/path_planning_launch.py
/home/asklindbraten/DuoArm/install/path_planning/lib/python3.10/site-packages/path_planning-0.0.0-py3.10.egg-info/dependency_links.txt
/home/asklindbraten/DuoArm/install/path_planning/lib/python3.10/site-packages/path_planning-0.0.0-py3.10.egg-info/top_level.txt
/home/asklindbraten/DuoArm/install/path_planning/lib/python3.10/site-packages/path_planning-0.0.0-py3.10.egg-info/requires.txt
/home/asklindbraten/DuoArm/install/path_planning/lib/python3.10/site-packages/path_planning-0.0.0-py3.10.egg-info/entry_points.txt
/home/asklindbraten/DuoArm/install/path_planning/lib/python3.10/site-packages/path_planning-0.0.0-py3.10.egg-info/SOURCES.txt
/home/asklindbraten/DuoArm/install/path_planning/lib/python3.10/site-packages/path_planning-0.0.0-py3.10.egg-info/zip-safe
/home/asklindbraten/DuoArm/install/path_planning/lib/python3.10/site-packages/path_planning-0.0.0-py3.10.egg-info/PKG-INFO
/home/asklindbraten/DuoArm/install/path_planning/lib/path_planning/auto_mapper
/home/asklindbraten/DuoArm/install/path_planning/lib/path_planning/path_planner
