[0.810s] Invoking command in '/home/theo/DuoArm/src/path_planning': PYTHONPATH=/home/theo/DuoArm/build/path_planning/prefix_override:/home/theo/DuoArm/install/path_planning/lib/python3.10/site-packages: /usr/bin/python3 -W ignore:setup.py install is deprecated setup.py egg_info --egg-base ../../build/path_planning build --build-base /home/theo/DuoArm/build/path_planning/build install --record /home/theo/DuoArm/build/path_planning/install.log --single-version-externally-managed install_data
[0.967s] running egg_info
[0.968s] writing ../../build/path_planning/path_planning.egg-info/PKG-INFO
[0.968s] writing dependency_links to ../../build/path_planning/path_planning.egg-info/dependency_links.txt
[0.970s] writing entry points to ../../build/path_planning/path_planning.egg-info/entry_points.txt
[0.970s] writing requirements to ../../build/path_planning/path_planning.egg-info/requires.txt
[0.971s] writing top-level names to ../../build/path_planning/path_planning.egg-info/top_level.txt
[0.971s] reading manifest file '../../build/path_planning/path_planning.egg-info/SOURCES.txt'
[0.971s] adding license file 'LICENSE'
[0.972s] writing manifest file '../../build/path_planning/path_planning.egg-info/SOURCES.txt'
[0.972s] running build
[0.972s] running build_py
[0.972s] running install
[0.973s] running install_lib
[0.974s] running install_data
[0.974s] running install_egg_info
[0.976s] removing '/home/theo/DuoArm/install/path_planning/lib/python3.10/site-packages/path_planning-0.0.0-py3.10.egg-info' (and everything under it)
[0.976s] Copying ../../build/path_planning/path_planning.egg-info to /home/theo/DuoArm/install/path_planning/lib/python3.10/site-packages/path_planning-0.0.0-py3.10.egg-info
[0.977s] running install_scripts
[0.998s] Installing auto_mapper script to /home/theo/DuoArm/install/path_planning/lib/path_planning
[0.998s] Installing path_planner script to /home/theo/DuoArm/install/path_planning/lib/path_planning
[0.998s] writing list of installed files to '/home/theo/DuoArm/build/path_planning/install.log'
[1.031s] Invoked command in '/home/theo/DuoArm/src/path_planning' returned '0': PYTHONPATH=/home/theo/DuoArm/build/path_planning/prefix_override:/home/theo/DuoArm/install/path_planning/lib/python3.10/site-packages: /usr/bin/python3 -W ignore:setup.py install is deprecated setup.py egg_info --egg-base ../../build/path_planning build --build-base /home/theo/DuoArm/build/path_planning/build install --record /home/theo/DuoArm/build/path_planning/install.log --single-version-externally-managed install_data
