[5.163s] Invoking command in '/home/theomagnor/DuoArm/src/path_planning': PYTHONPATH=/home/theomagnor/DuoArm/build/path_planning/prefix_override:/home/theomagnor/DuoArm/install/path_planning/lib/python3.10/site-packages: /usr/bin/python3 -W ignore:setup.py install is deprecated setup.py egg_info --egg-base ../../build/path_planning build --build-base /home/theomagnor/DuoArm/build/path_planning/build install --record /home/theomagnor/DuoArm/build/path_planning/install.log --single-version-externally-managed install_data
[6.277s] running egg_info
[6.280s] writing ../../build/path_planning/path_planning.egg-info/PKG-INFO
[6.281s] writing dependency_links to ../../build/path_planning/path_planning.egg-info/dependency_links.txt
[6.283s] writing entry points to ../../build/path_planning/path_planning.egg-info/entry_points.txt
[6.285s] writing requirements to ../../build/path_planning/path_planning.egg-info/requires.txt
[6.286s] writing top-level names to ../../build/path_planning/path_planning.egg-info/top_level.txt
[6.295s] reading manifest file '../../build/path_planning/path_planning.egg-info/SOURCES.txt'
[6.297s] adding license file 'LICENSE'
[6.300s] writing manifest file '../../build/path_planning/path_planning.egg-info/SOURCES.txt'
[6.301s] running build
[6.302s] running build_py
[6.304s] running install
[6.305s] running install_lib
[6.313s] running install_data
[6.327s] running install_egg_info
[6.328s] removing '/home/theomagnor/DuoArm/install/path_planning/lib/python3.10/site-packages/path_planning-0.0.0-py3.10.egg-info' (and everything under it)
[6.328s] Copying ../../build/path_planning/path_planning.egg-info to /home/theomagnor/DuoArm/install/path_planning/lib/python3.10/site-packages/path_planning-0.0.0-py3.10.egg-info
[6.340s] running install_scripts
[6.443s] Installing auto_mapper script to /home/theomagnor/DuoArm/install/path_planning/lib/path_planning
[6.445s] writing list of installed files to '/home/theomagnor/DuoArm/build/path_planning/install.log'
[6.642s] Invoked command in '/home/theomagnor/DuoArm/src/path_planning' returned '0': PYTHONPATH=/home/theomagnor/DuoArm/build/path_planning/prefix_override:/home/theomagnor/DuoArm/install/path_planning/lib/python3.10/site-packages: /usr/bin/python3 -W ignore:setup.py install is deprecated setup.py egg_info --egg-base ../../build/path_planning build --build-base /home/theomagnor/DuoArm/build/path_planning/build install --record /home/theomagnor/DuoArm/build/path_planning/install.log --single-version-externally-managed install_data
