[0.650s] Invoking command in '/home/theo/DuoArm/src/controll_center': PYTHONPATH=/home/theo/DuoArm/build/controll_center/prefix_override:/home/theo/DuoArm/install/controll_center/lib/python3.10/site-packages: /usr/bin/python3 -W ignore:setup.py install is deprecated setup.py egg_info --egg-base ../../build/controll_center build --build-base /home/theo/DuoArm/build/controll_center/build install --record /home/theo/DuoArm/build/controll_center/install.log --single-version-externally-managed install_data
[0.742s] running egg_info
[0.743s] writing ../../build/controll_center/controll_center.egg-info/PKG-INFO
[0.743s] writing dependency_links to ../../build/controll_center/controll_center.egg-info/dependency_links.txt
[0.744s] writing entry points to ../../build/controll_center/controll_center.egg-info/entry_points.txt
[0.744s] writing requirements to ../../build/controll_center/controll_center.egg-info/requires.txt
[0.744s] writing top-level names to ../../build/controll_center/controll_center.egg-info/top_level.txt
[0.745s] reading manifest file '../../build/controll_center/controll_center.egg-info/SOURCES.txt'
[0.745s] adding license file 'LICENSE'
[0.745s] writing manifest file '../../build/controll_center/controll_center.egg-info/SOURCES.txt'
[0.745s] running build
[0.746s] running build_py
[0.746s] running install
[0.746s] running install_lib
[0.746s] running install_data
[0.747s] running install_egg_info
[0.747s] removing '/home/theo/DuoArm/install/controll_center/lib/python3.10/site-packages/controll_center-0.0.0-py3.10.egg-info' (and everything under it)
[0.747s] Copying ../../build/controll_center/controll_center.egg-info to /home/theo/DuoArm/install/controll_center/lib/python3.10/site-packages/controll_center-0.0.0-py3.10.egg-info
[0.748s] running install_scripts
[0.761s] Installing command_executor script to /home/theo/DuoArm/install/controll_center/lib/controll_center
[0.761s] Installing command_window script to /home/theo/DuoArm/install/controll_center/lib/controll_center
[0.761s] writing list of installed files to '/home/theo/DuoArm/build/controll_center/install.log'
[0.777s] Invoked command in '/home/theo/DuoArm/src/controll_center' returned '0': PYTHONPATH=/home/theo/DuoArm/build/controll_center/prefix_override:/home/theo/DuoArm/install/controll_center/lib/python3.10/site-packages: /usr/bin/python3 -W ignore:setup.py install is deprecated setup.py egg_info --egg-base ../../build/controll_center build --build-base /home/theo/DuoArm/build/controll_center/build install --record /home/theo/DuoArm/build/controll_center/install.log --single-version-externally-managed install_data
