[0.018s] Invoking command in '/home/theo/DuoArm/build/arm': CMAKE_PREFIX_PATH=${CMAKE_PREFIX_PATH}:/opt/ros/humble /usr/bin/cmake --build /home/theo/DuoArm/build/arm -- -j20 -l20
[0.045s] Invoked command in '/home/theo/DuoArm/build/arm' returned '0': CMAKE_PREFIX_PATH=${CMAKE_PREFIX_PATH}:/opt/ros/humble /usr/bin/cmake --build /home/theo/DuoArm/build/arm -- -j20 -l20
[0.068s] Invoking command in '/home/theo/DuoArm/build/arm': CMAKE_PREFIX_PATH=${CMAKE_PREFIX_PATH}:/opt/ros/humble /usr/bin/cmake --install /home/theo/DuoArm/build/arm
[0.074s] -- Install configuration: ""
[0.074s] -- Up-to-date: /home/theo/DuoArm/install/arm/share/arm//launch
[0.074s] -- Installing: /home/theo/DuoArm/install/arm/share/arm//launch/arm.launch.py
[0.074s] -- Up-to-date: /home/theo/DuoArm/install/arm/share/arm//urdf
[0.074s] -- Up-to-date: /home/theo/DuoArm/install/arm/share/arm//urdf/lta-tooladaptertest.part
[0.074s] -- Up-to-date: /home/theo/DuoArm/install/arm/share/arm//urdf/duoArm2.urdf
[0.074s] -- Up-to-date: /home/theo/DuoArm/install/arm/share/arm//urdf/tooltest.part
[0.074s] -- Up-to-date: /home/theo/DuoArm/install/arm/share/arm//urdf/robot.urdf
[0.075s] -- Up-to-date: /home/theo/DuoArm/install/arm/share/arm//urdf/activearm.part
[0.075s] -- Up-to-date: /home/theo/DuoArm/install/arm/share/arm//urdf/lta-passivarm.part
[0.075s] -- Up-to-date: /home/theo/DuoArm/install/arm/share/arm//urdf/lta-body.part
[0.075s] -- Up-to-date: /home/theo/DuoArm/install/arm/share/arm//meshes
[0.075s] -- Up-to-date: /home/theo/DuoArm/install/arm/share/arm//meshes/lta-body.stl
[0.075s] -- Up-to-date: /home/theo/DuoArm/install/arm/share/arm//meshes/lta-passivarm.stl
[0.075s] -- Up-to-date: /home/theo/DuoArm/install/arm/share/arm//meshes/tooltest.stl
[0.075s] -- Up-to-date: /home/theo/DuoArm/install/arm/share/arm//meshes/activearm.stl
[0.075s] -- Up-to-date: /home/theo/DuoArm/install/arm/share/arm//meshes/lta-tooladaptertest.stl
[0.075s] -- Up-to-date: /home/theo/DuoArm/install/arm/share/ament_index/resource_index/package_run_dependencies/arm
[0.075s] -- Up-to-date: /home/theo/DuoArm/install/arm/share/ament_index/resource_index/parent_prefix_path/arm
[0.076s] -- Up-to-date: /home/theo/DuoArm/install/arm/share/arm/environment/ament_prefix_path.sh
[0.076s] -- Up-to-date: /home/theo/DuoArm/install/arm/share/arm/environment/ament_prefix_path.dsv
[0.076s] -- Up-to-date: /home/theo/DuoArm/install/arm/share/arm/environment/path.sh
[0.076s] -- Up-to-date: /home/theo/DuoArm/install/arm/share/arm/environment/path.dsv
[0.076s] -- Up-to-date: /home/theo/DuoArm/install/arm/share/arm/local_setup.bash
[0.077s] -- Up-to-date: /home/theo/DuoArm/install/arm/share/arm/local_setup.sh
[0.077s] -- Up-to-date: /home/theo/DuoArm/install/arm/share/arm/local_setup.zsh
[0.077s] -- Up-to-date: /home/theo/DuoArm/install/arm/share/arm/local_setup.dsv
[0.077s] -- Installing: /home/theo/DuoArm/install/arm/share/arm/package.dsv
[0.077s] -- Up-to-date: /home/theo/DuoArm/install/arm/share/ament_index/resource_index/packages/arm
[0.077s] -- Up-to-date: /home/theo/DuoArm/install/arm/share/arm/cmake/armConfig.cmake
[0.078s] -- Up-to-date: /home/theo/DuoArm/install/arm/share/arm/cmake/armConfig-version.cmake
[0.078s] -- Up-to-date: /home/theo/DuoArm/install/arm/share/arm/package.xml
[0.079s] Invoked command in '/home/theo/DuoArm/build/arm' returned '0': CMAKE_PREFIX_PATH=${CMAKE_PREFIX_PATH}:/opt/ros/humble /usr/bin/cmake --install /home/theo/DuoArm/build/arm
