[0.588s] Invoking command in '/home/theo/DuoArm/src/path_planning': PYTHONPATH=/home/theo/DuoArm/build/path_planning/prefix_override:/home/theo/DuoArm/install/path_planning/lib/python3.10/site-packages:${PYTHONPATH} /usr/bin/python3 -W ignore:setup.py install is deprecated setup.py egg_info --egg-base ../../build/path_planning build --build-base /home/theo/DuoArm/build/path_planning/build install --record /home/theo/DuoArm/build/path_planning/install.log --single-version-externally-managed install_data
[0.707s] running egg_info
[0.707s] writing ../../build/path_planning/path_planning.egg-info/PKG-INFO
[0.708s] writing dependency_links to ../../build/path_planning/path_planning.egg-info/dependency_links.txt
[0.708s] writing entry points to ../../build/path_planning/path_planning.egg-info/entry_points.txt
[0.708s] writing requirements to ../../build/path_planning/path_planning.egg-info/requires.txt
[0.708s] writing top-level names to ../../build/path_planning/path_planning.egg-info/top_level.txt
[0.709s] reading manifest file '../../build/path_planning/path_planning.egg-info/SOURCES.txt'
[0.709s] adding license file 'LICENSE'
[0.710s] writing manifest file '../../build/path_planning/path_planning.egg-info/SOURCES.txt'
[0.710s] running build
[0.710s] running build_py
[0.710s] running install
[0.710s] running install_lib
[0.711s] running install_data
[0.711s] running install_egg_info
[0.713s] removing '/home/theo/DuoArm/install/path_planning/lib/python3.10/site-packages/path_planning-0.0.0-py3.10.egg-info' (and everything under it)
[0.714s] Copying ../../build/path_planning/path_planning.egg-info to /home/theo/DuoArm/install/path_planning/lib/python3.10/site-packages/path_planning-0.0.0-py3.10.egg-info
[0.714s] running install_scripts
[0.726s] Installing path_planner script to /home/theo/DuoArm/install/path_planning/lib/path_planning
[0.727s] writing list of installed files to '/home/theo/DuoArm/build/path_planning/install.log'
[0.758s] Invoked command in '/home/theo/DuoArm/src/path_planning' returned '0': PYTHONPATH=/home/theo/DuoArm/build/path_planning/prefix_override:/home/theo/DuoArm/install/path_planning/lib/python3.10/site-packages:${PYTHONPATH} /usr/bin/python3 -W ignore:setup.py install is deprecated setup.py egg_info --egg-base ../../build/path_planning build --build-base /home/theo/DuoArm/build/path_planning/build install --record /home/theo/DuoArm/build/path_planning/install.log --single-version-externally-managed install_data
