[0.614s] Invoking command in '/home/theo/DuoArm/src/launcher': PYTHONPATH=/home/theo/DuoArm/build/launcher/prefix_override:/home/theo/DuoArm/install/launcher/lib/python3.10/site-packages: /usr/bin/python3 -W ignore:setup.py install is deprecated setup.py egg_info --egg-base ../../build/launcher build --build-base /home/theo/DuoArm/build/launcher/build install --record /home/theo/DuoArm/build/launcher/install.log --single-version-externally-managed install_data
[0.699s] running egg_info
[0.699s] writing ../../build/launcher/launcher.egg-info/PKG-INFO
[0.700s] writing dependency_links to ../../build/launcher/launcher.egg-info/dependency_links.txt
[0.700s] writing entry points to ../../build/launcher/launcher.egg-info/entry_points.txt
[0.700s] writing requirements to ../../build/launcher/launcher.egg-info/requires.txt
[0.700s] writing top-level names to ../../build/launcher/launcher.egg-info/top_level.txt
[0.701s] reading manifest file '../../build/launcher/launcher.egg-info/SOURCES.txt'
[0.701s] adding license file 'LICENSE'
[0.702s] writing manifest file '../../build/launcher/launcher.egg-info/SOURCES.txt'
[0.702s] running build
[0.702s] running build_py
[0.702s] running install
[0.703s] running install_lib
[0.704s] running install_data
[0.705s] running install_egg_info
[0.706s] removing '/home/theo/DuoArm/install/launcher/lib/python3.10/site-packages/launcher-0.0.0-py3.10.egg-info' (and everything under it)
[0.706s] Copying ../../build/launcher/launcher.egg-info to /home/theo/DuoArm/install/launcher/lib/python3.10/site-packages/launcher-0.0.0-py3.10.egg-info
[0.706s] running install_scripts
[0.716s] writing list of installed files to '/home/theo/DuoArm/build/launcher/install.log'
[0.733s] Invoked command in '/home/theo/DuoArm/src/launcher' returned '0': PYTHONPATH=/home/theo/DuoArm/build/launcher/prefix_override:/home/theo/DuoArm/install/launcher/lib/python3.10/site-packages: /usr/bin/python3 -W ignore:setup.py install is deprecated setup.py egg_info --egg-base ../../build/launcher build --build-base /home/theo/DuoArm/build/launcher/build install --record /home/theo/DuoArm/build/launcher/install.log --single-version-externally-managed install_data
