running egg_info
writing ../../build/controll_center/controll_center.egg-info/PKG-INFO
writing dependency_links to ../../build/controll_center/controll_center.egg-info/dependency_links.txt
writing entry points to ../../build/controll_center/controll_center.egg-info/entry_points.txt
writing requirements to ../../build/controll_center/controll_center.egg-info/requires.txt
writing top-level names to ../../build/controll_center/controll_center.egg-info/top_level.txt
reading manifest file '../../build/controll_center/controll_center.egg-info/SOURCES.txt'
adding license file 'LICENSE'
writing manifest file '../../build/controll_center/controll_center.egg-info/SOURCES.txt'
running build
running build_py
copying controll_center/display.py -> /home/theo/DuoArm/build/controll_center/build/lib/controll_center
running install
running install_lib
copying /home/theo/DuoArm/build/controll_center/build/lib/controll_center/display.py -> /home/theo/DuoArm/install/controll_center/lib/python3.10/site-packages/controll_center
byte-compiling /home/theo/DuoArm/install/controll_center/lib/python3.10/site-packages/controll_center/display.py to display.cpython-310.pyc
running install_data
running install_egg_info
removing '/home/theo/DuoArm/install/controll_center/lib/python3.10/site-packages/controll_center-0.0.0-py3.10.egg-info' (and everything under it)
Copying ../../build/controll_center/controll_center.egg-info to /home/theo/DuoArm/install/controll_center/lib/python3.10/site-packages/controll_center-0.0.0-py3.10.egg-info
running install_scripts
Installing command_executor script to /home/theo/DuoArm/install/controll_center/lib/controll_center
Installing command_window script to /home/theo/DuoArm/install/controll_center/lib/controll_center
Installing display script to /home/theo/DuoArm/install/controll_center/lib/controll_center
writing list of installed files to '/home/theo/DuoArm/build/controll_center/install.log'
