[1.067s] Invoking command in '/home/theo/DuoArm/src/controll_center': PYTHONPATH=/home/theo/DuoArm/build/controll_center/prefix_override:/home/theo/DuoArm/install/controll_center/lib/python3.10/site-packages:${PYTHONPATH} /usr/bin/python3 -W ignore:setup.py install is deprecated setup.py egg_info --egg-base ../../build/controll_center build --build-base /home/theo/DuoArm/build/controll_center/build install --record /home/theo/DuoArm/build/controll_center/install.log --single-version-externally-managed install_data
[1.279s] running egg_info
[1.280s] writing ../../build/controll_center/controll_center.egg-info/PKG-INFO
[1.280s] writing dependency_links to ../../build/controll_center/controll_center.egg-info/dependency_links.txt
[1.280s] writing entry points to ../../build/controll_center/controll_center.egg-info/entry_points.txt
[1.280s] writing requirements to ../../build/controll_center/controll_center.egg-info/requires.txt
[1.280s] writing top-level names to ../../build/controll_center/controll_center.egg-info/top_level.txt
[1.282s] reading manifest file '../../build/controll_center/controll_center.egg-info/SOURCES.txt'
[1.282s] adding license file 'LICENSE'
[1.283s] writing manifest file '../../build/controll_center/controll_center.egg-info/SOURCES.txt'
[1.283s] running build
[1.283s] running build_py
[1.283s] copying controll_center/action_controller.py -> /home/theo/DuoArm/build/controll_center/build/lib/controll_center
[1.283s] running install
[1.283s] running install_lib
[1.284s] copying /home/theo/DuoArm/build/controll_center/build/lib/controll_center/action_controller.py -> /home/theo/DuoArm/install/controll_center/lib/python3.10/site-packages/controll_center
[1.284s] byte-compiling /home/theo/DuoArm/install/controll_center/lib/python3.10/site-packages/controll_center/action_controller.py to action_controller.cpython-310.pyc
[1.285s] running install_data
[1.285s] running install_egg_info
[1.287s] removing '/home/theo/DuoArm/install/controll_center/lib/python3.10/site-packages/controll_center-0.0.0-py3.10.egg-info' (and everything under it)
[1.287s] Copying ../../build/controll_center/controll_center.egg-info to /home/theo/DuoArm/install/controll_center/lib/python3.10/site-packages/controll_center-0.0.0-py3.10.egg-info
[1.287s] running install_scripts
[1.315s] Installing action_controller script to /home/theo/DuoArm/install/controll_center/lib/controll_center
[1.315s] Installing command_executor script to /home/theo/DuoArm/install/controll_center/lib/controll_center
[1.318s] Installing command_window script to /home/theo/DuoArm/install/controll_center/lib/controll_center
[1.319s] Installing display script to /home/theo/DuoArm/install/controll_center/lib/controll_center
[1.319s] Installing joystick_controller script to /home/theo/DuoArm/install/controll_center/lib/controll_center
[1.319s] writing list of installed files to '/home/theo/DuoArm/build/controll_center/install.log'
[1.344s] Invoked command in '/home/theo/DuoArm/src/controll_center' returned '0': PYTHONPATH=/home/theo/DuoArm/build/controll_center/prefix_override:/home/theo/DuoArm/install/controll_center/lib/python3.10/site-packages:${PYTHONPATH} /usr/bin/python3 -W ignore:setup.py install is deprecated setup.py egg_info --egg-base ../../build/controll_center build --build-base /home/theo/DuoArm/build/controll_center/build install --record /home/theo/DuoArm/build/controll_center/install.log --single-version-externally-managed install_data
