running egg_info
writing ../../build/path_planning/path_planning.egg-info/PKG-INFO
writing dependency_links to ../../build/path_planning/path_planning.egg-info/dependency_links.txt
writing entry points to ../../build/path_planning/path_planning.egg-info/entry_points.txt
writing requirements to ../../build/path_planning/path_planning.egg-info/requires.txt
writing top-level names to ../../build/path_planning/path_planning.egg-info/top_level.txt
reading manifest file '../../build/path_planning/path_planning.egg-info/SOURCES.txt'
adding license file 'LICENSE'
writing manifest file '../../build/path_planning/path_planning.egg-info/SOURCES.txt'
running build
running build_py
copying path_planning/auto_mapper.py -> /home/theomagnor/DuoArm/build/path_planning/build/lib/path_planning
copying path_planning/path_planner.py -> /home/theomagnor/DuoArm/build/path_planning/build/lib/path_planning
running install
running install_lib
copying /home/theomagnor/DuoArm/build/path_planning/build/lib/path_planning/auto_mapper.py -> /home/theomagnor/DuoArm/install/path_planning/lib/python3.10/site-packages/path_planning
copying /home/theomagnor/DuoArm/build/path_planning/build/lib/path_planning/path_planner.py -> /home/theomagnor/DuoArm/install/path_planning/lib/python3.10/site-packages/path_planning
byte-compiling /home/theomagnor/DuoArm/install/path_planning/lib/python3.10/site-packages/path_planning/auto_mapper.py to auto_mapper.cpython-310.pyc
byte-compiling /home/theomagnor/DuoArm/install/path_planning/lib/python3.10/site-packages/path_planning/path_planner.py to path_planner.cpython-310.pyc
running install_data
running install_egg_info
removing '/home/theomagnor/DuoArm/install/path_planning/lib/python3.10/site-packages/path_planning-0.0.0-py3.10.egg-info' (and everything under it)
Copying ../../build/path_planning/path_planning.egg-info to /home/theomagnor/DuoArm/install/path_planning/lib/python3.10/site-packages/path_planning-0.0.0-py3.10.egg-info
running install_scripts
Installing auto_mapper script to /home/theomagnor/DuoArm/install/path_planning/lib/path_planning
Installing path_planner script to /home/theomagnor/DuoArm/install/path_planning/lib/path_planning
writing list of installed files to '/home/theomagnor/DuoArm/build/path_planning/install.log'
