[6.017s] Invoking command in '/home/theomagnor/DuoArm/src/path_planning': PYTHONPATH=/home/theomagnor/DuoArm/build/path_planning/prefix_override:/home/theomagnor/DuoArm/install/path_planning/lib/python3.10/site-packages:${PYTHONPATH} /usr/bin/python3 -W ignore:setup.py install is deprecated setup.py egg_info --egg-base ../../build/path_planning build --build-base /home/theomagnor/DuoArm/build/path_planning/build install --record /home/theomagnor/DuoArm/build/path_planning/install.log --single-version-externally-managed install_data
[7.494s] running egg_info
[7.496s] writing ../../build/path_planning/path_planning.egg-info/PKG-INFO
[7.502s] writing dependency_links to ../../build/path_planning/path_planning.egg-info/dependency_links.txt
[7.505s] writing entry points to ../../build/path_planning/path_planning.egg-info/entry_points.txt
[7.506s] writing requirements to ../../build/path_planning/path_planning.egg-info/requires.txt
[7.506s] writing top-level names to ../../build/path_planning/path_planning.egg-info/top_level.txt
[7.511s] reading manifest file '../../build/path_planning/path_planning.egg-info/SOURCES.txt'
[7.515s] adding license file 'LICENSE'
[7.520s] writing manifest file '../../build/path_planning/path_planning.egg-info/SOURCES.txt'
[7.523s] running build
[7.529s] running build_py
[7.532s] copying path_planning/auto_mapper.py -> /home/theomagnor/DuoArm/build/path_planning/build/lib/path_planning
[7.538s] copying path_planning/path_planner.py -> /home/theomagnor/DuoArm/build/path_planning/build/lib/path_planning
[7.543s] running install
[7.546s] running install_lib
[7.550s] copying /home/theomagnor/DuoArm/build/path_planning/build/lib/path_planning/auto_mapper.py -> /home/theomagnor/DuoArm/install/path_planning/lib/python3.10/site-packages/path_planning
[7.581s] copying /home/theomagnor/DuoArm/build/path_planning/build/lib/path_planning/path_planner.py -> /home/theomagnor/DuoArm/install/path_planning/lib/python3.10/site-packages/path_planning
[7.587s] byte-compiling /home/theomagnor/DuoArm/install/path_planning/lib/python3.10/site-packages/path_planning/auto_mapper.py to auto_mapper.cpython-310.pyc
[7.595s] byte-compiling /home/theomagnor/DuoArm/install/path_planning/lib/python3.10/site-packages/path_planning/path_planner.py to path_planner.cpython-310.pyc
[7.599s] running install_data
[7.650s] running install_egg_info
[7.653s] removing '/home/theomagnor/DuoArm/install/path_planning/lib/python3.10/site-packages/path_planning-0.0.0-py3.10.egg-info' (and everything under it)
[7.657s] Copying ../../build/path_planning/path_planning.egg-info to /home/theomagnor/DuoArm/install/path_planning/lib/python3.10/site-packages/path_planning-0.0.0-py3.10.egg-info
[7.660s] running install_scripts
[7.748s] Installing auto_mapper script to /home/theomagnor/DuoArm/install/path_planning/lib/path_planning
[7.750s] Installing path_planner script to /home/theomagnor/DuoArm/install/path_planning/lib/path_planning
[7.751s] writing list of installed files to '/home/theomagnor/DuoArm/build/path_planning/install.log'
[7.868s] Invoked command in '/home/theomagnor/DuoArm/src/path_planning' returned '0': PYTHONPATH=/home/theomagnor/DuoArm/build/path_planning/prefix_override:/home/theomagnor/DuoArm/install/path_planning/lib/python3.10/site-packages:${PYTHONPATH} /usr/bin/python3 -W ignore:setup.py install is deprecated setup.py egg_info --egg-base ../../build/path_planning build --build-base /home/theomagnor/DuoArm/build/path_planning/build install --record /home/theomagnor/DuoArm/build/path_planning/install.log --single-version-externally-managed install_data
