[0.057s] Invoking command in '/home/theomagnor/DuoArm/build/arm': CMAKE_PREFIX_PATH=${CMAKE_PREFIX_PATH}:/opt/ros/humble /usr/bin/cmake --build /home/theomagnor/DuoArm/build/arm -- -j4 -l4
[0.192s] Invoked command in '/home/theomagnor/DuoArm/build/arm' returned '0': CMAKE_PREFIX_PATH=${CMAKE_PREFIX_PATH}:/opt/ros/humble /usr/bin/cmake --build /home/theomagnor/DuoArm/build/arm -- -j4 -l4
[0.340s] Invoking command in '/home/theomagnor/DuoArm/build/arm': CMAKE_PREFIX_PATH=${CMAKE_PREFIX_PATH}:/opt/ros/humble /usr/bin/cmake --install /home/theomagnor/DuoArm/build/arm
[0.367s] -- Install configuration: ""
[0.368s] -- Up-to-date: /home/theomagnor/DuoArm/install/arm/share/arm//launch
[0.368s] -- Installing: /home/theomagnor/DuoArm/install/arm/share/arm//launch/arm.launch.py
[0.369s] -- Up-to-date: /home/theomagnor/DuoArm/install/arm/share/arm//urdf
[0.369s] -- Up-to-date: /home/theomagnor/DuoArm/install/arm/share/arm//urdf/duoArm2.urdf
[0.370s] -- Up-to-date: /home/theomagnor/DuoArm/install/arm/share/arm//urdf/lta-passivarm.part
[0.370s] -- Up-to-date: /home/theomagnor/DuoArm/install/arm/share/arm//urdf/robot.urdf
[0.371s] -- Up-to-date: /home/theomagnor/DuoArm/install/arm/share/arm//urdf/activearm.part
[0.371s] -- Up-to-date: /home/theomagnor/DuoArm/install/arm/share/arm//urdf/lta-tooladaptertest.part
[0.372s] -- Up-to-date: /home/theomagnor/DuoArm/install/arm/share/arm//urdf/tooltest.part
[0.372s] -- Up-to-date: /home/theomagnor/DuoArm/install/arm/share/arm//urdf/lta-body.part
[0.372s] -- Up-to-date: /home/theomagnor/DuoArm/install/arm/share/arm//meshes
[0.373s] -- Up-to-date: /home/theomagnor/DuoArm/install/arm/share/arm//meshes/activearm.stl
[0.373s] -- Up-to-date: /home/theomagnor/DuoArm/install/arm/share/arm//meshes/lta-body.stl
[0.374s] -- Up-to-date: /home/theomagnor/DuoArm/install/arm/share/arm//meshes/tooltest.stl
[0.374s] -- Up-to-date: /home/theomagnor/DuoArm/install/arm/share/arm//meshes/lta-tooladaptertest.stl
[0.375s] -- Up-to-date: /home/theomagnor/DuoArm/install/arm/share/arm//meshes/lta-passivarm.stl
[0.375s] -- Up-to-date: /home/theomagnor/DuoArm/install/arm/share/ament_index/resource_index/package_run_dependencies/arm
[0.375s] -- Up-to-date: /home/theomagnor/DuoArm/install/arm/share/ament_index/resource_index/parent_prefix_path/arm
[0.376s] -- Up-to-date: /home/theomagnor/DuoArm/install/arm/share/arm/environment/ament_prefix_path.sh
[0.376s] -- Up-to-date: /home/theomagnor/DuoArm/install/arm/share/arm/environment/ament_prefix_path.dsv
[0.377s] -- Up-to-date: /home/theomagnor/DuoArm/install/arm/share/arm/environment/path.sh
[0.377s] -- Up-to-date: /home/theomagnor/DuoArm/install/arm/share/arm/environment/path.dsv
[0.378s] -- Up-to-date: /home/theomagnor/DuoArm/install/arm/share/arm/local_setup.bash
[0.378s] -- Up-to-date: /home/theomagnor/DuoArm/install/arm/share/arm/local_setup.sh
[0.379s] -- Up-to-date: /home/theomagnor/DuoArm/install/arm/share/arm/local_setup.zsh
[0.379s] -- Up-to-date: /home/theomagnor/DuoArm/install/arm/share/arm/local_setup.dsv
[0.380s] -- Installing: /home/theomagnor/DuoArm/install/arm/share/arm/package.dsv
[0.380s] -- Up-to-date: /home/theomagnor/DuoArm/install/arm/share/ament_index/resource_index/packages/arm
[0.381s] -- Up-to-date: /home/theomagnor/DuoArm/install/arm/share/arm/cmake/armConfig.cmake
[0.382s] -- Up-to-date: /home/theomagnor/DuoArm/install/arm/share/arm/cmake/armConfig-version.cmake
[0.384s] -- Up-to-date: /home/theomagnor/DuoArm/install/arm/share/arm/package.xml
[0.385s] Invoked command in '/home/theomagnor/DuoArm/build/arm' returned '0': CMAKE_PREFIX_PATH=${CMAKE_PREFIX_PATH}:/opt/ros/humble /usr/bin/cmake --install /home/theomagnor/DuoArm/build/arm
