[0.487s] Invoking command in '/home/theo/DuoArm/src/path_planning': PYTHONPATH=/home/theo/DuoArm/build/path_planning/prefix_override:/home/theo/DuoArm/install/path_planning/lib/python3.10/site-packages:${PYTHONPATH} /usr/bin/python3 -W ignore:setup.py install is deprecated setup.py egg_info --egg-base ../../build/path_planning build --build-base /home/theo/DuoArm/build/path_planning/build install --record /home/theo/DuoArm/build/path_planning/install.log --single-version-externally-managed install_data
[0.615s] running egg_info
[0.616s] creating ../../build/path_planning/path_planning.egg-info
[0.616s] writing ../../build/path_planning/path_planning.egg-info/PKG-INFO
[0.616s] writing dependency_links to ../../build/path_planning/path_planning.egg-info/dependency_links.txt
[0.616s] writing entry points to ../../build/path_planning/path_planning.egg-info/entry_points.txt
[0.616s] writing requirements to ../../build/path_planning/path_planning.egg-info/requires.txt
[0.616s] writing top-level names to ../../build/path_planning/path_planning.egg-info/top_level.txt
[0.616s] writing manifest file '../../build/path_planning/path_planning.egg-info/SOURCES.txt'
[0.618s] reading manifest file '../../build/path_planning/path_planning.egg-info/SOURCES.txt'
[0.618s] adding license file 'LICENSE'
[0.618s] writing manifest file '../../build/path_planning/path_planning.egg-info/SOURCES.txt'
[0.618s] running build
[0.618s] running build_py
[0.618s] creating /home/theo/DuoArm/build/path_planning/build
[0.619s] creating /home/theo/DuoArm/build/path_planning/build/lib
[0.619s] creating /home/theo/DuoArm/build/path_planning/build/lib/path_planning
[0.619s] copying path_planning/__init__.py -> /home/theo/DuoArm/build/path_planning/build/lib/path_planning
[0.619s] copying path_planning/path.py -> /home/theo/DuoArm/build/path_planning/build/lib/path_planning
[0.619s] running install
[0.619s] running install_lib
[0.620s] creating /home/theo/DuoArm/install/path_planning/lib/python3.10/site-packages/path_planning
[0.620s] copying /home/theo/DuoArm/build/path_planning/build/lib/path_planning/__init__.py -> /home/theo/DuoArm/install/path_planning/lib/python3.10/site-packages/path_planning
[0.620s] copying /home/theo/DuoArm/build/path_planning/build/lib/path_planning/path.py -> /home/theo/DuoArm/install/path_planning/lib/python3.10/site-packages/path_planning
[0.621s] byte-compiling /home/theo/DuoArm/install/path_planning/lib/python3.10/site-packages/path_planning/__init__.py to __init__.cpython-310.pyc
[0.621s] byte-compiling /home/theo/DuoArm/install/path_planning/lib/python3.10/site-packages/path_planning/path.py to path.cpython-310.pyc
[0.621s] running install_data
[0.621s] copying resource/path_planning -> /home/theo/DuoArm/install/path_planning/share/ament_index/resource_index/packages
[0.621s] copying package.xml -> /home/theo/DuoArm/install/path_planning/share/path_planning
[0.622s] running install_egg_info
[0.623s] Copying ../../build/path_planning/path_planning.egg-info to /home/theo/DuoArm/install/path_planning/lib/python3.10/site-packages/path_planning-0.0.0-py3.10.egg-info
[0.623s] running install_scripts
[0.637s] Installing command_listener script to /home/theo/DuoArm/install/path_planning/lib/path_planning
[0.637s] writing list of installed files to '/home/theo/DuoArm/build/path_planning/install.log'
[0.654s] Invoked command in '/home/theo/DuoArm/src/path_planning' returned '0': PYTHONPATH=/home/theo/DuoArm/build/path_planning/prefix_override:/home/theo/DuoArm/install/path_planning/lib/python3.10/site-packages:${PYTHONPATH} /usr/bin/python3 -W ignore:setup.py install is deprecated setup.py egg_info --egg-base ../../build/path_planning build --build-base /home/theo/DuoArm/build/path_planning/build install --record /home/theo/DuoArm/build/path_planning/install.log --single-version-externally-managed install_data
