[0.813s] Invoking command in '/home/theo/DuoArm/src/controll_center': PYTHONPATH=/home/theo/DuoArm/build/controll_center/prefix_override:/home/theo/DuoArm/install/controll_center/lib/python3.10/site-packages: /usr/bin/python3 -W ignore:setup.py install is deprecated setup.py egg_info --egg-base ../../build/controll_center build --build-base /home/theo/DuoArm/build/controll_center/build install --record /home/theo/DuoArm/build/controll_center/install.log --single-version-externally-managed install_data
[0.996s] running egg_info
[0.997s] writing ../../build/controll_center/controll_center.egg-info/PKG-INFO
[0.997s] writing dependency_links to ../../build/controll_center/controll_center.egg-info/dependency_links.txt
[0.997s] writing entry points to ../../build/controll_center/controll_center.egg-info/entry_points.txt
[0.997s] writing requirements to ../../build/controll_center/controll_center.egg-info/requires.txt
[0.997s] writing top-level names to ../../build/controll_center/controll_center.egg-info/top_level.txt
[0.999s] reading manifest file '../../build/controll_center/controll_center.egg-info/SOURCES.txt'
[0.999s] adding license file 'LICENSE'
[1.000s] writing manifest file '../../build/controll_center/controll_center.egg-info/SOURCES.txt'
[1.000s] running build
[1.000s] running build_py
[1.000s] copying controll_center/display.py -> /home/theo/DuoArm/build/controll_center/build/lib/controll_center
[1.001s] copying controll_center/joystick_controller.py -> /home/theo/DuoArm/build/controll_center/build/lib/controll_center
[1.001s] running install
[1.001s] running install_lib
[1.002s] copying /home/theo/DuoArm/build/controll_center/build/lib/controll_center/display.py -> /home/theo/DuoArm/install/controll_center/lib/python3.10/site-packages/controll_center
[1.003s] copying /home/theo/DuoArm/build/controll_center/build/lib/controll_center/joystick_controller.py -> /home/theo/DuoArm/install/controll_center/lib/python3.10/site-packages/controll_center
[1.004s] byte-compiling /home/theo/DuoArm/install/controll_center/lib/python3.10/site-packages/controll_center/display.py to display.cpython-310.pyc
[1.006s] byte-compiling /home/theo/DuoArm/install/controll_center/lib/python3.10/site-packages/controll_center/joystick_controller.py to joystick_controller.cpython-310.pyc
[1.006s] running install_data
[1.007s] copying launch/start_launch.py -> /home/theo/DuoArm/install/controll_center/share/controll_center/launch
[1.007s] running install_egg_info
[1.008s] removing '/home/theo/DuoArm/install/controll_center/lib/python3.10/site-packages/controll_center-0.0.0-py3.10.egg-info' (and everything under it)
[1.008s] Copying ../../build/controll_center/controll_center.egg-info to /home/theo/DuoArm/install/controll_center/lib/python3.10/site-packages/controll_center-0.0.0-py3.10.egg-info
[1.013s] running install_scripts
[1.037s] Installing action_controller script to /home/theo/DuoArm/install/controll_center/lib/controll_center
[1.037s] Installing command_executor script to /home/theo/DuoArm/install/controll_center/lib/controll_center
[1.040s] Installing command_window script to /home/theo/DuoArm/install/controll_center/lib/controll_center
[1.040s] Installing display script to /home/theo/DuoArm/install/controll_center/lib/controll_center
[1.040s] writing list of installed files to '/home/theo/DuoArm/build/controll_center/install.log'
[1.065s] Invoked command in '/home/theo/DuoArm/src/controll_center' returned '0': PYTHONPATH=/home/theo/DuoArm/build/controll_center/prefix_override:/home/theo/DuoArm/install/controll_center/lib/python3.10/site-packages: /usr/bin/python3 -W ignore:setup.py install is deprecated setup.py egg_info --egg-base ../../build/controll_center build --build-base /home/theo/DuoArm/build/controll_center/build install --record /home/theo/DuoArm/build/controll_center/install.log --single-version-externally-managed install_data
