[1.072s] Invoking command in '/home/theo/DuoArm/src/path_planning': PYTHONPATH=/home/theo/DuoArm/build/path_planning/prefix_override:/home/theo/DuoArm/install/path_planning/lib/python3.10/site-packages:${PYTHONPATH} /usr/bin/python3 -W ignore:setup.py install is deprecated setup.py egg_info --egg-base ../../build/path_planning build --build-base /home/theo/DuoArm/build/path_planning/build install --record /home/theo/DuoArm/build/path_planning/install.log --single-version-externally-managed install_data
[1.290s] running egg_info
[1.291s] writing ../../build/path_planning/path_planning.egg-info/PKG-INFO
[1.291s] writing dependency_links to ../../build/path_planning/path_planning.egg-info/dependency_links.txt
[1.292s] writing entry points to ../../build/path_planning/path_planning.egg-info/entry_points.txt
[1.292s] writing requirements to ../../build/path_planning/path_planning.egg-info/requires.txt
[1.292s] writing top-level names to ../../build/path_planning/path_planning.egg-info/top_level.txt
[1.294s] reading manifest file '../../build/path_planning/path_planning.egg-info/SOURCES.txt'
[1.294s] adding license file 'LICENSE'
[1.295s] writing manifest file '../../build/path_planning/path_planning.egg-info/SOURCES.txt'
[1.295s] running build
[1.295s] running build_py
[1.295s] copying path_planning/path_planner.py -> /home/theo/DuoArm/build/path_planning/build/lib/path_planning
[1.296s] running install
[1.296s] running install_lib
[1.298s] copying /home/theo/DuoArm/build/path_planning/build/lib/path_planning/path_planner.py -> /home/theo/DuoArm/install/path_planning/lib/python3.10/site-packages/path_planning
[1.298s] byte-compiling /home/theo/DuoArm/install/path_planning/lib/python3.10/site-packages/path_planning/path_planner.py to path_planner.cpython-310.pyc
[1.305s] running install_data
[1.305s] running install_egg_info
[1.305s] removing '/home/theo/DuoArm/install/path_planning/lib/python3.10/site-packages/path_planning-0.0.0-py3.10.egg-info' (and everything under it)
[1.305s] Copying ../../build/path_planning/path_planning.egg-info to /home/theo/DuoArm/install/path_planning/lib/python3.10/site-packages/path_planning-0.0.0-py3.10.egg-info
[1.305s] running install_scripts
[1.327s] Installing auto_mapper script to /home/theo/DuoArm/install/path_planning/lib/path_planning
[1.327s] Installing path_planner script to /home/theo/DuoArm/install/path_planning/lib/path_planning
[1.327s] writing list of installed files to '/home/theo/DuoArm/build/path_planning/install.log'
[1.351s] Invoked command in '/home/theo/DuoArm/src/path_planning' returned '0': PYTHONPATH=/home/theo/DuoArm/build/path_planning/prefix_override:/home/theo/DuoArm/install/path_planning/lib/python3.10/site-packages:${PYTHONPATH} /usr/bin/python3 -W ignore:setup.py install is deprecated setup.py egg_info --egg-base ../../build/path_planning build --build-base /home/theo/DuoArm/build/path_planning/build install --record /home/theo/DuoArm/build/path_planning/install.log --single-version-externally-managed install_data
