[0.761s] Invoking command in '/home/theo/DuoArm/src/launcher': PYTHONPATH=/home/theo/DuoArm/build/launcher/prefix_override:/home/theo/DuoArm/install/launcher/lib/python3.10/site-packages:${PYTHONPATH} /usr/bin/python3 -W ignore:setup.py install is deprecated setup.py egg_info --egg-base ../../build/launcher build --build-base /home/theo/DuoArm/build/launcher/build install --record /home/theo/DuoArm/build/launcher/install.log --single-version-externally-managed install_data
[0.876s] running egg_info
[0.877s] writing ../../build/launcher/launcher.egg-info/PKG-INFO
[0.877s] writing dependency_links to ../../build/launcher/launcher.egg-info/dependency_links.txt
[0.877s] writing entry points to ../../build/launcher/launcher.egg-info/entry_points.txt
[0.877s] writing requirements to ../../build/launcher/launcher.egg-info/requires.txt
[0.878s] writing top-level names to ../../build/launcher/launcher.egg-info/top_level.txt
[0.878s] reading manifest file '../../build/launcher/launcher.egg-info/SOURCES.txt'
[0.878s] adding license file 'LICENSE'
[0.879s] writing manifest file '../../build/launcher/launcher.egg-info/SOURCES.txt'
[0.879s] running build
[0.879s] running build_py
[0.879s] running install
[0.879s] running install_lib
[0.880s] running install_data
[0.880s] copying launch/start_launch.py -> /home/theo/DuoArm/install/launcher/share/launcher/launch
[0.880s] running install_egg_info
[0.882s] removing '/home/theo/DuoArm/install/launcher/lib/python3.10/site-packages/launcher-0.0.0-py3.10.egg-info' (and everything under it)
[0.882s] Copying ../../build/launcher/launcher.egg-info to /home/theo/DuoArm/install/launcher/lib/python3.10/site-packages/launcher-0.0.0-py3.10.egg-info
[0.882s] running install_scripts
[0.895s] writing list of installed files to '/home/theo/DuoArm/build/launcher/install.log'
[0.922s] Invoked command in '/home/theo/DuoArm/src/launcher' returned '0': PYTHONPATH=/home/theo/DuoArm/build/launcher/prefix_override:/home/theo/DuoArm/install/launcher/lib/python3.10/site-packages:${PYTHONPATH} /usr/bin/python3 -W ignore:setup.py install is deprecated setup.py egg_info --egg-base ../../build/launcher build --build-base /home/theo/DuoArm/build/launcher/build install --record /home/theo/DuoArm/build/launcher/install.log --single-version-externally-managed install_data
