[6.108s] Invoking command in '/home/theomagnor/DuoArm/src/path_planning': PYTHONPATH=/home/theomagnor/DuoArm/build/path_planning/prefix_override:/home/theomagnor/DuoArm/install/path_planning/lib/python3.10/site-packages:${PYTHONPATH} /usr/bin/python3 -W ignore:setup.py install is deprecated setup.py egg_info --egg-base ../../build/path_planning build --build-base /home/theomagnor/DuoArm/build/path_planning/build install --record /home/theomagnor/DuoArm/build/path_planning/install.log --single-version-externally-managed install_data
[7.673s] running egg_info
[7.680s] writing ../../build/path_planning/path_planning.egg-info/PKG-INFO
[7.684s] writing dependency_links to ../../build/path_planning/path_planning.egg-info/dependency_links.txt
[7.687s] writing entry points to ../../build/path_planning/path_planning.egg-info/entry_points.txt
[7.690s] writing requirements to ../../build/path_planning/path_planning.egg-info/requires.txt
[7.693s] writing top-level names to ../../build/path_planning/path_planning.egg-info/top_level.txt
[7.696s] reading manifest file '../../build/path_planning/path_planning.egg-info/SOURCES.txt'
[7.701s] adding license file 'LICENSE'
[7.708s] writing manifest file '../../build/path_planning/path_planning.egg-info/SOURCES.txt'
[7.715s] running build
[7.720s] running build_py
[7.726s] copying path_planning/auto_mapper.py -> /home/theomagnor/DuoArm/build/path_planning/build/lib/path_planning
[7.734s] running install
[7.738s] running install_lib
[7.745s] copying /home/theomagnor/DuoArm/build/path_planning/build/lib/path_planning/auto_mapper.py -> /home/theomagnor/DuoArm/install/path_planning/lib/python3.10/site-packages/path_planning
[7.750s] byte-compiling /home/theomagnor/DuoArm/install/path_planning/lib/python3.10/site-packages/path_planning/auto_mapper.py to auto_mapper.cpython-310.pyc
[7.754s] running install_data
[7.760s] running install_egg_info
[7.776s] removing '/home/theomagnor/DuoArm/install/path_planning/lib/python3.10/site-packages/path_planning-0.0.0-py3.10.egg-info' (and everything under it)
[7.777s] Copying ../../build/path_planning/path_planning.egg-info to /home/theomagnor/DuoArm/install/path_planning/lib/python3.10/site-packages/path_planning-0.0.0-py3.10.egg-info
[7.778s] running install_scripts
[7.954s] Installing auto_mapper script to /home/theomagnor/DuoArm/install/path_planning/lib/path_planning
[7.955s] Installing path_planner script to /home/theomagnor/DuoArm/install/path_planning/lib/path_planning
[7.959s] writing list of installed files to '/home/theomagnor/DuoArm/build/path_planning/install.log'
[8.175s] Invoked command in '/home/theomagnor/DuoArm/src/path_planning' returned '0': PYTHONPATH=/home/theomagnor/DuoArm/build/path_planning/prefix_override:/home/theomagnor/DuoArm/install/path_planning/lib/python3.10/site-packages:${PYTHONPATH} /usr/bin/python3 -W ignore:setup.py install is deprecated setup.py egg_info --egg-base ../../build/path_planning build --build-base /home/theomagnor/DuoArm/build/path_planning/build install --record /home/theomagnor/DuoArm/build/path_planning/install.log --single-version-externally-managed install_data
