-- Install configuration: ""
-- Installing: /home/theomagnor/DuoArm/install/arm/share/arm//launch
-- Installing: /home/theomagnor/DuoArm/install/arm/share/arm//launch/arm.launch.py
-- Installing: /home/theomagnor/DuoArm/install/arm/share/arm//urdf
-- Installing: /home/theomagnor/DuoArm/install/arm/share/arm//urdf/duoArm2.urdf
-- Installing: /home/theomagnor/DuoArm/install/arm/share/arm//urdf/lta-passivarm.part
-- Installing: /home/theomagnor/DuoArm/install/arm/share/arm//urdf/robot.urdf
-- Installing: /home/theomagnor/DuoArm/install/arm/share/arm//urdf/activearm.part
-- Installing: /home/theomagnor/DuoArm/install/arm/share/arm//urdf/lta-tooladaptertest.part
-- Installing: /home/theomagnor/DuoArm/install/arm/share/arm//urdf/tooltest.part
-- Installing: /home/theomagnor/DuoArm/install/arm/share/arm//urdf/lta-body.part
-- Installing: /home/theomagnor/DuoArm/install/arm/share/arm//meshes
-- Installing: /home/theomagnor/DuoArm/install/arm/share/arm//meshes/activearm.stl
-- Installing: /home/theomagnor/DuoArm/install/arm/share/arm//meshes/lta-body.stl
-- Installing: /home/theomagnor/DuoArm/install/arm/share/arm//meshes/tooltest.stl
-- Installing: /home/theomagnor/DuoArm/install/arm/share/arm//meshes/lta-tooladaptertest.stl
-- Installing: /home/theomagnor/DuoArm/install/arm/share/arm//meshes/lta-passivarm.stl
-- Installing: /home/theomagnor/DuoArm/install/arm/share/ament_index/resource_index/package_run_dependencies/arm
-- Installing: /home/theomagnor/DuoArm/install/arm/share/ament_index/resource_index/parent_prefix_path/arm
-- Installing: /home/theomagnor/DuoArm/install/arm/share/arm/environment/ament_prefix_path.sh
-- Installing: /home/theomagnor/DuoArm/install/arm/share/arm/environment/ament_prefix_path.dsv
-- Installing: /home/theomagnor/DuoArm/install/arm/share/arm/environment/path.sh
-- Installing: /home/theomagnor/DuoArm/install/arm/share/arm/environment/path.dsv
-- Installing: /home/theomagnor/DuoArm/install/arm/share/arm/local_setup.bash
-- Installing: /home/theomagnor/DuoArm/install/arm/share/arm/local_setup.sh
-- Installing: /home/theomagnor/DuoArm/install/arm/share/arm/local_setup.zsh
-- Installing: /home/theomagnor/DuoArm/install/arm/share/arm/local_setup.dsv
-- Up-to-date: /home/theomagnor/DuoArm/install/arm/share/arm/package.dsv
-- Installing: /home/theomagnor/DuoArm/install/arm/share/ament_index/resource_index/packages/arm
-- Installing: /home/theomagnor/DuoArm/install/arm/share/arm/cmake/armConfig.cmake
-- Installing: /home/theomagnor/DuoArm/install/arm/share/arm/cmake/armConfig-version.cmake
-- Installing: /home/theomagnor/DuoArm/install/arm/share/arm/package.xml
