[0.130s] DEBUG:colcon:Command line arguments: ['/usr/bin/colcon', 'build']
[0.130s] DEBUG:colcon:Parsed command line arguments: Namespace(log_base=None, log_level=None, verb_name='build', build_base='build', install_base='install', merge_install=False, symlink_install=False, test_result_base=None, continue_on_error=False, executor='parallel', parallel_workers=20, event_handlers=None, ignore_user_meta=False, metas=['./colcon.meta'], base_paths=['.'], packages_ignore=None, packages_ignore_regex=None, paths=None, packages_up_to=None, packages_up_to_regex=None, packages_above=None, packages_above_and_dependencies=None, packages_above_depth=None, packages_select_by_dep=None, packages_skip_by_dep=None, packages_skip_up_to=None, packages_select_build_failed=False, packages_skip_build_finished=False, packages_select_test_failures=False, packages_skip_test_passed=False, packages_select=None, packages_skip=None, packages_select_regex=None, packages_skip_regex=None, packages_start=None, packages_end=None, allow_overriding=[], cmake_args=None, cmake_target=None, cmake_target_skip_unavailable=False, cmake_clean_cache=False, cmake_clean_first=False, cmake_force_configure=False, ament_cmake_args=None, catkin_cmake_args=None, catkin_skip_building_tests=False, mixin_files=None, mixin=None, verb_parser=<colcon_mixin.mixin.mixin_argument.MixinArgumentDecorator object at 0x7f6fd427db10>, verb_extension=<colcon_core.verb.build.BuildVerb object at 0x7f6fd43f74f0>, main=<bound method BuildVerb.main of <colcon_core.verb.build.BuildVerb object at 0x7f6fd43f74f0>>, mixin_verb=('build',))
[0.212s] Level 1:colcon.colcon_core.package_discovery:discover_packages(colcon_meta) check parameters
[0.212s] Level 1:colcon.colcon_core.package_discovery:discover_packages(recursive) check parameters
[0.212s] Level 1:colcon.colcon_core.package_discovery:discover_packages(ignore) check parameters
[0.212s] Level 1:colcon.colcon_core.package_discovery:discover_packages(path) check parameters
[0.212s] Level 1:colcon.colcon_core.package_discovery:discover_packages(colcon_meta) discover
[0.212s] Level 1:colcon.colcon_core.package_discovery:discover_packages(recursive) discover
[0.212s] INFO:colcon.colcon_core.package_discovery:Crawling recursively for packages in '/home/theo/DuoArm'
[0.212s] Level 1:colcon.colcon_core.package_identification:_identify(.) by extensions ['ignore', 'ignore_ament_install']
[0.212s] Level 1:colcon.colcon_core.package_identification:_identify(.) by extension 'ignore'
[0.212s] Level 1:colcon.colcon_core.package_identification:_identify(.) by extension 'ignore_ament_install'
[0.212s] Level 1:colcon.colcon_core.package_identification:_identify(.) by extensions ['colcon_pkg']
[0.212s] Level 1:colcon.colcon_core.package_identification:_identify(.) by extension 'colcon_pkg'
[0.212s] Level 1:colcon.colcon_core.package_identification:_identify(.) by extensions ['colcon_meta']
[0.212s] Level 1:colcon.colcon_core.package_identification:_identify(.) by extension 'colcon_meta'
[0.212s] Level 1:colcon.colcon_core.package_identification:_identify(.) by extensions ['ros']
[0.212s] Level 1:colcon.colcon_core.package_identification:_identify(.) by extension 'ros'
[0.219s] Level 1:colcon.colcon_core.package_identification:_identify(.) by extensions ['cmake', 'python']
[0.219s] Level 1:colcon.colcon_core.package_identification:_identify(.) by extension 'cmake'
[0.219s] Level 1:colcon.colcon_core.package_identification:_identify(.) by extension 'python'
[0.219s] Level 1:colcon.colcon_core.package_identification:_identify(.) by extensions ['python_setup_py']
[0.219s] Level 1:colcon.colcon_core.package_identification:_identify(.) by extension 'python_setup_py'
[0.219s] Level 1:colcon.colcon_core.package_identification:_identify(build) by extensions ['ignore', 'ignore_ament_install']
[0.219s] Level 1:colcon.colcon_core.package_identification:_identify(build) by extension 'ignore'
[0.220s] Level 1:colcon.colcon_core.package_identification:_identify(build) ignored
[0.220s] Level 1:colcon.colcon_core.package_identification:_identify(install) by extensions ['ignore', 'ignore_ament_install']
[0.220s] Level 1:colcon.colcon_core.package_identification:_identify(install) by extension 'ignore'
[0.220s] Level 1:colcon.colcon_core.package_identification:_identify(install) ignored
[0.220s] Level 1:colcon.colcon_core.package_identification:_identify(log) by extensions ['ignore', 'ignore_ament_install']
[0.220s] Level 1:colcon.colcon_core.package_identification:_identify(log) by extension 'ignore'
[0.220s] Level 1:colcon.colcon_core.package_identification:_identify(log) ignored
[0.220s] Level 1:colcon.colcon_core.package_identification:_identify(src) by extensions ['ignore', 'ignore_ament_install']
[0.220s] Level 1:colcon.colcon_core.package_identification:_identify(src) by extension 'ignore'
[0.220s] Level 1:colcon.colcon_core.package_identification:_identify(src) by extension 'ignore_ament_install'
[0.220s] Level 1:colcon.colcon_core.package_identification:_identify(src) by extensions ['colcon_pkg']
[0.220s] Level 1:colcon.colcon_core.package_identification:_identify(src) by extension 'colcon_pkg'
[0.220s] Level 1:colcon.colcon_core.package_identification:_identify(src) by extensions ['colcon_meta']
[0.220s] Level 1:colcon.colcon_core.package_identification:_identify(src) by extension 'colcon_meta'
[0.220s] Level 1:colcon.colcon_core.package_identification:_identify(src) by extensions ['ros']
[0.220s] Level 1:colcon.colcon_core.package_identification:_identify(src) by extension 'ros'
[0.220s] Level 1:colcon.colcon_core.package_identification:_identify(src) by extensions ['cmake', 'python']
[0.220s] Level 1:colcon.colcon_core.package_identification:_identify(src) by extension 'cmake'
[0.220s] Level 1:colcon.colcon_core.package_identification:_identify(src) by extension 'python'
[0.220s] Level 1:colcon.colcon_core.package_identification:_identify(src) by extensions ['python_setup_py']
[0.220s] Level 1:colcon.colcon_core.package_identification:_identify(src) by extension 'python_setup_py'
[0.220s] Level 1:colcon.colcon_core.package_identification:_identify(src/arm) by extensions ['ignore', 'ignore_ament_install']
[0.220s] Level 1:colcon.colcon_core.package_identification:_identify(src/arm) by extension 'ignore'
[0.220s] Level 1:colcon.colcon_core.package_identification:_identify(src/arm) by extension 'ignore_ament_install'
[0.220s] Level 1:colcon.colcon_core.package_identification:_identify(src/arm) by extensions ['colcon_pkg']
[0.220s] Level 1:colcon.colcon_core.package_identification:_identify(src/arm) by extension 'colcon_pkg'
[0.220s] Level 1:colcon.colcon_core.package_identification:_identify(src/arm) by extensions ['colcon_meta']
[0.220s] Level 1:colcon.colcon_core.package_identification:_identify(src/arm) by extension 'colcon_meta'
[0.220s] Level 1:colcon.colcon_core.package_identification:_identify(src/arm) by extensions ['ros']
[0.220s] Level 1:colcon.colcon_core.package_identification:_identify(src/arm) by extension 'ros'
[0.222s] DEBUG:colcon.colcon_core.package_identification:Package 'src/arm' with type 'ros.ament_cmake' and name 'arm'
[0.222s] Level 1:colcon.colcon_core.package_identification:_identify(src/command_center) by extensions ['ignore', 'ignore_ament_install']
[0.222s] Level 1:colcon.colcon_core.package_identification:_identify(src/command_center) by extension 'ignore'
[0.222s] Level 1:colcon.colcon_core.package_identification:_identify(src/command_center) by extension 'ignore_ament_install'
[0.222s] Level 1:colcon.colcon_core.package_identification:_identify(src/command_center) by extensions ['colcon_pkg']
[0.222s] Level 1:colcon.colcon_core.package_identification:_identify(src/command_center) by extension 'colcon_pkg'
[0.222s] Level 1:colcon.colcon_core.package_identification:_identify(src/command_center) by extensions ['colcon_meta']
[0.222s] Level 1:colcon.colcon_core.package_identification:_identify(src/command_center) by extension 'colcon_meta'
[0.222s] Level 1:colcon.colcon_core.package_identification:_identify(src/command_center) by extensions ['ros']
[0.222s] Level 1:colcon.colcon_core.package_identification:_identify(src/command_center) by extension 'ros'
[0.222s] DEBUG:colcon.colcon_core.package_identification:Package 'src/command_center' with type 'ros.ament_python' and name 'command_center'
[0.222s] Level 1:colcon.colcon_core.package_identification:_identify(src/path_planning) by extensions ['ignore', 'ignore_ament_install']
[0.222s] Level 1:colcon.colcon_core.package_identification:_identify(src/path_planning) by extension 'ignore'
[0.222s] Level 1:colcon.colcon_core.package_identification:_identify(src/path_planning) by extension 'ignore_ament_install'
[0.222s] Level 1:colcon.colcon_core.package_identification:_identify(src/path_planning) by extensions ['colcon_pkg']
[0.222s] Level 1:colcon.colcon_core.package_identification:_identify(src/path_planning) by extension 'colcon_pkg'
[0.222s] Level 1:colcon.colcon_core.package_identification:_identify(src/path_planning) by extensions ['colcon_meta']
[0.222s] Level 1:colcon.colcon_core.package_identification:_identify(src/path_planning) by extension 'colcon_meta'
[0.222s] Level 1:colcon.colcon_core.package_identification:_identify(src/path_planning) by extensions ['ros']
[0.222s] Level 1:colcon.colcon_core.package_identification:_identify(src/path_planning) by extension 'ros'
[0.223s] DEBUG:colcon.colcon_core.package_identification:Package 'src/path_planning' with type 'ros.ament_cmake' and name 'path_planning'
[0.223s] Level 1:colcon.colcon_core.package_discovery:discover_packages(recursive) using defaults
[0.223s] Level 1:colcon.colcon_core.package_discovery:discover_packages(ignore) discover
[0.223s] Level 1:colcon.colcon_core.package_discovery:discover_packages(ignore) using defaults
[0.223s] Level 1:colcon.colcon_core.package_discovery:discover_packages(path) discover
[0.223s] Level 1:colcon.colcon_core.package_discovery:discover_packages(path) using defaults
[0.234s] Level 1:colcon.colcon_core.package_discovery:discover_packages(prefix_path) check parameters
[0.234s] Level 1:colcon.colcon_core.package_discovery:discover_packages(prefix_path) discover
[0.235s] DEBUG:colcon.colcon_installed_package_information.package_discovery:Found 3 installed packages in /home/theo/DuoArm/install
[0.236s] DEBUG:colcon.colcon_installed_package_information.package_discovery:Found 322 installed packages in /opt/ros/humble
[0.243s] Level 1:colcon.colcon_core.package_discovery:discover_packages(prefix_path) using defaults
[0.265s] Level 5:colcon.colcon_core.verb:set package 'arm' build argument 'cmake_args' from command line to 'None'
[0.265s] Level 5:colcon.colcon_core.verb:set package 'arm' build argument 'cmake_target' from command line to 'None'
[0.265s] Level 5:colcon.colcon_core.verb:set package 'arm' build argument 'cmake_target_skip_unavailable' from command line to 'False'
[0.265s] Level 5:colcon.colcon_core.verb:set package 'arm' build argument 'cmake_clean_cache' from command line to 'False'
[0.265s] Level 5:colcon.colcon_core.verb:set package 'arm' build argument 'cmake_clean_first' from command line to 'False'
[0.265s] Level 5:colcon.colcon_core.verb:set package 'arm' build argument 'cmake_force_configure' from command line to 'False'
[0.265s] Level 5:colcon.colcon_core.verb:set package 'arm' build argument 'ament_cmake_args' from command line to 'None'
[0.265s] Level 5:colcon.colcon_core.verb:set package 'arm' build argument 'catkin_cmake_args' from command line to 'None'
[0.265s] Level 5:colcon.colcon_core.verb:set package 'arm' build argument 'catkin_skip_building_tests' from command line to 'False'
[0.265s] DEBUG:colcon.colcon_core.verb:Building package 'arm' with the following arguments: {'ament_cmake_args': None, 'build_base': '/home/theo/DuoArm/build/arm', 'catkin_cmake_args': None, 'catkin_skip_building_tests': False, 'cmake_args': None, 'cmake_clean_cache': False, 'cmake_clean_first': False, 'cmake_force_configure': False, 'cmake_target': None, 'cmake_target_skip_unavailable': False, 'install_base': '/home/theo/DuoArm/install/arm', 'merge_install': False, 'path': '/home/theo/DuoArm/src/arm', 'symlink_install': False, 'test_result_base': None}
[0.265s] Level 5:colcon.colcon_core.verb:set package 'command_center' build argument 'cmake_args' from command line to 'None'
[0.265s] Level 5:colcon.colcon_core.verb:set package 'command_center' build argument 'cmake_target' from command line to 'None'
[0.265s] Level 5:colcon.colcon_core.verb:set package 'command_center' build argument 'cmake_target_skip_unavailable' from command line to 'False'
[0.265s] Level 5:colcon.colcon_core.verb:set package 'command_center' build argument 'cmake_clean_cache' from command line to 'False'
[0.265s] Level 5:colcon.colcon_core.verb:set package 'command_center' build argument 'cmake_clean_first' from command line to 'False'
[0.265s] Level 5:colcon.colcon_core.verb:set package 'command_center' build argument 'cmake_force_configure' from command line to 'False'
[0.265s] Level 5:colcon.colcon_core.verb:set package 'command_center' build argument 'ament_cmake_args' from command line to 'None'
[0.265s] Level 5:colcon.colcon_core.verb:set package 'command_center' build argument 'catkin_cmake_args' from command line to 'None'
[0.265s] Level 5:colcon.colcon_core.verb:set package 'command_center' build argument 'catkin_skip_building_tests' from command line to 'False'
[0.266s] DEBUG:colcon.colcon_core.verb:Building package 'command_center' with the following arguments: {'ament_cmake_args': None, 'build_base': '/home/theo/DuoArm/build/command_center', 'catkin_cmake_args': None, 'catkin_skip_building_tests': False, 'cmake_args': None, 'cmake_clean_cache': False, 'cmake_clean_first': False, 'cmake_force_configure': False, 'cmake_target': None, 'cmake_target_skip_unavailable': False, 'install_base': '/home/theo/DuoArm/install/command_center', 'merge_install': False, 'path': '/home/theo/DuoArm/src/command_center', 'symlink_install': False, 'test_result_base': None}
[0.266s] Level 5:colcon.colcon_core.verb:set package 'path_planning' build argument 'cmake_args' from command line to 'None'
[0.266s] Level 5:colcon.colcon_core.verb:set package 'path_planning' build argument 'cmake_target' from command line to 'None'
[0.266s] Level 5:colcon.colcon_core.verb:set package 'path_planning' build argument 'cmake_target_skip_unavailable' from command line to 'False'
[0.266s] Level 5:colcon.colcon_core.verb:set package 'path_planning' build argument 'cmake_clean_cache' from command line to 'False'
[0.266s] Level 5:colcon.colcon_core.verb:set package 'path_planning' build argument 'cmake_clean_first' from command line to 'False'
[0.266s] Level 5:colcon.colcon_core.verb:set package 'path_planning' build argument 'cmake_force_configure' from command line to 'False'
[0.266s] Level 5:colcon.colcon_core.verb:set package 'path_planning' build argument 'ament_cmake_args' from command line to 'None'
[0.266s] Level 5:colcon.colcon_core.verb:set package 'path_planning' build argument 'catkin_cmake_args' from command line to 'None'
[0.266s] Level 5:colcon.colcon_core.verb:set package 'path_planning' build argument 'catkin_skip_building_tests' from command line to 'False'
[0.266s] DEBUG:colcon.colcon_core.verb:Building package 'path_planning' with the following arguments: {'ament_cmake_args': None, 'build_base': '/home/theo/DuoArm/build/path_planning', 'catkin_cmake_args': None, 'catkin_skip_building_tests': False, 'cmake_args': None, 'cmake_clean_cache': False, 'cmake_clean_first': False, 'cmake_force_configure': False, 'cmake_target': None, 'cmake_target_skip_unavailable': False, 'install_base': '/home/theo/DuoArm/install/path_planning', 'merge_install': False, 'path': '/home/theo/DuoArm/src/path_planning', 'symlink_install': False, 'test_result_base': None}
[0.266s] INFO:colcon.colcon_core.executor:Executing jobs using 'parallel' executor
[0.267s] DEBUG:colcon.colcon_parallel_executor.executor.parallel:run_until_complete
[0.267s] INFO:colcon.colcon_ros.task.ament_cmake.build:Building ROS package in '/home/theo/DuoArm/src/arm' with build type 'ament_cmake'
[0.267s] INFO:colcon.colcon_cmake.task.cmake.build:Building CMake package in '/home/theo/DuoArm/src/arm'
[0.268s] INFO:colcon.colcon_core.plugin_system:Skipping extension 'colcon_core.shell.bat': Not used on non-Windows systems
[0.269s] INFO:colcon.colcon_core.shell:Skip shell extension 'powershell' for command environment: Not usable outside of PowerShell
[0.269s] DEBUG:colcon.colcon_core.shell:Skip shell extension 'dsv' for command environment
[0.271s] INFO:colcon.colcon_ros.task.ament_python.build:Building ROS package in '/home/theo/DuoArm/src/command_center' with build type 'ament_python'
[0.271s] Level 1:colcon.colcon_core.shell:create_environment_hook('command_center', 'ament_prefix_path')
[0.271s] INFO:colcon.colcon_core.shell:Creating environment hook '/home/theo/DuoArm/install/command_center/share/command_center/hook/ament_prefix_path.ps1'
[0.271s] INFO:colcon.colcon_core.shell:Creating environment descriptor '/home/theo/DuoArm/install/command_center/share/command_center/hook/ament_prefix_path.dsv'
[0.272s] INFO:colcon.colcon_core.shell:Creating environment hook '/home/theo/DuoArm/install/command_center/share/command_center/hook/ament_prefix_path.sh'
[0.272s] INFO:colcon.colcon_core.shell:Skip shell extension 'powershell' for command environment: Not usable outside of PowerShell
[0.272s] DEBUG:colcon.colcon_core.shell:Skip shell extension 'dsv' for command environment
[0.274s] INFO:colcon.colcon_ros.task.ament_cmake.build:Building ROS package in '/home/theo/DuoArm/src/path_planning' with build type 'ament_cmake'
[0.274s] INFO:colcon.colcon_cmake.task.cmake.build:Building CMake package in '/home/theo/DuoArm/src/path_planning'
[0.274s] INFO:colcon.colcon_core.shell:Skip shell extension 'powershell' for command environment: Not usable outside of PowerShell
[0.274s] DEBUG:colcon.colcon_core.shell:Skip shell extension 'dsv' for command environment
[0.282s] DEBUG:colcon.colcon_core.event_handler.log_command:Invoking command in '/home/theo/DuoArm/build/arm': CMAKE_PREFIX_PATH=${CMAKE_PREFIX_PATH}:/opt/ros/humble /usr/bin/cmake --build /home/theo/DuoArm/build/arm -- -j20 -l20
[0.416s] INFO:colcon.colcon_core.task.python.build:Building Python package in '/home/theo/DuoArm/src/command_center'
[0.417s] INFO:colcon.colcon_core.shell:Skip shell extension 'powershell' for command environment: Not usable outside of PowerShell
[0.417s] DEBUG:colcon.colcon_core.shell:Skip shell extension 'dsv' for command environment
[0.423s] DEBUG:colcon.colcon_core.event_handler.log_command:Invoking command in '/home/theo/DuoArm/build/path_planning': CMAKE_PREFIX_PATH=${CMAKE_PREFIX_PATH}:/opt/ros/humble /usr/bin/cmake --build /home/theo/DuoArm/build/path_planning -- -j20 -l20
[0.424s] DEBUG:colcon.colcon_core.event_handler.log_command:Invoked command in '/home/theo/DuoArm/build/arm' returned '0': CMAKE_PREFIX_PATH=${CMAKE_PREFIX_PATH}:/opt/ros/humble /usr/bin/cmake --build /home/theo/DuoArm/build/arm -- -j20 -l20
[0.438s] DEBUG:colcon.colcon_core.event_handler.log_command:Invoking command in '/home/theo/DuoArm/build/arm': CMAKE_PREFIX_PATH=${CMAKE_PREFIX_PATH}:/opt/ros/humble /usr/bin/cmake --install /home/theo/DuoArm/build/arm
[0.440s] DEBUG:colcon.colcon_core.event_handler.log_command:Invoked command in '/home/theo/DuoArm/build/path_planning' returned '0': CMAKE_PREFIX_PATH=${CMAKE_PREFIX_PATH}:/opt/ros/humble /usr/bin/cmake --build /home/theo/DuoArm/build/path_planning -- -j20 -l20
[0.443s] Level 1:colcon.colcon_core.environment:create_environment_scripts_only(arm)
[0.444s] DEBUG:colcon.colcon_core.event_handler.log_command:Invoked command in '/home/theo/DuoArm/build/arm' returned '0': CMAKE_PREFIX_PATH=${CMAKE_PREFIX_PATH}:/opt/ros/humble /usr/bin/cmake --install /home/theo/DuoArm/build/arm
[0.444s] Level 1:colcon.colcon_core.environment:checking '/home/theo/DuoArm/install/arm' for CMake module files
[0.445s] Level 1:colcon.colcon_core.environment:checking '/home/theo/DuoArm/install/arm' for CMake config files
[0.445s] Level 1:colcon.colcon_core.shell:create_environment_hook('arm', 'cmake_prefix_path')
[0.445s] INFO:colcon.colcon_core.shell:Creating environment hook '/home/theo/DuoArm/install/arm/share/arm/hook/cmake_prefix_path.ps1'
[0.445s] INFO:colcon.colcon_core.shell:Creating environment descriptor '/home/theo/DuoArm/install/arm/share/arm/hook/cmake_prefix_path.dsv'
[0.445s] INFO:colcon.colcon_core.shell:Creating environment hook '/home/theo/DuoArm/install/arm/share/arm/hook/cmake_prefix_path.sh'
[0.446s] Level 1:colcon.colcon_core.environment:checking '/home/theo/DuoArm/install/arm/bin'
[0.446s] Level 1:colcon.colcon_core.environment:checking '/home/theo/DuoArm/install/arm/lib/pkgconfig/arm.pc'
[0.446s] Level 1:colcon.colcon_core.environment:checking '/home/theo/DuoArm/install/arm/lib/python3.10/site-packages'
[0.446s] Level 1:colcon.colcon_core.environment:checking '/home/theo/DuoArm/install/arm/bin'
[0.446s] INFO:colcon.colcon_core.shell:Creating package script '/home/theo/DuoArm/install/arm/share/arm/package.ps1'
[0.447s] INFO:colcon.colcon_core.shell:Creating package descriptor '/home/theo/DuoArm/install/arm/share/arm/package.dsv'
[0.447s] INFO:colcon.colcon_core.shell:Creating package script '/home/theo/DuoArm/install/arm/share/arm/package.sh'
[0.447s] INFO:colcon.colcon_core.shell:Creating package script '/home/theo/DuoArm/install/arm/share/arm/package.bash'
[0.448s] INFO:colcon.colcon_core.shell:Creating package script '/home/theo/DuoArm/install/arm/share/arm/package.zsh'
[0.448s] Level 1:colcon.colcon_core.environment:create_file_with_runtime_dependencies(/home/theo/DuoArm/install/arm/share/colcon-core/packages/arm)
[0.451s] DEBUG:colcon.colcon_core.event_handler.log_command:Invoking command in '/home/theo/DuoArm/build/path_planning': CMAKE_PREFIX_PATH=${CMAKE_PREFIX_PATH}:/opt/ros/humble /usr/bin/cmake --install /home/theo/DuoArm/build/path_planning
[0.456s] Level 1:colcon.colcon_core.environment:create_environment_scripts_only(path_planning)
[0.456s] DEBUG:colcon.colcon_core.event_handler.log_command:Invoked command in '/home/theo/DuoArm/build/path_planning' returned '0': CMAKE_PREFIX_PATH=${CMAKE_PREFIX_PATH}:/opt/ros/humble /usr/bin/cmake --install /home/theo/DuoArm/build/path_planning
[0.456s] Level 1:colcon.colcon_core.environment:checking '/home/theo/DuoArm/install/path_planning' for CMake module files
[0.456s] Level 1:colcon.colcon_core.environment:checking '/home/theo/DuoArm/install/path_planning' for CMake config files
[0.456s] Level 1:colcon.colcon_core.shell:create_environment_hook('path_planning', 'cmake_prefix_path')
[0.457s] INFO:colcon.colcon_core.shell:Creating environment hook '/home/theo/DuoArm/install/path_planning/share/path_planning/hook/cmake_prefix_path.ps1'
[0.457s] INFO:colcon.colcon_core.shell:Creating environment descriptor '/home/theo/DuoArm/install/path_planning/share/path_planning/hook/cmake_prefix_path.dsv'
[0.457s] INFO:colcon.colcon_core.shell:Creating environment hook '/home/theo/DuoArm/install/path_planning/share/path_planning/hook/cmake_prefix_path.sh'
[0.458s] Level 1:colcon.colcon_core.environment:checking '/home/theo/DuoArm/install/path_planning/bin'
[0.458s] Level 1:colcon.colcon_core.environment:checking '/home/theo/DuoArm/install/path_planning/lib/pkgconfig/path_planning.pc'
[0.458s] Level 1:colcon.colcon_core.environment:checking '/home/theo/DuoArm/install/path_planning/lib/python3.10/site-packages'
[0.458s] Level 1:colcon.colcon_core.environment:checking '/home/theo/DuoArm/install/path_planning/bin'
[0.458s] INFO:colcon.colcon_core.shell:Creating package script '/home/theo/DuoArm/install/path_planning/share/path_planning/package.ps1'
[0.458s] INFO:colcon.colcon_core.shell:Creating package descriptor '/home/theo/DuoArm/install/path_planning/share/path_planning/package.dsv'
[0.459s] INFO:colcon.colcon_core.shell:Creating package script '/home/theo/DuoArm/install/path_planning/share/path_planning/package.sh'
[0.459s] INFO:colcon.colcon_core.shell:Creating package script '/home/theo/DuoArm/install/path_planning/share/path_planning/package.bash'
[0.459s] INFO:colcon.colcon_core.shell:Creating package script '/home/theo/DuoArm/install/path_planning/share/path_planning/package.zsh'
[0.459s] Level 1:colcon.colcon_core.environment:create_file_with_runtime_dependencies(/home/theo/DuoArm/install/path_planning/share/colcon-core/packages/path_planning)
[0.460s] Level 1:colcon.colcon_core.environment:create_environment_scripts_only(arm)
[0.460s] Level 1:colcon.colcon_core.environment:checking '/home/theo/DuoArm/install/arm' for CMake module files
[0.461s] Level 1:colcon.colcon_core.environment:checking '/home/theo/DuoArm/install/arm' for CMake config files
[0.461s] Level 1:colcon.colcon_core.shell:create_environment_hook('arm', 'cmake_prefix_path')
[0.461s] INFO:colcon.colcon_core.shell:Creating environment hook '/home/theo/DuoArm/install/arm/share/arm/hook/cmake_prefix_path.ps1'
[0.461s] INFO:colcon.colcon_core.shell:Creating environment descriptor '/home/theo/DuoArm/install/arm/share/arm/hook/cmake_prefix_path.dsv'
[0.461s] INFO:colcon.colcon_core.shell:Creating environment hook '/home/theo/DuoArm/install/arm/share/arm/hook/cmake_prefix_path.sh'
[0.462s] Level 1:colcon.colcon_core.environment:checking '/home/theo/DuoArm/install/arm/bin'
[0.462s] Level 1:colcon.colcon_core.environment:checking '/home/theo/DuoArm/install/arm/lib/pkgconfig/arm.pc'
[0.462s] Level 1:colcon.colcon_core.environment:checking '/home/theo/DuoArm/install/arm/lib/python3.10/site-packages'
[0.462s] Level 1:colcon.colcon_core.environment:checking '/home/theo/DuoArm/install/arm/bin'
[0.462s] INFO:colcon.colcon_core.shell:Creating package script '/home/theo/DuoArm/install/arm/share/arm/package.ps1'
[0.462s] INFO:colcon.colcon_core.shell:Creating package descriptor '/home/theo/DuoArm/install/arm/share/arm/package.dsv'
[0.463s] INFO:colcon.colcon_core.shell:Creating package script '/home/theo/DuoArm/install/arm/share/arm/package.sh'
[0.463s] INFO:colcon.colcon_core.shell:Creating package script '/home/theo/DuoArm/install/arm/share/arm/package.bash'
[0.463s] INFO:colcon.colcon_core.shell:Creating package script '/home/theo/DuoArm/install/arm/share/arm/package.zsh'
[0.463s] Level 1:colcon.colcon_core.environment:create_file_with_runtime_dependencies(/home/theo/DuoArm/install/arm/share/colcon-core/packages/arm)
[0.470s] Level 1:colcon.colcon_core.environment:create_environment_scripts_only(path_planning)
[0.470s] Level 1:colcon.colcon_core.environment:checking '/home/theo/DuoArm/install/path_planning' for CMake module files
[0.471s] Level 1:colcon.colcon_core.environment:checking '/home/theo/DuoArm/install/path_planning' for CMake config files
[0.471s] Level 1:colcon.colcon_core.shell:create_environment_hook('path_planning', 'cmake_prefix_path')
[0.471s] INFO:colcon.colcon_core.shell:Creating environment hook '/home/theo/DuoArm/install/path_planning/share/path_planning/hook/cmake_prefix_path.ps1'
[0.471s] INFO:colcon.colcon_core.shell:Creating environment descriptor '/home/theo/DuoArm/install/path_planning/share/path_planning/hook/cmake_prefix_path.dsv'
[0.471s] INFO:colcon.colcon_core.shell:Creating environment hook '/home/theo/DuoArm/install/path_planning/share/path_planning/hook/cmake_prefix_path.sh'
[0.472s] Level 1:colcon.colcon_core.environment:checking '/home/theo/DuoArm/install/path_planning/bin'
[0.472s] Level 1:colcon.colcon_core.environment:checking '/home/theo/DuoArm/install/path_planning/lib/pkgconfig/path_planning.pc'
[0.472s] Level 1:colcon.colcon_core.environment:checking '/home/theo/DuoArm/install/path_planning/lib/python3.10/site-packages'
[0.472s] Level 1:colcon.colcon_core.environment:checking '/home/theo/DuoArm/install/path_planning/bin'
[0.472s] INFO:colcon.colcon_core.shell:Creating package script '/home/theo/DuoArm/install/path_planning/share/path_planning/package.ps1'
[0.473s] INFO:colcon.colcon_core.shell:Creating package descriptor '/home/theo/DuoArm/install/path_planning/share/path_planning/package.dsv'
[0.473s] INFO:colcon.colcon_core.shell:Creating package script '/home/theo/DuoArm/install/path_planning/share/path_planning/package.sh'
[0.473s] INFO:colcon.colcon_core.shell:Creating package script '/home/theo/DuoArm/install/path_planning/share/path_planning/package.bash'
[0.473s] INFO:colcon.colcon_core.shell:Creating package script '/home/theo/DuoArm/install/path_planning/share/path_planning/package.zsh'
[0.474s] Level 1:colcon.colcon_core.environment:create_file_with_runtime_dependencies(/home/theo/DuoArm/install/path_planning/share/colcon-core/packages/path_planning)
[0.619s] DEBUG:colcon.colcon_core.event_handler.log_command:Invoking command in '/home/theo/DuoArm/src/command_center': PYTHONPATH=/home/theo/DuoArm/build/command_center/prefix_override:/home/theo/DuoArm/install/command_center/lib/python3.10/site-packages:${PYTHONPATH} /usr/bin/python3 -W ignore:setup.py install is deprecated setup.py egg_info --egg-base ../../build/command_center build --build-base /home/theo/DuoArm/build/command_center/build install --record /home/theo/DuoArm/build/command_center/install.log --single-version-externally-managed install_data
[0.782s] Level 1:colcon.colcon_core.environment:checking '/home/theo/DuoArm/install/command_center' for CMake module files
[0.783s] Level 1:colcon.colcon_core.environment:checking '/home/theo/DuoArm/install/command_center' for CMake config files
[0.783s] DEBUG:colcon.colcon_core.event_handler.log_command:Invoked command in '/home/theo/DuoArm/src/command_center' returned '0': PYTHONPATH=/home/theo/DuoArm/build/command_center/prefix_override:/home/theo/DuoArm/install/command_center/lib/python3.10/site-packages:${PYTHONPATH} /usr/bin/python3 -W ignore:setup.py install is deprecated setup.py egg_info --egg-base ../../build/command_center build --build-base /home/theo/DuoArm/build/command_center/build install --record /home/theo/DuoArm/build/command_center/install.log --single-version-externally-managed install_data
[0.784s] Level 1:colcon.colcon_core.shell:create_environment_hook('command_center', 'cmake_prefix_path')
[0.784s] INFO:colcon.colcon_core.shell:Creating environment hook '/home/theo/DuoArm/install/command_center/share/command_center/hook/cmake_prefix_path.ps1'
[0.784s] INFO:colcon.colcon_core.shell:Creating environment descriptor '/home/theo/DuoArm/install/command_center/share/command_center/hook/cmake_prefix_path.dsv'
[0.784s] INFO:colcon.colcon_core.shell:Creating environment hook '/home/theo/DuoArm/install/command_center/share/command_center/hook/cmake_prefix_path.sh'
[0.785s] Level 1:colcon.colcon_core.environment:checking '/home/theo/DuoArm/install/command_center/lib'
[0.785s] Level 1:colcon.colcon_core.environment:checking '/home/theo/DuoArm/install/command_center/bin'
[0.785s] Level 1:colcon.colcon_core.environment:checking '/home/theo/DuoArm/install/command_center/lib/pkgconfig/command_center.pc'
[0.785s] Level 1:colcon.colcon_core.environment:checking '/home/theo/DuoArm/install/command_center/lib/python3.10/site-packages'
[0.785s] Level 1:colcon.colcon_core.shell:create_environment_hook('command_center', 'pythonpath')
[0.785s] INFO:colcon.colcon_core.shell:Creating environment hook '/home/theo/DuoArm/install/command_center/share/command_center/hook/pythonpath.ps1'
[0.785s] INFO:colcon.colcon_core.shell:Creating environment descriptor '/home/theo/DuoArm/install/command_center/share/command_center/hook/pythonpath.dsv'
[0.786s] INFO:colcon.colcon_core.shell:Creating environment hook '/home/theo/DuoArm/install/command_center/share/command_center/hook/pythonpath.sh'
[0.786s] Level 1:colcon.colcon_core.environment:checking '/home/theo/DuoArm/install/command_center/bin'
[0.786s] Level 1:colcon.colcon_core.environment:create_environment_scripts_only(command_center)
[0.786s] INFO:colcon.colcon_core.shell:Creating package script '/home/theo/DuoArm/install/command_center/share/command_center/package.ps1'
[0.786s] INFO:colcon.colcon_core.shell:Creating package descriptor '/home/theo/DuoArm/install/command_center/share/command_center/package.dsv'
[0.787s] INFO:colcon.colcon_core.shell:Creating package script '/home/theo/DuoArm/install/command_center/share/command_center/package.sh'
[0.787s] INFO:colcon.colcon_core.shell:Creating package script '/home/theo/DuoArm/install/command_center/share/command_center/package.bash'
[0.787s] INFO:colcon.colcon_core.shell:Creating package script '/home/theo/DuoArm/install/command_center/share/command_center/package.zsh'
[0.787s] Level 1:colcon.colcon_core.environment:create_file_with_runtime_dependencies(/home/theo/DuoArm/install/command_center/share/colcon-core/packages/command_center)
[0.787s] DEBUG:colcon.colcon_parallel_executor.executor.parallel:closing loop
[0.788s] DEBUG:colcon.colcon_parallel_executor.executor.parallel:loop closed
[0.788s] DEBUG:colcon.colcon_parallel_executor.executor.parallel:run_until_complete finished with '0'
[0.788s] DEBUG:colcon.colcon_core.event_reactor:joining thread
[0.821s] INFO:colcon.colcon_core.plugin_system:Skipping extension 'colcon_notification.desktop_notification.notify_send': Could not find 'notify-send'
[0.822s] INFO:colcon.colcon_core.plugin_system:Skipping extension 'colcon_notification.desktop_notification.terminal_notifier': Not used on non-Darwin systems
[0.822s] INFO:colcon.colcon_core.plugin_system:Skipping extension 'colcon_notification.desktop_notification.win32': Not used on non-Windows systems
[0.822s] INFO:colcon.colcon_notification.desktop_notification:Sending desktop notification using 'notify2'
[0.822s] DEBUG:colcon.colcon_notification.desktop_notification.notify2:Failed to initialize notify2: org.freedesktop.DBus.Error.FileNotFound: Failed to connect to socket /run/user/1000/bus: No such file or directory
[0.822s] DEBUG:colcon.colcon_core.event_reactor:joined thread
[0.822s] INFO:colcon.colcon_core.shell:Creating prefix script '/home/theo/DuoArm/install/local_setup.ps1'
[0.823s] INFO:colcon.colcon_core.shell:Creating prefix util module '/home/theo/DuoArm/install/_local_setup_util_ps1.py'
[0.824s] INFO:colcon.colcon_core.shell:Creating prefix chain script '/home/theo/DuoArm/install/setup.ps1'
[0.825s] INFO:colcon.colcon_core.shell:Creating prefix script '/home/theo/DuoArm/install/local_setup.sh'
[0.825s] INFO:colcon.colcon_core.shell:Creating prefix util module '/home/theo/DuoArm/install/_local_setup_util_sh.py'
[0.826s] INFO:colcon.colcon_core.shell:Creating prefix chain script '/home/theo/DuoArm/install/setup.sh'
[0.826s] INFO:colcon.colcon_core.shell:Creating prefix script '/home/theo/DuoArm/install/local_setup.bash'
[0.827s] INFO:colcon.colcon_core.shell:Creating prefix chain script '/home/theo/DuoArm/install/setup.bash'
[0.827s] INFO:colcon.colcon_core.shell:Creating prefix script '/home/theo/DuoArm/install/local_setup.zsh'
[0.828s] INFO:colcon.colcon_core.shell:Creating prefix chain script '/home/theo/DuoArm/install/setup.zsh'
