[0.448s] DEBUG:colcon:Command line arguments: ['/usr/bin/colcon', 'build']
[0.449s] DEBUG:colcon:Parsed command line arguments: Namespace(log_base=None, log_level=None, verb_name='build', build_base='build', install_base='install', merge_install=False, symlink_install=False, test_result_base=None, continue_on_error=False, executor='parallel', parallel_workers=4, event_handlers=None, ignore_user_meta=False, metas=['./colcon.meta'], base_paths=['.'], packages_ignore=None, packages_ignore_regex=None, paths=None, packages_up_to=None, packages_up_to_regex=None, packages_above=None, packages_above_and_dependencies=None, packages_above_depth=None, packages_select_by_dep=None, packages_skip_by_dep=None, packages_skip_up_to=None, packages_select_build_failed=False, packages_skip_build_finished=False, packages_select_test_failures=False, packages_skip_test_passed=False, packages_select=None, packages_skip=None, packages_select_regex=None, packages_skip_regex=None, packages_start=None, packages_end=None, allow_overriding=[], cmake_args=None, cmake_target=None, cmake_target_skip_unavailable=False, cmake_clean_cache=False, cmake_clean_first=False, cmake_force_configure=False, ament_cmake_args=None, catkin_cmake_args=None, catkin_skip_building_tests=False, verb_parser=<colcon_defaults.argument_parser.defaults.DefaultArgumentsDecorator object at 0xffffa9ca4730>, verb_extension=<colcon_core.verb.build.BuildVerb object at 0xffffa9ca4250>, main=<bound method BuildVerb.main of <colcon_core.verb.build.BuildVerb object at 0xffffa9ca4250>>)
[1.269s] Level 1:colcon.colcon_core.package_discovery:discover_packages(colcon_meta) check parameters
[1.270s] Level 1:colcon.colcon_core.package_discovery:discover_packages(recursive) check parameters
[1.270s] Level 1:colcon.colcon_core.package_discovery:discover_packages(ignore) check parameters
[1.270s] Level 1:colcon.colcon_core.package_discovery:discover_packages(path) check parameters
[1.270s] Level 1:colcon.colcon_core.package_discovery:discover_packages(colcon_meta) discover
[1.271s] Level 1:colcon.colcon_core.package_discovery:discover_packages(recursive) discover
[1.271s] INFO:colcon.colcon_core.package_discovery:Crawling recursively for packages in '/home/theomagnor/DuoArm'
[1.271s] Level 1:colcon.colcon_core.package_identification:_identify(.) by extensions ['ignore', 'ignore_ament_install']
[1.272s] Level 1:colcon.colcon_core.package_identification:_identify(.) by extension 'ignore'
[1.272s] Level 1:colcon.colcon_core.package_identification:_identify(.) by extension 'ignore_ament_install'
[1.272s] Level 1:colcon.colcon_core.package_identification:_identify(.) by extensions ['colcon_pkg']
[1.272s] Level 1:colcon.colcon_core.package_identification:_identify(.) by extension 'colcon_pkg'
[1.272s] Level 1:colcon.colcon_core.package_identification:_identify(.) by extensions ['colcon_meta']
[1.273s] Level 1:colcon.colcon_core.package_identification:_identify(.) by extension 'colcon_meta'
[1.273s] Level 1:colcon.colcon_core.package_identification:_identify(.) by extensions ['ros']
[1.273s] Level 1:colcon.colcon_core.package_identification:_identify(.) by extension 'ros'
[1.319s] Level 1:colcon.colcon_core.package_identification:_identify(.) by extensions ['cmake', 'python']
[1.319s] Level 1:colcon.colcon_core.package_identification:_identify(.) by extension 'cmake'
[1.319s] Level 1:colcon.colcon_core.package_identification:_identify(.) by extension 'python'
[1.320s] Level 1:colcon.colcon_core.package_identification:_identify(.) by extensions ['python_setup_py']
[1.320s] Level 1:colcon.colcon_core.package_identification:_identify(.) by extension 'python_setup_py'
[1.320s] Level 1:colcon.colcon_core.package_identification:_identify(build) by extensions ['ignore', 'ignore_ament_install']
[1.321s] Level 1:colcon.colcon_core.package_identification:_identify(build) by extension 'ignore'
[1.321s] Level 1:colcon.colcon_core.package_identification:_identify(build) ignored
[1.322s] Level 1:colcon.colcon_core.package_identification:_identify(install) by extensions ['ignore', 'ignore_ament_install']
[1.322s] Level 1:colcon.colcon_core.package_identification:_identify(install) by extension 'ignore'
[1.322s] Level 1:colcon.colcon_core.package_identification:_identify(install) ignored
[1.324s] Level 1:colcon.colcon_core.package_identification:_identify(log) by extensions ['ignore', 'ignore_ament_install']
[1.324s] Level 1:colcon.colcon_core.package_identification:_identify(log) by extension 'ignore'
[1.325s] Level 1:colcon.colcon_core.package_identification:_identify(log) ignored
[1.325s] Level 1:colcon.colcon_core.package_identification:_identify(src) by extensions ['ignore', 'ignore_ament_install']
[1.325s] Level 1:colcon.colcon_core.package_identification:_identify(src) by extension 'ignore'
[1.326s] Level 1:colcon.colcon_core.package_identification:_identify(src) by extension 'ignore_ament_install'
[1.326s] Level 1:colcon.colcon_core.package_identification:_identify(src) by extensions ['colcon_pkg']
[1.326s] Level 1:colcon.colcon_core.package_identification:_identify(src) by extension 'colcon_pkg'
[1.326s] Level 1:colcon.colcon_core.package_identification:_identify(src) by extensions ['colcon_meta']
[1.326s] Level 1:colcon.colcon_core.package_identification:_identify(src) by extension 'colcon_meta'
[1.326s] Level 1:colcon.colcon_core.package_identification:_identify(src) by extensions ['ros']
[1.327s] Level 1:colcon.colcon_core.package_identification:_identify(src) by extension 'ros'
[1.327s] Level 1:colcon.colcon_core.package_identification:_identify(src) by extensions ['cmake', 'python']
[1.327s] Level 1:colcon.colcon_core.package_identification:_identify(src) by extension 'cmake'
[1.327s] Level 1:colcon.colcon_core.package_identification:_identify(src) by extension 'python'
[1.327s] Level 1:colcon.colcon_core.package_identification:_identify(src) by extensions ['python_setup_py']
[1.328s] Level 1:colcon.colcon_core.package_identification:_identify(src) by extension 'python_setup_py'
[1.328s] Level 1:colcon.colcon_core.package_identification:_identify(src/arm) by extensions ['ignore', 'ignore_ament_install']
[1.328s] Level 1:colcon.colcon_core.package_identification:_identify(src/arm) by extension 'ignore'
[1.329s] Level 1:colcon.colcon_core.package_identification:_identify(src/arm) by extension 'ignore_ament_install'
[1.329s] Level 1:colcon.colcon_core.package_identification:_identify(src/arm) by extensions ['colcon_pkg']
[1.329s] Level 1:colcon.colcon_core.package_identification:_identify(src/arm) by extension 'colcon_pkg'
[1.329s] Level 1:colcon.colcon_core.package_identification:_identify(src/arm) by extensions ['colcon_meta']
[1.329s] Level 1:colcon.colcon_core.package_identification:_identify(src/arm) by extension 'colcon_meta'
[1.329s] Level 1:colcon.colcon_core.package_identification:_identify(src/arm) by extensions ['ros']
[1.330s] Level 1:colcon.colcon_core.package_identification:_identify(src/arm) by extension 'ros'
[1.338s] DEBUG:colcon.colcon_core.package_identification:Package 'src/arm' with type 'ros.ament_python' and name 'arm'
[1.339s] Level 1:colcon.colcon_core.package_identification:_identify(src/controll_center) by extensions ['ignore', 'ignore_ament_install']
[1.339s] Level 1:colcon.colcon_core.package_identification:_identify(src/controll_center) by extension 'ignore'
[1.339s] Level 1:colcon.colcon_core.package_identification:_identify(src/controll_center) by extension 'ignore_ament_install'
[1.340s] Level 1:colcon.colcon_core.package_identification:_identify(src/controll_center) by extensions ['colcon_pkg']
[1.340s] Level 1:colcon.colcon_core.package_identification:_identify(src/controll_center) by extension 'colcon_pkg'
[1.340s] Level 1:colcon.colcon_core.package_identification:_identify(src/controll_center) by extensions ['colcon_meta']
[1.340s] Level 1:colcon.colcon_core.package_identification:_identify(src/controll_center) by extension 'colcon_meta'
[1.340s] Level 1:colcon.colcon_core.package_identification:_identify(src/controll_center) by extensions ['ros']
[1.340s] Level 1:colcon.colcon_core.package_identification:_identify(src/controll_center) by extension 'ros'
[1.342s] DEBUG:colcon.colcon_core.package_identification:Package 'src/controll_center' with type 'ros.ament_python' and name 'controll_center'
[1.343s] Level 1:colcon.colcon_core.package_identification:_identify(src/path_planning) by extensions ['ignore', 'ignore_ament_install']
[1.343s] Level 1:colcon.colcon_core.package_identification:_identify(src/path_planning) by extension 'ignore'
[1.343s] Level 1:colcon.colcon_core.package_identification:_identify(src/path_planning) by extension 'ignore_ament_install'
[1.344s] Level 1:colcon.colcon_core.package_identification:_identify(src/path_planning) by extensions ['colcon_pkg']
[1.344s] Level 1:colcon.colcon_core.package_identification:_identify(src/path_planning) by extension 'colcon_pkg'
[1.344s] Level 1:colcon.colcon_core.package_identification:_identify(src/path_planning) by extensions ['colcon_meta']
[1.344s] Level 1:colcon.colcon_core.package_identification:_identify(src/path_planning) by extension 'colcon_meta'
[1.344s] Level 1:colcon.colcon_core.package_identification:_identify(src/path_planning) by extensions ['ros']
[1.345s] Level 1:colcon.colcon_core.package_identification:_identify(src/path_planning) by extension 'ros'
[1.347s] DEBUG:colcon.colcon_core.package_identification:Package 'src/path_planning' with type 'ros.ament_python' and name 'path_planning'
[1.347s] Level 1:colcon.colcon_core.package_discovery:discover_packages(recursive) using defaults
[1.347s] Level 1:colcon.colcon_core.package_discovery:discover_packages(ignore) discover
[1.347s] Level 1:colcon.colcon_core.package_discovery:discover_packages(ignore) using defaults
[1.348s] Level 1:colcon.colcon_core.package_discovery:discover_packages(path) discover
[1.348s] Level 1:colcon.colcon_core.package_discovery:discover_packages(path) using defaults
[1.424s] Level 1:colcon.colcon_core.package_discovery:discover_packages(prefix_path) check parameters
[1.424s] Level 1:colcon.colcon_core.package_discovery:discover_packages(prefix_path) discover
[1.433s] DEBUG:colcon.colcon_installed_package_information.package_discovery:Found 4 installed packages in /home/theomagnor/DuoArm/install
[1.441s] DEBUG:colcon.colcon_installed_package_information.package_discovery:Found 270 installed packages in /opt/ros/humble
[1.488s] Level 1:colcon.colcon_core.package_discovery:discover_packages(prefix_path) using defaults
[1.651s] Level 5:colcon.colcon_core.verb:set package 'arm' build argument 'cmake_args' from command line to 'None'
[1.651s] Level 5:colcon.colcon_core.verb:set package 'arm' build argument 'cmake_target' from command line to 'None'
[1.651s] Level 5:colcon.colcon_core.verb:set package 'arm' build argument 'cmake_target_skip_unavailable' from command line to 'False'
[1.651s] Level 5:colcon.colcon_core.verb:set package 'arm' build argument 'cmake_clean_cache' from command line to 'False'
[1.651s] Level 5:colcon.colcon_core.verb:set package 'arm' build argument 'cmake_clean_first' from command line to 'False'
[1.651s] Level 5:colcon.colcon_core.verb:set package 'arm' build argument 'cmake_force_configure' from command line to 'False'
[1.651s] Level 5:colcon.colcon_core.verb:set package 'arm' build argument 'ament_cmake_args' from command line to 'None'
[1.652s] Level 5:colcon.colcon_core.verb:set package 'arm' build argument 'catkin_cmake_args' from command line to 'None'
[1.652s] Level 5:colcon.colcon_core.verb:set package 'arm' build argument 'catkin_skip_building_tests' from command line to 'False'
[1.652s] DEBUG:colcon.colcon_core.verb:Building package 'arm' with the following arguments: {'ament_cmake_args': None, 'build_base': '/home/theomagnor/DuoArm/build/arm', 'catkin_cmake_args': None, 'catkin_skip_building_tests': False, 'cmake_args': None, 'cmake_clean_cache': False, 'cmake_clean_first': False, 'cmake_force_configure': False, 'cmake_target': None, 'cmake_target_skip_unavailable': False, 'install_base': '/home/theomagnor/DuoArm/install/arm', 'merge_install': False, 'path': '/home/theomagnor/DuoArm/src/arm', 'symlink_install': False, 'test_result_base': None}
[1.653s] Level 5:colcon.colcon_core.verb:set package 'controll_center' build argument 'cmake_args' from command line to 'None'
[1.654s] Level 5:colcon.colcon_core.verb:set package 'controll_center' build argument 'cmake_target' from command line to 'None'
[1.654s] Level 5:colcon.colcon_core.verb:set package 'controll_center' build argument 'cmake_target_skip_unavailable' from command line to 'False'
[1.654s] Level 5:colcon.colcon_core.verb:set package 'controll_center' build argument 'cmake_clean_cache' from command line to 'False'
[1.654s] Level 5:colcon.colcon_core.verb:set package 'controll_center' build argument 'cmake_clean_first' from command line to 'False'
[1.654s] Level 5:colcon.colcon_core.verb:set package 'controll_center' build argument 'cmake_force_configure' from command line to 'False'
[1.654s] Level 5:colcon.colcon_core.verb:set package 'controll_center' build argument 'ament_cmake_args' from command line to 'None'
[1.654s] Level 5:colcon.colcon_core.verb:set package 'controll_center' build argument 'catkin_cmake_args' from command line to 'None'
[1.654s] Level 5:colcon.colcon_core.verb:set package 'controll_center' build argument 'catkin_skip_building_tests' from command line to 'False'
[1.654s] DEBUG:colcon.colcon_core.verb:Building package 'controll_center' with the following arguments: {'ament_cmake_args': None, 'build_base': '/home/theomagnor/DuoArm/build/controll_center', 'catkin_cmake_args': None, 'catkin_skip_building_tests': False, 'cmake_args': None, 'cmake_clean_cache': False, 'cmake_clean_first': False, 'cmake_force_configure': False, 'cmake_target': None, 'cmake_target_skip_unavailable': False, 'install_base': '/home/theomagnor/DuoArm/install/controll_center', 'merge_install': False, 'path': '/home/theomagnor/DuoArm/src/controll_center', 'symlink_install': False, 'test_result_base': None}
[1.656s] Level 5:colcon.colcon_core.verb:set package 'path_planning' build argument 'cmake_args' from command line to 'None'
[1.656s] Level 5:colcon.colcon_core.verb:set package 'path_planning' build argument 'cmake_target' from command line to 'None'
[1.656s] Level 5:colcon.colcon_core.verb:set package 'path_planning' build argument 'cmake_target_skip_unavailable' from command line to 'False'
[1.656s] Level 5:colcon.colcon_core.verb:set package 'path_planning' build argument 'cmake_clean_cache' from command line to 'False'
[1.656s] Level 5:colcon.colcon_core.verb:set package 'path_planning' build argument 'cmake_clean_first' from command line to 'False'
[1.657s] Level 5:colcon.colcon_core.verb:set package 'path_planning' build argument 'cmake_force_configure' from command line to 'False'
[1.657s] Level 5:colcon.colcon_core.verb:set package 'path_planning' build argument 'ament_cmake_args' from command line to 'None'
[1.657s] Level 5:colcon.colcon_core.verb:set package 'path_planning' build argument 'catkin_cmake_args' from command line to 'None'
[1.657s] Level 5:colcon.colcon_core.verb:set package 'path_planning' build argument 'catkin_skip_building_tests' from command line to 'False'
[1.657s] DEBUG:colcon.colcon_core.verb:Building package 'path_planning' with the following arguments: {'ament_cmake_args': None, 'build_base': '/home/theomagnor/DuoArm/build/path_planning', 'catkin_cmake_args': None, 'catkin_skip_building_tests': False, 'cmake_args': None, 'cmake_clean_cache': False, 'cmake_clean_first': False, 'cmake_force_configure': False, 'cmake_target': None, 'cmake_target_skip_unavailable': False, 'install_base': '/home/theomagnor/DuoArm/install/path_planning', 'merge_install': False, 'path': '/home/theomagnor/DuoArm/src/path_planning', 'symlink_install': False, 'test_result_base': None}
[1.658s] INFO:colcon.colcon_core.executor:Executing jobs using 'parallel' executor
[1.661s] DEBUG:colcon.colcon_parallel_executor.executor.parallel:run_until_complete
[1.662s] INFO:colcon.colcon_ros.task.ament_python.build:Building ROS package in '/home/theomagnor/DuoArm/src/arm' with build type 'ament_python'
[1.663s] Level 1:colcon.colcon_core.shell:create_environment_hook('arm', 'ament_prefix_path')
[1.673s] INFO:colcon.colcon_core.plugin_system:Skipping extension 'colcon_core.shell.bat': Not used on non-Windows systems
[1.673s] INFO:colcon.colcon_core.shell:Creating environment hook '/home/theomagnor/DuoArm/install/arm/share/arm/hook/ament_prefix_path.ps1'
[1.676s] INFO:colcon.colcon_core.shell:Creating environment descriptor '/home/theomagnor/DuoArm/install/arm/share/arm/hook/ament_prefix_path.dsv'
[1.678s] INFO:colcon.colcon_core.shell:Creating environment hook '/home/theomagnor/DuoArm/install/arm/share/arm/hook/ament_prefix_path.sh'
[1.682s] INFO:colcon.colcon_core.shell:Skip shell extension 'powershell' for command environment: Not usable outside of PowerShell
[1.682s] DEBUG:colcon.colcon_core.shell:Skip shell extension 'dsv' for command environment
[1.701s] INFO:colcon.colcon_ros.task.ament_python.build:Building ROS package in '/home/theomagnor/DuoArm/src/controll_center' with build type 'ament_python'
[1.701s] Level 1:colcon.colcon_core.shell:create_environment_hook('controll_center', 'ament_prefix_path')
[1.703s] INFO:colcon.colcon_core.shell:Creating environment hook '/home/theomagnor/DuoArm/install/controll_center/share/controll_center/hook/ament_prefix_path.ps1'
[1.705s] INFO:colcon.colcon_core.shell:Creating environment descriptor '/home/theomagnor/DuoArm/install/controll_center/share/controll_center/hook/ament_prefix_path.dsv'
[1.707s] INFO:colcon.colcon_core.shell:Creating environment hook '/home/theomagnor/DuoArm/install/controll_center/share/controll_center/hook/ament_prefix_path.sh'
[1.711s] INFO:colcon.colcon_core.shell:Skip shell extension 'powershell' for command environment: Not usable outside of PowerShell
[1.711s] DEBUG:colcon.colcon_core.shell:Skip shell extension 'dsv' for command environment
[1.729s] INFO:colcon.colcon_ros.task.ament_python.build:Building ROS package in '/home/theomagnor/DuoArm/src/path_planning' with build type 'ament_python'
[1.730s] Level 1:colcon.colcon_core.shell:create_environment_hook('path_planning', 'ament_prefix_path')
[1.731s] INFO:colcon.colcon_core.shell:Creating environment hook '/home/theomagnor/DuoArm/install/path_planning/share/path_planning/hook/ament_prefix_path.ps1'
[1.733s] INFO:colcon.colcon_core.shell:Creating environment descriptor '/home/theomagnor/DuoArm/install/path_planning/share/path_planning/hook/ament_prefix_path.dsv'
[1.735s] INFO:colcon.colcon_core.shell:Creating environment hook '/home/theomagnor/DuoArm/install/path_planning/share/path_planning/hook/ament_prefix_path.sh'
[1.739s] INFO:colcon.colcon_core.shell:Skip shell extension 'powershell' for command environment: Not usable outside of PowerShell
[1.739s] DEBUG:colcon.colcon_core.shell:Skip shell extension 'dsv' for command environment
[2.978s] INFO:colcon.colcon_core.task.python.build:Building Python package in '/home/theomagnor/DuoArm/src/arm'
[2.980s] INFO:colcon.colcon_core.shell:Skip shell extension 'powershell' for command environment: Not usable outside of PowerShell
[2.980s] DEBUG:colcon.colcon_core.shell:Skip shell extension 'dsv' for command environment
[4.224s] INFO:colcon.colcon_core.task.python.build:Building Python package in '/home/theomagnor/DuoArm/src/controll_center'
[4.226s] INFO:colcon.colcon_core.shell:Skip shell extension 'powershell' for command environment: Not usable outside of PowerShell
[4.226s] DEBUG:colcon.colcon_core.shell:Skip shell extension 'dsv' for command environment
[5.448s] INFO:colcon.colcon_core.task.python.build:Building Python package in '/home/theomagnor/DuoArm/src/path_planning'
[5.449s] INFO:colcon.colcon_core.shell:Skip shell extension 'powershell' for command environment: Not usable outside of PowerShell
[5.449s] DEBUG:colcon.colcon_core.shell:Skip shell extension 'dsv' for command environment
[7.805s] DEBUG:colcon.colcon_core.event_handler.log_command:Invoking command in '/home/theomagnor/DuoArm/src/path_planning': PYTHONPATH=/home/theomagnor/DuoArm/build/path_planning/prefix_override:/home/theomagnor/DuoArm/install/path_planning/lib/python3.10/site-packages:${PYTHONPATH} /usr/bin/python3 -W ignore:setup.py install is deprecated setup.py egg_info --egg-base ../../build/path_planning build --build-base /home/theomagnor/DuoArm/build/path_planning/build install --record /home/theomagnor/DuoArm/build/path_planning/install.log --single-version-externally-managed install_data
[7.817s] DEBUG:colcon.colcon_core.event_handler.log_command:Invoking command in '/home/theomagnor/DuoArm/src/controll_center': PYTHONPATH=/home/theomagnor/DuoArm/build/controll_center/prefix_override:/home/theomagnor/DuoArm/install/controll_center/lib/python3.10/site-packages:${PYTHONPATH} /usr/bin/python3 -W ignore:setup.py install is deprecated setup.py egg_info --egg-base ../../build/controll_center build --build-base /home/theomagnor/DuoArm/build/controll_center/build install --record /home/theomagnor/DuoArm/build/controll_center/install.log --single-version-externally-managed install_data
[7.830s] DEBUG:colcon.colcon_core.event_handler.log_command:Invoking command in '/home/theomagnor/DuoArm/src/arm': PYTHONPATH=/home/theomagnor/DuoArm/build/arm/prefix_override:/home/theomagnor/DuoArm/install/arm/lib/python3.10/site-packages:${PYTHONPATH} /usr/bin/python3 -W ignore:setup.py install is deprecated setup.py egg_info --egg-base ../../build/arm build --build-base /home/theomagnor/DuoArm/build/arm/build install --record /home/theomagnor/DuoArm/build/arm/install.log --single-version-externally-managed install_data
[9.745s] DEBUG:colcon.colcon_core.event_handler.log_command:Invoked command in '/home/theomagnor/DuoArm/src/controll_center' returned '0': PYTHONPATH=/home/theomagnor/DuoArm/build/controll_center/prefix_override:/home/theomagnor/DuoArm/install/controll_center/lib/python3.10/site-packages:${PYTHONPATH} /usr/bin/python3 -W ignore:setup.py install is deprecated setup.py egg_info --egg-base ../../build/controll_center build --build-base /home/theomagnor/DuoArm/build/controll_center/build install --record /home/theomagnor/DuoArm/build/controll_center/install.log --single-version-externally-managed install_data
[9.767s] Level 1:colcon.colcon_core.environment:checking '/home/theomagnor/DuoArm/install/controll_center' for CMake module files
[9.773s] Level 1:colcon.colcon_core.environment:checking '/home/theomagnor/DuoArm/install/controll_center' for CMake config files
[9.787s] Level 1:colcon.colcon_core.environment:checking '/home/theomagnor/DuoArm/install/controll_center/lib'
[9.789s] Level 1:colcon.colcon_core.environment:checking '/home/theomagnor/DuoArm/install/controll_center/bin'
[9.790s] Level 1:colcon.colcon_core.environment:checking '/home/theomagnor/DuoArm/install/controll_center/lib/pkgconfig/controll_center.pc'
[9.792s] Level 1:colcon.colcon_core.environment:checking '/home/theomagnor/DuoArm/install/controll_center/lib/python3.10/site-packages'
[9.793s] Level 1:colcon.colcon_core.shell:create_environment_hook('controll_center', 'pythonpath')
[9.795s] INFO:colcon.colcon_core.shell:Creating environment hook '/home/theomagnor/DuoArm/install/controll_center/share/controll_center/hook/pythonpath.ps1'
[9.804s] INFO:colcon.colcon_core.shell:Creating environment descriptor '/home/theomagnor/DuoArm/install/controll_center/share/controll_center/hook/pythonpath.dsv'
[9.809s] INFO:colcon.colcon_core.shell:Creating environment hook '/home/theomagnor/DuoArm/install/controll_center/share/controll_center/hook/pythonpath.sh'
[9.814s] Level 1:colcon.colcon_core.environment:checking '/home/theomagnor/DuoArm/install/controll_center/bin'
[9.815s] Level 1:colcon.colcon_core.environment:create_environment_scripts_only(controll_center)
[9.817s] INFO:colcon.colcon_core.shell:Creating package script '/home/theomagnor/DuoArm/install/controll_center/share/controll_center/package.ps1'
[9.823s] INFO:colcon.colcon_core.shell:Creating package descriptor '/home/theomagnor/DuoArm/install/controll_center/share/controll_center/package.dsv'
[9.830s] INFO:colcon.colcon_core.shell:Creating package script '/home/theomagnor/DuoArm/install/controll_center/share/controll_center/package.sh'
[9.835s] INFO:colcon.colcon_core.shell:Creating package script '/home/theomagnor/DuoArm/install/controll_center/share/controll_center/package.bash'
[9.840s] INFO:colcon.colcon_core.shell:Creating package script '/home/theomagnor/DuoArm/install/controll_center/share/controll_center/package.zsh'
[9.844s] Level 1:colcon.colcon_core.environment:create_file_with_runtime_dependencies(/home/theomagnor/DuoArm/install/controll_center/share/colcon-core/packages/controll_center)
[9.853s] Level 1:colcon.colcon_core.environment:checking '/home/theomagnor/DuoArm/install/arm' for CMake module files
[9.855s] DEBUG:colcon.colcon_core.event_handler.log_command:Invoked command in '/home/theomagnor/DuoArm/src/arm' returned '0': PYTHONPATH=/home/theomagnor/DuoArm/build/arm/prefix_override:/home/theomagnor/DuoArm/install/arm/lib/python3.10/site-packages:${PYTHONPATH} /usr/bin/python3 -W ignore:setup.py install is deprecated setup.py egg_info --egg-base ../../build/arm build --build-base /home/theomagnor/DuoArm/build/arm/build install --record /home/theomagnor/DuoArm/build/arm/install.log --single-version-externally-managed install_data
[9.858s] Level 1:colcon.colcon_core.environment:checking '/home/theomagnor/DuoArm/install/arm' for CMake config files
[9.860s] Level 1:colcon.colcon_core.shell:create_environment_hook('arm', 'cmake_prefix_path')
[9.862s] INFO:colcon.colcon_core.shell:Creating environment hook '/home/theomagnor/DuoArm/install/arm/share/arm/hook/cmake_prefix_path.ps1'
[9.864s] INFO:colcon.colcon_core.shell:Creating environment descriptor '/home/theomagnor/DuoArm/install/arm/share/arm/hook/cmake_prefix_path.dsv'
[9.866s] INFO:colcon.colcon_core.shell:Creating environment hook '/home/theomagnor/DuoArm/install/arm/share/arm/hook/cmake_prefix_path.sh'
[9.869s] Level 1:colcon.colcon_core.environment:checking '/home/theomagnor/DuoArm/install/arm/lib'
[9.870s] Level 1:colcon.colcon_core.environment:checking '/home/theomagnor/DuoArm/install/arm/bin'
[9.871s] Level 1:colcon.colcon_core.environment:checking '/home/theomagnor/DuoArm/install/arm/lib/pkgconfig/arm.pc'
[9.872s] Level 1:colcon.colcon_core.environment:checking '/home/theomagnor/DuoArm/install/arm/lib/python3.10/site-packages'
[9.872s] Level 1:colcon.colcon_core.shell:create_environment_hook('arm', 'pythonpath')
[9.873s] INFO:colcon.colcon_core.shell:Creating environment hook '/home/theomagnor/DuoArm/install/arm/share/arm/hook/pythonpath.ps1'
[9.876s] INFO:colcon.colcon_core.shell:Creating environment descriptor '/home/theomagnor/DuoArm/install/arm/share/arm/hook/pythonpath.dsv'
[9.879s] INFO:colcon.colcon_core.shell:Creating environment hook '/home/theomagnor/DuoArm/install/arm/share/arm/hook/pythonpath.sh'
[9.882s] Level 1:colcon.colcon_core.environment:checking '/home/theomagnor/DuoArm/install/arm/bin'
[9.883s] Level 1:colcon.colcon_core.environment:create_environment_scripts_only(arm)
[9.885s] INFO:colcon.colcon_core.shell:Creating package script '/home/theomagnor/DuoArm/install/arm/share/arm/package.ps1'
[9.889s] INFO:colcon.colcon_core.shell:Creating package descriptor '/home/theomagnor/DuoArm/install/arm/share/arm/package.dsv'
[9.892s] INFO:colcon.colcon_core.shell:Creating package script '/home/theomagnor/DuoArm/install/arm/share/arm/package.sh'
[9.895s] INFO:colcon.colcon_core.shell:Creating package script '/home/theomagnor/DuoArm/install/arm/share/arm/package.bash'
[9.898s] INFO:colcon.colcon_core.shell:Creating package script '/home/theomagnor/DuoArm/install/arm/share/arm/package.zsh'
[9.900s] Level 1:colcon.colcon_core.environment:create_file_with_runtime_dependencies(/home/theomagnor/DuoArm/install/arm/share/colcon-core/packages/arm)
[9.903s] Level 1:colcon.colcon_core.environment:checking '/home/theomagnor/DuoArm/install/path_planning' for CMake module files
[9.908s] DEBUG:colcon.colcon_core.event_handler.log_command:Invoked command in '/home/theomagnor/DuoArm/src/path_planning' returned '0': PYTHONPATH=/home/theomagnor/DuoArm/build/path_planning/prefix_override:/home/theomagnor/DuoArm/install/path_planning/lib/python3.10/site-packages:${PYTHONPATH} /usr/bin/python3 -W ignore:setup.py install is deprecated setup.py egg_info --egg-base ../../build/path_planning build --build-base /home/theomagnor/DuoArm/build/path_planning/build install --record /home/theomagnor/DuoArm/build/path_planning/install.log --single-version-externally-managed install_data
[9.909s] Level 1:colcon.colcon_core.environment:checking '/home/theomagnor/DuoArm/install/path_planning' for CMake config files
[9.912s] Level 1:colcon.colcon_core.shell:create_environment_hook('path_planning', 'cmake_prefix_path')
[9.913s] INFO:colcon.colcon_core.shell:Creating environment hook '/home/theomagnor/DuoArm/install/path_planning/share/path_planning/hook/cmake_prefix_path.ps1'
[9.915s] INFO:colcon.colcon_core.shell:Creating environment descriptor '/home/theomagnor/DuoArm/install/path_planning/share/path_planning/hook/cmake_prefix_path.dsv'
[9.917s] INFO:colcon.colcon_core.shell:Creating environment hook '/home/theomagnor/DuoArm/install/path_planning/share/path_planning/hook/cmake_prefix_path.sh'
[9.920s] Level 1:colcon.colcon_core.environment:checking '/home/theomagnor/DuoArm/install/path_planning/lib'
[9.920s] Level 1:colcon.colcon_core.environment:checking '/home/theomagnor/DuoArm/install/path_planning/bin'
[9.921s] Level 1:colcon.colcon_core.environment:checking '/home/theomagnor/DuoArm/install/path_planning/lib/pkgconfig/path_planning.pc'
[9.922s] Level 1:colcon.colcon_core.environment:checking '/home/theomagnor/DuoArm/install/path_planning/lib/python3.10/site-packages'
[9.922s] Level 1:colcon.colcon_core.shell:create_environment_hook('path_planning', 'pythonpath')
[9.923s] INFO:colcon.colcon_core.shell:Creating environment hook '/home/theomagnor/DuoArm/install/path_planning/share/path_planning/hook/pythonpath.ps1'
[9.925s] INFO:colcon.colcon_core.shell:Creating environment descriptor '/home/theomagnor/DuoArm/install/path_planning/share/path_planning/hook/pythonpath.dsv'
[9.927s] INFO:colcon.colcon_core.shell:Creating environment hook '/home/theomagnor/DuoArm/install/path_planning/share/path_planning/hook/pythonpath.sh'
[9.929s] Level 1:colcon.colcon_core.environment:checking '/home/theomagnor/DuoArm/install/path_planning/bin'
[9.930s] Level 1:colcon.colcon_core.environment:create_environment_scripts_only(path_planning)
[9.931s] INFO:colcon.colcon_core.shell:Creating package script '/home/theomagnor/DuoArm/install/path_planning/share/path_planning/package.ps1'
[9.934s] INFO:colcon.colcon_core.shell:Creating package descriptor '/home/theomagnor/DuoArm/install/path_planning/share/path_planning/package.dsv'
[9.936s] INFO:colcon.colcon_core.shell:Creating package script '/home/theomagnor/DuoArm/install/path_planning/share/path_planning/package.sh'
[9.938s] INFO:colcon.colcon_core.shell:Creating package script '/home/theomagnor/DuoArm/install/path_planning/share/path_planning/package.bash'
[9.940s] INFO:colcon.colcon_core.shell:Creating package script '/home/theomagnor/DuoArm/install/path_planning/share/path_planning/package.zsh'
[9.942s] Level 1:colcon.colcon_core.environment:create_file_with_runtime_dependencies(/home/theomagnor/DuoArm/install/path_planning/share/colcon-core/packages/path_planning)
[9.943s] DEBUG:colcon.colcon_parallel_executor.executor.parallel:closing loop
[9.945s] DEBUG:colcon.colcon_parallel_executor.executor.parallel:loop closed
[9.945s] DEBUG:colcon.colcon_parallel_executor.executor.parallel:run_until_complete finished with '0'
[9.946s] DEBUG:colcon.colcon_core.event_reactor:joining thread
[9.969s] INFO:colcon.colcon_core.plugin_system:Skipping extension 'colcon_notification.desktop_notification.terminal_notifier': Not used on non-Darwin systems
[9.969s] INFO:colcon.colcon_core.plugin_system:Skipping extension 'colcon_notification.desktop_notification.win32': Not used on non-Windows systems
[9.970s] INFO:colcon.colcon_notification.desktop_notification:Sending desktop notification using 'notify2'
[10.022s] DEBUG:colcon.colcon_core.event_reactor:joined thread
[10.024s] INFO:colcon.colcon_core.shell:Creating prefix script '/home/theomagnor/DuoArm/install/local_setup.ps1'
[10.028s] INFO:colcon.colcon_core.shell:Creating prefix util module '/home/theomagnor/DuoArm/install/_local_setup_util_ps1.py'
[10.036s] INFO:colcon.colcon_core.shell:Creating prefix chain script '/home/theomagnor/DuoArm/install/setup.ps1'
[10.042s] INFO:colcon.colcon_core.shell:Creating prefix script '/home/theomagnor/DuoArm/install/local_setup.sh'
[10.045s] INFO:colcon.colcon_core.shell:Creating prefix util module '/home/theomagnor/DuoArm/install/_local_setup_util_sh.py'
[10.048s] INFO:colcon.colcon_core.shell:Creating prefix chain script '/home/theomagnor/DuoArm/install/setup.sh'
[10.053s] INFO:colcon.colcon_core.shell:Creating prefix script '/home/theomagnor/DuoArm/install/local_setup.bash'
[10.055s] INFO:colcon.colcon_core.shell:Creating prefix chain script '/home/theomagnor/DuoArm/install/setup.bash'
[10.060s] INFO:colcon.colcon_core.shell:Creating prefix script '/home/theomagnor/DuoArm/install/local_setup.zsh'
[10.062s] INFO:colcon.colcon_core.shell:Creating prefix chain script '/home/theomagnor/DuoArm/install/setup.zsh'
