[0.013s] Invoking command in '/home/theo/DuoArm/build/path_planning': CMAKE_PREFIX_PATH=${CMAKE_PREFIX_PATH}:/opt/ros/humble /usr/bin/cmake --build /home/theo/DuoArm/build/path_planning -- -j20 -l20
[0.031s] Invoked command in '/home/theo/DuoArm/build/path_planning' returned '0': CMAKE_PREFIX_PATH=${CMAKE_PREFIX_PATH}:/opt/ros/humble /usr/bin/cmake --build /home/theo/DuoArm/build/path_planning -- -j20 -l20
[0.049s] Invoking command in '/home/theo/DuoArm/build/path_planning': CMAKE_PREFIX_PATH=${CMAKE_PREFIX_PATH}:/opt/ros/humble /usr/bin/cmake --install /home/theo/DuoArm/build/path_planning
[0.054s] -- Install configuration: ""
[0.054s] -- Up-to-date: /home/theo/DuoArm/install/path_planning/share/ament_index/resource_index/package_run_dependencies/path_planning
[0.054s] -- Up-to-date: /home/theo/DuoArm/install/path_planning/share/ament_index/resource_index/parent_prefix_path/path_planning
[0.054s] -- Up-to-date: /home/theo/DuoArm/install/path_planning/share/path_planning/environment/ament_prefix_path.sh
[0.054s] -- Up-to-date: /home/theo/DuoArm/install/path_planning/share/path_planning/environment/ament_prefix_path.dsv
[0.055s] -- Up-to-date: /home/theo/DuoArm/install/path_planning/share/path_planning/environment/path.sh
[0.055s] -- Up-to-date: /home/theo/DuoArm/install/path_planning/share/path_planning/environment/path.dsv
[0.055s] -- Up-to-date: /home/theo/DuoArm/install/path_planning/share/path_planning/local_setup.bash
[0.055s] -- Up-to-date: /home/theo/DuoArm/install/path_planning/share/path_planning/local_setup.sh
[0.055s] -- Up-to-date: /home/theo/DuoArm/install/path_planning/share/path_planning/local_setup.zsh
[0.055s] -- Up-to-date: /home/theo/DuoArm/install/path_planning/share/path_planning/local_setup.dsv
[0.055s] -- Installing: /home/theo/DuoArm/install/path_planning/share/path_planning/package.dsv
[0.055s] -- Up-to-date: /home/theo/DuoArm/install/path_planning/share/ament_index/resource_index/packages/path_planning
[0.055s] -- Up-to-date: /home/theo/DuoArm/install/path_planning/share/path_planning/cmake/path_planningConfig.cmake
[0.055s] -- Up-to-date: /home/theo/DuoArm/install/path_planning/share/path_planning/cmake/path_planningConfig-version.cmake
[0.055s] -- Up-to-date: /home/theo/DuoArm/install/path_planning/share/path_planning/package.xml
[0.062s] Invoked command in '/home/theo/DuoArm/build/path_planning' returned '0': CMAKE_PREFIX_PATH=${CMAKE_PREFIX_PATH}:/opt/ros/humble /usr/bin/cmake --install /home/theo/DuoArm/build/path_planning
