[0.078s] Invoking command in '/home/theomagnor/DuoArm/build/arm': CMAKE_PREFIX_PATH=/opt/ros/humble /usr/bin/cmake --build /home/theomagnor/DuoArm/build/arm -- -j4 -l4
[0.331s] Invoked command in '/home/theomagnor/DuoArm/build/arm' returned '0': CMAKE_PREFIX_PATH=/opt/ros/humble /usr/bin/cmake --build /home/theomagnor/DuoArm/build/arm -- -j4 -l4
[0.538s] Invoking command in '/home/theomagnor/DuoArm/build/arm': CMAKE_PREFIX_PATH=/opt/ros/humble /usr/bin/cmake --install /home/theomagnor/DuoArm/build/arm
[0.578s] -- Install configuration: ""
[0.579s] -- Up-to-date: /home/theomagnor/DuoArm/install/arm/share/arm//launch
[0.580s] -- Up-to-date: /home/theomagnor/DuoArm/install/arm/share/arm//launch/arm.launch.py
[0.584s] -- Up-to-date: /home/theomagnor/DuoArm/install/arm/share/arm//urdf
[0.588s] -- Up-to-date: /home/theomagnor/DuoArm/install/arm/share/arm//urdf/duoArm2.urdf
[0.589s] -- Up-to-date: /home/theomagnor/DuoArm/install/arm/share/arm//urdf/lta-passivarm.part
[0.594s] -- Up-to-date: /home/theomagnor/DuoArm/install/arm/share/arm//urdf/robot.urdf
[0.599s] -- Up-to-date: /home/theomagnor/DuoArm/install/arm/share/arm//urdf/activearm.part
[0.600s] -- Up-to-date: /home/theomagnor/DuoArm/install/arm/share/arm//urdf/lta-tooladaptertest.part
[0.601s] -- Up-to-date: /home/theomagnor/DuoArm/install/arm/share/arm//urdf/tooltest.part
[0.601s] -- Up-to-date: /home/theomagnor/DuoArm/install/arm/share/arm//urdf/lta-body.part
[0.602s] -- Up-to-date: /home/theomagnor/DuoArm/install/arm/share/arm//meshes
[0.602s] -- Up-to-date: /home/theomagnor/DuoArm/install/arm/share/arm//meshes/activearm.stl
[0.603s] -- Up-to-date: /home/theomagnor/DuoArm/install/arm/share/arm//meshes/lta-body.stl
[0.603s] -- Up-to-date: /home/theomagnor/DuoArm/install/arm/share/arm//meshes/tooltest.stl
[0.607s] -- Up-to-date: /home/theomagnor/DuoArm/install/arm/share/arm//meshes/lta-tooladaptertest.stl
[0.608s] -- Up-to-date: /home/theomagnor/DuoArm/install/arm/share/arm//meshes/lta-passivarm.stl
[0.609s] -- Up-to-date: /home/theomagnor/DuoArm/install/arm/share/ament_index/resource_index/package_run_dependencies/arm
[0.610s] -- Up-to-date: /home/theomagnor/DuoArm/install/arm/share/ament_index/resource_index/parent_prefix_path/arm
[0.610s] -- Up-to-date: /home/theomagnor/DuoArm/install/arm/share/arm/environment/ament_prefix_path.sh
[0.611s] -- Up-to-date: /home/theomagnor/DuoArm/install/arm/share/arm/environment/ament_prefix_path.dsv
[0.612s] -- Up-to-date: /home/theomagnor/DuoArm/install/arm/share/arm/environment/path.sh
[0.614s] -- Up-to-date: /home/theomagnor/DuoArm/install/arm/share/arm/environment/path.dsv
[0.615s] -- Up-to-date: /home/theomagnor/DuoArm/install/arm/share/arm/local_setup.bash
[0.617s] -- Up-to-date: /home/theomagnor/DuoArm/install/arm/share/arm/local_setup.sh
[0.618s] -- Up-to-date: /home/theomagnor/DuoArm/install/arm/share/arm/local_setup.zsh
[0.620s] -- Up-to-date: /home/theomagnor/DuoArm/install/arm/share/arm/local_setup.dsv
[0.622s] -- Installing: /home/theomagnor/DuoArm/install/arm/share/arm/package.dsv
[0.624s] -- Up-to-date: /home/theomagnor/DuoArm/install/arm/share/ament_index/resource_index/packages/arm
[0.625s] -- Up-to-date: /home/theomagnor/DuoArm/install/arm/share/arm/cmake/armConfig.cmake
[0.627s] -- Up-to-date: /home/theomagnor/DuoArm/install/arm/share/arm/cmake/armConfig-version.cmake
[0.628s] -- Up-to-date: /home/theomagnor/DuoArm/install/arm/share/arm/package.xml
[0.629s] Invoked command in '/home/theomagnor/DuoArm/build/arm' returned '0': CMAKE_PREFIX_PATH=/opt/ros/humble /usr/bin/cmake --install /home/theomagnor/DuoArm/build/arm
