-- Install configuration: ""
-- Up-to-date: /home/theo/DuoArm/install/arm/share/arm//launch
-- Up-to-date: /home/theo/DuoArm/install/arm/share/arm//launch/arm.launch.py
-- Up-to-date: /home/theo/DuoArm/install/arm/share/arm//urdf
-- Up-to-date: /home/theo/DuoArm/install/arm/share/arm//urdf/lta-tooladaptertest.part
-- Up-to-date: /home/theo/DuoArm/install/arm/share/arm//urdf/duoArm2.urdf
-- Up-to-date: /home/theo/DuoArm/install/arm/share/arm//urdf/tooltest.part
-- Up-to-date: /home/theo/DuoArm/install/arm/share/arm//urdf/robot.urdf
-- Up-to-date: /home/theo/DuoArm/install/arm/share/arm//urdf/activearm.part
-- Up-to-date: /home/theo/DuoArm/install/arm/share/arm//urdf/lta-passivarm.part
-- Up-to-date: /home/theo/DuoArm/install/arm/share/arm//urdf/lta-body.part
-- Up-to-date: /home/theo/DuoArm/install/arm/share/arm//meshes
-- Up-to-date: /home/theo/DuoArm/install/arm/share/arm//meshes/lta-body.stl
-- Up-to-date: /home/theo/DuoArm/install/arm/share/arm//meshes/lta-passivarm.stl
-- Up-to-date: /home/theo/DuoArm/install/arm/share/arm//meshes/tooltest.stl
-- Up-to-date: /home/theo/DuoArm/install/arm/share/arm//meshes/activearm.stl
-- Up-to-date: /home/theo/DuoArm/install/arm/share/arm//meshes/lta-tooladaptertest.stl
-- Up-to-date: /home/theo/DuoArm/install/arm/share/ament_index/resource_index/package_run_dependencies/arm
-- Up-to-date: /home/theo/DuoArm/install/arm/share/ament_index/resource_index/parent_prefix_path/arm
-- Up-to-date: /home/theo/DuoArm/install/arm/share/arm/environment/ament_prefix_path.sh
-- Up-to-date: /home/theo/DuoArm/install/arm/share/arm/environment/ament_prefix_path.dsv
-- Up-to-date: /home/theo/DuoArm/install/arm/share/arm/environment/path.sh
-- Up-to-date: /home/theo/DuoArm/install/arm/share/arm/environment/path.dsv
-- Up-to-date: /home/theo/DuoArm/install/arm/share/arm/local_setup.bash
-- Up-to-date: /home/theo/DuoArm/install/arm/share/arm/local_setup.sh
-- Up-to-date: /home/theo/DuoArm/install/arm/share/arm/local_setup.zsh
-- Up-to-date: /home/theo/DuoArm/install/arm/share/arm/local_setup.dsv
-- Up-to-date: /home/theo/DuoArm/install/arm/share/arm/package.dsv
-- Up-to-date: /home/theo/DuoArm/install/arm/share/ament_index/resource_index/packages/arm
-- Up-to-date: /home/theo/DuoArm/install/arm/share/arm/cmake/armConfig.cmake
-- Up-to-date: /home/theo/DuoArm/install/arm/share/arm/cmake/armConfig-version.cmake
-- Up-to-date: /home/theo/DuoArm/install/arm/share/arm/package.xml
