[0.866s] Invoking command in '/home/theo/DuoArm/src/path_planning': PYTHONPATH=/home/theo/DuoArm/build/path_planning/prefix_override:/home/theo/DuoArm/install/path_planning/lib/python3.10/site-packages:${PYTHONPATH} /usr/bin/python3 -W ignore:setup.py install is deprecated setup.py egg_info --egg-base ../../build/path_planning build --build-base /home/theo/DuoArm/build/path_planning/build install --record /home/theo/DuoArm/build/path_planning/install.log --single-version-externally-managed install_data
[0.983s] running egg_info
[0.984s] writing ../../build/path_planning/path_planning.egg-info/PKG-INFO
[0.984s] writing dependency_links to ../../build/path_planning/path_planning.egg-info/dependency_links.txt
[0.984s] writing entry points to ../../build/path_planning/path_planning.egg-info/entry_points.txt
[0.984s] writing requirements to ../../build/path_planning/path_planning.egg-info/requires.txt
[0.984s] writing top-level names to ../../build/path_planning/path_planning.egg-info/top_level.txt
[0.985s] reading manifest file '../../build/path_planning/path_planning.egg-info/SOURCES.txt'
[0.985s] adding license file 'LICENSE'
[0.986s] writing manifest file '../../build/path_planning/path_planning.egg-info/SOURCES.txt'
[0.986s] running build
[0.986s] running build_py
[0.986s] copying path_planning/path_planner.py -> /home/theo/DuoArm/build/path_planning/build/lib/path_planning
[0.986s] running install
[0.986s] running install_lib
[0.986s] copying /home/theo/DuoArm/build/path_planning/build/lib/path_planning/path_planner.py -> /home/theo/DuoArm/install/path_planning/lib/python3.10/site-packages/path_planning
[0.987s] byte-compiling /home/theo/DuoArm/install/path_planning/lib/python3.10/site-packages/path_planning/path_planner.py to path_planner.cpython-310.pyc
[0.988s] running install_data
[0.988s] copying launch/path_planning_launch.py -> /home/theo/DuoArm/install/path_planning/share/path_planning/launch
[0.988s] running install_egg_info
[0.989s] removing '/home/theo/DuoArm/install/path_planning/lib/python3.10/site-packages/path_planning-0.0.0-py3.10.egg-info' (and everything under it)
[0.989s] Copying ../../build/path_planning/path_planning.egg-info to /home/theo/DuoArm/install/path_planning/lib/python3.10/site-packages/path_planning-0.0.0-py3.10.egg-info
[0.990s] running install_scripts
[1.002s] Installing auto_mapper script to /home/theo/DuoArm/install/path_planning/lib/path_planning
[1.002s] Installing path_planner script to /home/theo/DuoArm/install/path_planning/lib/path_planning
[1.002s] writing list of installed files to '/home/theo/DuoArm/build/path_planning/install.log'
[1.033s] Invoked command in '/home/theo/DuoArm/src/path_planning' returned '0': PYTHONPATH=/home/theo/DuoArm/build/path_planning/prefix_override:/home/theo/DuoArm/install/path_planning/lib/python3.10/site-packages:${PYTHONPATH} /usr/bin/python3 -W ignore:setup.py install is deprecated setup.py egg_info --egg-base ../../build/path_planning build --build-base /home/theo/DuoArm/build/path_planning/build install --record /home/theo/DuoArm/build/path_planning/install.log --single-version-externally-managed install_data
