[0.621s] Invoking command in '/home/theo/DuoArm/src/arm': PYTHONPATH=/home/theo/DuoArm/build/arm/prefix_override:/home/theo/DuoArm/install/arm/lib/python3.10/site-packages:${PYTHONPATH} /usr/bin/python3 -W ignore:setup.py install is deprecated setup.py egg_info --egg-base ../../build/arm build --build-base /home/theo/DuoArm/build/arm/build install --record /home/theo/DuoArm/build/arm/install.log --single-version-externally-managed install_data
[0.738s] running egg_info
[0.738s] writing ../../build/arm/arm.egg-info/PKG-INFO
[0.738s] writing dependency_links to ../../build/arm/arm.egg-info/dependency_links.txt
[0.738s] writing entry points to ../../build/arm/arm.egg-info/entry_points.txt
[0.738s] writing requirements to ../../build/arm/arm.egg-info/requires.txt
[0.738s] writing top-level names to ../../build/arm/arm.egg-info/top_level.txt
[0.740s] reading manifest file '../../build/arm/arm.egg-info/SOURCES.txt'
[0.741s] adding license file 'LICENSE'
[0.742s] writing manifest file '../../build/arm/arm.egg-info/SOURCES.txt'
[0.742s] running build
[0.742s] running build_py
[0.742s] running install
[0.742s] running install_lib
[0.743s] running install_data
[0.743s] running install_egg_info
[0.743s] removing '/home/theo/DuoArm/install/arm/lib/python3.10/site-packages/arm-0.0.0-py3.10.egg-info' (and everything under it)
[0.743s] Copying ../../build/arm/arm.egg-info to /home/theo/DuoArm/install/arm/lib/python3.10/site-packages/arm-0.0.0-py3.10.egg-info
[0.743s] running install_scripts
[0.756s] writing list of installed files to '/home/theo/DuoArm/build/arm/install.log'
[0.774s] Invoked command in '/home/theo/DuoArm/src/arm' returned '0': PYTHONPATH=/home/theo/DuoArm/build/arm/prefix_override:/home/theo/DuoArm/install/arm/lib/python3.10/site-packages:${PYTHONPATH} /usr/bin/python3 -W ignore:setup.py install is deprecated setup.py egg_info --egg-base ../../build/arm build --build-base /home/theo/DuoArm/build/arm/build install --record /home/theo/DuoArm/build/arm/install.log --single-version-externally-managed install_data
