[0.015s] Invoking command in '/home/theo/DuoArm/build/command_center': CMAKE_PREFIX_PATH=${CMAKE_PREFIX_PATH}:/opt/ros/humble /usr/bin/cmake /home/theo/DuoArm/src/command_center -DCMAKE_INSTALL_PREFIX=/home/theo/DuoArm/install/command_center
[0.146s] -- The C compiler identification is GNU 11.4.0
[0.426s] -- The CXX compiler identification is GNU 11.4.0
[0.629s] -- Detecting C compiler ABI info
[0.710s] -- Detecting C compiler ABI info - done
[0.714s] -- Check for working C compiler: /usr/bin/cc - skipped
[0.714s] -- Detecting C compile features
[0.715s] -- Detecting C compile features - done
[0.717s] -- Detecting CXX compiler ABI info
[0.804s] -- Detecting CXX compiler ABI info - done
[0.808s] -- Check for working CXX compiler: /usr/bin/c++ - skipped
[0.808s] -- Detecting CXX compile features
[0.809s] -- Detecting CXX compile features - done
[0.814s] -- Found ament_cmake: 1.3.8 (/opt/ros/humble/share/ament_cmake/cmake)
[0.906s] -- Found Python3: /usr/bin/python3 (found version "3.10.12") found components: Interpreter 
[0.960s] -- Found ament_lint_auto: 0.12.10 (/opt/ros/humble/share/ament_lint_auto/cmake)
[1.009s] -- Added test 'flake8' to check Python code syntax and style conventions
[1.010s] -- Added test 'lint_cmake' to check CMake code style
[1.010s] -- Added test 'pep257' to check Python code against some of the docstring style conventions in PEP 257
[1.011s] -- Added test 'xmllint' to check XML markup files
[1.012s] -- Configuring done
[1.016s] -- Generating done
[1.016s] -- Build files have been written to: /home/theo/DuoArm/build/command_center
[1.021s] Invoked command in '/home/theo/DuoArm/build/command_center' returned '0': CMAKE_PREFIX_PATH=${CMAKE_PREFIX_PATH}:/opt/ros/humble /usr/bin/cmake /home/theo/DuoArm/src/command_center -DCMAKE_INSTALL_PREFIX=/home/theo/DuoArm/install/command_center
[1.021s] Invoking command in '/home/theo/DuoArm/build/command_center': CMAKE_PREFIX_PATH=${CMAKE_PREFIX_PATH}:/opt/ros/humble /usr/bin/cmake --build /home/theo/DuoArm/build/command_center -- -j20 -l20
[1.040s] Invoked command in '/home/theo/DuoArm/build/command_center' returned '0': CMAKE_PREFIX_PATH=${CMAKE_PREFIX_PATH}:/opt/ros/humble /usr/bin/cmake --build /home/theo/DuoArm/build/command_center -- -j20 -l20
[1.054s] Invoking command in '/home/theo/DuoArm/build/command_center': CMAKE_PREFIX_PATH=${CMAKE_PREFIX_PATH}:/opt/ros/humble /usr/bin/cmake --install /home/theo/DuoArm/build/command_center
[1.057s] -- Install configuration: ""
[1.058s] -- Installing: /home/theo/DuoArm/install/command_center/share/ament_index/resource_index/package_run_dependencies/command_center
[1.058s] -- Installing: /home/theo/DuoArm/install/command_center/share/ament_index/resource_index/parent_prefix_path/command_center
[1.058s] -- Installing: /home/theo/DuoArm/install/command_center/share/command_center/environment/ament_prefix_path.sh
[1.058s] -- Installing: /home/theo/DuoArm/install/command_center/share/command_center/environment/ament_prefix_path.dsv
[1.059s] -- Installing: /home/theo/DuoArm/install/command_center/share/command_center/environment/path.sh
[1.059s] -- Installing: /home/theo/DuoArm/install/command_center/share/command_center/environment/path.dsv
[1.059s] -- Installing: /home/theo/DuoArm/install/command_center/share/command_center/local_setup.bash
[1.059s] -- Installing: /home/theo/DuoArm/install/command_center/share/command_center/local_setup.sh
[1.059s] -- Installing: /home/theo/DuoArm/install/command_center/share/command_center/local_setup.zsh
[1.059s] -- Installing: /home/theo/DuoArm/install/command_center/share/command_center/local_setup.dsv
[1.059s] -- Installing: /home/theo/DuoArm/install/command_center/share/command_center/package.dsv
[1.060s] -- Installing: /home/theo/DuoArm/install/command_center/share/ament_index/resource_index/packages/command_center
[1.060s] -- Installing: /home/theo/DuoArm/install/command_center/share/command_center/cmake/command_centerConfig.cmake
[1.060s] -- Installing: /home/theo/DuoArm/install/command_center/share/command_center/cmake/command_centerConfig-version.cmake
[1.060s] -- Installing: /home/theo/DuoArm/install/command_center/share/command_center/package.xml
[1.061s] Invoked command in '/home/theo/DuoArm/build/command_center' returned '0': CMAKE_PREFIX_PATH=${CMAKE_PREFIX_PATH}:/opt/ros/humble /usr/bin/cmake --install /home/theo/DuoArm/build/command_center
