[0.987s] Invoking command in '/home/theo/DuoArm/src/path_planning': PYTHONPATH=/home/theo/DuoArm/build/path_planning/prefix_override:/home/theo/DuoArm/install/path_planning/lib/python3.10/site-packages:${PYTHONPATH} /usr/bin/python3 -W ignore:setup.py install is deprecated setup.py egg_info --egg-base ../../build/path_planning build --build-base /home/theo/DuoArm/build/path_planning/build install --record /home/theo/DuoArm/build/path_planning/install.log --single-version-externally-managed install_data
[1.214s] running egg_info
[1.214s] writing ../../build/path_planning/path_planning.egg-info/PKG-INFO
[1.214s] writing dependency_links to ../../build/path_planning/path_planning.egg-info/dependency_links.txt
[1.214s] writing entry points to ../../build/path_planning/path_planning.egg-info/entry_points.txt
[1.215s] writing requirements to ../../build/path_planning/path_planning.egg-info/requires.txt
[1.215s] writing top-level names to ../../build/path_planning/path_planning.egg-info/top_level.txt
[1.215s] reading manifest file '../../build/path_planning/path_planning.egg-info/SOURCES.txt'
[1.215s] adding license file 'LICENSE'
[1.215s] writing manifest file '../../build/path_planning/path_planning.egg-info/SOURCES.txt'
[1.215s] running build
[1.215s] running build_py
[1.215s] running install
[1.215s] running install_lib
[1.215s] running install_data
[1.215s] running install_egg_info
[1.218s] removing '/home/theo/DuoArm/install/path_planning/lib/python3.10/site-packages/path_planning-0.0.0-py3.10.egg-info' (and everything under it)
[1.218s] Copying ../../build/path_planning/path_planning.egg-info to /home/theo/DuoArm/install/path_planning/lib/python3.10/site-packages/path_planning-0.0.0-py3.10.egg-info
[1.220s] running install_scripts
[1.241s] Installing auto_mapper script to /home/theo/DuoArm/install/path_planning/lib/path_planning
[1.241s] Installing path_planner script to /home/theo/DuoArm/install/path_planning/lib/path_planning
[1.241s] writing list of installed files to '/home/theo/DuoArm/build/path_planning/install.log'
[1.276s] Invoked command in '/home/theo/DuoArm/src/path_planning' returned '0': PYTHONPATH=/home/theo/DuoArm/build/path_planning/prefix_override:/home/theo/DuoArm/install/path_planning/lib/python3.10/site-packages:${PYTHONPATH} /usr/bin/python3 -W ignore:setup.py install is deprecated setup.py egg_info --egg-base ../../build/path_planning build --build-base /home/theo/DuoArm/build/path_planning/build install --record /home/theo/DuoArm/build/path_planning/install.log --single-version-externally-managed install_data
