[5.222s] Invoking command in '/home/theomagnor/DuoArm/src/controll_center': PYTHONPATH=/home/theomagnor/DuoArm/build/controll_center/prefix_override:/home/theomagnor/DuoArm/install/controll_center/lib/python3.10/site-packages: /usr/bin/python3 -W ignore:setup.py install is deprecated setup.py egg_info --egg-base ../../build/controll_center build --build-base /home/theomagnor/DuoArm/build/controll_center/build install --record /home/theomagnor/DuoArm/build/controll_center/install.log --single-version-externally-managed install_data
[6.336s] running egg_info
[6.338s] writing ../../build/controll_center/controll_center.egg-info/PKG-INFO
[6.340s] writing dependency_links to ../../build/controll_center/controll_center.egg-info/dependency_links.txt
[6.341s] writing entry points to ../../build/controll_center/controll_center.egg-info/entry_points.txt
[6.346s] writing requirements to ../../build/controll_center/controll_center.egg-info/requires.txt
[6.347s] writing top-level names to ../../build/controll_center/controll_center.egg-info/top_level.txt
[6.351s] reading manifest file '../../build/controll_center/controll_center.egg-info/SOURCES.txt'
[6.358s] adding license file 'LICENSE'
[6.360s] writing manifest file '../../build/controll_center/controll_center.egg-info/SOURCES.txt'
[6.360s] running build
[6.361s] running build_py
[6.361s] copying controll_center/action_controller.py -> /home/theomagnor/DuoArm/build/controll_center/build/lib/controll_center
[6.363s] running install
[6.364s] running install_lib
[6.369s] copying /home/theomagnor/DuoArm/build/controll_center/build/lib/controll_center/action_controller.py -> /home/theomagnor/DuoArm/install/controll_center/lib/python3.10/site-packages/controll_center
[6.372s] byte-compiling /home/theomagnor/DuoArm/install/controll_center/lib/python3.10/site-packages/controll_center/action_controller.py to action_controller.cpython-310.pyc
[6.375s] running install_data
[6.376s] running install_egg_info
[6.385s] removing '/home/theomagnor/DuoArm/install/controll_center/lib/python3.10/site-packages/controll_center-0.0.0-py3.10.egg-info' (and everything under it)
[6.386s] Copying ../../build/controll_center/controll_center.egg-info to /home/theomagnor/DuoArm/install/controll_center/lib/python3.10/site-packages/controll_center-0.0.0-py3.10.egg-info
[6.398s] running install_scripts
[6.515s] Installing command_executor script to /home/theomagnor/DuoArm/install/controll_center/lib/controll_center
[6.517s] Installing command_window script to /home/theomagnor/DuoArm/install/controll_center/lib/controll_center
[6.520s] writing list of installed files to '/home/theomagnor/DuoArm/build/controll_center/install.log'
[6.954s] Invoked command in '/home/theomagnor/DuoArm/src/controll_center' returned '0': PYTHONPATH=/home/theomagnor/DuoArm/build/controll_center/prefix_override:/home/theomagnor/DuoArm/install/controll_center/lib/python3.10/site-packages: /usr/bin/python3 -W ignore:setup.py install is deprecated setup.py egg_info --egg-base ../../build/controll_center build --build-base /home/theomagnor/DuoArm/build/controll_center/build install --record /home/theomagnor/DuoArm/build/controll_center/install.log --single-version-externally-managed install_data
