[0.111s] DEBUG:colcon:Command line arguments: ['/usr/bin/colcon', 'build']
[0.111s] DEBUG:colcon:Parsed command line arguments: Namespace(log_base=None, log_level=None, verb_name='build', build_base='build', install_base='install', merge_install=False, symlink_install=False, test_result_base=None, continue_on_error=False, executor='parallel', parallel_workers=20, event_handlers=None, ignore_user_meta=False, metas=['./colcon.meta'], base_paths=['.'], packages_ignore=None, packages_ignore_regex=None, paths=None, packages_up_to=None, packages_up_to_regex=None, packages_above=None, packages_above_and_dependencies=None, packages_above_depth=None, packages_select_by_dep=None, packages_skip_by_dep=None, packages_skip_up_to=None, packages_select_build_failed=False, packages_skip_build_finished=False, packages_select_test_failures=False, packages_skip_test_passed=False, packages_select=None, packages_skip=None, packages_select_regex=None, packages_skip_regex=None, packages_start=None, packages_end=None, allow_overriding=[], cmake_args=None, cmake_target=None, cmake_target_skip_unavailable=False, cmake_clean_cache=False, cmake_clean_first=False, cmake_force_configure=False, ament_cmake_args=None, catkin_cmake_args=None, catkin_skip_building_tests=False, mixin_files=None, mixin=None, verb_parser=<colcon_mixin.mixin.mixin_argument.MixinArgumentDecorator object at 0x7faf1c6357e0>, verb_extension=<colcon_core.verb.build.BuildVerb object at 0x7faf1c7b31c0>, main=<bound method BuildVerb.main of <colcon_core.verb.build.BuildVerb object at 0x7faf1c7b31c0>>, mixin_verb=('build',))
[0.194s] Level 1:colcon.colcon_core.package_discovery:discover_packages(colcon_meta) check parameters
[0.195s] Level 1:colcon.colcon_core.package_discovery:discover_packages(recursive) check parameters
[0.195s] Level 1:colcon.colcon_core.package_discovery:discover_packages(ignore) check parameters
[0.195s] Level 1:colcon.colcon_core.package_discovery:discover_packages(path) check parameters
[0.195s] Level 1:colcon.colcon_core.package_discovery:discover_packages(colcon_meta) discover
[0.195s] Level 1:colcon.colcon_core.package_discovery:discover_packages(recursive) discover
[0.195s] INFO:colcon.colcon_core.package_discovery:Crawling recursively for packages in '/home/theo/DuoArm'
[0.195s] Level 1:colcon.colcon_core.package_identification:_identify(.) by extensions ['ignore', 'ignore_ament_install']
[0.195s] Level 1:colcon.colcon_core.package_identification:_identify(.) by extension 'ignore'
[0.195s] Level 1:colcon.colcon_core.package_identification:_identify(.) by extension 'ignore_ament_install'
[0.195s] Level 1:colcon.colcon_core.package_identification:_identify(.) by extensions ['colcon_pkg']
[0.195s] Level 1:colcon.colcon_core.package_identification:_identify(.) by extension 'colcon_pkg'
[0.195s] Level 1:colcon.colcon_core.package_identification:_identify(.) by extensions ['colcon_meta']
[0.195s] Level 1:colcon.colcon_core.package_identification:_identify(.) by extension 'colcon_meta'
[0.195s] Level 1:colcon.colcon_core.package_identification:_identify(.) by extensions ['ros']
[0.195s] Level 1:colcon.colcon_core.package_identification:_identify(.) by extension 'ros'
[0.203s] Level 1:colcon.colcon_core.package_identification:_identify(.) by extensions ['cmake', 'python']
[0.203s] Level 1:colcon.colcon_core.package_identification:_identify(.) by extension 'cmake'
[0.203s] Level 1:colcon.colcon_core.package_identification:_identify(.) by extension 'python'
[0.203s] Level 1:colcon.colcon_core.package_identification:_identify(.) by extensions ['python_setup_py']
[0.203s] Level 1:colcon.colcon_core.package_identification:_identify(.) by extension 'python_setup_py'
[0.203s] Level 1:colcon.colcon_core.package_identification:_identify(build) by extensions ['ignore', 'ignore_ament_install']
[0.203s] Level 1:colcon.colcon_core.package_identification:_identify(build) by extension 'ignore'
[0.203s] Level 1:colcon.colcon_core.package_identification:_identify(build) ignored
[0.203s] Level 1:colcon.colcon_core.package_identification:_identify(install) by extensions ['ignore', 'ignore_ament_install']
[0.203s] Level 1:colcon.colcon_core.package_identification:_identify(install) by extension 'ignore'
[0.203s] Level 1:colcon.colcon_core.package_identification:_identify(install) ignored
[0.203s] Level 1:colcon.colcon_core.package_identification:_identify(log) by extensions ['ignore', 'ignore_ament_install']
[0.203s] Level 1:colcon.colcon_core.package_identification:_identify(log) by extension 'ignore'
[0.203s] Level 1:colcon.colcon_core.package_identification:_identify(log) ignored
[0.203s] Level 1:colcon.colcon_core.package_identification:_identify(src) by extensions ['ignore', 'ignore_ament_install']
[0.204s] Level 1:colcon.colcon_core.package_identification:_identify(src) by extension 'ignore'
[0.204s] Level 1:colcon.colcon_core.package_identification:_identify(src) by extension 'ignore_ament_install'
[0.204s] Level 1:colcon.colcon_core.package_identification:_identify(src) by extensions ['colcon_pkg']
[0.204s] Level 1:colcon.colcon_core.package_identification:_identify(src) by extension 'colcon_pkg'
[0.204s] Level 1:colcon.colcon_core.package_identification:_identify(src) by extensions ['colcon_meta']
[0.204s] Level 1:colcon.colcon_core.package_identification:_identify(src) by extension 'colcon_meta'
[0.204s] Level 1:colcon.colcon_core.package_identification:_identify(src) by extensions ['ros']
[0.204s] Level 1:colcon.colcon_core.package_identification:_identify(src) by extension 'ros'
[0.204s] Level 1:colcon.colcon_core.package_identification:_identify(src) by extensions ['cmake', 'python']
[0.204s] Level 1:colcon.colcon_core.package_identification:_identify(src) by extension 'cmake'
[0.204s] Level 1:colcon.colcon_core.package_identification:_identify(src) by extension 'python'
[0.204s] Level 1:colcon.colcon_core.package_identification:_identify(src) by extensions ['python_setup_py']
[0.204s] Level 1:colcon.colcon_core.package_identification:_identify(src) by extension 'python_setup_py'
[0.204s] Level 1:colcon.colcon_core.package_identification:_identify(src/arm) by extensions ['ignore', 'ignore_ament_install']
[0.204s] Level 1:colcon.colcon_core.package_identification:_identify(src/arm) by extension 'ignore'
[0.204s] Level 1:colcon.colcon_core.package_identification:_identify(src/arm) by extension 'ignore_ament_install'
[0.204s] Level 1:colcon.colcon_core.package_identification:_identify(src/arm) by extensions ['colcon_pkg']
[0.204s] Level 1:colcon.colcon_core.package_identification:_identify(src/arm) by extension 'colcon_pkg'
[0.204s] Level 1:colcon.colcon_core.package_identification:_identify(src/arm) by extensions ['colcon_meta']
[0.204s] Level 1:colcon.colcon_core.package_identification:_identify(src/arm) by extension 'colcon_meta'
[0.204s] Level 1:colcon.colcon_core.package_identification:_identify(src/arm) by extensions ['ros']
[0.204s] Level 1:colcon.colcon_core.package_identification:_identify(src/arm) by extension 'ros'
[0.206s] DEBUG:colcon.colcon_core.package_identification:Package 'src/arm' with type 'ros.ament_cmake' and name 'arm'
[0.206s] Level 1:colcon.colcon_core.package_identification:_identify(src/command_center) by extensions ['ignore', 'ignore_ament_install']
[0.206s] Level 1:colcon.colcon_core.package_identification:_identify(src/command_center) by extension 'ignore'
[0.206s] Level 1:colcon.colcon_core.package_identification:_identify(src/command_center) by extension 'ignore_ament_install'
[0.206s] Level 1:colcon.colcon_core.package_identification:_identify(src/command_center) by extensions ['colcon_pkg']
[0.206s] Level 1:colcon.colcon_core.package_identification:_identify(src/command_center) by extension 'colcon_pkg'
[0.206s] Level 1:colcon.colcon_core.package_identification:_identify(src/command_center) by extensions ['colcon_meta']
[0.206s] Level 1:colcon.colcon_core.package_identification:_identify(src/command_center) by extension 'colcon_meta'
[0.206s] Level 1:colcon.colcon_core.package_identification:_identify(src/command_center) by extensions ['ros']
[0.206s] Level 1:colcon.colcon_core.package_identification:_identify(src/command_center) by extension 'ros'
[0.206s] DEBUG:colcon.colcon_core.package_identification:Package 'src/command_center' with type 'ros.ament_cmake' and name 'command_center'
[0.206s] Level 1:colcon.colcon_core.package_identification:_identify(src/path_planning) by extensions ['ignore', 'ignore_ament_install']
[0.206s] Level 1:colcon.colcon_core.package_identification:_identify(src/path_planning) by extension 'ignore'
[0.206s] Level 1:colcon.colcon_core.package_identification:_identify(src/path_planning) by extension 'ignore_ament_install'
[0.207s] Level 1:colcon.colcon_core.package_identification:_identify(src/path_planning) by extensions ['colcon_pkg']
[0.207s] Level 1:colcon.colcon_core.package_identification:_identify(src/path_planning) by extension 'colcon_pkg'
[0.207s] Level 1:colcon.colcon_core.package_identification:_identify(src/path_planning) by extensions ['colcon_meta']
[0.207s] Level 1:colcon.colcon_core.package_identification:_identify(src/path_planning) by extension 'colcon_meta'
[0.207s] Level 1:colcon.colcon_core.package_identification:_identify(src/path_planning) by extensions ['ros']
[0.207s] Level 1:colcon.colcon_core.package_identification:_identify(src/path_planning) by extension 'ros'
[0.207s] DEBUG:colcon.colcon_core.package_identification:Package 'src/path_planning' with type 'ros.ament_cmake' and name 'path_planning'
[0.207s] Level 1:colcon.colcon_core.package_discovery:discover_packages(recursive) using defaults
[0.207s] Level 1:colcon.colcon_core.package_discovery:discover_packages(ignore) discover
[0.207s] Level 1:colcon.colcon_core.package_discovery:discover_packages(ignore) using defaults
[0.207s] Level 1:colcon.colcon_core.package_discovery:discover_packages(path) discover
[0.207s] Level 1:colcon.colcon_core.package_discovery:discover_packages(path) using defaults
[0.220s] Level 1:colcon.colcon_core.package_discovery:discover_packages(prefix_path) check parameters
[0.220s] Level 1:colcon.colcon_core.package_discovery:discover_packages(prefix_path) discover
[0.221s] DEBUG:colcon.colcon_installed_package_information.package_discovery:Found 3 installed packages in /home/theo/DuoArm/install
[0.221s] DEBUG:colcon.colcon_installed_package_information.package_discovery:Found 322 installed packages in /opt/ros/humble
[0.229s] Level 1:colcon.colcon_core.package_discovery:discover_packages(prefix_path) using defaults
[0.252s] Level 5:colcon.colcon_core.verb:set package 'arm' build argument 'cmake_args' from command line to 'None'
[0.252s] Level 5:colcon.colcon_core.verb:set package 'arm' build argument 'cmake_target' from command line to 'None'
[0.252s] Level 5:colcon.colcon_core.verb:set package 'arm' build argument 'cmake_target_skip_unavailable' from command line to 'False'
[0.252s] Level 5:colcon.colcon_core.verb:set package 'arm' build argument 'cmake_clean_cache' from command line to 'False'
[0.252s] Level 5:colcon.colcon_core.verb:set package 'arm' build argument 'cmake_clean_first' from command line to 'False'
[0.252s] Level 5:colcon.colcon_core.verb:set package 'arm' build argument 'cmake_force_configure' from command line to 'False'
[0.252s] Level 5:colcon.colcon_core.verb:set package 'arm' build argument 'ament_cmake_args' from command line to 'None'
[0.252s] Level 5:colcon.colcon_core.verb:set package 'arm' build argument 'catkin_cmake_args' from command line to 'None'
[0.252s] Level 5:colcon.colcon_core.verb:set package 'arm' build argument 'catkin_skip_building_tests' from command line to 'False'
[0.252s] DEBUG:colcon.colcon_core.verb:Building package 'arm' with the following arguments: {'ament_cmake_args': None, 'build_base': '/home/theo/DuoArm/build/arm', 'catkin_cmake_args': None, 'catkin_skip_building_tests': False, 'cmake_args': None, 'cmake_clean_cache': False, 'cmake_clean_first': False, 'cmake_force_configure': False, 'cmake_target': None, 'cmake_target_skip_unavailable': False, 'install_base': '/home/theo/DuoArm/install/arm', 'merge_install': False, 'path': '/home/theo/DuoArm/src/arm', 'symlink_install': False, 'test_result_base': None}
[0.252s] Level 5:colcon.colcon_core.verb:set package 'command_center' build argument 'cmake_args' from command line to 'None'
[0.252s] Level 5:colcon.colcon_core.verb:set package 'command_center' build argument 'cmake_target' from command line to 'None'
[0.252s] Level 5:colcon.colcon_core.verb:set package 'command_center' build argument 'cmake_target_skip_unavailable' from command line to 'False'
[0.252s] Level 5:colcon.colcon_core.verb:set package 'command_center' build argument 'cmake_clean_cache' from command line to 'False'
[0.252s] Level 5:colcon.colcon_core.verb:set package 'command_center' build argument 'cmake_clean_first' from command line to 'False'
[0.252s] Level 5:colcon.colcon_core.verb:set package 'command_center' build argument 'cmake_force_configure' from command line to 'False'
[0.252s] Level 5:colcon.colcon_core.verb:set package 'command_center' build argument 'ament_cmake_args' from command line to 'None'
[0.252s] Level 5:colcon.colcon_core.verb:set package 'command_center' build argument 'catkin_cmake_args' from command line to 'None'
[0.252s] Level 5:colcon.colcon_core.verb:set package 'command_center' build argument 'catkin_skip_building_tests' from command line to 'False'
[0.252s] DEBUG:colcon.colcon_core.verb:Building package 'command_center' with the following arguments: {'ament_cmake_args': None, 'build_base': '/home/theo/DuoArm/build/command_center', 'catkin_cmake_args': None, 'catkin_skip_building_tests': False, 'cmake_args': None, 'cmake_clean_cache': False, 'cmake_clean_first': False, 'cmake_force_configure': False, 'cmake_target': None, 'cmake_target_skip_unavailable': False, 'install_base': '/home/theo/DuoArm/install/command_center', 'merge_install': False, 'path': '/home/theo/DuoArm/src/command_center', 'symlink_install': False, 'test_result_base': None}
[0.253s] Level 5:colcon.colcon_core.verb:set package 'path_planning' build argument 'cmake_args' from command line to 'None'
[0.253s] Level 5:colcon.colcon_core.verb:set package 'path_planning' build argument 'cmake_target' from command line to 'None'
[0.253s] Level 5:colcon.colcon_core.verb:set package 'path_planning' build argument 'cmake_target_skip_unavailable' from command line to 'False'
[0.253s] Level 5:colcon.colcon_core.verb:set package 'path_planning' build argument 'cmake_clean_cache' from command line to 'False'
[0.253s] Level 5:colcon.colcon_core.verb:set package 'path_planning' build argument 'cmake_clean_first' from command line to 'False'
[0.253s] Level 5:colcon.colcon_core.verb:set package 'path_planning' build argument 'cmake_force_configure' from command line to 'False'
[0.253s] Level 5:colcon.colcon_core.verb:set package 'path_planning' build argument 'ament_cmake_args' from command line to 'None'
[0.253s] Level 5:colcon.colcon_core.verb:set package 'path_planning' build argument 'catkin_cmake_args' from command line to 'None'
[0.253s] Level 5:colcon.colcon_core.verb:set package 'path_planning' build argument 'catkin_skip_building_tests' from command line to 'False'
[0.253s] DEBUG:colcon.colcon_core.verb:Building package 'path_planning' with the following arguments: {'ament_cmake_args': None, 'build_base': '/home/theo/DuoArm/build/path_planning', 'catkin_cmake_args': None, 'catkin_skip_building_tests': False, 'cmake_args': None, 'cmake_clean_cache': False, 'cmake_clean_first': False, 'cmake_force_configure': False, 'cmake_target': None, 'cmake_target_skip_unavailable': False, 'install_base': '/home/theo/DuoArm/install/path_planning', 'merge_install': False, 'path': '/home/theo/DuoArm/src/path_planning', 'symlink_install': False, 'test_result_base': None}
[0.253s] INFO:colcon.colcon_core.executor:Executing jobs using 'parallel' executor
[0.253s] DEBUG:colcon.colcon_parallel_executor.executor.parallel:run_until_complete
[0.254s] INFO:colcon.colcon_ros.task.ament_cmake.build:Building ROS package in '/home/theo/DuoArm/src/arm' with build type 'ament_cmake'
[0.254s] INFO:colcon.colcon_cmake.task.cmake.build:Building CMake package in '/home/theo/DuoArm/src/arm'
[0.255s] INFO:colcon.colcon_core.plugin_system:Skipping extension 'colcon_core.shell.bat': Not used on non-Windows systems
[0.255s] INFO:colcon.colcon_core.shell:Skip shell extension 'powershell' for command environment: Not usable outside of PowerShell
[0.255s] DEBUG:colcon.colcon_core.shell:Skip shell extension 'dsv' for command environment
[0.257s] INFO:colcon.colcon_ros.task.ament_cmake.build:Building ROS package in '/home/theo/DuoArm/src/command_center' with build type 'ament_cmake'
[0.258s] INFO:colcon.colcon_cmake.task.cmake.build:Building CMake package in '/home/theo/DuoArm/src/command_center'
[0.258s] INFO:colcon.colcon_core.shell:Skip shell extension 'powershell' for command environment: Not usable outside of PowerShell
[0.258s] DEBUG:colcon.colcon_core.shell:Skip shell extension 'dsv' for command environment
[0.260s] INFO:colcon.colcon_ros.task.ament_cmake.build:Building ROS package in '/home/theo/DuoArm/src/path_planning' with build type 'ament_cmake'
[0.260s] INFO:colcon.colcon_cmake.task.cmake.build:Building CMake package in '/home/theo/DuoArm/src/path_planning'
[0.260s] INFO:colcon.colcon_core.shell:Skip shell extension 'powershell' for command environment: Not usable outside of PowerShell
[0.261s] DEBUG:colcon.colcon_core.shell:Skip shell extension 'dsv' for command environment
[0.272s] DEBUG:colcon.colcon_core.event_handler.log_command:Invoking command in '/home/theo/DuoArm/build/arm': CMAKE_PREFIX_PATH=${CMAKE_PREFIX_PATH}:/opt/ros/humble /usr/bin/cmake --build /home/theo/DuoArm/build/arm -- -j20 -l20
[0.275s] DEBUG:colcon.colcon_core.event_handler.log_command:Invoking command in '/home/theo/DuoArm/build/command_center': CMAKE_PREFIX_PATH=${CMAKE_PREFIX_PATH}:/opt/ros/humble /usr/bin/cmake --build /home/theo/DuoArm/build/command_center -- -j20 -l20
[0.277s] DEBUG:colcon.colcon_core.event_handler.log_command:Invoking command in '/home/theo/DuoArm/build/path_planning': CMAKE_PREFIX_PATH=${CMAKE_PREFIX_PATH}:/opt/ros/humble /usr/bin/cmake --build /home/theo/DuoArm/build/path_planning -- -j20 -l20
[0.286s] DEBUG:colcon.colcon_core.event_handler.log_command:Invoked command in '/home/theo/DuoArm/build/arm' returned '0': CMAKE_PREFIX_PATH=${CMAKE_PREFIX_PATH}:/opt/ros/humble /usr/bin/cmake --build /home/theo/DuoArm/build/arm -- -j20 -l20
[0.298s] DEBUG:colcon.colcon_core.event_handler.log_command:Invoked command in '/home/theo/DuoArm/build/path_planning' returned '0': CMAKE_PREFIX_PATH=${CMAKE_PREFIX_PATH}:/opt/ros/humble /usr/bin/cmake --build /home/theo/DuoArm/build/path_planning -- -j20 -l20
[0.304s] DEBUG:colcon.colcon_core.event_handler.log_command:Invoking command in '/home/theo/DuoArm/build/arm': CMAKE_PREFIX_PATH=${CMAKE_PREFIX_PATH}:/opt/ros/humble /usr/bin/cmake --install /home/theo/DuoArm/build/arm
[0.312s] Level 1:colcon.colcon_core.environment:create_environment_scripts_only(arm)
[0.313s] DEBUG:colcon.colcon_core.event_handler.log_command:Invoking command in '/home/theo/DuoArm/build/path_planning': CMAKE_PREFIX_PATH=${CMAKE_PREFIX_PATH}:/opt/ros/humble /usr/bin/cmake --install /home/theo/DuoArm/build/path_planning
[0.314s] DEBUG:colcon.colcon_core.event_handler.log_command:Invoked command in '/home/theo/DuoArm/build/arm' returned '0': CMAKE_PREFIX_PATH=${CMAKE_PREFIX_PATH}:/opt/ros/humble /usr/bin/cmake --install /home/theo/DuoArm/build/arm
[0.315s] Level 1:colcon.colcon_core.environment:checking '/home/theo/DuoArm/install/arm' for CMake module files
[0.315s] Level 1:colcon.colcon_core.environment:checking '/home/theo/DuoArm/install/arm' for CMake config files
[0.315s] Level 1:colcon.colcon_core.shell:create_environment_hook('arm', 'cmake_prefix_path')
[0.315s] INFO:colcon.colcon_core.shell:Creating environment hook '/home/theo/DuoArm/install/arm/share/arm/hook/cmake_prefix_path.ps1'
[0.316s] INFO:colcon.colcon_core.shell:Creating environment descriptor '/home/theo/DuoArm/install/arm/share/arm/hook/cmake_prefix_path.dsv'
[0.318s] INFO:colcon.colcon_core.shell:Creating environment hook '/home/theo/DuoArm/install/arm/share/arm/hook/cmake_prefix_path.sh'
[0.319s] Level 1:colcon.colcon_core.environment:checking '/home/theo/DuoArm/install/arm/bin'
[0.319s] Level 1:colcon.colcon_core.environment:checking '/home/theo/DuoArm/install/arm/lib/pkgconfig/arm.pc'
[0.319s] Level 1:colcon.colcon_core.environment:checking '/home/theo/DuoArm/install/arm/lib/python3.10/site-packages'
[0.319s] Level 1:colcon.colcon_core.environment:checking '/home/theo/DuoArm/install/arm/bin'
[0.319s] INFO:colcon.colcon_core.shell:Creating package script '/home/theo/DuoArm/install/arm/share/arm/package.ps1'
[0.320s] INFO:colcon.colcon_core.shell:Creating package descriptor '/home/theo/DuoArm/install/arm/share/arm/package.dsv'
[0.320s] INFO:colcon.colcon_core.shell:Creating package script '/home/theo/DuoArm/install/arm/share/arm/package.sh'
[0.320s] INFO:colcon.colcon_core.shell:Creating package script '/home/theo/DuoArm/install/arm/share/arm/package.bash'
[0.321s] INFO:colcon.colcon_core.shell:Creating package script '/home/theo/DuoArm/install/arm/share/arm/package.zsh'
[0.321s] Level 1:colcon.colcon_core.environment:create_file_with_runtime_dependencies(/home/theo/DuoArm/install/arm/share/colcon-core/packages/arm)
[0.322s] Level 1:colcon.colcon_core.environment:create_environment_scripts_only(path_planning)
[0.323s] Level 1:colcon.colcon_core.environment:checking '/home/theo/DuoArm/install/path_planning' for CMake module files
[0.323s] DEBUG:colcon.colcon_core.event_handler.log_command:Invoked command in '/home/theo/DuoArm/build/path_planning' returned '0': CMAKE_PREFIX_PATH=${CMAKE_PREFIX_PATH}:/opt/ros/humble /usr/bin/cmake --install /home/theo/DuoArm/build/path_planning
[0.323s] Level 1:colcon.colcon_core.environment:checking '/home/theo/DuoArm/install/path_planning' for CMake config files
[0.323s] Level 1:colcon.colcon_core.shell:create_environment_hook('path_planning', 'cmake_prefix_path')
[0.323s] INFO:colcon.colcon_core.shell:Creating environment hook '/home/theo/DuoArm/install/path_planning/share/path_planning/hook/cmake_prefix_path.ps1'
[0.324s] INFO:colcon.colcon_core.shell:Creating environment descriptor '/home/theo/DuoArm/install/path_planning/share/path_planning/hook/cmake_prefix_path.dsv'
[0.324s] INFO:colcon.colcon_core.shell:Creating environment hook '/home/theo/DuoArm/install/path_planning/share/path_planning/hook/cmake_prefix_path.sh'
[0.324s] Level 1:colcon.colcon_core.environment:checking '/home/theo/DuoArm/install/path_planning/bin'
[0.324s] Level 1:colcon.colcon_core.environment:checking '/home/theo/DuoArm/install/path_planning/lib/pkgconfig/path_planning.pc'
[0.324s] Level 1:colcon.colcon_core.environment:checking '/home/theo/DuoArm/install/path_planning/lib/python3.10/site-packages'
[0.325s] Level 1:colcon.colcon_core.environment:checking '/home/theo/DuoArm/install/path_planning/bin'
[0.325s] INFO:colcon.colcon_core.shell:Creating package script '/home/theo/DuoArm/install/path_planning/share/path_planning/package.ps1'
[0.325s] INFO:colcon.colcon_core.shell:Creating package descriptor '/home/theo/DuoArm/install/path_planning/share/path_planning/package.dsv'
[0.325s] INFO:colcon.colcon_core.shell:Creating package script '/home/theo/DuoArm/install/path_planning/share/path_planning/package.sh'
[0.325s] INFO:colcon.colcon_core.shell:Creating package script '/home/theo/DuoArm/install/path_planning/share/path_planning/package.bash'
[0.326s] INFO:colcon.colcon_core.shell:Creating package script '/home/theo/DuoArm/install/path_planning/share/path_planning/package.zsh'
[0.326s] Level 1:colcon.colcon_core.environment:create_file_with_runtime_dependencies(/home/theo/DuoArm/install/path_planning/share/colcon-core/packages/path_planning)
[0.332s] Level 1:colcon.colcon_core.environment:create_environment_scripts_only(arm)
[0.332s] Level 1:colcon.colcon_core.environment:checking '/home/theo/DuoArm/install/arm' for CMake module files
[0.332s] Level 1:colcon.colcon_core.environment:checking '/home/theo/DuoArm/install/arm' for CMake config files
[0.332s] Level 1:colcon.colcon_core.shell:create_environment_hook('arm', 'cmake_prefix_path')
[0.333s] INFO:colcon.colcon_core.shell:Creating environment hook '/home/theo/DuoArm/install/arm/share/arm/hook/cmake_prefix_path.ps1'
[0.333s] INFO:colcon.colcon_core.shell:Creating environment descriptor '/home/theo/DuoArm/install/arm/share/arm/hook/cmake_prefix_path.dsv'
[0.333s] INFO:colcon.colcon_core.shell:Creating environment hook '/home/theo/DuoArm/install/arm/share/arm/hook/cmake_prefix_path.sh'
[0.333s] Level 1:colcon.colcon_core.environment:checking '/home/theo/DuoArm/install/arm/bin'
[0.333s] Level 1:colcon.colcon_core.environment:checking '/home/theo/DuoArm/install/arm/lib/pkgconfig/arm.pc'
[0.334s] Level 1:colcon.colcon_core.environment:checking '/home/theo/DuoArm/install/arm/lib/python3.10/site-packages'
[0.334s] Level 1:colcon.colcon_core.environment:checking '/home/theo/DuoArm/install/arm/bin'
[0.334s] INFO:colcon.colcon_core.shell:Creating package script '/home/theo/DuoArm/install/arm/share/arm/package.ps1'
[0.334s] INFO:colcon.colcon_core.shell:Creating package descriptor '/home/theo/DuoArm/install/arm/share/arm/package.dsv'
[0.334s] INFO:colcon.colcon_core.shell:Creating package script '/home/theo/DuoArm/install/arm/share/arm/package.sh'
[0.335s] INFO:colcon.colcon_core.shell:Creating package script '/home/theo/DuoArm/install/arm/share/arm/package.bash'
[0.335s] INFO:colcon.colcon_core.shell:Creating package script '/home/theo/DuoArm/install/arm/share/arm/package.zsh'
[0.335s] Level 1:colcon.colcon_core.environment:create_file_with_runtime_dependencies(/home/theo/DuoArm/install/arm/share/colcon-core/packages/arm)
[0.336s] Level 1:colcon.colcon_core.environment:create_environment_scripts_only(path_planning)
[0.336s] Level 1:colcon.colcon_core.environment:checking '/home/theo/DuoArm/install/path_planning' for CMake module files
[0.337s] Level 1:colcon.colcon_core.environment:checking '/home/theo/DuoArm/install/path_planning' for CMake config files
[0.337s] Level 1:colcon.colcon_core.shell:create_environment_hook('path_planning', 'cmake_prefix_path')
[0.337s] INFO:colcon.colcon_core.shell:Creating environment hook '/home/theo/DuoArm/install/path_planning/share/path_planning/hook/cmake_prefix_path.ps1'
[0.337s] INFO:colcon.colcon_core.shell:Creating environment descriptor '/home/theo/DuoArm/install/path_planning/share/path_planning/hook/cmake_prefix_path.dsv'
[0.337s] INFO:colcon.colcon_core.shell:Creating environment hook '/home/theo/DuoArm/install/path_planning/share/path_planning/hook/cmake_prefix_path.sh'
[0.338s] Level 1:colcon.colcon_core.environment:checking '/home/theo/DuoArm/install/path_planning/bin'
[0.338s] Level 1:colcon.colcon_core.environment:checking '/home/theo/DuoArm/install/path_planning/lib/pkgconfig/path_planning.pc'
[0.338s] Level 1:colcon.colcon_core.environment:checking '/home/theo/DuoArm/install/path_planning/lib/python3.10/site-packages'
[0.338s] Level 1:colcon.colcon_core.environment:checking '/home/theo/DuoArm/install/path_planning/bin'
[0.338s] INFO:colcon.colcon_core.shell:Creating package script '/home/theo/DuoArm/install/path_planning/share/path_planning/package.ps1'
[0.338s] INFO:colcon.colcon_core.shell:Creating package descriptor '/home/theo/DuoArm/install/path_planning/share/path_planning/package.dsv'
[0.338s] INFO:colcon.colcon_core.shell:Creating package script '/home/theo/DuoArm/install/path_planning/share/path_planning/package.sh'
[0.339s] INFO:colcon.colcon_core.shell:Creating package script '/home/theo/DuoArm/install/path_planning/share/path_planning/package.bash'
[0.339s] INFO:colcon.colcon_core.shell:Creating package script '/home/theo/DuoArm/install/path_planning/share/path_planning/package.zsh'
[0.339s] Level 1:colcon.colcon_core.environment:create_file_with_runtime_dependencies(/home/theo/DuoArm/install/path_planning/share/colcon-core/packages/path_planning)
[0.410s] DEBUG:colcon.colcon_core.event_handler.log_command:Invoked command in '/home/theo/DuoArm/build/command_center' returned '0': CMAKE_PREFIX_PATH=${CMAKE_PREFIX_PATH}:/opt/ros/humble /usr/bin/cmake --build /home/theo/DuoArm/build/command_center -- -j20 -l20
[0.420s] DEBUG:colcon.colcon_core.event_handler.log_command:Invoking command in '/home/theo/DuoArm/build/command_center': CMAKE_PREFIX_PATH=${CMAKE_PREFIX_PATH}:/opt/ros/humble /usr/bin/cmake --install /home/theo/DuoArm/build/command_center
[0.425s] DEBUG:colcon.colcon_core.event_handler.log_command:Invoked command in '/home/theo/DuoArm/build/command_center' returned '1': CMAKE_PREFIX_PATH=${CMAKE_PREFIX_PATH}:/opt/ros/humble /usr/bin/cmake --install /home/theo/DuoArm/build/command_center
[0.435s] Level 1:colcon.colcon_core.environment:create_environment_scripts_only(command_center)
[0.435s] Level 1:colcon.colcon_core.environment:checking '/home/theo/DuoArm/install/command_center' for CMake module files
[0.435s] Level 1:colcon.colcon_core.environment:checking '/home/theo/DuoArm/install/command_center' for CMake config files
[0.435s] Level 1:colcon.colcon_core.shell:create_environment_hook('command_center', 'cmake_prefix_path')
[0.436s] INFO:colcon.colcon_core.shell:Creating environment hook '/home/theo/DuoArm/install/command_center/share/command_center/hook/cmake_prefix_path.ps1'
[0.436s] INFO:colcon.colcon_core.shell:Creating environment descriptor '/home/theo/DuoArm/install/command_center/share/command_center/hook/cmake_prefix_path.dsv'
[0.436s] INFO:colcon.colcon_core.shell:Creating environment hook '/home/theo/DuoArm/install/command_center/share/command_center/hook/cmake_prefix_path.sh'
[0.436s] Level 1:colcon.colcon_core.environment:checking '/home/theo/DuoArm/install/command_center/bin'
[0.436s] Level 1:colcon.colcon_core.environment:checking '/home/theo/DuoArm/install/command_center/lib/pkgconfig/command_center.pc'
[0.437s] Level 1:colcon.colcon_core.environment:checking '/home/theo/DuoArm/install/command_center/lib/python3.10/site-packages'
[0.437s] Level 1:colcon.colcon_core.environment:checking '/home/theo/DuoArm/install/command_center/bin'
[0.437s] INFO:colcon.colcon_core.shell:Creating package script '/home/theo/DuoArm/install/command_center/share/command_center/package.ps1'
[0.437s] INFO:colcon.colcon_core.shell:Creating package descriptor '/home/theo/DuoArm/install/command_center/share/command_center/package.dsv'
[0.437s] INFO:colcon.colcon_core.shell:Creating package script '/home/theo/DuoArm/install/command_center/share/command_center/package.sh'
[0.438s] INFO:colcon.colcon_core.shell:Creating package script '/home/theo/DuoArm/install/command_center/share/command_center/package.bash'
[0.438s] INFO:colcon.colcon_core.shell:Creating package script '/home/theo/DuoArm/install/command_center/share/command_center/package.zsh'
[0.438s] Level 1:colcon.colcon_core.environment:create_file_with_runtime_dependencies(/home/theo/DuoArm/install/command_center/share/colcon-core/packages/command_center)
[0.448s] DEBUG:colcon.colcon_parallel_executor.executor.parallel:closing loop
[0.449s] DEBUG:colcon.colcon_parallel_executor.executor.parallel:loop closed
[0.449s] DEBUG:colcon.colcon_parallel_executor.executor.parallel:run_until_complete finished with '1'
[0.449s] DEBUG:colcon.colcon_core.event_reactor:joining thread
[0.477s] INFO:colcon.colcon_core.plugin_system:Skipping extension 'colcon_notification.desktop_notification.notify_send': Could not find 'notify-send'
[0.478s] INFO:colcon.colcon_core.plugin_system:Skipping extension 'colcon_notification.desktop_notification.terminal_notifier': Not used on non-Darwin systems
[0.478s] INFO:colcon.colcon_core.plugin_system:Skipping extension 'colcon_notification.desktop_notification.win32': Not used on non-Windows systems
[0.478s] INFO:colcon.colcon_notification.desktop_notification:Sending desktop notification using 'notify2'
[0.478s] DEBUG:colcon.colcon_notification.desktop_notification.notify2:Failed to initialize notify2: org.freedesktop.DBus.Error.FileNotFound: Failed to connect to socket /run/user/1000/bus: No such file or directory
[0.478s] DEBUG:colcon.colcon_core.event_reactor:joined thread
[0.478s] INFO:colcon.colcon_core.shell:Creating prefix script '/home/theo/DuoArm/install/local_setup.ps1'
[0.479s] INFO:colcon.colcon_core.shell:Creating prefix util module '/home/theo/DuoArm/install/_local_setup_util_ps1.py'
[0.479s] INFO:colcon.colcon_core.shell:Creating prefix chain script '/home/theo/DuoArm/install/setup.ps1'
[0.480s] INFO:colcon.colcon_core.shell:Creating prefix script '/home/theo/DuoArm/install/local_setup.sh'
[0.480s] INFO:colcon.colcon_core.shell:Creating prefix util module '/home/theo/DuoArm/install/_local_setup_util_sh.py'
[0.480s] INFO:colcon.colcon_core.shell:Creating prefix chain script '/home/theo/DuoArm/install/setup.sh'
[0.481s] INFO:colcon.colcon_core.shell:Creating prefix script '/home/theo/DuoArm/install/local_setup.bash'
[0.481s] INFO:colcon.colcon_core.shell:Creating prefix chain script '/home/theo/DuoArm/install/setup.bash'
[0.482s] INFO:colcon.colcon_core.shell:Creating prefix script '/home/theo/DuoArm/install/local_setup.zsh'
[0.482s] INFO:colcon.colcon_core.shell:Creating prefix chain script '/home/theo/DuoArm/install/setup.zsh'
