running egg_info
creating ../../build/launcher/launcher.egg-info
writing ../../build/launcher/launcher.egg-info/PKG-INFO
writing dependency_links to ../../build/launcher/launcher.egg-info/dependency_links.txt
writing entry points to ../../build/launcher/launcher.egg-info/entry_points.txt
writing requirements to ../../build/launcher/launcher.egg-info/requires.txt
writing top-level names to ../../build/launcher/launcher.egg-info/top_level.txt
writing manifest file '../../build/launcher/launcher.egg-info/SOURCES.txt'
reading manifest file '../../build/launcher/launcher.egg-info/SOURCES.txt'
adding license file 'LICENSE'
writing manifest file '../../build/launcher/launcher.egg-info/SOURCES.txt'
running build
running build_py
creating /home/theo/DuoArm/build/launcher/build
creating /home/theo/DuoArm/build/launcher/build/lib
creating /home/theo/DuoArm/build/launcher/build/lib/launcher
copying launcher/__init__.py -> /home/theo/DuoArm/build/launcher/build/lib/launcher
running install
running install_lib
creating /home/theo/DuoArm/install/launcher/lib/python3.10/site-packages/launcher
copying /home/theo/DuoArm/build/launcher/build/lib/launcher/__init__.py -> /home/theo/DuoArm/install/launcher/lib/python3.10/site-packages/launcher
byte-compiling /home/theo/DuoArm/install/launcher/lib/python3.10/site-packages/launcher/__init__.py to __init__.cpython-310.pyc
running install_data
creating /home/theo/DuoArm/install/launcher/share/ament_index
creating /home/theo/DuoArm/install/launcher/share/ament_index/resource_index
creating /home/theo/DuoArm/install/launcher/share/ament_index/resource_index/packages
copying resource/launcher -> /home/theo/DuoArm/install/launcher/share/ament_index/resource_index/packages
copying package.xml -> /home/theo/DuoArm/install/launcher/share/launcher
running install_egg_info
Copying ../../build/launcher/launcher.egg-info to /home/theo/DuoArm/install/launcher/lib/python3.10/site-packages/launcher-0.0.0-py3.10.egg-info
running install_scripts
writing list of installed files to '/home/theo/DuoArm/build/launcher/install.log'
