[0.872s] Invoking command in '/home/theo/DuoArm/src/launcher': PYTHONPATH=/home/theo/DuoArm/build/launcher/prefix_override:/home/theo/DuoArm/install/launcher/lib/python3.10/site-packages:${PYTHONPATH} /usr/bin/python3 -W ignore:setup.py install is deprecated setup.py egg_info --egg-base ../../build/launcher build --build-base /home/theo/DuoArm/build/launcher/build install --record /home/theo/DuoArm/build/launcher/install.log --single-version-externally-managed install_data
[0.994s] running egg_info
[0.995s] creating ../../build/launcher/launcher.egg-info
[0.995s] writing ../../build/launcher/launcher.egg-info/PKG-INFO
[0.995s] writing dependency_links to ../../build/launcher/launcher.egg-info/dependency_links.txt
[0.995s] writing entry points to ../../build/launcher/launcher.egg-info/entry_points.txt
[0.995s] writing requirements to ../../build/launcher/launcher.egg-info/requires.txt
[0.995s] writing top-level names to ../../build/launcher/launcher.egg-info/top_level.txt
[0.995s] writing manifest file '../../build/launcher/launcher.egg-info/SOURCES.txt'
[0.996s] reading manifest file '../../build/launcher/launcher.egg-info/SOURCES.txt'
[0.996s] adding license file 'LICENSE'
[0.996s] writing manifest file '../../build/launcher/launcher.egg-info/SOURCES.txt'
[0.996s] running build
[0.996s] running build_py
[0.997s] creating /home/theo/DuoArm/build/launcher/build
[0.997s] creating /home/theo/DuoArm/build/launcher/build/lib
[0.997s] creating /home/theo/DuoArm/build/launcher/build/lib/launcher
[0.997s] copying launcher/__init__.py -> /home/theo/DuoArm/build/launcher/build/lib/launcher
[0.997s] running install
[0.997s] running install_lib
[0.997s] creating /home/theo/DuoArm/install/launcher/lib/python3.10/site-packages/launcher
[0.997s] copying /home/theo/DuoArm/build/launcher/build/lib/launcher/__init__.py -> /home/theo/DuoArm/install/launcher/lib/python3.10/site-packages/launcher
[0.998s] byte-compiling /home/theo/DuoArm/install/launcher/lib/python3.10/site-packages/launcher/__init__.py to __init__.cpython-310.pyc
[0.998s] running install_data
[0.998s] creating /home/theo/DuoArm/install/launcher/share/ament_index
[0.998s] creating /home/theo/DuoArm/install/launcher/share/ament_index/resource_index
[0.998s] creating /home/theo/DuoArm/install/launcher/share/ament_index/resource_index/packages
[0.998s] copying resource/launcher -> /home/theo/DuoArm/install/launcher/share/ament_index/resource_index/packages
[0.998s] copying package.xml -> /home/theo/DuoArm/install/launcher/share/launcher
[0.998s] running install_egg_info
[0.999s] Copying ../../build/launcher/launcher.egg-info to /home/theo/DuoArm/install/launcher/lib/python3.10/site-packages/launcher-0.0.0-py3.10.egg-info
[1.000s] running install_scripts
[1.013s] writing list of installed files to '/home/theo/DuoArm/build/launcher/install.log'
[1.050s] Invoked command in '/home/theo/DuoArm/src/launcher' returned '0': PYTHONPATH=/home/theo/DuoArm/build/launcher/prefix_override:/home/theo/DuoArm/install/launcher/lib/python3.10/site-packages:${PYTHONPATH} /usr/bin/python3 -W ignore:setup.py install is deprecated setup.py egg_info --egg-base ../../build/launcher build --build-base /home/theo/DuoArm/build/launcher/build install --record /home/theo/DuoArm/build/launcher/install.log --single-version-externally-managed install_data
