-- Install configuration: ""
-- Installing: /home/theo/DuoArm/install/command_center/share/command_center/command_center
-- Installing: /home/theo/DuoArm/install/command_center/share/command_center/command_center/__init__.py
-- Installing: /home/theo/DuoArm/install/command_center/share/command_center/command_center/command_window.py
-- Installing: /home/theo/DuoArm/install/command_center/share/command_center/command_center/command_executor.py
-- Installing: /home/theo/DuoArm/install/command_center/lib/command_center/command_window.py
-- Installing: /home/theo/DuoArm/install/command_center/lib/command_center/command_executor.py
-- Up-to-date: /home/theo/DuoArm/install/command_center/share/ament_index/resource_index/package_run_dependencies/command_center
-- Installing: /home/theo/DuoArm/install/command_center/share/ament_index/resource_index/parent_prefix_path/command_center
-- Up-to-date: /home/theo/DuoArm/install/command_center/share/command_center/environment/ament_prefix_path.sh
-- Installing: /home/theo/DuoArm/install/command_center/share/command_center/environment/ament_prefix_path.dsv
-- Up-to-date: /home/theo/DuoArm/install/command_center/share/command_center/environment/path.sh
-- Installing: /home/theo/DuoArm/install/command_center/share/command_center/environment/path.dsv
-- Up-to-date: /home/theo/DuoArm/install/command_center/share/command_center/local_setup.bash
-- Up-to-date: /home/theo/DuoArm/install/command_center/share/command_center/local_setup.sh
-- Up-to-date: /home/theo/DuoArm/install/command_center/share/command_center/local_setup.zsh
-- Installing: /home/theo/DuoArm/install/command_center/share/command_center/local_setup.dsv
-- Up-to-date: /home/theo/DuoArm/install/command_center/share/command_center/package.dsv
-- Up-to-date: /home/theo/DuoArm/install/command_center/share/ament_index/resource_index/packages/command_center
-- Up-to-date: /home/theo/DuoArm/install/command_center/share/command_center/cmake/command_centerConfig.cmake
-- Up-to-date: /home/theo/DuoArm/install/command_center/share/command_center/cmake/command_centerConfig-version.cmake
-- Up-to-date: /home/theo/DuoArm/install/command_center/share/command_center/package.xml
