[0.014s] Invoking command in '/home/theo/DuoArm/build/command_center': CMAKE_PREFIX_PATH=${CMAKE_PREFIX_PATH}:/opt/ros/humble /usr/bin/cmake --build /home/theo/DuoArm/build/command_center -- -j20 -l20
[0.033s] Invoked command in '/home/theo/DuoArm/build/command_center' returned '0': CMAKE_PREFIX_PATH=${CMAKE_PREFIX_PATH}:/opt/ros/humble /usr/bin/cmake --build /home/theo/DuoArm/build/command_center -- -j20 -l20
[0.045s] Invoking command in '/home/theo/DuoArm/build/command_center': CMAKE_PREFIX_PATH=${CMAKE_PREFIX_PATH}:/opt/ros/humble /usr/bin/cmake --install /home/theo/DuoArm/build/command_center
[0.052s] -- Install configuration: ""
[0.053s] -- Installing: /home/theo/DuoArm/install/command_center/share/command_center/command_center
[0.053s] -- Installing: /home/theo/DuoArm/install/command_center/share/command_center/command_center/__init__.py
[0.053s] -- Installing: /home/theo/DuoArm/install/command_center/share/command_center/command_center/command_window.py
[0.053s] -- Installing: /home/theo/DuoArm/install/command_center/share/command_center/command_center/command_executor.py
[0.053s] -- Installing: /home/theo/DuoArm/install/command_center/lib/command_center/command_window.py
[0.054s] -- Installing: /home/theo/DuoArm/install/command_center/lib/command_center/command_executor.py
[0.054s] -- Up-to-date: /home/theo/DuoArm/install/command_center/share/ament_index/resource_index/package_run_dependencies/command_center
[0.054s] -- Installing: /home/theo/DuoArm/install/command_center/share/ament_index/resource_index/parent_prefix_path/command_center
[0.054s] -- Up-to-date: /home/theo/DuoArm/install/command_center/share/command_center/environment/ament_prefix_path.sh
[0.054s] -- Installing: /home/theo/DuoArm/install/command_center/share/command_center/environment/ament_prefix_path.dsv
[0.054s] -- Up-to-date: /home/theo/DuoArm/install/command_center/share/command_center/environment/path.sh
[0.054s] -- Installing: /home/theo/DuoArm/install/command_center/share/command_center/environment/path.dsv
[0.055s] -- Up-to-date: /home/theo/DuoArm/install/command_center/share/command_center/local_setup.bash
[0.055s] -- Up-to-date: /home/theo/DuoArm/install/command_center/share/command_center/local_setup.sh
[0.055s] -- Up-to-date: /home/theo/DuoArm/install/command_center/share/command_center/local_setup.zsh
[0.055s] -- Installing: /home/theo/DuoArm/install/command_center/share/command_center/local_setup.dsv
[0.055s] -- Up-to-date: /home/theo/DuoArm/install/command_center/share/command_center/package.dsv
[0.055s] -- Up-to-date: /home/theo/DuoArm/install/command_center/share/ament_index/resource_index/packages/command_center
[0.055s] -- Up-to-date: /home/theo/DuoArm/install/command_center/share/command_center/cmake/command_centerConfig.cmake
[0.056s] -- Up-to-date: /home/theo/DuoArm/install/command_center/share/command_center/cmake/command_centerConfig-version.cmake
[0.056s] -- Up-to-date: /home/theo/DuoArm/install/command_center/share/command_center/package.xml
[0.063s] Invoked command in '/home/theo/DuoArm/build/command_center' returned '0': CMAKE_PREFIX_PATH=${CMAKE_PREFIX_PATH}:/opt/ros/humble /usr/bin/cmake --install /home/theo/DuoArm/build/command_center
