[0.639s] Invoking command in '/home/theo/DuoArm/src/path_planning': PYTHONPATH=/home/theo/DuoArm/build/path_planning/prefix_override:/home/theo/DuoArm/install/path_planning/lib/python3.10/site-packages:${PYTHONPATH} /usr/bin/python3 -W ignore:setup.py install is deprecated setup.py egg_info --egg-base ../../build/path_planning build --build-base /home/theo/DuoArm/build/path_planning/build install --record /home/theo/DuoArm/build/path_planning/install.log --single-version-externally-managed install_data
[0.761s] running egg_info
[0.763s] writing ../../build/path_planning/path_planning.egg-info/PKG-INFO
[0.763s] writing dependency_links to ../../build/path_planning/path_planning.egg-info/dependency_links.txt
[0.763s] writing entry points to ../../build/path_planning/path_planning.egg-info/entry_points.txt
[0.763s] writing requirements to ../../build/path_planning/path_planning.egg-info/requires.txt
[0.763s] writing top-level names to ../../build/path_planning/path_planning.egg-info/top_level.txt
[0.763s] reading manifest file '../../build/path_planning/path_planning.egg-info/SOURCES.txt'
[0.764s] adding license file 'LICENSE'
[0.764s] writing manifest file '../../build/path_planning/path_planning.egg-info/SOURCES.txt'
[0.764s] running build
[0.764s] running build_py
[0.764s] running install
[0.764s] running install_lib
[0.765s] running install_data
[0.765s] running install_egg_info
[0.766s] removing '/home/theo/DuoArm/install/path_planning/lib/python3.10/site-packages/path_planning-0.0.0-py3.10.egg-info' (and everything under it)
[0.767s] Copying ../../build/path_planning/path_planning.egg-info to /home/theo/DuoArm/install/path_planning/lib/python3.10/site-packages/path_planning-0.0.0-py3.10.egg-info
[0.767s] running install_scripts
[0.779s] Installing auto_mapper script to /home/theo/DuoArm/install/path_planning/lib/path_planning
[0.780s] writing list of installed files to '/home/theo/DuoArm/build/path_planning/install.log'
[0.808s] Invoked command in '/home/theo/DuoArm/src/path_planning' returned '0': PYTHONPATH=/home/theo/DuoArm/build/path_planning/prefix_override:/home/theo/DuoArm/install/path_planning/lib/python3.10/site-packages:${PYTHONPATH} /usr/bin/python3 -W ignore:setup.py install is deprecated setup.py egg_info --egg-base ../../build/path_planning build --build-base /home/theo/DuoArm/build/path_planning/build install --record /home/theo/DuoArm/build/path_planning/install.log --single-version-externally-managed install_data
