[6.074s] Invoking command in '/home/theomagnor/DuoArm/src/path_planning': PYTHONPATH=/home/theomagnor/DuoArm/build/path_planning/prefix_override:/home/theomagnor/DuoArm/install/path_planning/lib/python3.10/site-packages:${PYTHONPATH} /usr/bin/python3 -W ignore:setup.py install is deprecated setup.py egg_info --egg-base ../../build/path_planning build --build-base /home/theomagnor/DuoArm/build/path_planning/build install --record /home/theomagnor/DuoArm/build/path_planning/install.log --single-version-externally-managed install_data
[7.562s] running egg_info
[7.565s] writing ../../build/path_planning/path_planning.egg-info/PKG-INFO
[7.568s] writing dependency_links to ../../build/path_planning/path_planning.egg-info/dependency_links.txt
[7.570s] writing entry points to ../../build/path_planning/path_planning.egg-info/entry_points.txt
[7.570s] writing requirements to ../../build/path_planning/path_planning.egg-info/requires.txt
[7.572s] writing top-level names to ../../build/path_planning/path_planning.egg-info/top_level.txt
[7.582s] reading manifest file '../../build/path_planning/path_planning.egg-info/SOURCES.txt'
[7.582s] adding license file 'LICENSE'
[7.585s] writing manifest file '../../build/path_planning/path_planning.egg-info/SOURCES.txt'
[7.586s] running build
[7.587s] running build_py
[7.589s] copying path_planning/path_planner.py -> /home/theomagnor/DuoArm/build/path_planning/build/lib/path_planning
[7.590s] running install
[7.591s] running install_lib
[7.600s] copying /home/theomagnor/DuoArm/build/path_planning/build/lib/path_planning/path_planner.py -> /home/theomagnor/DuoArm/install/path_planning/lib/python3.10/site-packages/path_planning
[7.601s] byte-compiling /home/theomagnor/DuoArm/install/path_planning/lib/python3.10/site-packages/path_planning/path_planner.py to path_planner.cpython-310.pyc
[7.606s] running install_data
[7.607s] running install_egg_info
[7.618s] removing '/home/theomagnor/DuoArm/install/path_planning/lib/python3.10/site-packages/path_planning-0.0.0-py3.10.egg-info' (and everything under it)
[7.621s] Copying ../../build/path_planning/path_planning.egg-info to /home/theomagnor/DuoArm/install/path_planning/lib/python3.10/site-packages/path_planning-0.0.0-py3.10.egg-info
[7.626s] running install_scripts
[7.737s] Installing auto_mapper script to /home/theomagnor/DuoArm/install/path_planning/lib/path_planning
[7.742s] Installing path_planner script to /home/theomagnor/DuoArm/install/path_planning/lib/path_planning
[7.758s] writing list of installed files to '/home/theomagnor/DuoArm/build/path_planning/install.log'
[8.177s] Invoked command in '/home/theomagnor/DuoArm/src/path_planning' returned '0': PYTHONPATH=/home/theomagnor/DuoArm/build/path_planning/prefix_override:/home/theomagnor/DuoArm/install/path_planning/lib/python3.10/site-packages:${PYTHONPATH} /usr/bin/python3 -W ignore:setup.py install is deprecated setup.py egg_info --egg-base ../../build/path_planning build --build-base /home/theomagnor/DuoArm/build/path_planning/build install --record /home/theomagnor/DuoArm/build/path_planning/install.log --single-version-externally-managed install_data
