[0.346s] Invoking command in '/home/theo/DuoArm/src/command_center': PYTHONPATH=/home/theo/DuoArm/build/command_center/prefix_override:/home/theo/DuoArm/install/command_center/lib/python3.10/site-packages:${PYTHONPATH} /usr/bin/python3 -W ignore:setup.py install is deprecated setup.py egg_info --egg-base ../../build/command_center build --build-base /home/theo/DuoArm/build/command_center/build install --record /home/theo/DuoArm/build/command_center/install.log --single-version-externally-managed install_data
[0.477s] running egg_info
[0.478s] writing ../../build/command_center/command_center.egg-info/PKG-INFO
[0.478s] writing dependency_links to ../../build/command_center/command_center.egg-info/dependency_links.txt
[0.478s] writing entry points to ../../build/command_center/command_center.egg-info/entry_points.txt
[0.478s] writing requirements to ../../build/command_center/command_center.egg-info/requires.txt
[0.479s] writing top-level names to ../../build/command_center/command_center.egg-info/top_level.txt
[0.480s] reading manifest file '../../build/command_center/command_center.egg-info/SOURCES.txt'
[0.480s] adding license file 'LICENSE'
[0.481s] writing manifest file '../../build/command_center/command_center.egg-info/SOURCES.txt'
[0.481s] running build
[0.481s] running build_py
[0.481s] copying command_center/command_window.py -> /home/theo/DuoArm/build/command_center/build/lib/command_center
[0.481s] copying command_center/command_executor.py -> /home/theo/DuoArm/build/command_center/build/lib/command_center
[0.481s] running install
[0.481s] running install_lib
[0.482s] copying /home/theo/DuoArm/build/command_center/build/lib/command_center/command_window.py -> /home/theo/DuoArm/install/command_center/lib/python3.10/site-packages/command_center
[0.482s] copying /home/theo/DuoArm/build/command_center/build/lib/command_center/command_executor.py -> /home/theo/DuoArm/install/command_center/lib/python3.10/site-packages/command_center
[0.482s] byte-compiling /home/theo/DuoArm/install/command_center/lib/python3.10/site-packages/command_center/command_window.py to command_window.cpython-310.pyc
[0.482s] byte-compiling /home/theo/DuoArm/install/command_center/lib/python3.10/site-packages/command_center/command_executor.py to command_executor.cpython-310.pyc
[0.483s] running install_data
[0.483s] running install_egg_info
[0.484s] removing '/home/theo/DuoArm/install/command_center/lib/python3.10/site-packages/command_center-0.0.0-py3.10.egg-info' (and everything under it)
[0.484s] Copying ../../build/command_center/command_center.egg-info to /home/theo/DuoArm/install/command_center/lib/python3.10/site-packages/command_center-0.0.0-py3.10.egg-info
[0.485s] running install_scripts
[0.498s] Installing command_executor script to /home/theo/DuoArm/install/command_center/lib/command_center
[0.498s] Installing command_window script to /home/theo/DuoArm/install/command_center/lib/command_center
[0.499s] writing list of installed files to '/home/theo/DuoArm/build/command_center/install.log'
[0.515s] Invoked command in '/home/theo/DuoArm/src/command_center' returned '0': PYTHONPATH=/home/theo/DuoArm/build/command_center/prefix_override:/home/theo/DuoArm/install/command_center/lib/python3.10/site-packages:${PYTHONPATH} /usr/bin/python3 -W ignore:setup.py install is deprecated setup.py egg_info --egg-base ../../build/command_center build --build-base /home/theo/DuoArm/build/command_center/build install --record /home/theo/DuoArm/build/command_center/install.log --single-version-externally-managed install_data
