[5.215s] Invoking command in '/home/theomagnor/DuoArm/src/arm': PYTHONPATH=/home/theomagnor/DuoArm/build/arm/prefix_override:/home/theomagnor/DuoArm/install/arm/lib/python3.10/site-packages: /usr/bin/python3 -W ignore:setup.py install is deprecated setup.py egg_info --egg-base ../../build/arm build --build-base /home/theomagnor/DuoArm/build/arm/build install --record /home/theomagnor/DuoArm/build/arm/install.log --single-version-externally-managed install_data
[6.322s] running egg_info
[6.327s] writing ../../build/arm/arm.egg-info/PKG-INFO
[6.331s] writing dependency_links to ../../build/arm/arm.egg-info/dependency_links.txt
[6.333s] writing entry points to ../../build/arm/arm.egg-info/entry_points.txt
[6.334s] writing requirements to ../../build/arm/arm.egg-info/requires.txt
[6.335s] writing top-level names to ../../build/arm/arm.egg-info/top_level.txt
[6.347s] reading manifest file '../../build/arm/arm.egg-info/SOURCES.txt'
[6.350s] adding license file 'LICENSE'
[6.354s] writing manifest file '../../build/arm/arm.egg-info/SOURCES.txt'
[6.354s] running build
[6.355s] running build_py
[6.355s] running install
[6.362s] running install_lib
[6.365s] running install_data
[6.366s] running install_egg_info
[6.373s] removing '/home/theomagnor/DuoArm/install/arm/lib/python3.10/site-packages/arm-0.0.0-py3.10.egg-info' (and everything under it)
[6.374s] Copying ../../build/arm/arm.egg-info to /home/theomagnor/DuoArm/install/arm/lib/python3.10/site-packages/arm-0.0.0-py3.10.egg-info
[6.392s] running install_scripts
[6.486s] writing list of installed files to '/home/theomagnor/DuoArm/build/arm/install.log'
[6.694s] Invoked command in '/home/theomagnor/DuoArm/src/arm' returned '0': PYTHONPATH=/home/theomagnor/DuoArm/build/arm/prefix_override:/home/theomagnor/DuoArm/install/arm/lib/python3.10/site-packages: /usr/bin/python3 -W ignore:setup.py install is deprecated setup.py egg_info --egg-base ../../build/arm build --build-base /home/theomagnor/DuoArm/build/arm/build install --record /home/theomagnor/DuoArm/build/arm/install.log --single-version-externally-managed install_data
