[6.097s] Invoking command in '/home/theomagnor/DuoArm/src/controll_center': PYTHONPATH=/home/theomagnor/DuoArm/build/controll_center/prefix_override:/home/theomagnor/DuoArm/install/controll_center/lib/python3.10/site-packages:${PYTHONPATH} /usr/bin/python3 -W ignore:setup.py install is deprecated setup.py egg_info --egg-base ../../build/controll_center build --build-base /home/theomagnor/DuoArm/build/controll_center/build install --record /home/theomagnor/DuoArm/build/controll_center/install.log --single-version-externally-managed install_data
[7.621s] running egg_info
[7.635s] writing ../../build/controll_center/controll_center.egg-info/PKG-INFO
[7.640s] writing dependency_links to ../../build/controll_center/controll_center.egg-info/dependency_links.txt
[7.644s] writing entry points to ../../build/controll_center/controll_center.egg-info/entry_points.txt
[7.647s] writing requirements to ../../build/controll_center/controll_center.egg-info/requires.txt
[7.651s] writing top-level names to ../../build/controll_center/controll_center.egg-info/top_level.txt
[7.654s] reading manifest file '../../build/controll_center/controll_center.egg-info/SOURCES.txt'
[7.657s] adding license file 'LICENSE'
[7.660s] writing manifest file '../../build/controll_center/controll_center.egg-info/SOURCES.txt'
[7.663s] running build
[7.666s] running build_py
[7.669s] running install
[7.682s] running install_lib
[7.683s] running install_data
[7.684s] running install_egg_info
[7.690s] removing '/home/theomagnor/DuoArm/install/controll_center/lib/python3.10/site-packages/controll_center-0.0.0-py3.10.egg-info' (and everything under it)
[7.690s] Copying ../../build/controll_center/controll_center.egg-info to /home/theomagnor/DuoArm/install/controll_center/lib/python3.10/site-packages/controll_center-0.0.0-py3.10.egg-info
[7.691s] running install_scripts
[7.824s] Installing command_executor script to /home/theomagnor/DuoArm/install/controll_center/lib/controll_center
[7.829s] Installing command_window script to /home/theomagnor/DuoArm/install/controll_center/lib/controll_center
[7.836s] writing list of installed files to '/home/theomagnor/DuoArm/build/controll_center/install.log'
[8.147s] Invoked command in '/home/theomagnor/DuoArm/src/controll_center' returned '0': PYTHONPATH=/home/theomagnor/DuoArm/build/controll_center/prefix_override:/home/theomagnor/DuoArm/install/controll_center/lib/python3.10/site-packages:${PYTHONPATH} /usr/bin/python3 -W ignore:setup.py install is deprecated setup.py egg_info --egg-base ../../build/controll_center build --build-base /home/theomagnor/DuoArm/build/controll_center/build install --record /home/theomagnor/DuoArm/build/controll_center/install.log --single-version-externally-managed install_data
