[0.469s] DEBUG:colcon:Command line arguments: ['/usr/bin/colcon', 'build']
[0.469s] DEBUG:colcon:Parsed command line arguments: Namespace(log_base=None, log_level=None, verb_name='build', build_base='build', install_base='install', merge_install=False, symlink_install=False, test_result_base=None, continue_on_error=False, executor='parallel', parallel_workers=4, event_handlers=None, ignore_user_meta=False, metas=['./colcon.meta'], base_paths=['.'], packages_ignore=None, packages_ignore_regex=None, paths=None, packages_up_to=None, packages_up_to_regex=None, packages_above=None, packages_above_and_dependencies=None, packages_above_depth=None, packages_select_by_dep=None, packages_skip_by_dep=None, packages_skip_up_to=None, packages_select_build_failed=False, packages_skip_build_finished=False, packages_select_test_failures=False, packages_skip_test_passed=False, packages_select=None, packages_skip=None, packages_select_regex=None, packages_skip_regex=None, packages_start=None, packages_end=None, allow_overriding=[], cmake_args=None, cmake_target=None, cmake_target_skip_unavailable=False, cmake_clean_cache=False, cmake_clean_first=False, cmake_force_configure=False, ament_cmake_args=None, catkin_cmake_args=None, catkin_skip_building_tests=False, verb_parser=<colcon_defaults.argument_parser.defaults.DefaultArgumentsDecorator object at 0xffff94394730>, verb_extension=<colcon_core.verb.build.BuildVerb object at 0xffff94394250>, main=<bound method BuildVerb.main of <colcon_core.verb.build.BuildVerb object at 0xffff94394250>>)
[1.307s] Level 1:colcon.colcon_core.package_discovery:discover_packages(colcon_meta) check parameters
[1.307s] Level 1:colcon.colcon_core.package_discovery:discover_packages(recursive) check parameters
[1.307s] Level 1:colcon.colcon_core.package_discovery:discover_packages(ignore) check parameters
[1.307s] Level 1:colcon.colcon_core.package_discovery:discover_packages(path) check parameters
[1.308s] Level 1:colcon.colcon_core.package_discovery:discover_packages(colcon_meta) discover
[1.308s] Level 1:colcon.colcon_core.package_discovery:discover_packages(recursive) discover
[1.308s] INFO:colcon.colcon_core.package_discovery:Crawling recursively for packages in '/home/theomagnor/DuoArm'
[1.308s] Level 1:colcon.colcon_core.package_identification:_identify(.) by extensions ['ignore', 'ignore_ament_install']
[1.309s] Level 1:colcon.colcon_core.package_identification:_identify(.) by extension 'ignore'
[1.309s] Level 1:colcon.colcon_core.package_identification:_identify(.) by extension 'ignore_ament_install'
[1.309s] Level 1:colcon.colcon_core.package_identification:_identify(.) by extensions ['colcon_pkg']
[1.310s] Level 1:colcon.colcon_core.package_identification:_identify(.) by extension 'colcon_pkg'
[1.310s] Level 1:colcon.colcon_core.package_identification:_identify(.) by extensions ['colcon_meta']
[1.310s] Level 1:colcon.colcon_core.package_identification:_identify(.) by extension 'colcon_meta'
[1.310s] Level 1:colcon.colcon_core.package_identification:_identify(.) by extensions ['ros']
[1.310s] Level 1:colcon.colcon_core.package_identification:_identify(.) by extension 'ros'
[1.356s] Level 1:colcon.colcon_core.package_identification:_identify(.) by extensions ['cmake', 'python']
[1.356s] Level 1:colcon.colcon_core.package_identification:_identify(.) by extension 'cmake'
[1.356s] Level 1:colcon.colcon_core.package_identification:_identify(.) by extension 'python'
[1.357s] Level 1:colcon.colcon_core.package_identification:_identify(.) by extensions ['python_setup_py']
[1.357s] Level 1:colcon.colcon_core.package_identification:_identify(.) by extension 'python_setup_py'
[1.357s] Level 1:colcon.colcon_core.package_identification:_identify(build) by extensions ['ignore', 'ignore_ament_install']
[1.358s] Level 1:colcon.colcon_core.package_identification:_identify(build) by extension 'ignore'
[1.358s] Level 1:colcon.colcon_core.package_identification:_identify(build) ignored
[1.359s] Level 1:colcon.colcon_core.package_identification:_identify(install) by extensions ['ignore', 'ignore_ament_install']
[1.359s] Level 1:colcon.colcon_core.package_identification:_identify(install) by extension 'ignore'
[1.359s] Level 1:colcon.colcon_core.package_identification:_identify(install) ignored
[1.361s] Level 1:colcon.colcon_core.package_identification:_identify(log) by extensions ['ignore', 'ignore_ament_install']
[1.361s] Level 1:colcon.colcon_core.package_identification:_identify(log) by extension 'ignore'
[1.362s] Level 1:colcon.colcon_core.package_identification:_identify(log) ignored
[1.362s] Level 1:colcon.colcon_core.package_identification:_identify(src) by extensions ['ignore', 'ignore_ament_install']
[1.362s] Level 1:colcon.colcon_core.package_identification:_identify(src) by extension 'ignore'
[1.363s] Level 1:colcon.colcon_core.package_identification:_identify(src) by extension 'ignore_ament_install'
[1.363s] Level 1:colcon.colcon_core.package_identification:_identify(src) by extensions ['colcon_pkg']
[1.363s] Level 1:colcon.colcon_core.package_identification:_identify(src) by extension 'colcon_pkg'
[1.363s] Level 1:colcon.colcon_core.package_identification:_identify(src) by extensions ['colcon_meta']
[1.363s] Level 1:colcon.colcon_core.package_identification:_identify(src) by extension 'colcon_meta'
[1.364s] Level 1:colcon.colcon_core.package_identification:_identify(src) by extensions ['ros']
[1.364s] Level 1:colcon.colcon_core.package_identification:_identify(src) by extension 'ros'
[1.364s] Level 1:colcon.colcon_core.package_identification:_identify(src) by extensions ['cmake', 'python']
[1.364s] Level 1:colcon.colcon_core.package_identification:_identify(src) by extension 'cmake'
[1.364s] Level 1:colcon.colcon_core.package_identification:_identify(src) by extension 'python'
[1.364s] Level 1:colcon.colcon_core.package_identification:_identify(src) by extensions ['python_setup_py']
[1.365s] Level 1:colcon.colcon_core.package_identification:_identify(src) by extension 'python_setup_py'
[1.365s] Level 1:colcon.colcon_core.package_identification:_identify(src/arm) by extensions ['ignore', 'ignore_ament_install']
[1.365s] Level 1:colcon.colcon_core.package_identification:_identify(src/arm) by extension 'ignore'
[1.366s] Level 1:colcon.colcon_core.package_identification:_identify(src/arm) by extension 'ignore_ament_install'
[1.366s] Level 1:colcon.colcon_core.package_identification:_identify(src/arm) by extensions ['colcon_pkg']
[1.366s] Level 1:colcon.colcon_core.package_identification:_identify(src/arm) by extension 'colcon_pkg'
[1.366s] Level 1:colcon.colcon_core.package_identification:_identify(src/arm) by extensions ['colcon_meta']
[1.366s] Level 1:colcon.colcon_core.package_identification:_identify(src/arm) by extension 'colcon_meta'
[1.367s] Level 1:colcon.colcon_core.package_identification:_identify(src/arm) by extensions ['ros']
[1.367s] Level 1:colcon.colcon_core.package_identification:_identify(src/arm) by extension 'ros'
[1.375s] DEBUG:colcon.colcon_core.package_identification:Package 'src/arm' with type 'ros.ament_python' and name 'arm'
[1.376s] Level 1:colcon.colcon_core.package_identification:_identify(src/controll_center) by extensions ['ignore', 'ignore_ament_install']
[1.376s] Level 1:colcon.colcon_core.package_identification:_identify(src/controll_center) by extension 'ignore'
[1.376s] Level 1:colcon.colcon_core.package_identification:_identify(src/controll_center) by extension 'ignore_ament_install'
[1.377s] Level 1:colcon.colcon_core.package_identification:_identify(src/controll_center) by extensions ['colcon_pkg']
[1.377s] Level 1:colcon.colcon_core.package_identification:_identify(src/controll_center) by extension 'colcon_pkg'
[1.377s] Level 1:colcon.colcon_core.package_identification:_identify(src/controll_center) by extensions ['colcon_meta']
[1.377s] Level 1:colcon.colcon_core.package_identification:_identify(src/controll_center) by extension 'colcon_meta'
[1.377s] Level 1:colcon.colcon_core.package_identification:_identify(src/controll_center) by extensions ['ros']
[1.377s] Level 1:colcon.colcon_core.package_identification:_identify(src/controll_center) by extension 'ros'
[1.379s] DEBUG:colcon.colcon_core.package_identification:Package 'src/controll_center' with type 'ros.ament_python' and name 'controll_center'
[1.380s] Level 1:colcon.colcon_core.package_identification:_identify(src/path_planning) by extensions ['ignore', 'ignore_ament_install']
[1.380s] Level 1:colcon.colcon_core.package_identification:_identify(src/path_planning) by extension 'ignore'
[1.381s] Level 1:colcon.colcon_core.package_identification:_identify(src/path_planning) by extension 'ignore_ament_install'
[1.381s] Level 1:colcon.colcon_core.package_identification:_identify(src/path_planning) by extensions ['colcon_pkg']
[1.381s] Level 1:colcon.colcon_core.package_identification:_identify(src/path_planning) by extension 'colcon_pkg'
[1.381s] Level 1:colcon.colcon_core.package_identification:_identify(src/path_planning) by extensions ['colcon_meta']
[1.381s] Level 1:colcon.colcon_core.package_identification:_identify(src/path_planning) by extension 'colcon_meta'
[1.382s] Level 1:colcon.colcon_core.package_identification:_identify(src/path_planning) by extensions ['ros']
[1.382s] Level 1:colcon.colcon_core.package_identification:_identify(src/path_planning) by extension 'ros'
[1.384s] DEBUG:colcon.colcon_core.package_identification:Package 'src/path_planning' with type 'ros.ament_python' and name 'path_planning'
[1.384s] Level 1:colcon.colcon_core.package_discovery:discover_packages(recursive) using defaults
[1.384s] Level 1:colcon.colcon_core.package_discovery:discover_packages(ignore) discover
[1.384s] Level 1:colcon.colcon_core.package_discovery:discover_packages(ignore) using defaults
[1.384s] Level 1:colcon.colcon_core.package_discovery:discover_packages(path) discover
[1.385s] Level 1:colcon.colcon_core.package_discovery:discover_packages(path) using defaults
[1.461s] Level 1:colcon.colcon_core.package_discovery:discover_packages(prefix_path) check parameters
[1.462s] Level 1:colcon.colcon_core.package_discovery:discover_packages(prefix_path) discover
[1.470s] DEBUG:colcon.colcon_installed_package_information.package_discovery:Found 4 installed packages in /home/theomagnor/DuoArm/install
[1.479s] DEBUG:colcon.colcon_installed_package_information.package_discovery:Found 270 installed packages in /opt/ros/humble
[1.525s] Level 1:colcon.colcon_core.package_discovery:discover_packages(prefix_path) using defaults
[1.688s] Level 5:colcon.colcon_core.verb:set package 'arm' build argument 'cmake_args' from command line to 'None'
[1.688s] Level 5:colcon.colcon_core.verb:set package 'arm' build argument 'cmake_target' from command line to 'None'
[1.688s] Level 5:colcon.colcon_core.verb:set package 'arm' build argument 'cmake_target_skip_unavailable' from command line to 'False'
[1.688s] Level 5:colcon.colcon_core.verb:set package 'arm' build argument 'cmake_clean_cache' from command line to 'False'
[1.689s] Level 5:colcon.colcon_core.verb:set package 'arm' build argument 'cmake_clean_first' from command line to 'False'
[1.689s] Level 5:colcon.colcon_core.verb:set package 'arm' build argument 'cmake_force_configure' from command line to 'False'
[1.689s] Level 5:colcon.colcon_core.verb:set package 'arm' build argument 'ament_cmake_args' from command line to 'None'
[1.689s] Level 5:colcon.colcon_core.verb:set package 'arm' build argument 'catkin_cmake_args' from command line to 'None'
[1.689s] Level 5:colcon.colcon_core.verb:set package 'arm' build argument 'catkin_skip_building_tests' from command line to 'False'
[1.689s] DEBUG:colcon.colcon_core.verb:Building package 'arm' with the following arguments: {'ament_cmake_args': None, 'build_base': '/home/theomagnor/DuoArm/build/arm', 'catkin_cmake_args': None, 'catkin_skip_building_tests': False, 'cmake_args': None, 'cmake_clean_cache': False, 'cmake_clean_first': False, 'cmake_force_configure': False, 'cmake_target': None, 'cmake_target_skip_unavailable': False, 'install_base': '/home/theomagnor/DuoArm/install/arm', 'merge_install': False, 'path': '/home/theomagnor/DuoArm/src/arm', 'symlink_install': False, 'test_result_base': None}
[1.691s] Level 5:colcon.colcon_core.verb:set package 'controll_center' build argument 'cmake_args' from command line to 'None'
[1.691s] Level 5:colcon.colcon_core.verb:set package 'controll_center' build argument 'cmake_target' from command line to 'None'
[1.691s] Level 5:colcon.colcon_core.verb:set package 'controll_center' build argument 'cmake_target_skip_unavailable' from command line to 'False'
[1.691s] Level 5:colcon.colcon_core.verb:set package 'controll_center' build argument 'cmake_clean_cache' from command line to 'False'
[1.691s] Level 5:colcon.colcon_core.verb:set package 'controll_center' build argument 'cmake_clean_first' from command line to 'False'
[1.691s] Level 5:colcon.colcon_core.verb:set package 'controll_center' build argument 'cmake_force_configure' from command line to 'False'
[1.691s] Level 5:colcon.colcon_core.verb:set package 'controll_center' build argument 'ament_cmake_args' from command line to 'None'
[1.692s] Level 5:colcon.colcon_core.verb:set package 'controll_center' build argument 'catkin_cmake_args' from command line to 'None'
[1.692s] Level 5:colcon.colcon_core.verb:set package 'controll_center' build argument 'catkin_skip_building_tests' from command line to 'False'
[1.692s] DEBUG:colcon.colcon_core.verb:Building package 'controll_center' with the following arguments: {'ament_cmake_args': None, 'build_base': '/home/theomagnor/DuoArm/build/controll_center', 'catkin_cmake_args': None, 'catkin_skip_building_tests': False, 'cmake_args': None, 'cmake_clean_cache': False, 'cmake_clean_first': False, 'cmake_force_configure': False, 'cmake_target': None, 'cmake_target_skip_unavailable': False, 'install_base': '/home/theomagnor/DuoArm/install/controll_center', 'merge_install': False, 'path': '/home/theomagnor/DuoArm/src/controll_center', 'symlink_install': False, 'test_result_base': None}
[1.693s] Level 5:colcon.colcon_core.verb:set package 'path_planning' build argument 'cmake_args' from command line to 'None'
[1.693s] Level 5:colcon.colcon_core.verb:set package 'path_planning' build argument 'cmake_target' from command line to 'None'
[1.694s] Level 5:colcon.colcon_core.verb:set package 'path_planning' build argument 'cmake_target_skip_unavailable' from command line to 'False'
[1.694s] Level 5:colcon.colcon_core.verb:set package 'path_planning' build argument 'cmake_clean_cache' from command line to 'False'
[1.694s] Level 5:colcon.colcon_core.verb:set package 'path_planning' build argument 'cmake_clean_first' from command line to 'False'
[1.694s] Level 5:colcon.colcon_core.verb:set package 'path_planning' build argument 'cmake_force_configure' from command line to 'False'
[1.694s] Level 5:colcon.colcon_core.verb:set package 'path_planning' build argument 'ament_cmake_args' from command line to 'None'
[1.694s] Level 5:colcon.colcon_core.verb:set package 'path_planning' build argument 'catkin_cmake_args' from command line to 'None'
[1.694s] Level 5:colcon.colcon_core.verb:set package 'path_planning' build argument 'catkin_skip_building_tests' from command line to 'False'
[1.694s] DEBUG:colcon.colcon_core.verb:Building package 'path_planning' with the following arguments: {'ament_cmake_args': None, 'build_base': '/home/theomagnor/DuoArm/build/path_planning', 'catkin_cmake_args': None, 'catkin_skip_building_tests': False, 'cmake_args': None, 'cmake_clean_cache': False, 'cmake_clean_first': False, 'cmake_force_configure': False, 'cmake_target': None, 'cmake_target_skip_unavailable': False, 'install_base': '/home/theomagnor/DuoArm/install/path_planning', 'merge_install': False, 'path': '/home/theomagnor/DuoArm/src/path_planning', 'symlink_install': False, 'test_result_base': None}
[1.695s] INFO:colcon.colcon_core.executor:Executing jobs using 'parallel' executor
[1.698s] DEBUG:colcon.colcon_parallel_executor.executor.parallel:run_until_complete
[1.699s] INFO:colcon.colcon_ros.task.ament_python.build:Building ROS package in '/home/theomagnor/DuoArm/src/arm' with build type 'ament_python'
[1.700s] Level 1:colcon.colcon_core.shell:create_environment_hook('arm', 'ament_prefix_path')
[1.710s] INFO:colcon.colcon_core.plugin_system:Skipping extension 'colcon_core.shell.bat': Not used on non-Windows systems
[1.711s] INFO:colcon.colcon_core.shell:Creating environment hook '/home/theomagnor/DuoArm/install/arm/share/arm/hook/ament_prefix_path.ps1'
[1.714s] INFO:colcon.colcon_core.shell:Creating environment descriptor '/home/theomagnor/DuoArm/install/arm/share/arm/hook/ament_prefix_path.dsv'
[1.716s] INFO:colcon.colcon_core.shell:Creating environment hook '/home/theomagnor/DuoArm/install/arm/share/arm/hook/ament_prefix_path.sh'
[1.719s] INFO:colcon.colcon_core.shell:Skip shell extension 'powershell' for command environment: Not usable outside of PowerShell
[1.720s] DEBUG:colcon.colcon_core.shell:Skip shell extension 'dsv' for command environment
[1.739s] INFO:colcon.colcon_ros.task.ament_python.build:Building ROS package in '/home/theomagnor/DuoArm/src/controll_center' with build type 'ament_python'
[1.739s] Level 1:colcon.colcon_core.shell:create_environment_hook('controll_center', 'ament_prefix_path')
[1.740s] INFO:colcon.colcon_core.shell:Creating environment hook '/home/theomagnor/DuoArm/install/controll_center/share/controll_center/hook/ament_prefix_path.ps1'
[1.743s] INFO:colcon.colcon_core.shell:Creating environment descriptor '/home/theomagnor/DuoArm/install/controll_center/share/controll_center/hook/ament_prefix_path.dsv'
[1.745s] INFO:colcon.colcon_core.shell:Creating environment hook '/home/theomagnor/DuoArm/install/controll_center/share/controll_center/hook/ament_prefix_path.sh'
[1.748s] INFO:colcon.colcon_core.shell:Skip shell extension 'powershell' for command environment: Not usable outside of PowerShell
[1.749s] DEBUG:colcon.colcon_core.shell:Skip shell extension 'dsv' for command environment
[1.768s] INFO:colcon.colcon_ros.task.ament_python.build:Building ROS package in '/home/theomagnor/DuoArm/src/path_planning' with build type 'ament_python'
[1.768s] Level 1:colcon.colcon_core.shell:create_environment_hook('path_planning', 'ament_prefix_path')
[1.770s] INFO:colcon.colcon_core.shell:Creating environment hook '/home/theomagnor/DuoArm/install/path_planning/share/path_planning/hook/ament_prefix_path.ps1'
[1.772s] INFO:colcon.colcon_core.shell:Creating environment descriptor '/home/theomagnor/DuoArm/install/path_planning/share/path_planning/hook/ament_prefix_path.dsv'
[1.774s] INFO:colcon.colcon_core.shell:Creating environment hook '/home/theomagnor/DuoArm/install/path_planning/share/path_planning/hook/ament_prefix_path.sh'
[1.778s] INFO:colcon.colcon_core.shell:Skip shell extension 'powershell' for command environment: Not usable outside of PowerShell
[1.779s] DEBUG:colcon.colcon_core.shell:Skip shell extension 'dsv' for command environment
[3.018s] INFO:colcon.colcon_core.task.python.build:Building Python package in '/home/theomagnor/DuoArm/src/arm'
[3.019s] INFO:colcon.colcon_core.shell:Skip shell extension 'powershell' for command environment: Not usable outside of PowerShell
[3.019s] DEBUG:colcon.colcon_core.shell:Skip shell extension 'dsv' for command environment
[4.230s] INFO:colcon.colcon_core.task.python.build:Building Python package in '/home/theomagnor/DuoArm/src/controll_center'
[4.231s] INFO:colcon.colcon_core.shell:Skip shell extension 'powershell' for command environment: Not usable outside of PowerShell
[4.231s] DEBUG:colcon.colcon_core.shell:Skip shell extension 'dsv' for command environment
[5.457s] INFO:colcon.colcon_core.task.python.build:Building Python package in '/home/theomagnor/DuoArm/src/path_planning'
[5.458s] INFO:colcon.colcon_core.shell:Skip shell extension 'powershell' for command environment: Not usable outside of PowerShell
[5.459s] DEBUG:colcon.colcon_core.shell:Skip shell extension 'dsv' for command environment
[7.787s] DEBUG:colcon.colcon_core.event_handler.log_command:Invoking command in '/home/theomagnor/DuoArm/src/path_planning': PYTHONPATH=/home/theomagnor/DuoArm/build/path_planning/prefix_override:/home/theomagnor/DuoArm/install/path_planning/lib/python3.10/site-packages:${PYTHONPATH} /usr/bin/python3 -W ignore:setup.py install is deprecated setup.py egg_info --egg-base ../../build/path_planning build --build-base /home/theomagnor/DuoArm/build/path_planning/build install --record /home/theomagnor/DuoArm/build/path_planning/install.log --single-version-externally-managed install_data
[7.813s] DEBUG:colcon.colcon_core.event_handler.log_command:Invoking command in '/home/theomagnor/DuoArm/src/controll_center': PYTHONPATH=/home/theomagnor/DuoArm/build/controll_center/prefix_override:/home/theomagnor/DuoArm/install/controll_center/lib/python3.10/site-packages:${PYTHONPATH} /usr/bin/python3 -W ignore:setup.py install is deprecated setup.py egg_info --egg-base ../../build/controll_center build --build-base /home/theomagnor/DuoArm/build/controll_center/build install --record /home/theomagnor/DuoArm/build/controll_center/install.log --single-version-externally-managed install_data
[7.900s] DEBUG:colcon.colcon_core.event_handler.log_command:Invoking command in '/home/theomagnor/DuoArm/src/arm': PYTHONPATH=/home/theomagnor/DuoArm/build/arm/prefix_override:/home/theomagnor/DuoArm/install/arm/lib/python3.10/site-packages:${PYTHONPATH} /usr/bin/python3 -W ignore:setup.py install is deprecated setup.py egg_info --egg-base ../../build/arm build --build-base /home/theomagnor/DuoArm/build/arm/build install --record /home/theomagnor/DuoArm/build/arm/install.log --single-version-externally-managed install_data
[9.637s] DEBUG:colcon.colcon_core.event_handler.log_command:Invoked command in '/home/theomagnor/DuoArm/src/path_planning' returned '0': PYTHONPATH=/home/theomagnor/DuoArm/build/path_planning/prefix_override:/home/theomagnor/DuoArm/install/path_planning/lib/python3.10/site-packages:${PYTHONPATH} /usr/bin/python3 -W ignore:setup.py install is deprecated setup.py egg_info --egg-base ../../build/path_planning build --build-base /home/theomagnor/DuoArm/build/path_planning/build install --record /home/theomagnor/DuoArm/build/path_planning/install.log --single-version-externally-managed install_data
[9.673s] Level 1:colcon.colcon_core.environment:checking '/home/theomagnor/DuoArm/install/path_planning' for CMake module files
[9.679s] Level 1:colcon.colcon_core.environment:checking '/home/theomagnor/DuoArm/install/path_planning' for CMake config files
[9.696s] Level 1:colcon.colcon_core.shell:create_environment_hook('path_planning', 'cmake_prefix_path')
[9.701s] INFO:colcon.colcon_core.shell:Creating environment hook '/home/theomagnor/DuoArm/install/path_planning/share/path_planning/hook/cmake_prefix_path.ps1'
[9.715s] INFO:colcon.colcon_core.shell:Creating environment descriptor '/home/theomagnor/DuoArm/install/path_planning/share/path_planning/hook/cmake_prefix_path.dsv'
[9.724s] INFO:colcon.colcon_core.shell:Creating environment hook '/home/theomagnor/DuoArm/install/path_planning/share/path_planning/hook/cmake_prefix_path.sh'
[9.737s] Level 1:colcon.colcon_core.environment:checking '/home/theomagnor/DuoArm/install/path_planning/lib'
[9.740s] Level 1:colcon.colcon_core.environment:checking '/home/theomagnor/DuoArm/install/path_planning/bin'
[9.743s] Level 1:colcon.colcon_core.environment:checking '/home/theomagnor/DuoArm/install/path_planning/lib/pkgconfig/path_planning.pc'
[9.747s] Level 1:colcon.colcon_core.environment:checking '/home/theomagnor/DuoArm/install/path_planning/lib/python3.10/site-packages'
[9.749s] Level 1:colcon.colcon_core.shell:create_environment_hook('path_planning', 'pythonpath')
[9.753s] INFO:colcon.colcon_core.shell:Creating environment hook '/home/theomagnor/DuoArm/install/path_planning/share/path_planning/hook/pythonpath.ps1'
[9.778s] INFO:colcon.colcon_core.shell:Creating environment descriptor '/home/theomagnor/DuoArm/install/path_planning/share/path_planning/hook/pythonpath.dsv'
[9.786s] INFO:colcon.colcon_core.shell:Creating environment hook '/home/theomagnor/DuoArm/install/path_planning/share/path_planning/hook/pythonpath.sh'
[9.795s] Level 1:colcon.colcon_core.environment:checking '/home/theomagnor/DuoArm/install/path_planning/bin'
[9.797s] Level 1:colcon.colcon_core.environment:create_environment_scripts_only(path_planning)
[9.801s] INFO:colcon.colcon_core.shell:Creating package script '/home/theomagnor/DuoArm/install/path_planning/share/path_planning/package.ps1'
[9.812s] INFO:colcon.colcon_core.shell:Creating package descriptor '/home/theomagnor/DuoArm/install/path_planning/share/path_planning/package.dsv'
[9.822s] INFO:colcon.colcon_core.shell:Creating package script '/home/theomagnor/DuoArm/install/path_planning/share/path_planning/package.sh'
[9.830s] INFO:colcon.colcon_core.shell:Creating package script '/home/theomagnor/DuoArm/install/path_planning/share/path_planning/package.bash'
[9.839s] INFO:colcon.colcon_core.shell:Creating package script '/home/theomagnor/DuoArm/install/path_planning/share/path_planning/package.zsh'
[9.848s] Level 1:colcon.colcon_core.environment:create_file_with_runtime_dependencies(/home/theomagnor/DuoArm/install/path_planning/share/colcon-core/packages/path_planning)
[9.885s] Level 1:colcon.colcon_core.environment:checking '/home/theomagnor/DuoArm/install/arm' for CMake module files
[9.887s] DEBUG:colcon.colcon_core.event_handler.log_command:Invoked command in '/home/theomagnor/DuoArm/src/arm' returned '0': PYTHONPATH=/home/theomagnor/DuoArm/build/arm/prefix_override:/home/theomagnor/DuoArm/install/arm/lib/python3.10/site-packages:${PYTHONPATH} /usr/bin/python3 -W ignore:setup.py install is deprecated setup.py egg_info --egg-base ../../build/arm build --build-base /home/theomagnor/DuoArm/build/arm/build install --record /home/theomagnor/DuoArm/build/arm/install.log --single-version-externally-managed install_data
[9.893s] Level 1:colcon.colcon_core.environment:checking '/home/theomagnor/DuoArm/install/arm' for CMake config files
[9.897s] Level 1:colcon.colcon_core.shell:create_environment_hook('arm', 'cmake_prefix_path')
[9.899s] INFO:colcon.colcon_core.shell:Creating environment hook '/home/theomagnor/DuoArm/install/arm/share/arm/hook/cmake_prefix_path.ps1'
[9.904s] INFO:colcon.colcon_core.shell:Creating environment descriptor '/home/theomagnor/DuoArm/install/arm/share/arm/hook/cmake_prefix_path.dsv'
[9.907s] INFO:colcon.colcon_core.shell:Creating environment hook '/home/theomagnor/DuoArm/install/arm/share/arm/hook/cmake_prefix_path.sh'
[9.911s] Level 1:colcon.colcon_core.environment:checking '/home/theomagnor/DuoArm/install/arm/lib'
[9.912s] Level 1:colcon.colcon_core.environment:checking '/home/theomagnor/DuoArm/install/arm/bin'
[9.913s] Level 1:colcon.colcon_core.environment:checking '/home/theomagnor/DuoArm/install/arm/lib/pkgconfig/arm.pc'
[9.914s] Level 1:colcon.colcon_core.environment:checking '/home/theomagnor/DuoArm/install/arm/lib/python3.10/site-packages'
[9.915s] Level 1:colcon.colcon_core.shell:create_environment_hook('arm', 'pythonpath')
[9.916s] INFO:colcon.colcon_core.shell:Creating environment hook '/home/theomagnor/DuoArm/install/arm/share/arm/hook/pythonpath.ps1'
[9.918s] INFO:colcon.colcon_core.shell:Creating environment descriptor '/home/theomagnor/DuoArm/install/arm/share/arm/hook/pythonpath.dsv'
[9.920s] INFO:colcon.colcon_core.shell:Creating environment hook '/home/theomagnor/DuoArm/install/arm/share/arm/hook/pythonpath.sh'
[9.922s] Level 1:colcon.colcon_core.environment:checking '/home/theomagnor/DuoArm/install/arm/bin'
[9.923s] Level 1:colcon.colcon_core.environment:create_environment_scripts_only(arm)
[9.924s] INFO:colcon.colcon_core.shell:Creating package script '/home/theomagnor/DuoArm/install/arm/share/arm/package.ps1'
[9.926s] INFO:colcon.colcon_core.shell:Creating package descriptor '/home/theomagnor/DuoArm/install/arm/share/arm/package.dsv'
[9.929s] INFO:colcon.colcon_core.shell:Creating package script '/home/theomagnor/DuoArm/install/arm/share/arm/package.sh'
[9.931s] INFO:colcon.colcon_core.shell:Creating package script '/home/theomagnor/DuoArm/install/arm/share/arm/package.bash'
[9.933s] INFO:colcon.colcon_core.shell:Creating package script '/home/theomagnor/DuoArm/install/arm/share/arm/package.zsh'
[9.934s] Level 1:colcon.colcon_core.environment:create_file_with_runtime_dependencies(/home/theomagnor/DuoArm/install/arm/share/colcon-core/packages/arm)
[9.939s] Level 1:colcon.colcon_core.environment:checking '/home/theomagnor/DuoArm/install/controll_center' for CMake module files
[9.943s] DEBUG:colcon.colcon_core.event_handler.log_command:Invoked command in '/home/theomagnor/DuoArm/src/controll_center' returned '0': PYTHONPATH=/home/theomagnor/DuoArm/build/controll_center/prefix_override:/home/theomagnor/DuoArm/install/controll_center/lib/python3.10/site-packages:${PYTHONPATH} /usr/bin/python3 -W ignore:setup.py install is deprecated setup.py egg_info --egg-base ../../build/controll_center build --build-base /home/theomagnor/DuoArm/build/controll_center/build install --record /home/theomagnor/DuoArm/build/controll_center/install.log --single-version-externally-managed install_data
[9.945s] Level 1:colcon.colcon_core.environment:checking '/home/theomagnor/DuoArm/install/controll_center' for CMake config files
[9.950s] Level 1:colcon.colcon_core.environment:checking '/home/theomagnor/DuoArm/install/controll_center/lib'
[9.951s] Level 1:colcon.colcon_core.environment:checking '/home/theomagnor/DuoArm/install/controll_center/bin'
[9.951s] Level 1:colcon.colcon_core.environment:checking '/home/theomagnor/DuoArm/install/controll_center/lib/pkgconfig/controll_center.pc'
[9.952s] Level 1:colcon.colcon_core.environment:checking '/home/theomagnor/DuoArm/install/controll_center/lib/python3.10/site-packages'
[9.952s] Level 1:colcon.colcon_core.shell:create_environment_hook('controll_center', 'pythonpath')
[9.954s] INFO:colcon.colcon_core.shell:Creating environment hook '/home/theomagnor/DuoArm/install/controll_center/share/controll_center/hook/pythonpath.ps1'
[9.955s] INFO:colcon.colcon_core.shell:Creating environment descriptor '/home/theomagnor/DuoArm/install/controll_center/share/controll_center/hook/pythonpath.dsv'
[9.957s] INFO:colcon.colcon_core.shell:Creating environment hook '/home/theomagnor/DuoArm/install/controll_center/share/controll_center/hook/pythonpath.sh'
[9.960s] Level 1:colcon.colcon_core.environment:checking '/home/theomagnor/DuoArm/install/controll_center/bin'
[9.961s] Level 1:colcon.colcon_core.environment:create_environment_scripts_only(controll_center)
[9.962s] INFO:colcon.colcon_core.shell:Creating package script '/home/theomagnor/DuoArm/install/controll_center/share/controll_center/package.ps1'
[9.964s] INFO:colcon.colcon_core.shell:Creating package descriptor '/home/theomagnor/DuoArm/install/controll_center/share/controll_center/package.dsv'
[9.967s] INFO:colcon.colcon_core.shell:Creating package script '/home/theomagnor/DuoArm/install/controll_center/share/controll_center/package.sh'
[9.969s] INFO:colcon.colcon_core.shell:Creating package script '/home/theomagnor/DuoArm/install/controll_center/share/controll_center/package.bash'
[9.970s] INFO:colcon.colcon_core.shell:Creating package script '/home/theomagnor/DuoArm/install/controll_center/share/controll_center/package.zsh'
[9.972s] Level 1:colcon.colcon_core.environment:create_file_with_runtime_dependencies(/home/theomagnor/DuoArm/install/controll_center/share/colcon-core/packages/controll_center)
[9.973s] DEBUG:colcon.colcon_parallel_executor.executor.parallel:closing loop
[9.974s] DEBUG:colcon.colcon_parallel_executor.executor.parallel:loop closed
[9.975s] DEBUG:colcon.colcon_parallel_executor.executor.parallel:run_until_complete finished with '0'
[9.975s] DEBUG:colcon.colcon_core.event_reactor:joining thread
[9.998s] INFO:colcon.colcon_core.plugin_system:Skipping extension 'colcon_notification.desktop_notification.terminal_notifier': Not used on non-Darwin systems
[9.998s] INFO:colcon.colcon_core.plugin_system:Skipping extension 'colcon_notification.desktop_notification.win32': Not used on non-Windows systems
[9.999s] INFO:colcon.colcon_notification.desktop_notification:Sending desktop notification using 'notify2'
[10.048s] DEBUG:colcon.colcon_core.event_reactor:joined thread
[10.049s] INFO:colcon.colcon_core.shell:Creating prefix script '/home/theomagnor/DuoArm/install/local_setup.ps1'
[10.053s] INFO:colcon.colcon_core.shell:Creating prefix util module '/home/theomagnor/DuoArm/install/_local_setup_util_ps1.py'
[10.060s] INFO:colcon.colcon_core.shell:Creating prefix chain script '/home/theomagnor/DuoArm/install/setup.ps1'
[10.065s] INFO:colcon.colcon_core.shell:Creating prefix script '/home/theomagnor/DuoArm/install/local_setup.sh'
[10.068s] INFO:colcon.colcon_core.shell:Creating prefix util module '/home/theomagnor/DuoArm/install/_local_setup_util_sh.py'
[10.070s] INFO:colcon.colcon_core.shell:Creating prefix chain script '/home/theomagnor/DuoArm/install/setup.sh'
[10.075s] INFO:colcon.colcon_core.shell:Creating prefix script '/home/theomagnor/DuoArm/install/local_setup.bash'
[10.077s] INFO:colcon.colcon_core.shell:Creating prefix chain script '/home/theomagnor/DuoArm/install/setup.bash'
[10.082s] INFO:colcon.colcon_core.shell:Creating prefix script '/home/theomagnor/DuoArm/install/local_setup.zsh'
[10.084s] INFO:colcon.colcon_core.shell:Creating prefix chain script '/home/theomagnor/DuoArm/install/setup.zsh'
