[0.353s] DEBUG:colcon:Command line arguments: ['/usr/bin/colcon', 'build']
[0.353s] DEBUG:colcon:Parsed command line arguments: Namespace(log_base=None, log_level=None, verb_name='build', build_base='build', install_base='install', merge_install=False, symlink_install=False, test_result_base=None, continue_on_error=False, executor='parallel', parallel_workers=20, event_handlers=None, ignore_user_meta=False, metas=['./colcon.meta'], base_paths=['.'], packages_ignore=None, packages_ignore_regex=None, paths=None, packages_up_to=None, packages_up_to_regex=None, packages_above=None, packages_above_and_dependencies=None, packages_above_depth=None, packages_select_by_dep=None, packages_skip_by_dep=None, packages_skip_up_to=None, packages_select_build_failed=False, packages_skip_build_finished=False, packages_select_test_failures=False, packages_skip_test_passed=False, packages_select=None, packages_skip=None, packages_select_regex=None, packages_skip_regex=None, packages_start=None, packages_end=None, allow_overriding=[], cmake_args=None, cmake_target=None, cmake_target_skip_unavailable=False, cmake_clean_cache=False, cmake_clean_first=False, cmake_force_configure=False, ament_cmake_args=None, catkin_cmake_args=None, catkin_skip_building_tests=False, mixin_files=None, mixin=None, verb_parser=<colcon_mixin.mixin.mixin_argument.MixinArgumentDecorator object at 0x7f25a5ce8a00>, verb_extension=<colcon_core.verb.build.BuildVerb object at 0x7f25a5e623e0>, main=<bound method BuildVerb.main of <colcon_core.verb.build.BuildVerb object at 0x7f25a5e623e0>>, mixin_verb=('build',))
[0.439s] Level 1:colcon.colcon_core.package_discovery:discover_packages(colcon_meta) check parameters
[0.439s] Level 1:colcon.colcon_core.package_discovery:discover_packages(recursive) check parameters
[0.439s] Level 1:colcon.colcon_core.package_discovery:discover_packages(ignore) check parameters
[0.439s] Level 1:colcon.colcon_core.package_discovery:discover_packages(path) check parameters
[0.439s] Level 1:colcon.colcon_core.package_discovery:discover_packages(colcon_meta) discover
[0.439s] Level 1:colcon.colcon_core.package_discovery:discover_packages(recursive) discover
[0.439s] INFO:colcon.colcon_core.package_discovery:Crawling recursively for packages in '/home/theo/DuoArm'
[0.439s] Level 1:colcon.colcon_core.package_identification:_identify(.) by extensions ['ignore', 'ignore_ament_install']
[0.440s] Level 1:colcon.colcon_core.package_identification:_identify(.) by extension 'ignore'
[0.440s] Level 1:colcon.colcon_core.package_identification:_identify(.) by extension 'ignore_ament_install'
[0.440s] Level 1:colcon.colcon_core.package_identification:_identify(.) by extensions ['colcon_pkg']
[0.440s] Level 1:colcon.colcon_core.package_identification:_identify(.) by extension 'colcon_pkg'
[0.440s] Level 1:colcon.colcon_core.package_identification:_identify(.) by extensions ['colcon_meta']
[0.440s] Level 1:colcon.colcon_core.package_identification:_identify(.) by extension 'colcon_meta'
[0.440s] Level 1:colcon.colcon_core.package_identification:_identify(.) by extensions ['ros']
[0.440s] Level 1:colcon.colcon_core.package_identification:_identify(.) by extension 'ros'
[0.466s] Level 1:colcon.colcon_core.package_identification:_identify(.) by extensions ['cmake', 'python']
[0.466s] Level 1:colcon.colcon_core.package_identification:_identify(.) by extension 'cmake'
[0.466s] Level 1:colcon.colcon_core.package_identification:_identify(.) by extension 'python'
[0.466s] Level 1:colcon.colcon_core.package_identification:_identify(.) by extensions ['python_setup_py']
[0.467s] Level 1:colcon.colcon_core.package_identification:_identify(.) by extension 'python_setup_py'
[0.467s] Level 1:colcon.colcon_core.package_identification:_identify(build) by extensions ['ignore', 'ignore_ament_install']
[0.467s] Level 1:colcon.colcon_core.package_identification:_identify(build) by extension 'ignore'
[0.467s] Level 1:colcon.colcon_core.package_identification:_identify(build) ignored
[0.467s] Level 1:colcon.colcon_core.package_identification:_identify(install) by extensions ['ignore', 'ignore_ament_install']
[0.467s] Level 1:colcon.colcon_core.package_identification:_identify(install) by extension 'ignore'
[0.467s] Level 1:colcon.colcon_core.package_identification:_identify(install) ignored
[0.467s] Level 1:colcon.colcon_core.package_identification:_identify(log) by extensions ['ignore', 'ignore_ament_install']
[0.467s] Level 1:colcon.colcon_core.package_identification:_identify(log) by extension 'ignore'
[0.467s] Level 1:colcon.colcon_core.package_identification:_identify(log) ignored
[0.468s] Level 1:colcon.colcon_core.package_identification:_identify(src) by extensions ['ignore', 'ignore_ament_install']
[0.468s] Level 1:colcon.colcon_core.package_identification:_identify(src) by extension 'ignore'
[0.468s] Level 1:colcon.colcon_core.package_identification:_identify(src) by extension 'ignore_ament_install'
[0.468s] Level 1:colcon.colcon_core.package_identification:_identify(src) by extensions ['colcon_pkg']
[0.468s] Level 1:colcon.colcon_core.package_identification:_identify(src) by extension 'colcon_pkg'
[0.468s] Level 1:colcon.colcon_core.package_identification:_identify(src) by extensions ['colcon_meta']
[0.468s] Level 1:colcon.colcon_core.package_identification:_identify(src) by extension 'colcon_meta'
[0.468s] Level 1:colcon.colcon_core.package_identification:_identify(src) by extensions ['ros']
[0.468s] Level 1:colcon.colcon_core.package_identification:_identify(src) by extension 'ros'
[0.468s] Level 1:colcon.colcon_core.package_identification:_identify(src) by extensions ['cmake', 'python']
[0.468s] Level 1:colcon.colcon_core.package_identification:_identify(src) by extension 'cmake'
[0.468s] Level 1:colcon.colcon_core.package_identification:_identify(src) by extension 'python'
[0.468s] Level 1:colcon.colcon_core.package_identification:_identify(src) by extensions ['python_setup_py']
[0.468s] Level 1:colcon.colcon_core.package_identification:_identify(src) by extension 'python_setup_py'
[0.468s] Level 1:colcon.colcon_core.package_identification:_identify(src/arm) by extensions ['ignore', 'ignore_ament_install']
[0.468s] Level 1:colcon.colcon_core.package_identification:_identify(src/arm) by extension 'ignore'
[0.468s] Level 1:colcon.colcon_core.package_identification:_identify(src/arm) by extension 'ignore_ament_install'
[0.468s] Level 1:colcon.colcon_core.package_identification:_identify(src/arm) by extensions ['colcon_pkg']
[0.468s] Level 1:colcon.colcon_core.package_identification:_identify(src/arm) by extension 'colcon_pkg'
[0.469s] Level 1:colcon.colcon_core.package_identification:_identify(src/arm) by extensions ['colcon_meta']
[0.470s] Level 1:colcon.colcon_core.package_identification:_identify(src/arm) by extension 'colcon_meta'
[0.470s] Level 1:colcon.colcon_core.package_identification:_identify(src/arm) by extensions ['ros']
[0.470s] Level 1:colcon.colcon_core.package_identification:_identify(src/arm) by extension 'ros'
[0.473s] DEBUG:colcon.colcon_core.package_identification:Package 'src/arm' with type 'ros.ament_python' and name 'arm'
[0.474s] Level 1:colcon.colcon_core.package_identification:_identify(src/controll_center) by extensions ['ignore', 'ignore_ament_install']
[0.474s] Level 1:colcon.colcon_core.package_identification:_identify(src/controll_center) by extension 'ignore'
[0.474s] Level 1:colcon.colcon_core.package_identification:_identify(src/controll_center) by extension 'ignore_ament_install'
[0.474s] Level 1:colcon.colcon_core.package_identification:_identify(src/controll_center) by extensions ['colcon_pkg']
[0.474s] Level 1:colcon.colcon_core.package_identification:_identify(src/controll_center) by extension 'colcon_pkg'
[0.474s] Level 1:colcon.colcon_core.package_identification:_identify(src/controll_center) by extensions ['colcon_meta']
[0.474s] Level 1:colcon.colcon_core.package_identification:_identify(src/controll_center) by extension 'colcon_meta'
[0.474s] Level 1:colcon.colcon_core.package_identification:_identify(src/controll_center) by extensions ['ros']
[0.474s] Level 1:colcon.colcon_core.package_identification:_identify(src/controll_center) by extension 'ros'
[0.475s] DEBUG:colcon.colcon_core.package_identification:Package 'src/controll_center' with type 'ros.ament_python' and name 'controll_center'
[0.475s] Level 1:colcon.colcon_core.package_identification:_identify(src/path_planning) by extensions ['ignore', 'ignore_ament_install']
[0.475s] Level 1:colcon.colcon_core.package_identification:_identify(src/path_planning) by extension 'ignore'
[0.475s] Level 1:colcon.colcon_core.package_identification:_identify(src/path_planning) by extension 'ignore_ament_install'
[0.475s] Level 1:colcon.colcon_core.package_identification:_identify(src/path_planning) by extensions ['colcon_pkg']
[0.475s] Level 1:colcon.colcon_core.package_identification:_identify(src/path_planning) by extension 'colcon_pkg'
[0.475s] Level 1:colcon.colcon_core.package_identification:_identify(src/path_planning) by extensions ['colcon_meta']
[0.475s] Level 1:colcon.colcon_core.package_identification:_identify(src/path_planning) by extension 'colcon_meta'
[0.475s] Level 1:colcon.colcon_core.package_identification:_identify(src/path_planning) by extensions ['ros']
[0.475s] Level 1:colcon.colcon_core.package_identification:_identify(src/path_planning) by extension 'ros'
[0.475s] DEBUG:colcon.colcon_core.package_identification:Package 'src/path_planning' with type 'ros.ament_python' and name 'path_planning'
[0.475s] Level 1:colcon.colcon_core.package_discovery:discover_packages(recursive) using defaults
[0.476s] Level 1:colcon.colcon_core.package_discovery:discover_packages(ignore) discover
[0.476s] Level 1:colcon.colcon_core.package_discovery:discover_packages(ignore) using defaults
[0.476s] Level 1:colcon.colcon_core.package_discovery:discover_packages(path) discover
[0.476s] Level 1:colcon.colcon_core.package_discovery:discover_packages(path) using defaults
[0.492s] Level 1:colcon.colcon_core.package_discovery:discover_packages(prefix_path) check parameters
[0.492s] Level 1:colcon.colcon_core.package_discovery:discover_packages(prefix_path) discover
[0.492s] Level 1:colcon.colcon_core.package_discovery:discover_packages(prefix_path) using defaults
[0.493s] Level 5:colcon.colcon_core.verb:set package 'arm' build argument 'cmake_args' from command line to 'None'
[0.493s] Level 5:colcon.colcon_core.verb:set package 'arm' build argument 'cmake_target' from command line to 'None'
[0.493s] Level 5:colcon.colcon_core.verb:set package 'arm' build argument 'cmake_target_skip_unavailable' from command line to 'False'
[0.493s] Level 5:colcon.colcon_core.verb:set package 'arm' build argument 'cmake_clean_cache' from command line to 'False'
[0.493s] Level 5:colcon.colcon_core.verb:set package 'arm' build argument 'cmake_clean_first' from command line to 'False'
[0.493s] Level 5:colcon.colcon_core.verb:set package 'arm' build argument 'cmake_force_configure' from command line to 'False'
[0.493s] Level 5:colcon.colcon_core.verb:set package 'arm' build argument 'ament_cmake_args' from command line to 'None'
[0.493s] Level 5:colcon.colcon_core.verb:set package 'arm' build argument 'catkin_cmake_args' from command line to 'None'
[0.493s] Level 5:colcon.colcon_core.verb:set package 'arm' build argument 'catkin_skip_building_tests' from command line to 'False'
[0.493s] DEBUG:colcon.colcon_core.verb:Building package 'arm' with the following arguments: {'ament_cmake_args': None, 'build_base': '/home/theo/DuoArm/build/arm', 'catkin_cmake_args': None, 'catkin_skip_building_tests': False, 'cmake_args': None, 'cmake_clean_cache': False, 'cmake_clean_first': False, 'cmake_force_configure': False, 'cmake_target': None, 'cmake_target_skip_unavailable': False, 'install_base': '/home/theo/DuoArm/install/arm', 'merge_install': False, 'path': '/home/theo/DuoArm/src/arm', 'symlink_install': False, 'test_result_base': None}
[0.493s] Level 5:colcon.colcon_core.verb:set package 'controll_center' build argument 'cmake_args' from command line to 'None'
[0.494s] Level 5:colcon.colcon_core.verb:set package 'controll_center' build argument 'cmake_target' from command line to 'None'
[0.494s] Level 5:colcon.colcon_core.verb:set package 'controll_center' build argument 'cmake_target_skip_unavailable' from command line to 'False'
[0.494s] Level 5:colcon.colcon_core.verb:set package 'controll_center' build argument 'cmake_clean_cache' from command line to 'False'
[0.494s] Level 5:colcon.colcon_core.verb:set package 'controll_center' build argument 'cmake_clean_first' from command line to 'False'
[0.494s] Level 5:colcon.colcon_core.verb:set package 'controll_center' build argument 'cmake_force_configure' from command line to 'False'
[0.494s] Level 5:colcon.colcon_core.verb:set package 'controll_center' build argument 'ament_cmake_args' from command line to 'None'
[0.494s] Level 5:colcon.colcon_core.verb:set package 'controll_center' build argument 'catkin_cmake_args' from command line to 'None'
[0.494s] Level 5:colcon.colcon_core.verb:set package 'controll_center' build argument 'catkin_skip_building_tests' from command line to 'False'
[0.494s] DEBUG:colcon.colcon_core.verb:Building package 'controll_center' with the following arguments: {'ament_cmake_args': None, 'build_base': '/home/theo/DuoArm/build/controll_center', 'catkin_cmake_args': None, 'catkin_skip_building_tests': False, 'cmake_args': None, 'cmake_clean_cache': False, 'cmake_clean_first': False, 'cmake_force_configure': False, 'cmake_target': None, 'cmake_target_skip_unavailable': False, 'install_base': '/home/theo/DuoArm/install/controll_center', 'merge_install': False, 'path': '/home/theo/DuoArm/src/controll_center', 'symlink_install': False, 'test_result_base': None}
[0.494s] Level 5:colcon.colcon_core.verb:set package 'path_planning' build argument 'cmake_args' from command line to 'None'
[0.494s] Level 5:colcon.colcon_core.verb:set package 'path_planning' build argument 'cmake_target' from command line to 'None'
[0.494s] Level 5:colcon.colcon_core.verb:set package 'path_planning' build argument 'cmake_target_skip_unavailable' from command line to 'False'
[0.494s] Level 5:colcon.colcon_core.verb:set package 'path_planning' build argument 'cmake_clean_cache' from command line to 'False'
[0.494s] Level 5:colcon.colcon_core.verb:set package 'path_planning' build argument 'cmake_clean_first' from command line to 'False'
[0.494s] Level 5:colcon.colcon_core.verb:set package 'path_planning' build argument 'cmake_force_configure' from command line to 'False'
[0.494s] Level 5:colcon.colcon_core.verb:set package 'path_planning' build argument 'ament_cmake_args' from command line to 'None'
[0.494s] Level 5:colcon.colcon_core.verb:set package 'path_planning' build argument 'catkin_cmake_args' from command line to 'None'
[0.494s] Level 5:colcon.colcon_core.verb:set package 'path_planning' build argument 'catkin_skip_building_tests' from command line to 'False'
[0.494s] DEBUG:colcon.colcon_core.verb:Building package 'path_planning' with the following arguments: {'ament_cmake_args': None, 'build_base': '/home/theo/DuoArm/build/path_planning', 'catkin_cmake_args': None, 'catkin_skip_building_tests': False, 'cmake_args': None, 'cmake_clean_cache': False, 'cmake_clean_first': False, 'cmake_force_configure': False, 'cmake_target': None, 'cmake_target_skip_unavailable': False, 'install_base': '/home/theo/DuoArm/install/path_planning', 'merge_install': False, 'path': '/home/theo/DuoArm/src/path_planning', 'symlink_install': False, 'test_result_base': None}
[0.494s] INFO:colcon.colcon_core.executor:Executing jobs using 'parallel' executor
[0.495s] DEBUG:colcon.colcon_parallel_executor.executor.parallel:run_until_complete
[0.495s] INFO:colcon.colcon_ros.task.ament_python.build:Building ROS package in '/home/theo/DuoArm/src/arm' with build type 'ament_python'
[0.496s] Level 1:colcon.colcon_core.shell:create_environment_hook('arm', 'ament_prefix_path')
[0.498s] INFO:colcon.colcon_core.plugin_system:Skipping extension 'colcon_core.shell.bat': Not used on non-Windows systems
[0.498s] INFO:colcon.colcon_core.shell:Creating environment hook '/home/theo/DuoArm/install/arm/share/arm/hook/ament_prefix_path.ps1'
[0.498s] INFO:colcon.colcon_core.shell:Creating environment descriptor '/home/theo/DuoArm/install/arm/share/arm/hook/ament_prefix_path.dsv'
[0.499s] INFO:colcon.colcon_core.shell:Creating environment hook '/home/theo/DuoArm/install/arm/share/arm/hook/ament_prefix_path.sh'
[0.499s] INFO:colcon.colcon_core.shell:Skip shell extension 'powershell' for command environment: Not usable outside of PowerShell
[0.499s] DEBUG:colcon.colcon_core.shell:Skip shell extension 'dsv' for command environment
[0.501s] INFO:colcon.colcon_ros.task.ament_python.build:Building ROS package in '/home/theo/DuoArm/src/controll_center' with build type 'ament_python'
[0.501s] Level 1:colcon.colcon_core.shell:create_environment_hook('controll_center', 'ament_prefix_path')
[0.501s] INFO:colcon.colcon_core.shell:Creating environment hook '/home/theo/DuoArm/install/controll_center/share/controll_center/hook/ament_prefix_path.ps1'
[0.502s] INFO:colcon.colcon_core.shell:Creating environment descriptor '/home/theo/DuoArm/install/controll_center/share/controll_center/hook/ament_prefix_path.dsv'
[0.503s] INFO:colcon.colcon_core.shell:Creating environment hook '/home/theo/DuoArm/install/controll_center/share/controll_center/hook/ament_prefix_path.sh'
[0.503s] INFO:colcon.colcon_core.shell:Skip shell extension 'powershell' for command environment: Not usable outside of PowerShell
[0.504s] DEBUG:colcon.colcon_core.shell:Skip shell extension 'dsv' for command environment
[0.505s] INFO:colcon.colcon_ros.task.ament_python.build:Building ROS package in '/home/theo/DuoArm/src/path_planning' with build type 'ament_python'
[0.505s] Level 1:colcon.colcon_core.shell:create_environment_hook('path_planning', 'ament_prefix_path')
[0.506s] INFO:colcon.colcon_core.shell:Creating environment hook '/home/theo/DuoArm/install/path_planning/share/path_planning/hook/ament_prefix_path.ps1'
[0.506s] INFO:colcon.colcon_core.shell:Creating environment descriptor '/home/theo/DuoArm/install/path_planning/share/path_planning/hook/ament_prefix_path.dsv'
[0.506s] INFO:colcon.colcon_core.shell:Creating environment hook '/home/theo/DuoArm/install/path_planning/share/path_planning/hook/ament_prefix_path.sh'
[0.507s] INFO:colcon.colcon_core.shell:Skip shell extension 'powershell' for command environment: Not usable outside of PowerShell
[0.507s] DEBUG:colcon.colcon_core.shell:Skip shell extension 'dsv' for command environment
[0.693s] INFO:colcon.colcon_core.task.python.build:Building Python package in '/home/theo/DuoArm/src/arm'
[0.693s] INFO:colcon.colcon_core.shell:Skip shell extension 'powershell' for command environment: Not usable outside of PowerShell
[0.693s] DEBUG:colcon.colcon_core.shell:Skip shell extension 'dsv' for command environment
[0.847s] INFO:colcon.colcon_core.task.python.build:Building Python package in '/home/theo/DuoArm/src/controll_center'
[0.847s] INFO:colcon.colcon_core.shell:Skip shell extension 'powershell' for command environment: Not usable outside of PowerShell
[0.847s] DEBUG:colcon.colcon_core.shell:Skip shell extension 'dsv' for command environment
[1.037s] INFO:colcon.colcon_core.task.python.build:Building Python package in '/home/theo/DuoArm/src/path_planning'
[1.037s] INFO:colcon.colcon_core.shell:Skip shell extension 'powershell' for command environment: Not usable outside of PowerShell
[1.038s] DEBUG:colcon.colcon_core.shell:Skip shell extension 'dsv' for command environment
[1.315s] DEBUG:colcon.colcon_core.event_handler.log_command:Invoking command in '/home/theo/DuoArm/src/controll_center': PYTHONPATH=/home/theo/DuoArm/build/controll_center/prefix_override:/home/theo/DuoArm/install/controll_center/lib/python3.10/site-packages: /usr/bin/python3 -W ignore:setup.py install is deprecated setup.py egg_info --egg-base ../../build/controll_center build --build-base /home/theo/DuoArm/build/controll_center/build install --record /home/theo/DuoArm/build/controll_center/install.log --single-version-externally-managed install_data
[1.320s] DEBUG:colcon.colcon_core.event_handler.log_command:Invoking command in '/home/theo/DuoArm/src/path_planning': PYTHONPATH=/home/theo/DuoArm/build/path_planning/prefix_override:/home/theo/DuoArm/install/path_planning/lib/python3.10/site-packages: /usr/bin/python3 -W ignore:setup.py install is deprecated setup.py egg_info --egg-base ../../build/path_planning build --build-base /home/theo/DuoArm/build/path_planning/build install --record /home/theo/DuoArm/build/path_planning/install.log --single-version-externally-managed install_data
[1.323s] DEBUG:colcon.colcon_core.event_handler.log_command:Invoking command in '/home/theo/DuoArm/src/arm': PYTHONPATH=/home/theo/DuoArm/build/arm/prefix_override:/home/theo/DuoArm/install/arm/lib/python3.10/site-packages: /usr/bin/python3 -W ignore:setup.py install is deprecated setup.py egg_info --egg-base ../../build/arm build --build-base /home/theo/DuoArm/build/arm/build install --record /home/theo/DuoArm/build/arm/install.log --single-version-externally-managed install_data
[1.541s] DEBUG:colcon.colcon_core.event_handler.log_command:Invoked command in '/home/theo/DuoArm/src/path_planning' returned '0': PYTHONPATH=/home/theo/DuoArm/build/path_planning/prefix_override:/home/theo/DuoArm/install/path_planning/lib/python3.10/site-packages: /usr/bin/python3 -W ignore:setup.py install is deprecated setup.py egg_info --egg-base ../../build/path_planning build --build-base /home/theo/DuoArm/build/path_planning/build install --record /home/theo/DuoArm/build/path_planning/install.log --single-version-externally-managed install_data
[1.544s] Level 1:colcon.colcon_core.environment:checking '/home/theo/DuoArm/install/path_planning' for CMake module files
[1.545s] Level 1:colcon.colcon_core.environment:checking '/home/theo/DuoArm/install/path_planning' for CMake config files
[1.545s] Level 1:colcon.colcon_core.shell:create_environment_hook('path_planning', 'cmake_prefix_path')
[1.545s] INFO:colcon.colcon_core.shell:Creating environment hook '/home/theo/DuoArm/install/path_planning/share/path_planning/hook/cmake_prefix_path.ps1'
[1.546s] INFO:colcon.colcon_core.shell:Creating environment descriptor '/home/theo/DuoArm/install/path_planning/share/path_planning/hook/cmake_prefix_path.dsv'
[1.546s] INFO:colcon.colcon_core.shell:Creating environment hook '/home/theo/DuoArm/install/path_planning/share/path_planning/hook/cmake_prefix_path.sh'
[1.547s] Level 1:colcon.colcon_core.environment:checking '/home/theo/DuoArm/install/path_planning/lib'
[1.548s] Level 1:colcon.colcon_core.environment:checking '/home/theo/DuoArm/install/path_planning/bin'
[1.548s] Level 1:colcon.colcon_core.environment:checking '/home/theo/DuoArm/install/path_planning/lib/pkgconfig/path_planning.pc'
[1.548s] Level 1:colcon.colcon_core.environment:checking '/home/theo/DuoArm/install/path_planning/lib/python3.10/site-packages'
[1.549s] Level 1:colcon.colcon_core.shell:create_environment_hook('path_planning', 'pythonpath')
[1.549s] INFO:colcon.colcon_core.shell:Creating environment hook '/home/theo/DuoArm/install/path_planning/share/path_planning/hook/pythonpath.ps1'
[1.549s] INFO:colcon.colcon_core.shell:Creating environment descriptor '/home/theo/DuoArm/install/path_planning/share/path_planning/hook/pythonpath.dsv'
[1.550s] INFO:colcon.colcon_core.shell:Creating environment hook '/home/theo/DuoArm/install/path_planning/share/path_planning/hook/pythonpath.sh'
[1.551s] Level 1:colcon.colcon_core.environment:checking '/home/theo/DuoArm/install/path_planning/bin'
[1.551s] Level 1:colcon.colcon_core.environment:create_environment_scripts_only(path_planning)
[1.551s] INFO:colcon.colcon_core.shell:Creating package script '/home/theo/DuoArm/install/path_planning/share/path_planning/package.ps1'
[1.552s] INFO:colcon.colcon_core.shell:Creating package descriptor '/home/theo/DuoArm/install/path_planning/share/path_planning/package.dsv'
[1.553s] INFO:colcon.colcon_core.shell:Creating package script '/home/theo/DuoArm/install/path_planning/share/path_planning/package.sh'
[1.554s] INFO:colcon.colcon_core.shell:Creating package script '/home/theo/DuoArm/install/path_planning/share/path_planning/package.bash'
[1.555s] INFO:colcon.colcon_core.shell:Creating package script '/home/theo/DuoArm/install/path_planning/share/path_planning/package.zsh'
[1.556s] Level 1:colcon.colcon_core.environment:create_file_with_runtime_dependencies(/home/theo/DuoArm/install/path_planning/share/colcon-core/packages/path_planning)
[1.565s] Level 1:colcon.colcon_core.environment:checking '/home/theo/DuoArm/install/controll_center' for CMake module files
[1.566s] DEBUG:colcon.colcon_core.event_handler.log_command:Invoked command in '/home/theo/DuoArm/src/controll_center' returned '0': PYTHONPATH=/home/theo/DuoArm/build/controll_center/prefix_override:/home/theo/DuoArm/install/controll_center/lib/python3.10/site-packages: /usr/bin/python3 -W ignore:setup.py install is deprecated setup.py egg_info --egg-base ../../build/controll_center build --build-base /home/theo/DuoArm/build/controll_center/build install --record /home/theo/DuoArm/build/controll_center/install.log --single-version-externally-managed install_data
[1.567s] Level 1:colcon.colcon_core.environment:checking '/home/theo/DuoArm/install/controll_center' for CMake config files
[1.567s] Level 1:colcon.colcon_core.environment:checking '/home/theo/DuoArm/install/controll_center/lib'
[1.567s] Level 1:colcon.colcon_core.environment:checking '/home/theo/DuoArm/install/controll_center/bin'
[1.568s] Level 1:colcon.colcon_core.environment:checking '/home/theo/DuoArm/install/controll_center/lib/pkgconfig/controll_center.pc'
[1.568s] Level 1:colcon.colcon_core.environment:checking '/home/theo/DuoArm/install/controll_center/lib/python3.10/site-packages'
[1.568s] Level 1:colcon.colcon_core.shell:create_environment_hook('controll_center', 'pythonpath')
[1.568s] INFO:colcon.colcon_core.shell:Creating environment hook '/home/theo/DuoArm/install/controll_center/share/controll_center/hook/pythonpath.ps1'
[1.569s] INFO:colcon.colcon_core.shell:Creating environment descriptor '/home/theo/DuoArm/install/controll_center/share/controll_center/hook/pythonpath.dsv'
[1.569s] INFO:colcon.colcon_core.shell:Creating environment hook '/home/theo/DuoArm/install/controll_center/share/controll_center/hook/pythonpath.sh'
[1.570s] Level 1:colcon.colcon_core.environment:checking '/home/theo/DuoArm/install/controll_center/bin'
[1.570s] Level 1:colcon.colcon_core.environment:create_environment_scripts_only(controll_center)
[1.570s] INFO:colcon.colcon_core.shell:Creating package script '/home/theo/DuoArm/install/controll_center/share/controll_center/package.ps1'
[1.571s] INFO:colcon.colcon_core.shell:Creating package descriptor '/home/theo/DuoArm/install/controll_center/share/controll_center/package.dsv'
[1.571s] INFO:colcon.colcon_core.shell:Creating package script '/home/theo/DuoArm/install/controll_center/share/controll_center/package.sh'
[1.572s] INFO:colcon.colcon_core.shell:Creating package script '/home/theo/DuoArm/install/controll_center/share/controll_center/package.bash'
[1.573s] INFO:colcon.colcon_core.shell:Creating package script '/home/theo/DuoArm/install/controll_center/share/controll_center/package.zsh'
[1.574s] Level 1:colcon.colcon_core.environment:create_file_with_runtime_dependencies(/home/theo/DuoArm/install/controll_center/share/colcon-core/packages/controll_center)
[1.577s] Level 1:colcon.colcon_core.environment:checking '/home/theo/DuoArm/install/arm' for CMake module files
[1.578s] DEBUG:colcon.colcon_core.event_handler.log_command:Invoked command in '/home/theo/DuoArm/src/arm' returned '0': PYTHONPATH=/home/theo/DuoArm/build/arm/prefix_override:/home/theo/DuoArm/install/arm/lib/python3.10/site-packages: /usr/bin/python3 -W ignore:setup.py install is deprecated setup.py egg_info --egg-base ../../build/arm build --build-base /home/theo/DuoArm/build/arm/build install --record /home/theo/DuoArm/build/arm/install.log --single-version-externally-managed install_data
[1.578s] Level 1:colcon.colcon_core.environment:checking '/home/theo/DuoArm/install/arm' for CMake config files
[1.578s] Level 1:colcon.colcon_core.shell:create_environment_hook('arm', 'cmake_prefix_path')
[1.579s] INFO:colcon.colcon_core.shell:Creating environment hook '/home/theo/DuoArm/install/arm/share/arm/hook/cmake_prefix_path.ps1'
[1.579s] INFO:colcon.colcon_core.shell:Creating environment descriptor '/home/theo/DuoArm/install/arm/share/arm/hook/cmake_prefix_path.dsv'
[1.579s] INFO:colcon.colcon_core.shell:Creating environment hook '/home/theo/DuoArm/install/arm/share/arm/hook/cmake_prefix_path.sh'
[1.580s] Level 1:colcon.colcon_core.environment:checking '/home/theo/DuoArm/install/arm/lib'
[1.580s] Level 1:colcon.colcon_core.environment:checking '/home/theo/DuoArm/install/arm/bin'
[1.580s] Level 1:colcon.colcon_core.environment:checking '/home/theo/DuoArm/install/arm/lib/pkgconfig/arm.pc'
[1.581s] Level 1:colcon.colcon_core.environment:checking '/home/theo/DuoArm/install/arm/lib/python3.10/site-packages'
[1.581s] Level 1:colcon.colcon_core.shell:create_environment_hook('arm', 'pythonpath')
[1.581s] INFO:colcon.colcon_core.shell:Creating environment hook '/home/theo/DuoArm/install/arm/share/arm/hook/pythonpath.ps1'
[1.582s] INFO:colcon.colcon_core.shell:Creating environment descriptor '/home/theo/DuoArm/install/arm/share/arm/hook/pythonpath.dsv'
[1.582s] INFO:colcon.colcon_core.shell:Creating environment hook '/home/theo/DuoArm/install/arm/share/arm/hook/pythonpath.sh'
[1.583s] Level 1:colcon.colcon_core.environment:checking '/home/theo/DuoArm/install/arm/bin'
[1.583s] Level 1:colcon.colcon_core.environment:create_environment_scripts_only(arm)
[1.583s] INFO:colcon.colcon_core.shell:Creating package script '/home/theo/DuoArm/install/arm/share/arm/package.ps1'
[1.584s] INFO:colcon.colcon_core.shell:Creating package descriptor '/home/theo/DuoArm/install/arm/share/arm/package.dsv'
[1.584s] INFO:colcon.colcon_core.shell:Creating package script '/home/theo/DuoArm/install/arm/share/arm/package.sh'
[1.585s] INFO:colcon.colcon_core.shell:Creating package script '/home/theo/DuoArm/install/arm/share/arm/package.bash'
[1.585s] INFO:colcon.colcon_core.shell:Creating package script '/home/theo/DuoArm/install/arm/share/arm/package.zsh'
[1.585s] Level 1:colcon.colcon_core.environment:create_file_with_runtime_dependencies(/home/theo/DuoArm/install/arm/share/colcon-core/packages/arm)
[1.586s] DEBUG:colcon.colcon_parallel_executor.executor.parallel:closing loop
[1.586s] DEBUG:colcon.colcon_parallel_executor.executor.parallel:loop closed
[1.586s] DEBUG:colcon.colcon_parallel_executor.executor.parallel:run_until_complete finished with '0'
[1.587s] DEBUG:colcon.colcon_core.event_reactor:joining thread
[1.639s] INFO:colcon.colcon_core.plugin_system:Skipping extension 'colcon_notification.desktop_notification.notify_send': Could not find 'notify-send'
[1.639s] INFO:colcon.colcon_core.plugin_system:Skipping extension 'colcon_notification.desktop_notification.terminal_notifier': Not used on non-Darwin systems
[1.639s] INFO:colcon.colcon_core.plugin_system:Skipping extension 'colcon_notification.desktop_notification.win32': Not used on non-Windows systems
[1.639s] INFO:colcon.colcon_notification.desktop_notification:Sending desktop notification using 'notify2'
[1.639s] DEBUG:colcon.colcon_notification.desktop_notification.notify2:Failed to initialize notify2: org.freedesktop.DBus.Error.FileNotFound: Failed to connect to socket /run/user/1000/bus: No such file or directory
[1.640s] DEBUG:colcon.colcon_core.event_reactor:joined thread
[1.640s] INFO:colcon.colcon_core.shell:Creating prefix script '/home/theo/DuoArm/install/local_setup.ps1'
[1.641s] INFO:colcon.colcon_core.shell:Creating prefix util module '/home/theo/DuoArm/install/_local_setup_util_ps1.py'
[1.642s] INFO:colcon.colcon_core.shell:Creating prefix chain script '/home/theo/DuoArm/install/setup.ps1'
[1.642s] INFO:colcon.colcon_core.shell:Creating prefix script '/home/theo/DuoArm/install/local_setup.sh'
[1.643s] INFO:colcon.colcon_core.shell:Creating prefix util module '/home/theo/DuoArm/install/_local_setup_util_sh.py'
[1.643s] INFO:colcon.colcon_core.shell:Creating prefix chain script '/home/theo/DuoArm/install/setup.sh'
[1.644s] INFO:colcon.colcon_core.shell:Creating prefix script '/home/theo/DuoArm/install/local_setup.bash'
[1.644s] INFO:colcon.colcon_core.shell:Creating prefix chain script '/home/theo/DuoArm/install/setup.bash'
[1.645s] INFO:colcon.colcon_core.shell:Creating prefix script '/home/theo/DuoArm/install/local_setup.zsh'
[1.645s] INFO:colcon.colcon_core.shell:Creating prefix chain script '/home/theo/DuoArm/install/setup.zsh'
