/home/theomagnor/DuoArm/install/controll_center/lib/python3.10/site-packages/controll_center/display.py
/home/theomagnor/DuoArm/install/controll_center/lib/python3.10/site-packages/controll_center/command_executor.py
/home/theomagnor/DuoArm/install/controll_center/lib/python3.10/site-packages/controll_center/command_window.py
/home/theomagnor/DuoArm/install/controll_center/lib/python3.10/site-packages/controll_center/action_controller.py
/home/theomagnor/DuoArm/install/controll_center/lib/python3.10/site-packages/controll_center/joystick_controller.py
/home/theomagnor/DuoArm/install/controll_center/lib/python3.10/site-packages/controll_center/gui_buttons.py
/home/theomagnor/DuoArm/install/controll_center/lib/python3.10/site-packages/controll_center/__init__.py
/home/theomagnor/DuoArm/install/controll_center/lib/python3.10/site-packages/controll_center/__pycache__/display.cpython-310.pyc
/home/theomagnor/DuoArm/install/controll_center/lib/python3.10/site-packages/controll_center/__pycache__/command_executor.cpython-310.pyc
/home/theomagnor/DuoArm/install/controll_center/lib/python3.10/site-packages/controll_center/__pycache__/command_window.cpython-310.pyc
/home/theomagnor/DuoArm/install/controll_center/lib/python3.10/site-packages/controll_center/__pycache__/action_controller.cpython-310.pyc
/home/theomagnor/DuoArm/install/controll_center/lib/python3.10/site-packages/controll_center/__pycache__/joystick_controller.cpython-310.pyc
/home/theomagnor/DuoArm/install/controll_center/lib/python3.10/site-packages/controll_center/__pycache__/gui_buttons.cpython-310.pyc
/home/theomagnor/DuoArm/install/controll_center/lib/python3.10/site-packages/controll_center/__pycache__/__init__.cpython-310.pyc
/home/theomagnor/DuoArm/install/controll_center/share/ament_index/resource_index/packages/controll_center
/home/theomagnor/DuoArm/install/controll_center/share/controll_center/package.xml
/home/theomagnor/DuoArm/install/controll_center/share/controll_center/launch/controll_center_launch.py
/home/theomagnor/DuoArm/install/controll_center/share/controll_center/launch/start_launch.py
/home/theomagnor/DuoArm/install/controll_center/share/controll_center/srv/MoveServos.srv
/home/theomagnor/DuoArm/install/controll_center/lib/python3.10/site-packages/controll_center-0.0.0-py3.10.egg-info/dependency_links.txt
/home/theomagnor/DuoArm/install/controll_center/lib/python3.10/site-packages/controll_center-0.0.0-py3.10.egg-info/top_level.txt
/home/theomagnor/DuoArm/install/controll_center/lib/python3.10/site-packages/controll_center-0.0.0-py3.10.egg-info/requires.txt
/home/theomagnor/DuoArm/install/controll_center/lib/python3.10/site-packages/controll_center-0.0.0-py3.10.egg-info/entry_points.txt
/home/theomagnor/DuoArm/install/controll_center/lib/python3.10/site-packages/controll_center-0.0.0-py3.10.egg-info/SOURCES.txt
/home/theomagnor/DuoArm/install/controll_center/lib/python3.10/site-packages/controll_center-0.0.0-py3.10.egg-info/zip-safe
/home/theomagnor/DuoArm/install/controll_center/lib/python3.10/site-packages/controll_center-0.0.0-py3.10.egg-info/PKG-INFO
/home/theomagnor/DuoArm/install/controll_center/lib/controll_center/action_controller
/home/theomagnor/DuoArm/install/controll_center/lib/controll_center/command_executor
/home/theomagnor/DuoArm/install/controll_center/lib/controll_center/command_window
/home/theomagnor/DuoArm/install/controll_center/lib/controll_center/display
/home/theomagnor/DuoArm/install/controll_center/lib/controll_center/gui_buttons
/home/theomagnor/DuoArm/install/controll_center/lib/controll_center/joystick_controller
