[0.742s] Invoking command in '/home/theo/DuoArm/src/launcher': PYTHONPATH=/home/theo/DuoArm/build/launcher/prefix_override:/home/theo/DuoArm/install/launcher/lib/python3.10/site-packages:${PYTHONPATH} /usr/bin/python3 -W ignore:setup.py install is deprecated setup.py egg_info --egg-base ../../build/launcher build --build-base /home/theo/DuoArm/build/launcher/build install --record /home/theo/DuoArm/build/launcher/install.log --single-version-externally-managed install_data
[0.863s] running egg_info
[0.864s] writing ../../build/launcher/launcher.egg-info/PKG-INFO
[0.865s] writing dependency_links to ../../build/launcher/launcher.egg-info/dependency_links.txt
[0.865s] writing entry points to ../../build/launcher/launcher.egg-info/entry_points.txt
[0.865s] writing requirements to ../../build/launcher/launcher.egg-info/requires.txt
[0.865s] writing top-level names to ../../build/launcher/launcher.egg-info/top_level.txt
[0.867s] reading manifest file '../../build/launcher/launcher.egg-info/SOURCES.txt'
[0.867s] adding license file 'LICENSE'
[0.867s] writing manifest file '../../build/launcher/launcher.egg-info/SOURCES.txt'
[0.867s] running build
[0.868s] running build_py
[0.868s] running install
[0.868s] running install_lib
[0.868s] running install_data
[0.868s] running install_egg_info
[0.869s] removing '/home/theo/DuoArm/install/launcher/lib/python3.10/site-packages/launcher-0.0.0-py3.10.egg-info' (and everything under it)
[0.869s] Copying ../../build/launcher/launcher.egg-info to /home/theo/DuoArm/install/launcher/lib/python3.10/site-packages/launcher-0.0.0-py3.10.egg-info
[0.870s] running install_scripts
[0.883s] writing list of installed files to '/home/theo/DuoArm/build/launcher/install.log'
[0.901s] Invoked command in '/home/theo/DuoArm/src/launcher' returned '0': PYTHONPATH=/home/theo/DuoArm/build/launcher/prefix_override:/home/theo/DuoArm/install/launcher/lib/python3.10/site-packages:${PYTHONPATH} /usr/bin/python3 -W ignore:setup.py install is deprecated setup.py egg_info --egg-base ../../build/launcher build --build-base /home/theo/DuoArm/build/launcher/build install --record /home/theo/DuoArm/build/launcher/install.log --single-version-externally-managed install_data
