[0.867s] Invoking command in '/home/theo/DuoArm/src/controll_center': PYTHONPATH=/home/theo/DuoArm/build/controll_center/prefix_override:/home/theo/DuoArm/install/controll_center/lib/python3.10/site-packages:${PYTHONPATH} /usr/bin/python3 -W ignore:setup.py install is deprecated setup.py egg_info --egg-base ../../build/controll_center build --build-base /home/theo/DuoArm/build/controll_center/build install --record /home/theo/DuoArm/build/controll_center/install.log --single-version-externally-managed install_data
[0.989s] running egg_info
[0.990s] writing ../../build/controll_center/controll_center.egg-info/PKG-INFO
[0.990s] writing dependency_links to ../../build/controll_center/controll_center.egg-info/dependency_links.txt
[0.990s] writing entry points to ../../build/controll_center/controll_center.egg-info/entry_points.txt
[0.990s] writing requirements to ../../build/controll_center/controll_center.egg-info/requires.txt
[0.990s] writing top-level names to ../../build/controll_center/controll_center.egg-info/top_level.txt
[0.991s] reading manifest file '../../build/controll_center/controll_center.egg-info/SOURCES.txt'
[0.991s] adding license file 'LICENSE'
[0.991s] writing manifest file '../../build/controll_center/controll_center.egg-info/SOURCES.txt'
[0.992s] running build
[0.992s] running build_py
[0.992s] running install
[0.992s] running install_lib
[0.993s] running install_data
[0.993s] copying launch/controll_center_launch.py -> /home/theo/DuoArm/install/controll_center/share/controll_center/launch
[0.993s] running install_egg_info
[0.994s] removing '/home/theo/DuoArm/install/controll_center/lib/python3.10/site-packages/controll_center-0.0.0-py3.10.egg-info' (and everything under it)
[0.994s] Copying ../../build/controll_center/controll_center.egg-info to /home/theo/DuoArm/install/controll_center/lib/python3.10/site-packages/controll_center-0.0.0-py3.10.egg-info
[0.994s] running install_scripts
[1.009s] Installing command_executor script to /home/theo/DuoArm/install/controll_center/lib/controll_center
[1.009s] Installing command_window script to /home/theo/DuoArm/install/controll_center/lib/controll_center
[1.009s] Installing display script to /home/theo/DuoArm/install/controll_center/lib/controll_center
[1.009s] writing list of installed files to '/home/theo/DuoArm/build/controll_center/install.log'
[1.026s] Invoked command in '/home/theo/DuoArm/src/controll_center' returned '0': PYTHONPATH=/home/theo/DuoArm/build/controll_center/prefix_override:/home/theo/DuoArm/install/controll_center/lib/python3.10/site-packages:${PYTHONPATH} /usr/bin/python3 -W ignore:setup.py install is deprecated setup.py egg_info --egg-base ../../build/controll_center build --build-base /home/theo/DuoArm/build/controll_center/build install --record /home/theo/DuoArm/build/controll_center/install.log --single-version-externally-managed install_data
