[0.444s] DEBUG:colcon:Command line arguments: ['/usr/bin/colcon', 'build']
[0.444s] DEBUG:colcon:Parsed command line arguments: Namespace(log_base=None, log_level=None, verb_name='build', build_base='build', install_base='install', merge_install=False, symlink_install=False, test_result_base=None, continue_on_error=False, executor='parallel', parallel_workers=4, event_handlers=None, ignore_user_meta=False, metas=['./colcon.meta'], base_paths=['.'], packages_ignore=None, packages_ignore_regex=None, paths=None, packages_up_to=None, packages_up_to_regex=None, packages_above=None, packages_above_and_dependencies=None, packages_above_depth=None, packages_select_by_dep=None, packages_skip_by_dep=None, packages_skip_up_to=None, packages_select_build_failed=False, packages_skip_build_finished=False, packages_select_test_failures=False, packages_skip_test_passed=False, packages_select=None, packages_skip=None, packages_select_regex=None, packages_skip_regex=None, packages_start=None, packages_end=None, allow_overriding=[], cmake_args=None, cmake_target=None, cmake_target_skip_unavailable=False, cmake_clean_cache=False, cmake_clean_first=False, cmake_force_configure=False, ament_cmake_args=None, catkin_cmake_args=None, catkin_skip_building_tests=False, verb_parser=<colcon_defaults.argument_parser.defaults.DefaultArgumentsDecorator object at 0xffff9c114730>, verb_extension=<colcon_core.verb.build.BuildVerb object at 0xffff9c114250>, main=<bound method BuildVerb.main of <colcon_core.verb.build.BuildVerb object at 0xffff9c114250>>)
[1.275s] Level 1:colcon.colcon_core.package_discovery:discover_packages(colcon_meta) check parameters
[1.276s] Level 1:colcon.colcon_core.package_discovery:discover_packages(recursive) check parameters
[1.276s] Level 1:colcon.colcon_core.package_discovery:discover_packages(ignore) check parameters
[1.276s] Level 1:colcon.colcon_core.package_discovery:discover_packages(path) check parameters
[1.276s] Level 1:colcon.colcon_core.package_discovery:discover_packages(colcon_meta) discover
[1.277s] Level 1:colcon.colcon_core.package_discovery:discover_packages(recursive) discover
[1.277s] INFO:colcon.colcon_core.package_discovery:Crawling recursively for packages in '/home/theomagnor/DuoArm'
[1.277s] Level 1:colcon.colcon_core.package_identification:_identify(.) by extensions ['ignore', 'ignore_ament_install']
[1.278s] Level 1:colcon.colcon_core.package_identification:_identify(.) by extension 'ignore'
[1.278s] Level 1:colcon.colcon_core.package_identification:_identify(.) by extension 'ignore_ament_install'
[1.278s] Level 1:colcon.colcon_core.package_identification:_identify(.) by extensions ['colcon_pkg']
[1.278s] Level 1:colcon.colcon_core.package_identification:_identify(.) by extension 'colcon_pkg'
[1.279s] Level 1:colcon.colcon_core.package_identification:_identify(.) by extensions ['colcon_meta']
[1.279s] Level 1:colcon.colcon_core.package_identification:_identify(.) by extension 'colcon_meta'
[1.279s] Level 1:colcon.colcon_core.package_identification:_identify(.) by extensions ['ros']
[1.279s] Level 1:colcon.colcon_core.package_identification:_identify(.) by extension 'ros'
[1.325s] Level 1:colcon.colcon_core.package_identification:_identify(.) by extensions ['cmake', 'python']
[1.325s] Level 1:colcon.colcon_core.package_identification:_identify(.) by extension 'cmake'
[1.325s] Level 1:colcon.colcon_core.package_identification:_identify(.) by extension 'python'
[1.325s] Level 1:colcon.colcon_core.package_identification:_identify(.) by extensions ['python_setup_py']
[1.326s] Level 1:colcon.colcon_core.package_identification:_identify(.) by extension 'python_setup_py'
[1.326s] Level 1:colcon.colcon_core.package_identification:_identify(build) by extensions ['ignore', 'ignore_ament_install']
[1.327s] Level 1:colcon.colcon_core.package_identification:_identify(build) by extension 'ignore'
[1.327s] Level 1:colcon.colcon_core.package_identification:_identify(build) ignored
[1.327s] Level 1:colcon.colcon_core.package_identification:_identify(install) by extensions ['ignore', 'ignore_ament_install']
[1.328s] Level 1:colcon.colcon_core.package_identification:_identify(install) by extension 'ignore'
[1.328s] Level 1:colcon.colcon_core.package_identification:_identify(install) ignored
[1.330s] Level 1:colcon.colcon_core.package_identification:_identify(log) by extensions ['ignore', 'ignore_ament_install']
[1.330s] Level 1:colcon.colcon_core.package_identification:_identify(log) by extension 'ignore'
[1.330s] Level 1:colcon.colcon_core.package_identification:_identify(log) ignored
[1.331s] Level 1:colcon.colcon_core.package_identification:_identify(src) by extensions ['ignore', 'ignore_ament_install']
[1.331s] Level 1:colcon.colcon_core.package_identification:_identify(src) by extension 'ignore'
[1.331s] Level 1:colcon.colcon_core.package_identification:_identify(src) by extension 'ignore_ament_install'
[1.332s] Level 1:colcon.colcon_core.package_identification:_identify(src) by extensions ['colcon_pkg']
[1.332s] Level 1:colcon.colcon_core.package_identification:_identify(src) by extension 'colcon_pkg'
[1.332s] Level 1:colcon.colcon_core.package_identification:_identify(src) by extensions ['colcon_meta']
[1.332s] Level 1:colcon.colcon_core.package_identification:_identify(src) by extension 'colcon_meta'
[1.332s] Level 1:colcon.colcon_core.package_identification:_identify(src) by extensions ['ros']
[1.332s] Level 1:colcon.colcon_core.package_identification:_identify(src) by extension 'ros'
[1.333s] Level 1:colcon.colcon_core.package_identification:_identify(src) by extensions ['cmake', 'python']
[1.333s] Level 1:colcon.colcon_core.package_identification:_identify(src) by extension 'cmake'
[1.333s] Level 1:colcon.colcon_core.package_identification:_identify(src) by extension 'python'
[1.333s] Level 1:colcon.colcon_core.package_identification:_identify(src) by extensions ['python_setup_py']
[1.333s] Level 1:colcon.colcon_core.package_identification:_identify(src) by extension 'python_setup_py'
[1.334s] Level 1:colcon.colcon_core.package_identification:_identify(src/arm) by extensions ['ignore', 'ignore_ament_install']
[1.334s] Level 1:colcon.colcon_core.package_identification:_identify(src/arm) by extension 'ignore'
[1.334s] Level 1:colcon.colcon_core.package_identification:_identify(src/arm) by extension 'ignore_ament_install'
[1.335s] Level 1:colcon.colcon_core.package_identification:_identify(src/arm) by extensions ['colcon_pkg']
[1.335s] Level 1:colcon.colcon_core.package_identification:_identify(src/arm) by extension 'colcon_pkg'
[1.335s] Level 1:colcon.colcon_core.package_identification:_identify(src/arm) by extensions ['colcon_meta']
[1.335s] Level 1:colcon.colcon_core.package_identification:_identify(src/arm) by extension 'colcon_meta'
[1.335s] Level 1:colcon.colcon_core.package_identification:_identify(src/arm) by extensions ['ros']
[1.336s] Level 1:colcon.colcon_core.package_identification:_identify(src/arm) by extension 'ros'
[1.344s] DEBUG:colcon.colcon_core.package_identification:Package 'src/arm' with type 'ros.ament_python' and name 'arm'
[1.345s] Level 1:colcon.colcon_core.package_identification:_identify(src/controll_center) by extensions ['ignore', 'ignore_ament_install']
[1.345s] Level 1:colcon.colcon_core.package_identification:_identify(src/controll_center) by extension 'ignore'
[1.345s] Level 1:colcon.colcon_core.package_identification:_identify(src/controll_center) by extension 'ignore_ament_install'
[1.346s] Level 1:colcon.colcon_core.package_identification:_identify(src/controll_center) by extensions ['colcon_pkg']
[1.346s] Level 1:colcon.colcon_core.package_identification:_identify(src/controll_center) by extension 'colcon_pkg'
[1.346s] Level 1:colcon.colcon_core.package_identification:_identify(src/controll_center) by extensions ['colcon_meta']
[1.346s] Level 1:colcon.colcon_core.package_identification:_identify(src/controll_center) by extension 'colcon_meta'
[1.346s] Level 1:colcon.colcon_core.package_identification:_identify(src/controll_center) by extensions ['ros']
[1.347s] Level 1:colcon.colcon_core.package_identification:_identify(src/controll_center) by extension 'ros'
[1.348s] DEBUG:colcon.colcon_core.package_identification:Package 'src/controll_center' with type 'ros.ament_python' and name 'controll_center'
[1.349s] Level 1:colcon.colcon_core.package_identification:_identify(src/path_planning) by extensions ['ignore', 'ignore_ament_install']
[1.349s] Level 1:colcon.colcon_core.package_identification:_identify(src/path_planning) by extension 'ignore'
[1.350s] Level 1:colcon.colcon_core.package_identification:_identify(src/path_planning) by extension 'ignore_ament_install'
[1.350s] Level 1:colcon.colcon_core.package_identification:_identify(src/path_planning) by extensions ['colcon_pkg']
[1.350s] Level 1:colcon.colcon_core.package_identification:_identify(src/path_planning) by extension 'colcon_pkg'
[1.350s] Level 1:colcon.colcon_core.package_identification:_identify(src/path_planning) by extensions ['colcon_meta']
[1.350s] Level 1:colcon.colcon_core.package_identification:_identify(src/path_planning) by extension 'colcon_meta'
[1.351s] Level 1:colcon.colcon_core.package_identification:_identify(src/path_planning) by extensions ['ros']
[1.351s] Level 1:colcon.colcon_core.package_identification:_identify(src/path_planning) by extension 'ros'
[1.353s] DEBUG:colcon.colcon_core.package_identification:Package 'src/path_planning' with type 'ros.ament_python' and name 'path_planning'
[1.353s] Level 1:colcon.colcon_core.package_discovery:discover_packages(recursive) using defaults
[1.354s] Level 1:colcon.colcon_core.package_discovery:discover_packages(ignore) discover
[1.354s] Level 1:colcon.colcon_core.package_discovery:discover_packages(ignore) using defaults
[1.354s] Level 1:colcon.colcon_core.package_discovery:discover_packages(path) discover
[1.354s] Level 1:colcon.colcon_core.package_discovery:discover_packages(path) using defaults
[1.430s] Level 1:colcon.colcon_core.package_discovery:discover_packages(prefix_path) check parameters
[1.431s] Level 1:colcon.colcon_core.package_discovery:discover_packages(prefix_path) discover
[1.439s] DEBUG:colcon.colcon_installed_package_information.package_discovery:Found 4 installed packages in /home/theomagnor/DuoArm/install
[1.448s] DEBUG:colcon.colcon_installed_package_information.package_discovery:Found 270 installed packages in /opt/ros/humble
[1.494s] Level 1:colcon.colcon_core.package_discovery:discover_packages(prefix_path) using defaults
[1.654s] Level 5:colcon.colcon_core.verb:set package 'arm' build argument 'cmake_args' from command line to 'None'
[1.655s] Level 5:colcon.colcon_core.verb:set package 'arm' build argument 'cmake_target' from command line to 'None'
[1.655s] Level 5:colcon.colcon_core.verb:set package 'arm' build argument 'cmake_target_skip_unavailable' from command line to 'False'
[1.655s] Level 5:colcon.colcon_core.verb:set package 'arm' build argument 'cmake_clean_cache' from command line to 'False'
[1.655s] Level 5:colcon.colcon_core.verb:set package 'arm' build argument 'cmake_clean_first' from command line to 'False'
[1.655s] Level 5:colcon.colcon_core.verb:set package 'arm' build argument 'cmake_force_configure' from command line to 'False'
[1.655s] Level 5:colcon.colcon_core.verb:set package 'arm' build argument 'ament_cmake_args' from command line to 'None'
[1.655s] Level 5:colcon.colcon_core.verb:set package 'arm' build argument 'catkin_cmake_args' from command line to 'None'
[1.655s] Level 5:colcon.colcon_core.verb:set package 'arm' build argument 'catkin_skip_building_tests' from command line to 'False'
[1.656s] DEBUG:colcon.colcon_core.verb:Building package 'arm' with the following arguments: {'ament_cmake_args': None, 'build_base': '/home/theomagnor/DuoArm/build/arm', 'catkin_cmake_args': None, 'catkin_skip_building_tests': False, 'cmake_args': None, 'cmake_clean_cache': False, 'cmake_clean_first': False, 'cmake_force_configure': False, 'cmake_target': None, 'cmake_target_skip_unavailable': False, 'install_base': '/home/theomagnor/DuoArm/install/arm', 'merge_install': False, 'path': '/home/theomagnor/DuoArm/src/arm', 'symlink_install': False, 'test_result_base': None}
[1.657s] Level 5:colcon.colcon_core.verb:set package 'controll_center' build argument 'cmake_args' from command line to 'None'
[1.657s] Level 5:colcon.colcon_core.verb:set package 'controll_center' build argument 'cmake_target' from command line to 'None'
[1.657s] Level 5:colcon.colcon_core.verb:set package 'controll_center' build argument 'cmake_target_skip_unavailable' from command line to 'False'
[1.658s] Level 5:colcon.colcon_core.verb:set package 'controll_center' build argument 'cmake_clean_cache' from command line to 'False'
[1.658s] Level 5:colcon.colcon_core.verb:set package 'controll_center' build argument 'cmake_clean_first' from command line to 'False'
[1.658s] Level 5:colcon.colcon_core.verb:set package 'controll_center' build argument 'cmake_force_configure' from command line to 'False'
[1.658s] Level 5:colcon.colcon_core.verb:set package 'controll_center' build argument 'ament_cmake_args' from command line to 'None'
[1.658s] Level 5:colcon.colcon_core.verb:set package 'controll_center' build argument 'catkin_cmake_args' from command line to 'None'
[1.658s] Level 5:colcon.colcon_core.verb:set package 'controll_center' build argument 'catkin_skip_building_tests' from command line to 'False'
[1.658s] DEBUG:colcon.colcon_core.verb:Building package 'controll_center' with the following arguments: {'ament_cmake_args': None, 'build_base': '/home/theomagnor/DuoArm/build/controll_center', 'catkin_cmake_args': None, 'catkin_skip_building_tests': False, 'cmake_args': None, 'cmake_clean_cache': False, 'cmake_clean_first': False, 'cmake_force_configure': False, 'cmake_target': None, 'cmake_target_skip_unavailable': False, 'install_base': '/home/theomagnor/DuoArm/install/controll_center', 'merge_install': False, 'path': '/home/theomagnor/DuoArm/src/controll_center', 'symlink_install': False, 'test_result_base': None}
[1.660s] Level 5:colcon.colcon_core.verb:set package 'path_planning' build argument 'cmake_args' from command line to 'None'
[1.660s] Level 5:colcon.colcon_core.verb:set package 'path_planning' build argument 'cmake_target' from command line to 'None'
[1.660s] Level 5:colcon.colcon_core.verb:set package 'path_planning' build argument 'cmake_target_skip_unavailable' from command line to 'False'
[1.660s] Level 5:colcon.colcon_core.verb:set package 'path_planning' build argument 'cmake_clean_cache' from command line to 'False'
[1.660s] Level 5:colcon.colcon_core.verb:set package 'path_planning' build argument 'cmake_clean_first' from command line to 'False'
[1.660s] Level 5:colcon.colcon_core.verb:set package 'path_planning' build argument 'cmake_force_configure' from command line to 'False'
[1.660s] Level 5:colcon.colcon_core.verb:set package 'path_planning' build argument 'ament_cmake_args' from command line to 'None'
[1.660s] Level 5:colcon.colcon_core.verb:set package 'path_planning' build argument 'catkin_cmake_args' from command line to 'None'
[1.661s] Level 5:colcon.colcon_core.verb:set package 'path_planning' build argument 'catkin_skip_building_tests' from command line to 'False'
[1.661s] DEBUG:colcon.colcon_core.verb:Building package 'path_planning' with the following arguments: {'ament_cmake_args': None, 'build_base': '/home/theomagnor/DuoArm/build/path_planning', 'catkin_cmake_args': None, 'catkin_skip_building_tests': False, 'cmake_args': None, 'cmake_clean_cache': False, 'cmake_clean_first': False, 'cmake_force_configure': False, 'cmake_target': None, 'cmake_target_skip_unavailable': False, 'install_base': '/home/theomagnor/DuoArm/install/path_planning', 'merge_install': False, 'path': '/home/theomagnor/DuoArm/src/path_planning', 'symlink_install': False, 'test_result_base': None}
[1.661s] INFO:colcon.colcon_core.executor:Executing jobs using 'parallel' executor
[1.665s] DEBUG:colcon.colcon_parallel_executor.executor.parallel:run_until_complete
[1.666s] INFO:colcon.colcon_ros.task.ament_python.build:Building ROS package in '/home/theomagnor/DuoArm/src/arm' with build type 'ament_python'
[1.666s] Level 1:colcon.colcon_core.shell:create_environment_hook('arm', 'ament_prefix_path')
[1.676s] INFO:colcon.colcon_core.plugin_system:Skipping extension 'colcon_core.shell.bat': Not used on non-Windows systems
[1.677s] INFO:colcon.colcon_core.shell:Creating environment hook '/home/theomagnor/DuoArm/install/arm/share/arm/hook/ament_prefix_path.ps1'
[1.680s] INFO:colcon.colcon_core.shell:Creating environment descriptor '/home/theomagnor/DuoArm/install/arm/share/arm/hook/ament_prefix_path.dsv'
[1.682s] INFO:colcon.colcon_core.shell:Creating environment hook '/home/theomagnor/DuoArm/install/arm/share/arm/hook/ament_prefix_path.sh'
[1.686s] INFO:colcon.colcon_core.shell:Skip shell extension 'powershell' for command environment: Not usable outside of PowerShell
[1.686s] DEBUG:colcon.colcon_core.shell:Skip shell extension 'dsv' for command environment
[1.705s] INFO:colcon.colcon_ros.task.ament_python.build:Building ROS package in '/home/theomagnor/DuoArm/src/controll_center' with build type 'ament_python'
[1.706s] Level 1:colcon.colcon_core.shell:create_environment_hook('controll_center', 'ament_prefix_path')
[1.707s] INFO:colcon.colcon_core.shell:Creating environment hook '/home/theomagnor/DuoArm/install/controll_center/share/controll_center/hook/ament_prefix_path.ps1'
[1.709s] INFO:colcon.colcon_core.shell:Creating environment descriptor '/home/theomagnor/DuoArm/install/controll_center/share/controll_center/hook/ament_prefix_path.dsv'
[1.712s] INFO:colcon.colcon_core.shell:Creating environment hook '/home/theomagnor/DuoArm/install/controll_center/share/controll_center/hook/ament_prefix_path.sh'
[1.715s] INFO:colcon.colcon_core.shell:Skip shell extension 'powershell' for command environment: Not usable outside of PowerShell
[1.715s] DEBUG:colcon.colcon_core.shell:Skip shell extension 'dsv' for command environment
[1.734s] INFO:colcon.colcon_ros.task.ament_python.build:Building ROS package in '/home/theomagnor/DuoArm/src/path_planning' with build type 'ament_python'
[1.734s] Level 1:colcon.colcon_core.shell:create_environment_hook('path_planning', 'ament_prefix_path')
[1.735s] INFO:colcon.colcon_core.shell:Creating environment hook '/home/theomagnor/DuoArm/install/path_planning/share/path_planning/hook/ament_prefix_path.ps1'
[1.738s] INFO:colcon.colcon_core.shell:Creating environment descriptor '/home/theomagnor/DuoArm/install/path_planning/share/path_planning/hook/ament_prefix_path.dsv'
[1.740s] INFO:colcon.colcon_core.shell:Creating environment hook '/home/theomagnor/DuoArm/install/path_planning/share/path_planning/hook/ament_prefix_path.sh'
[1.744s] INFO:colcon.colcon_core.shell:Skip shell extension 'powershell' for command environment: Not usable outside of PowerShell
[1.744s] DEBUG:colcon.colcon_core.shell:Skip shell extension 'dsv' for command environment
[2.979s] INFO:colcon.colcon_core.task.python.build:Building Python package in '/home/theomagnor/DuoArm/src/arm'
[2.980s] INFO:colcon.colcon_core.shell:Skip shell extension 'powershell' for command environment: Not usable outside of PowerShell
[2.981s] DEBUG:colcon.colcon_core.shell:Skip shell extension 'dsv' for command environment
[4.252s] INFO:colcon.colcon_core.task.python.build:Building Python package in '/home/theomagnor/DuoArm/src/controll_center'
[4.253s] INFO:colcon.colcon_core.shell:Skip shell extension 'powershell' for command environment: Not usable outside of PowerShell
[4.253s] DEBUG:colcon.colcon_core.shell:Skip shell extension 'dsv' for command environment
[5.475s] INFO:colcon.colcon_core.task.python.build:Building Python package in '/home/theomagnor/DuoArm/src/path_planning'
[5.476s] INFO:colcon.colcon_core.shell:Skip shell extension 'powershell' for command environment: Not usable outside of PowerShell
[5.477s] DEBUG:colcon.colcon_core.shell:Skip shell extension 'dsv' for command environment
[7.779s] DEBUG:colcon.colcon_core.event_handler.log_command:Invoking command in '/home/theomagnor/DuoArm/src/arm': PYTHONPATH=/home/theomagnor/DuoArm/build/arm/prefix_override:/home/theomagnor/DuoArm/install/arm/lib/python3.10/site-packages:${PYTHONPATH} /usr/bin/python3 -W ignore:setup.py install is deprecated setup.py egg_info --egg-base ../../build/arm build --build-base /home/theomagnor/DuoArm/build/arm/build install --record /home/theomagnor/DuoArm/build/arm/install.log --single-version-externally-managed install_data
[7.804s] DEBUG:colcon.colcon_core.event_handler.log_command:Invoking command in '/home/theomagnor/DuoArm/src/controll_center': PYTHONPATH=/home/theomagnor/DuoArm/build/controll_center/prefix_override:/home/theomagnor/DuoArm/install/controll_center/lib/python3.10/site-packages:${PYTHONPATH} /usr/bin/python3 -W ignore:setup.py install is deprecated setup.py egg_info --egg-base ../../build/controll_center build --build-base /home/theomagnor/DuoArm/build/controll_center/build install --record /home/theomagnor/DuoArm/build/controll_center/install.log --single-version-externally-managed install_data
[7.844s] DEBUG:colcon.colcon_core.event_handler.log_command:Invoking command in '/home/theomagnor/DuoArm/src/path_planning': PYTHONPATH=/home/theomagnor/DuoArm/build/path_planning/prefix_override:/home/theomagnor/DuoArm/install/path_planning/lib/python3.10/site-packages:${PYTHONPATH} /usr/bin/python3 -W ignore:setup.py install is deprecated setup.py egg_info --egg-base ../../build/path_planning build --build-base /home/theomagnor/DuoArm/build/path_planning/build install --record /home/theomagnor/DuoArm/build/path_planning/install.log --single-version-externally-managed install_data
[9.668s] DEBUG:colcon.colcon_core.event_handler.log_command:Invoked command in '/home/theomagnor/DuoArm/src/arm' returned '0': PYTHONPATH=/home/theomagnor/DuoArm/build/arm/prefix_override:/home/theomagnor/DuoArm/install/arm/lib/python3.10/site-packages:${PYTHONPATH} /usr/bin/python3 -W ignore:setup.py install is deprecated setup.py egg_info --egg-base ../../build/arm build --build-base /home/theomagnor/DuoArm/build/arm/build install --record /home/theomagnor/DuoArm/build/arm/install.log --single-version-externally-managed install_data
[9.719s] Level 1:colcon.colcon_core.environment:checking '/home/theomagnor/DuoArm/install/arm' for CMake module files
[9.726s] Level 1:colcon.colcon_core.environment:checking '/home/theomagnor/DuoArm/install/arm' for CMake config files
[9.731s] Level 1:colcon.colcon_core.shell:create_environment_hook('arm', 'cmake_prefix_path')
[9.734s] INFO:colcon.colcon_core.shell:Creating environment hook '/home/theomagnor/DuoArm/install/arm/share/arm/hook/cmake_prefix_path.ps1'
[9.745s] INFO:colcon.colcon_core.shell:Creating environment descriptor '/home/theomagnor/DuoArm/install/arm/share/arm/hook/cmake_prefix_path.dsv'
[9.754s] INFO:colcon.colcon_core.shell:Creating environment hook '/home/theomagnor/DuoArm/install/arm/share/arm/hook/cmake_prefix_path.sh'
[9.764s] Level 1:colcon.colcon_core.environment:checking '/home/theomagnor/DuoArm/install/arm/lib'
[9.766s] Level 1:colcon.colcon_core.environment:checking '/home/theomagnor/DuoArm/install/arm/bin'
[9.767s] Level 1:colcon.colcon_core.environment:checking '/home/theomagnor/DuoArm/install/arm/lib/pkgconfig/arm.pc'
[9.770s] Level 1:colcon.colcon_core.environment:checking '/home/theomagnor/DuoArm/install/arm/lib/python3.10/site-packages'
[9.771s] Level 1:colcon.colcon_core.shell:create_environment_hook('arm', 'pythonpath')
[9.774s] INFO:colcon.colcon_core.shell:Creating environment hook '/home/theomagnor/DuoArm/install/arm/share/arm/hook/pythonpath.ps1'
[9.780s] INFO:colcon.colcon_core.shell:Creating environment descriptor '/home/theomagnor/DuoArm/install/arm/share/arm/hook/pythonpath.dsv'
[9.786s] INFO:colcon.colcon_core.shell:Creating environment hook '/home/theomagnor/DuoArm/install/arm/share/arm/hook/pythonpath.sh'
[9.792s] Level 1:colcon.colcon_core.environment:checking '/home/theomagnor/DuoArm/install/arm/bin'
[9.794s] Level 1:colcon.colcon_core.environment:create_environment_scripts_only(arm)
[9.798s] INFO:colcon.colcon_core.shell:Creating package script '/home/theomagnor/DuoArm/install/arm/share/arm/package.ps1'
[9.807s] INFO:colcon.colcon_core.shell:Creating package descriptor '/home/theomagnor/DuoArm/install/arm/share/arm/package.dsv'
[9.818s] INFO:colcon.colcon_core.shell:Creating package script '/home/theomagnor/DuoArm/install/arm/share/arm/package.sh'
[9.828s] INFO:colcon.colcon_core.shell:Creating package script '/home/theomagnor/DuoArm/install/arm/share/arm/package.bash'
[9.836s] INFO:colcon.colcon_core.shell:Creating package script '/home/theomagnor/DuoArm/install/arm/share/arm/package.zsh'
[9.842s] Level 1:colcon.colcon_core.environment:create_file_with_runtime_dependencies(/home/theomagnor/DuoArm/install/arm/share/colcon-core/packages/arm)
[9.851s] Level 1:colcon.colcon_core.environment:checking '/home/theomagnor/DuoArm/install/controll_center' for CMake module files
[9.853s] DEBUG:colcon.colcon_core.event_handler.log_command:Invoked command in '/home/theomagnor/DuoArm/src/controll_center' returned '0': PYTHONPATH=/home/theomagnor/DuoArm/build/controll_center/prefix_override:/home/theomagnor/DuoArm/install/controll_center/lib/python3.10/site-packages:${PYTHONPATH} /usr/bin/python3 -W ignore:setup.py install is deprecated setup.py egg_info --egg-base ../../build/controll_center build --build-base /home/theomagnor/DuoArm/build/controll_center/build install --record /home/theomagnor/DuoArm/build/controll_center/install.log --single-version-externally-managed install_data
[9.858s] Level 1:colcon.colcon_core.environment:checking '/home/theomagnor/DuoArm/install/controll_center' for CMake config files
[9.864s] Level 1:colcon.colcon_core.environment:checking '/home/theomagnor/DuoArm/install/controll_center/lib'
[9.865s] Level 1:colcon.colcon_core.environment:checking '/home/theomagnor/DuoArm/install/controll_center/bin'
[9.866s] Level 1:colcon.colcon_core.environment:checking '/home/theomagnor/DuoArm/install/controll_center/lib/pkgconfig/controll_center.pc'
[9.868s] Level 1:colcon.colcon_core.environment:checking '/home/theomagnor/DuoArm/install/controll_center/lib/python3.10/site-packages'
[9.868s] Level 1:colcon.colcon_core.shell:create_environment_hook('controll_center', 'pythonpath')
[9.871s] INFO:colcon.colcon_core.shell:Creating environment hook '/home/theomagnor/DuoArm/install/controll_center/share/controll_center/hook/pythonpath.ps1'
[9.875s] INFO:colcon.colcon_core.shell:Creating environment descriptor '/home/theomagnor/DuoArm/install/controll_center/share/controll_center/hook/pythonpath.dsv'
[9.878s] INFO:colcon.colcon_core.shell:Creating environment hook '/home/theomagnor/DuoArm/install/controll_center/share/controll_center/hook/pythonpath.sh'
[9.882s] Level 1:colcon.colcon_core.environment:checking '/home/theomagnor/DuoArm/install/controll_center/bin'
[9.883s] Level 1:colcon.colcon_core.environment:create_environment_scripts_only(controll_center)
[9.885s] INFO:colcon.colcon_core.shell:Creating package script '/home/theomagnor/DuoArm/install/controll_center/share/controll_center/package.ps1'
[9.888s] INFO:colcon.colcon_core.shell:Creating package descriptor '/home/theomagnor/DuoArm/install/controll_center/share/controll_center/package.dsv'
[9.892s] INFO:colcon.colcon_core.shell:Creating package script '/home/theomagnor/DuoArm/install/controll_center/share/controll_center/package.sh'
[9.895s] INFO:colcon.colcon_core.shell:Creating package script '/home/theomagnor/DuoArm/install/controll_center/share/controll_center/package.bash'
[9.897s] INFO:colcon.colcon_core.shell:Creating package script '/home/theomagnor/DuoArm/install/controll_center/share/controll_center/package.zsh'
[9.900s] Level 1:colcon.colcon_core.environment:create_file_with_runtime_dependencies(/home/theomagnor/DuoArm/install/controll_center/share/colcon-core/packages/controll_center)
[9.908s] Level 1:colcon.colcon_core.environment:checking '/home/theomagnor/DuoArm/install/path_planning' for CMake module files
[9.910s] DEBUG:colcon.colcon_core.event_handler.log_command:Invoked command in '/home/theomagnor/DuoArm/src/path_planning' returned '0': PYTHONPATH=/home/theomagnor/DuoArm/build/path_planning/prefix_override:/home/theomagnor/DuoArm/install/path_planning/lib/python3.10/site-packages:${PYTHONPATH} /usr/bin/python3 -W ignore:setup.py install is deprecated setup.py egg_info --egg-base ../../build/path_planning build --build-base /home/theomagnor/DuoArm/build/path_planning/build install --record /home/theomagnor/DuoArm/build/path_planning/install.log --single-version-externally-managed install_data
[9.914s] Level 1:colcon.colcon_core.environment:checking '/home/theomagnor/DuoArm/install/path_planning' for CMake config files
[9.917s] Level 1:colcon.colcon_core.shell:create_environment_hook('path_planning', 'cmake_prefix_path')
[9.918s] INFO:colcon.colcon_core.shell:Creating environment hook '/home/theomagnor/DuoArm/install/path_planning/share/path_planning/hook/cmake_prefix_path.ps1'
[9.920s] INFO:colcon.colcon_core.shell:Creating environment descriptor '/home/theomagnor/DuoArm/install/path_planning/share/path_planning/hook/cmake_prefix_path.dsv'
[9.922s] INFO:colcon.colcon_core.shell:Creating environment hook '/home/theomagnor/DuoArm/install/path_planning/share/path_planning/hook/cmake_prefix_path.sh'
[9.925s] Level 1:colcon.colcon_core.environment:checking '/home/theomagnor/DuoArm/install/path_planning/lib'
[9.925s] Level 1:colcon.colcon_core.environment:checking '/home/theomagnor/DuoArm/install/path_planning/bin'
[9.925s] Level 1:colcon.colcon_core.environment:checking '/home/theomagnor/DuoArm/install/path_planning/lib/pkgconfig/path_planning.pc'
[9.926s] Level 1:colcon.colcon_core.environment:checking '/home/theomagnor/DuoArm/install/path_planning/lib/python3.10/site-packages'
[9.926s] Level 1:colcon.colcon_core.shell:create_environment_hook('path_planning', 'pythonpath')
[9.927s] INFO:colcon.colcon_core.shell:Creating environment hook '/home/theomagnor/DuoArm/install/path_planning/share/path_planning/hook/pythonpath.ps1'
[9.929s] INFO:colcon.colcon_core.shell:Creating environment descriptor '/home/theomagnor/DuoArm/install/path_planning/share/path_planning/hook/pythonpath.dsv'
[9.931s] INFO:colcon.colcon_core.shell:Creating environment hook '/home/theomagnor/DuoArm/install/path_planning/share/path_planning/hook/pythonpath.sh'
[9.933s] Level 1:colcon.colcon_core.environment:checking '/home/theomagnor/DuoArm/install/path_planning/bin'
[9.934s] Level 1:colcon.colcon_core.environment:create_environment_scripts_only(path_planning)
[9.935s] INFO:colcon.colcon_core.shell:Creating package script '/home/theomagnor/DuoArm/install/path_planning/share/path_planning/package.ps1'
[9.938s] INFO:colcon.colcon_core.shell:Creating package descriptor '/home/theomagnor/DuoArm/install/path_planning/share/path_planning/package.dsv'
[9.940s] INFO:colcon.colcon_core.shell:Creating package script '/home/theomagnor/DuoArm/install/path_planning/share/path_planning/package.sh'
[9.942s] INFO:colcon.colcon_core.shell:Creating package script '/home/theomagnor/DuoArm/install/path_planning/share/path_planning/package.bash'
[9.944s] INFO:colcon.colcon_core.shell:Creating package script '/home/theomagnor/DuoArm/install/path_planning/share/path_planning/package.zsh'
[9.946s] Level 1:colcon.colcon_core.environment:create_file_with_runtime_dependencies(/home/theomagnor/DuoArm/install/path_planning/share/colcon-core/packages/path_planning)
[9.947s] DEBUG:colcon.colcon_parallel_executor.executor.parallel:closing loop
[9.948s] DEBUG:colcon.colcon_parallel_executor.executor.parallel:loop closed
[9.949s] DEBUG:colcon.colcon_parallel_executor.executor.parallel:run_until_complete finished with '0'
[9.949s] DEBUG:colcon.colcon_core.event_reactor:joining thread
[9.973s] INFO:colcon.colcon_core.plugin_system:Skipping extension 'colcon_notification.desktop_notification.terminal_notifier': Not used on non-Darwin systems
[9.973s] INFO:colcon.colcon_core.plugin_system:Skipping extension 'colcon_notification.desktop_notification.win32': Not used on non-Windows systems
[9.973s] INFO:colcon.colcon_notification.desktop_notification:Sending desktop notification using 'notify2'
[10.025s] DEBUG:colcon.colcon_core.event_reactor:joined thread
[10.026s] INFO:colcon.colcon_core.shell:Creating prefix script '/home/theomagnor/DuoArm/install/local_setup.ps1'
[10.031s] INFO:colcon.colcon_core.shell:Creating prefix util module '/home/theomagnor/DuoArm/install/_local_setup_util_ps1.py'
[10.037s] INFO:colcon.colcon_core.shell:Creating prefix chain script '/home/theomagnor/DuoArm/install/setup.ps1'
[10.044s] INFO:colcon.colcon_core.shell:Creating prefix script '/home/theomagnor/DuoArm/install/local_setup.sh'
[10.046s] INFO:colcon.colcon_core.shell:Creating prefix util module '/home/theomagnor/DuoArm/install/_local_setup_util_sh.py'
[10.048s] INFO:colcon.colcon_core.shell:Creating prefix chain script '/home/theomagnor/DuoArm/install/setup.sh'
[10.054s] INFO:colcon.colcon_core.shell:Creating prefix script '/home/theomagnor/DuoArm/install/local_setup.bash'
[10.056s] INFO:colcon.colcon_core.shell:Creating prefix chain script '/home/theomagnor/DuoArm/install/setup.bash'
[10.061s] INFO:colcon.colcon_core.shell:Creating prefix script '/home/theomagnor/DuoArm/install/local_setup.zsh'
[10.063s] INFO:colcon.colcon_core.shell:Creating prefix chain script '/home/theomagnor/DuoArm/install/setup.zsh'
