running egg_info
writing ../../build/arm/arm.egg-info/PKG-INFO
writing dependency_links to ../../build/arm/arm.egg-info/dependency_links.txt
writing entry points to ../../build/arm/arm.egg-info/entry_points.txt
writing requirements to ../../build/arm/arm.egg-info/requires.txt
writing top-level names to ../../build/arm/arm.egg-info/top_level.txt
reading manifest file '../../build/arm/arm.egg-info/SOURCES.txt'
adding license file 'LICENSE'
writing manifest file '../../build/arm/arm.egg-info/SOURCES.txt'
running build
running build_py
running install
running install_lib
running install_data
copying launch/arm_launch.py -> /home/theo/DuoArm/install/arm/share/arm/launch
running install_egg_info
removing '/home/theo/DuoArm/install/arm/lib/python3.10/site-packages/arm-0.0.0-py3.10.egg-info' (and everything under it)
Copying ../../build/arm/arm.egg-info to /home/theo/DuoArm/install/arm/lib/python3.10/site-packages/arm-0.0.0-py3.10.egg-info
running install_scripts
writing list of installed files to '/home/theo/DuoArm/build/arm/install.log'
