[0.017s] Invoking command in '/home/theo/DuoArm/build/arm': CMAKE_PREFIX_PATH=${CMAKE_PREFIX_PATH}:/opt/ros/humble /usr/bin/cmake /home/theo/DuoArm/src/arm -DCMAKE_INSTALL_PREFIX=/home/theo/DuoArm/install/arm
[0.504s] -- The C compiler identification is GNU 11.4.0
[1.466s] -- The CXX compiler identification is GNU 11.4.0
[1.880s] -- Detecting C compiler ABI info
[2.206s] -- Detecting C compiler ABI info - done
[2.212s] -- Check for working C compiler: /usr/bin/cc - skipped
[2.214s] -- Detecting C compile features
[2.216s] -- Detecting C compile features - done
[2.221s] -- Detecting CXX compiler ABI info
[2.571s] -- Detecting CXX compiler ABI info - done
[2.577s] -- Check for working CXX compiler: /usr/bin/c++ - skipped
[2.577s] -- Detecting CXX compile features
[2.578s] -- Detecting CXX compile features - done
[2.627s] -- Found ament_cmake: 1.3.8 (/opt/ros/humble/share/ament_cmake/cmake)
[2.797s] -- Found Python3: /usr/bin/python3 (found version "3.10.12") found components: Interpreter 
[2.942s] -- Found ament_lint_auto: 0.12.10 (/opt/ros/humble/share/ament_lint_auto/cmake)
[3.030s] -- Added test 'flake8' to check Python code syntax and style conventions
[3.031s] -- Added test 'lint_cmake' to check CMake code style
[3.033s] -- Added test 'pep257' to check Python code against some of the docstring style conventions in PEP 257
[3.034s] -- Added test 'xmllint' to check XML markup files
[3.037s] -- Configuring done
[3.041s] -- Generating done
[3.041s] -- Build files have been written to: /home/theo/DuoArm/build/arm
[3.047s] Invoked command in '/home/theo/DuoArm/build/arm' returned '0': CMAKE_PREFIX_PATH=${CMAKE_PREFIX_PATH}:/opt/ros/humble /usr/bin/cmake /home/theo/DuoArm/src/arm -DCMAKE_INSTALL_PREFIX=/home/theo/DuoArm/install/arm
[3.047s] Invoking command in '/home/theo/DuoArm/build/arm': CMAKE_PREFIX_PATH=${CMAKE_PREFIX_PATH}:/opt/ros/humble /usr/bin/cmake --build /home/theo/DuoArm/build/arm -- -j20 -l20
[3.075s] Invoked command in '/home/theo/DuoArm/build/arm' returned '0': CMAKE_PREFIX_PATH=${CMAKE_PREFIX_PATH}:/opt/ros/humble /usr/bin/cmake --build /home/theo/DuoArm/build/arm -- -j20 -l20
[3.103s] Invoking command in '/home/theo/DuoArm/build/arm': CMAKE_PREFIX_PATH=${CMAKE_PREFIX_PATH}:/opt/ros/humble /usr/bin/cmake --install /home/theo/DuoArm/build/arm
[3.109s] -- Install configuration: ""
[3.109s] -- Up-to-date: /home/theo/DuoArm/install/arm/share/arm//launch
[3.109s] -- Up-to-date: /home/theo/DuoArm/install/arm/share/arm//launch/arm.launch.py
[3.110s] -- Up-to-date: /home/theo/DuoArm/install/arm/share/arm//urdf
[3.110s] -- Up-to-date: /home/theo/DuoArm/install/arm/share/arm//urdf/lta-tooladaptertest.part
[3.110s] -- Up-to-date: /home/theo/DuoArm/install/arm/share/arm//urdf/duoArm2.urdf
[3.110s] -- Up-to-date: /home/theo/DuoArm/install/arm/share/arm//urdf/tooltest.part
[3.110s] -- Up-to-date: /home/theo/DuoArm/install/arm/share/arm//urdf/robot.urdf
[3.110s] -- Up-to-date: /home/theo/DuoArm/install/arm/share/arm//urdf/activearm.part
[3.110s] -- Up-to-date: /home/theo/DuoArm/install/arm/share/arm//urdf/lta-passivarm.part
[3.110s] -- Up-to-date: /home/theo/DuoArm/install/arm/share/arm//urdf/lta-body.part
[3.110s] -- Up-to-date: /home/theo/DuoArm/install/arm/share/arm//meshes
[3.110s] -- Up-to-date: /home/theo/DuoArm/install/arm/share/arm//meshes/lta-body.stl
[3.111s] -- Up-to-date: /home/theo/DuoArm/install/arm/share/arm//meshes/lta-passivarm.stl
[3.111s] -- Up-to-date: /home/theo/DuoArm/install/arm/share/arm//meshes/tooltest.stl
[3.111s] -- Up-to-date: /home/theo/DuoArm/install/arm/share/arm//meshes/activearm.stl
[3.111s] -- Up-to-date: /home/theo/DuoArm/install/arm/share/arm//meshes/lta-tooladaptertest.stl
[3.111s] -- Installing: /home/theo/DuoArm/install/arm/share/ament_index/resource_index/package_run_dependencies/arm
[3.111s] -- Installing: /home/theo/DuoArm/install/arm/share/ament_index/resource_index/parent_prefix_path/arm
[3.111s] -- Installing: /home/theo/DuoArm/install/arm/share/arm/environment/ament_prefix_path.sh
[3.111s] -- Installing: /home/theo/DuoArm/install/arm/share/arm/environment/ament_prefix_path.dsv
[3.112s] -- Installing: /home/theo/DuoArm/install/arm/share/arm/environment/path.sh
[3.112s] -- Installing: /home/theo/DuoArm/install/arm/share/arm/environment/path.dsv
[3.112s] -- Installing: /home/theo/DuoArm/install/arm/share/arm/local_setup.bash
[3.112s] -- Installing: /home/theo/DuoArm/install/arm/share/arm/local_setup.sh
[3.112s] -- Installing: /home/theo/DuoArm/install/arm/share/arm/local_setup.zsh
[3.112s] -- Installing: /home/theo/DuoArm/install/arm/share/arm/local_setup.dsv
[3.112s] -- Installing: /home/theo/DuoArm/install/arm/share/arm/package.dsv
[3.112s] -- Installing: /home/theo/DuoArm/install/arm/share/ament_index/resource_index/packages/arm
[3.112s] -- Installing: /home/theo/DuoArm/install/arm/share/arm/cmake/armConfig.cmake
[3.112s] -- Installing: /home/theo/DuoArm/install/arm/share/arm/cmake/armConfig-version.cmake
[3.112s] -- Up-to-date: /home/theo/DuoArm/install/arm/share/arm/package.xml
[3.121s] Invoked command in '/home/theo/DuoArm/build/arm' returned '0': CMAKE_PREFIX_PATH=${CMAKE_PREFIX_PATH}:/opt/ros/humble /usr/bin/cmake --install /home/theo/DuoArm/build/arm
