[6.072s] Invoking command in '/home/theomagnor/DuoArm/src/controll_center': PYTHONPATH=/home/theomagnor/DuoArm/build/controll_center/prefix_override:/home/theomagnor/DuoArm/install/controll_center/lib/python3.10/site-packages:${PYTHONPATH} /usr/bin/python3 -W ignore:setup.py install is deprecated setup.py egg_info --egg-base ../../build/controll_center build --build-base /home/theomagnor/DuoArm/build/controll_center/build install --record /home/theomagnor/DuoArm/build/controll_center/install.log --single-version-externally-managed install_data
[7.695s] running egg_info
[7.699s] writing ../../build/controll_center/controll_center.egg-info/PKG-INFO
[7.704s] writing dependency_links to ../../build/controll_center/controll_center.egg-info/dependency_links.txt
[7.725s] writing entry points to ../../build/controll_center/controll_center.egg-info/entry_points.txt
[7.728s] writing requirements to ../../build/controll_center/controll_center.egg-info/requires.txt
[7.729s] writing top-level names to ../../build/controll_center/controll_center.egg-info/top_level.txt
[7.748s] reading manifest file '../../build/controll_center/controll_center.egg-info/SOURCES.txt'
[7.752s] adding license file 'LICENSE'
[7.759s] writing manifest file '../../build/controll_center/controll_center.egg-info/SOURCES.txt'
[7.761s] running build
[7.762s] running build_py
[7.763s] running install
[7.764s] running install_lib
[7.773s] running install_data
[7.775s] running install_egg_info
[7.784s] removing '/home/theomagnor/DuoArm/install/controll_center/lib/python3.10/site-packages/controll_center-0.0.0-py3.10.egg-info' (and everything under it)
[7.798s] Copying ../../build/controll_center/controll_center.egg-info to /home/theomagnor/DuoArm/install/controll_center/lib/python3.10/site-packages/controll_center-0.0.0-py3.10.egg-info
[7.803s] running install_scripts
[7.969s] Installing command_executor script to /home/theomagnor/DuoArm/install/controll_center/lib/controll_center
[7.972s] Installing command_window script to /home/theomagnor/DuoArm/install/controll_center/lib/controll_center
[7.977s] writing list of installed files to '/home/theomagnor/DuoArm/build/controll_center/install.log'
[8.203s] Invoked command in '/home/theomagnor/DuoArm/src/controll_center' returned '0': PYTHONPATH=/home/theomagnor/DuoArm/build/controll_center/prefix_override:/home/theomagnor/DuoArm/install/controll_center/lib/python3.10/site-packages:${PYTHONPATH} /usr/bin/python3 -W ignore:setup.py install is deprecated setup.py egg_info --egg-base ../../build/controll_center build --build-base /home/theomagnor/DuoArm/build/controll_center/build install --record /home/theomagnor/DuoArm/build/controll_center/install.log --single-version-externally-managed install_data
