[0.599s] Invoking command in '/home/theo/DuoArm/src/command_center': PYTHONPATH=/home/theo/DuoArm/build/command_center/prefix_override:/home/theo/DuoArm/install/command_center/lib/python3.10/site-packages:${PYTHONPATH} /usr/bin/python3 -W ignore:setup.py install is deprecated setup.py egg_info --egg-base ../../build/command_center build --build-base /home/theo/DuoArm/build/command_center/build install --record /home/theo/DuoArm/build/command_center/install.log --single-version-externally-managed install_data
[0.713s] running egg_info
[0.713s] writing ../../build/command_center/command_center.egg-info/PKG-INFO
[0.714s] writing dependency_links to ../../build/command_center/command_center.egg-info/dependency_links.txt
[0.714s] writing entry points to ../../build/command_center/command_center.egg-info/entry_points.txt
[0.714s] writing requirements to ../../build/command_center/command_center.egg-info/requires.txt
[0.714s] writing top-level names to ../../build/command_center/command_center.egg-info/top_level.txt
[0.715s] reading manifest file '../../build/command_center/command_center.egg-info/SOURCES.txt'
[0.715s] adding license file 'LICENSE'
[0.715s] writing manifest file '../../build/command_center/command_center.egg-info/SOURCES.txt'
[0.716s] running build
[0.717s] running build_py
[0.717s] copying command_center/command_executor.py -> /home/theo/DuoArm/build/command_center/build/lib/command_center
[0.717s] running install
[0.717s] running install_lib
[0.717s] copying /home/theo/DuoArm/build/command_center/build/lib/command_center/command_executor.py -> /home/theo/DuoArm/install/command_center/lib/python3.10/site-packages/command_center
[0.717s] byte-compiling /home/theo/DuoArm/install/command_center/lib/python3.10/site-packages/command_center/command_executor.py to command_executor.cpython-310.pyc
[0.717s] running install_data
[0.718s] running install_egg_info
[0.720s] removing '/home/theo/DuoArm/install/command_center/lib/python3.10/site-packages/command_center-0.0.0-py3.10.egg-info' (and everything under it)
[0.720s] Copying ../../build/command_center/command_center.egg-info to /home/theo/DuoArm/install/command_center/lib/python3.10/site-packages/command_center-0.0.0-py3.10.egg-info
[0.720s] running install_scripts
[0.732s] Installing command_executor script to /home/theo/DuoArm/install/command_center/lib/command_center
[0.732s] Installing command_window script to /home/theo/DuoArm/install/command_center/lib/command_center
[0.732s] writing list of installed files to '/home/theo/DuoArm/build/command_center/install.log'
[0.749s] Invoked command in '/home/theo/DuoArm/src/command_center' returned '0': PYTHONPATH=/home/theo/DuoArm/build/command_center/prefix_override:/home/theo/DuoArm/install/command_center/lib/python3.10/site-packages:${PYTHONPATH} /usr/bin/python3 -W ignore:setup.py install is deprecated setup.py egg_info --egg-base ../../build/command_center build --build-base /home/theo/DuoArm/build/command_center/build install --record /home/theo/DuoArm/build/command_center/install.log --single-version-externally-managed install_data
