running egg_info
creating ../../build/controll_center/controll_center.egg-info
writing ../../build/controll_center/controll_center.egg-info/PKG-INFO
writing dependency_links to ../../build/controll_center/controll_center.egg-info/dependency_links.txt
writing entry points to ../../build/controll_center/controll_center.egg-info/entry_points.txt
writing requirements to ../../build/controll_center/controll_center.egg-info/requires.txt
writing top-level names to ../../build/controll_center/controll_center.egg-info/top_level.txt
writing manifest file '../../build/controll_center/controll_center.egg-info/SOURCES.txt'
reading manifest file '../../build/controll_center/controll_center.egg-info/SOURCES.txt'
adding license file 'LICENSE'
writing manifest file '../../build/controll_center/controll_center.egg-info/SOURCES.txt'
running build
running build_py
creating /home/theo/DuoArm/build/controll_center/build
creating /home/theo/DuoArm/build/controll_center/build/lib
creating /home/theo/DuoArm/build/controll_center/build/lib/controll_center
copying controll_center/__init__.py -> /home/theo/DuoArm/build/controll_center/build/lib/controll_center
copying controll_center/command_window.py -> /home/theo/DuoArm/build/controll_center/build/lib/controll_center
copying controll_center/command_executor.py -> /home/theo/DuoArm/build/controll_center/build/lib/controll_center
running install
running install_lib
creating /home/theo/DuoArm/install/controll_center/lib/python3.10/site-packages/controll_center
copying /home/theo/DuoArm/build/controll_center/build/lib/controll_center/__init__.py -> /home/theo/DuoArm/install/controll_center/lib/python3.10/site-packages/controll_center
copying /home/theo/DuoArm/build/controll_center/build/lib/controll_center/command_window.py -> /home/theo/DuoArm/install/controll_center/lib/python3.10/site-packages/controll_center
copying /home/theo/DuoArm/build/controll_center/build/lib/controll_center/command_executor.py -> /home/theo/DuoArm/install/controll_center/lib/python3.10/site-packages/controll_center
byte-compiling /home/theo/DuoArm/install/controll_center/lib/python3.10/site-packages/controll_center/__init__.py to __init__.cpython-310.pyc
byte-compiling /home/theo/DuoArm/install/controll_center/lib/python3.10/site-packages/controll_center/command_window.py to command_window.cpython-310.pyc
byte-compiling /home/theo/DuoArm/install/controll_center/lib/python3.10/site-packages/controll_center/command_executor.py to command_executor.cpython-310.pyc
running install_data
creating /home/theo/DuoArm/install/controll_center/share/ament_index
creating /home/theo/DuoArm/install/controll_center/share/ament_index/resource_index
creating /home/theo/DuoArm/install/controll_center/share/ament_index/resource_index/packages
