[0.665s] Invoking command in '/home/theo/DuoArm/src/controll_center': PYTHONPATH=/home/theo/DuoArm/build/controll_center/prefix_override:/home/theo/DuoArm/install/controll_center/lib/python3.10/site-packages: /usr/bin/python3 -W ignore:setup.py install is deprecated setup.py egg_info --egg-base ../../build/controll_center build --build-base /home/theo/DuoArm/build/controll_center/build install --record /home/theo/DuoArm/build/controll_center/install.log --single-version-externally-managed install_data
[0.754s] running egg_info
[0.754s] creating ../../build/controll_center/controll_center.egg-info
[0.755s] writing ../../build/controll_center/controll_center.egg-info/PKG-INFO
[0.755s] writing dependency_links to ../../build/controll_center/controll_center.egg-info/dependency_links.txt
[0.755s] writing entry points to ../../build/controll_center/controll_center.egg-info/entry_points.txt
[0.755s] writing requirements to ../../build/controll_center/controll_center.egg-info/requires.txt
[0.755s] writing top-level names to ../../build/controll_center/controll_center.egg-info/top_level.txt
[0.755s] writing manifest file '../../build/controll_center/controll_center.egg-info/SOURCES.txt'
[0.756s] reading manifest file '../../build/controll_center/controll_center.egg-info/SOURCES.txt'
[0.756s] adding license file 'LICENSE'
[0.756s] writing manifest file '../../build/controll_center/controll_center.egg-info/SOURCES.txt'
[0.756s] running build
[0.757s] running build_py
[0.757s] creating /home/theo/DuoArm/build/controll_center/build
[0.757s] creating /home/theo/DuoArm/build/controll_center/build/lib
[0.757s] creating /home/theo/DuoArm/build/controll_center/build/lib/controll_center
[0.757s] copying controll_center/__init__.py -> /home/theo/DuoArm/build/controll_center/build/lib/controll_center
[0.757s] copying controll_center/command_window.py -> /home/theo/DuoArm/build/controll_center/build/lib/controll_center
[0.757s] copying controll_center/command_executor.py -> /home/theo/DuoArm/build/controll_center/build/lib/controll_center
[0.758s] running install
[0.758s] running install_lib
[0.758s] creating /home/theo/DuoArm/install/controll_center/lib/python3.10/site-packages/controll_center
[0.758s] copying /home/theo/DuoArm/build/controll_center/build/lib/controll_center/__init__.py -> /home/theo/DuoArm/install/controll_center/lib/python3.10/site-packages/controll_center
[0.759s] copying /home/theo/DuoArm/build/controll_center/build/lib/controll_center/command_window.py -> /home/theo/DuoArm/install/controll_center/lib/python3.10/site-packages/controll_center
[0.759s] copying /home/theo/DuoArm/build/controll_center/build/lib/controll_center/command_executor.py -> /home/theo/DuoArm/install/controll_center/lib/python3.10/site-packages/controll_center
[0.759s] byte-compiling /home/theo/DuoArm/install/controll_center/lib/python3.10/site-packages/controll_center/__init__.py to __init__.cpython-310.pyc
[0.759s] byte-compiling /home/theo/DuoArm/install/controll_center/lib/python3.10/site-packages/controll_center/command_window.py to command_window.cpython-310.pyc
[0.759s] byte-compiling /home/theo/DuoArm/install/controll_center/lib/python3.10/site-packages/controll_center/command_executor.py to command_executor.cpython-310.pyc
[0.760s] running install_data
[0.760s] creating /home/theo/DuoArm/install/controll_center/share/ament_index
[0.760s] creating /home/theo/DuoArm/install/controll_center/share/ament_index/resource_index
[0.760s] creating /home/theo/DuoArm/install/controll_center/share/ament_index/resource_index/packages
[0.760s] error: can't copy 'resource/controll_center': doesn't exist or not a regular file
[0.771s] Invoked command in '/home/theo/DuoArm/src/controll_center' returned '1': PYTHONPATH=/home/theo/DuoArm/build/controll_center/prefix_override:/home/theo/DuoArm/install/controll_center/lib/python3.10/site-packages: /usr/bin/python3 -W ignore:setup.py install is deprecated setup.py egg_info --egg-base ../../build/controll_center build --build-base /home/theo/DuoArm/build/controll_center/build install --record /home/theo/DuoArm/build/controll_center/install.log --single-version-externally-managed install_data
