[0.059s] Invoking command in '/home/theomagnor/DuoArm/build/arm': CMAKE_PREFIX_PATH=/opt/ros/humble /usr/bin/cmake --build /home/theomagnor/DuoArm/build/arm -- -j4 -l4
[0.241s] Invoked command in '/home/theomagnor/DuoArm/build/arm' returned '0': CMAKE_PREFIX_PATH=/opt/ros/humble /usr/bin/cmake --build /home/theomagnor/DuoArm/build/arm -- -j4 -l4
[0.398s] Invoking command in '/home/theomagnor/DuoArm/build/arm': CMAKE_PREFIX_PATH=/opt/ros/humble /usr/bin/cmake --install /home/theomagnor/DuoArm/build/arm
[0.427s] -- Install configuration: ""
[0.427s] -- Up-to-date: /home/theomagnor/DuoArm/install/arm/share/arm//launch
[0.428s] -- Up-to-date: /home/theomagnor/DuoArm/install/arm/share/arm//launch/arm.launch.py
[0.429s] -- Up-to-date: /home/theomagnor/DuoArm/install/arm/share/arm//urdf
[0.430s] -- Up-to-date: /home/theomagnor/DuoArm/install/arm/share/arm//urdf/duoArm2.urdf
[0.430s] -- Up-to-date: /home/theomagnor/DuoArm/install/arm/share/arm//urdf/lta-passivarm.part
[0.431s] -- Up-to-date: /home/theomagnor/DuoArm/install/arm/share/arm//urdf/robot.urdf
[0.432s] -- Up-to-date: /home/theomagnor/DuoArm/install/arm/share/arm//urdf/activearm.part
[0.433s] -- Up-to-date: /home/theomagnor/DuoArm/install/arm/share/arm//urdf/lta-tooladaptertest.part
[0.434s] -- Up-to-date: /home/theomagnor/DuoArm/install/arm/share/arm//urdf/tooltest.part
[0.434s] -- Up-to-date: /home/theomagnor/DuoArm/install/arm/share/arm//urdf/lta-body.part
[0.435s] -- Up-to-date: /home/theomagnor/DuoArm/install/arm/share/arm//meshes
[0.435s] -- Up-to-date: /home/theomagnor/DuoArm/install/arm/share/arm//meshes/activearm.stl
[0.436s] -- Up-to-date: /home/theomagnor/DuoArm/install/arm/share/arm//meshes/lta-body.stl
[0.437s] -- Up-to-date: /home/theomagnor/DuoArm/install/arm/share/arm//meshes/tooltest.stl
[0.437s] -- Up-to-date: /home/theomagnor/DuoArm/install/arm/share/arm//meshes/lta-tooladaptertest.stl
[0.438s] -- Up-to-date: /home/theomagnor/DuoArm/install/arm/share/arm//meshes/lta-passivarm.stl
[0.438s] -- Up-to-date: /home/theomagnor/DuoArm/install/arm/share/ament_index/resource_index/package_run_dependencies/arm
[0.439s] -- Up-to-date: /home/theomagnor/DuoArm/install/arm/share/ament_index/resource_index/parent_prefix_path/arm
[0.439s] -- Up-to-date: /home/theomagnor/DuoArm/install/arm/share/arm/environment/ament_prefix_path.sh
[0.440s] -- Up-to-date: /home/theomagnor/DuoArm/install/arm/share/arm/environment/ament_prefix_path.dsv
[0.440s] -- Up-to-date: /home/theomagnor/DuoArm/install/arm/share/arm/environment/path.sh
[0.441s] -- Up-to-date: /home/theomagnor/DuoArm/install/arm/share/arm/environment/path.dsv
[0.441s] -- Up-to-date: /home/theomagnor/DuoArm/install/arm/share/arm/local_setup.bash
[0.442s] -- Up-to-date: /home/theomagnor/DuoArm/install/arm/share/arm/local_setup.sh
[0.443s] -- Up-to-date: /home/theomagnor/DuoArm/install/arm/share/arm/local_setup.zsh
[0.443s] -- Up-to-date: /home/theomagnor/DuoArm/install/arm/share/arm/local_setup.dsv
[0.445s] -- Installing: /home/theomagnor/DuoArm/install/arm/share/arm/package.dsv
[0.446s] -- Up-to-date: /home/theomagnor/DuoArm/install/arm/share/ament_index/resource_index/packages/arm
[0.447s] -- Up-to-date: /home/theomagnor/DuoArm/install/arm/share/arm/cmake/armConfig.cmake
[0.448s] -- Up-to-date: /home/theomagnor/DuoArm/install/arm/share/arm/cmake/armConfig-version.cmake
[0.449s] -- Up-to-date: /home/theomagnor/DuoArm/install/arm/share/arm/package.xml
[0.454s] Invoked command in '/home/theomagnor/DuoArm/build/arm' returned '0': CMAKE_PREFIX_PATH=/opt/ros/humble /usr/bin/cmake --install /home/theomagnor/DuoArm/build/arm
