running egg_info
creating ../../build/command_center/command_center.egg-info
writing ../../build/command_center/command_center.egg-info/PKG-INFO
writing dependency_links to ../../build/command_center/command_center.egg-info/dependency_links.txt
writing entry points to ../../build/command_center/command_center.egg-info/entry_points.txt
writing requirements to ../../build/command_center/command_center.egg-info/requires.txt
writing top-level names to ../../build/command_center/command_center.egg-info/top_level.txt
writing manifest file '../../build/command_center/command_center.egg-info/SOURCES.txt'
reading manifest file '../../build/command_center/command_center.egg-info/SOURCES.txt'
adding license file 'LICENSE'
writing manifest file '../../build/command_center/command_center.egg-info/SOURCES.txt'
running build
running build_py
creating /home/theo/DuoArm/build/command_center/build
creating /home/theo/DuoArm/build/command_center/build/lib
creating /home/theo/DuoArm/build/command_center/build/lib/command_center
copying command_center/__init__.py -> /home/theo/DuoArm/build/command_center/build/lib/command_center
copying command_center/command_window.py -> /home/theo/DuoArm/build/command_center/build/lib/command_center
copying command_center/command_executor.py -> /home/theo/DuoArm/build/command_center/build/lib/command_center
running install
running install_lib
running install_data
running install_egg_info
removing '/home/theo/DuoArm/install/command_center/lib/python3.10/site-packages/command_center-0.0.0-py3.10.egg-info' (and everything under it)
Copying ../../build/command_center/command_center.egg-info to /home/theo/DuoArm/install/command_center/lib/python3.10/site-packages/command_center-0.0.0-py3.10.egg-info
running install_scripts
Installing command_executor script to /home/theo/DuoArm/install/command_center/lib/command_center
Installing command_window script to /home/theo/DuoArm/install/command_center/lib/command_center
writing list of installed files to '/home/theo/DuoArm/build/command_center/install.log'
