[0.607s] Invoking command in '/home/theo/DuoArm/src/command_center': PYTHONPATH=/home/theo/DuoArm/build/command_center/prefix_override:/home/theo/DuoArm/install/command_center/lib/python3.10/site-packages:${PYTHONPATH} /usr/bin/python3 -W ignore:setup.py install is deprecated setup.py egg_info --egg-base ../../build/command_center build --build-base /home/theo/DuoArm/build/command_center/build install --record /home/theo/DuoArm/build/command_center/install.log --single-version-externally-managed install_data
[0.732s] running egg_info
[0.733s] creating ../../build/command_center/command_center.egg-info
[0.733s] writing ../../build/command_center/command_center.egg-info/PKG-INFO
[0.733s] writing dependency_links to ../../build/command_center/command_center.egg-info/dependency_links.txt
[0.733s] writing entry points to ../../build/command_center/command_center.egg-info/entry_points.txt
[0.733s] writing requirements to ../../build/command_center/command_center.egg-info/requires.txt
[0.733s] writing top-level names to ../../build/command_center/command_center.egg-info/top_level.txt
[0.734s] writing manifest file '../../build/command_center/command_center.egg-info/SOURCES.txt'
[0.735s] reading manifest file '../../build/command_center/command_center.egg-info/SOURCES.txt'
[0.735s] adding license file 'LICENSE'
[0.737s] writing manifest file '../../build/command_center/command_center.egg-info/SOURCES.txt'
[0.737s] running build
[0.737s] running build_py
[0.737s] creating /home/theo/DuoArm/build/command_center/build
[0.737s] creating /home/theo/DuoArm/build/command_center/build/lib
[0.738s] creating /home/theo/DuoArm/build/command_center/build/lib/command_center
[0.738s] copying command_center/__init__.py -> /home/theo/DuoArm/build/command_center/build/lib/command_center
[0.738s] copying command_center/command_window.py -> /home/theo/DuoArm/build/command_center/build/lib/command_center
[0.738s] copying command_center/command_executor.py -> /home/theo/DuoArm/build/command_center/build/lib/command_center
[0.738s] running install
[0.738s] running install_lib
[0.738s] running install_data
[0.738s] running install_egg_info
[0.738s] removing '/home/theo/DuoArm/install/command_center/lib/python3.10/site-packages/command_center-0.0.0-py3.10.egg-info' (and everything under it)
[0.739s] Copying ../../build/command_center/command_center.egg-info to /home/theo/DuoArm/install/command_center/lib/python3.10/site-packages/command_center-0.0.0-py3.10.egg-info
[0.740s] running install_scripts
[0.752s] Installing command_executor script to /home/theo/DuoArm/install/command_center/lib/command_center
[0.752s] Installing command_window script to /home/theo/DuoArm/install/command_center/lib/command_center
[0.752s] writing list of installed files to '/home/theo/DuoArm/build/command_center/install.log'
[0.777s] Invoked command in '/home/theo/DuoArm/src/command_center' returned '0': PYTHONPATH=/home/theo/DuoArm/build/command_center/prefix_override:/home/theo/DuoArm/install/command_center/lib/python3.10/site-packages:${PYTHONPATH} /usr/bin/python3 -W ignore:setup.py install is deprecated setup.py egg_info --egg-base ../../build/command_center build --build-base /home/theo/DuoArm/build/command_center/build install --record /home/theo/DuoArm/build/command_center/install.log --single-version-externally-managed install_data
